-------------------------------  -----------
time/training                     27.5971
evaluation/target_0_return_mean   16.4426
evaluation/target_0_return_std     3.7006
evaluation/target_0_length_mean  200
evaluation/target_0_length_std     0
time/total                        30.7415
time/evaluation                    3.10964
training/train_loss_mean           0.0431514
training/train_loss_std            0.0176239
-------------------------------  -----------
-------------------------------  -----------
time/training                     21.1796
evaluation/target_0_return_mean   21.0754
evaluation/target_0_return_std     4.54409
evaluation/target_0_length_mean  200
evaluation/target_0_length_std     0
time/total                        54.507
time/evaluation                    2.56224
training/train_loss_mean           0.0322789
training/train_loss_std            0.0138928
-------------------------------  -----------
-------------------------------  ------------
time/training                     26.4207
evaluation/target_0_return_mean   26.7949
evaluation/target_0_return_std     4.07168
evaluation/target_0_length_mean  200
evaluation/target_0_length_std     0
time/total                        84.2325
time/evaluation                    3.30118
training/train_loss_mean           0.017005
training/train_loss_std            0.00871428
-------------------------------  ------------
-------------------------------  ------------
time/training                     24.872
evaluation/target_0_return_mean   24.4291
evaluation/target_0_return_std     3.74589
evaluation/target_0_length_mean  200
evaluation/target_0_length_std     0
time/total                       111.868
time/evaluation                    2.76271
training/train_loss_mean           0.00751413
training/train_loss_std            0.00513815
-------------------------------  ------------
-------------------------------  ------------
time/training                     25.0279
evaluation/target_0_return_mean   24.0235
evaluation/target_0_return_std     3.43335
evaluation/target_0_length_mean  200
evaluation/target_0_length_std     0
time/total                       139.519
time/evaluation                    2.62188
training/train_loss_mean           0.00415448
training/train_loss_std            0.00408866
-------------------------------  ------------
-------------------------------  ------------
time/training                     23.5312
evaluation/target_0_return_mean   26.2597
evaluation/target_0_return_std     3.58539
evaluation/target_0_length_mean  200
evaluation/target_0_length_std     0
time/total                       165.649
time/evaluation                    2.59742
training/train_loss_mean           0.00305732
training/train_loss_std            0.00314037
-------------------------------  ------------
-------------------------------  ------------
time/training                     24.8191
evaluation/target_0_return_mean   23.9687
evaluation/target_0_return_std     3.70134
evaluation/target_0_length_mean  200
evaluation/target_0_length_std     0
time/total                       193.061
time/evaluation                    2.59145
training/train_loss_mean           0.00273213
training/train_loss_std            0.00312336
-------------------------------  ------------
-------------------------------  ------------
time/training                     25.3212
evaluation/target_0_return_mean   25.034
evaluation/target_0_return_std     3.40458
evaluation/target_0_length_mean  200
evaluation/target_0_length_std     0
time/total                       220.999
time/evaluation                    2.61543
training/train_loss_mean           0.00227679
training/train_loss_std            0.00280302
-------------------------------  ------------
-------------------------------  ------------
time/training                     25.0553
evaluation/target_0_return_mean   27.6763
evaluation/target_0_return_std     4.94614
evaluation/target_0_length_mean  200
evaluation/target_0_length_std     0
time/total                       249.313
time/evaluation                    3.2576
training/train_loss_mean           0.00205385
training/train_loss_std            0.00272907
-------------------------------  ------------
-------------------------------  ------------
time/training                     24.4619
evaluation/target_0_return_mean   25.8221
evaluation/target_0_return_std     4.55674
evaluation/target_0_length_mean  200
evaluation/target_0_length_std     0
time/total                       276.415
time/evaluation                    2.6389
training/train_loss_mean           0.00200904
training/train_loss_std            0.00266052
-------------------------------  ------------
-------------------------------  ------------
time/training                     21.4132
evaluation/target_0_return_mean   27.2561
evaluation/target_0_return_std     2.83791
evaluation/target_0_length_mean  200
evaluation/target_0_length_std     0
time/total                       300.694
time/evaluation                    2.86522
training/train_loss_mean           0.0017004
training/train_loss_std            0.00229903
-------------------------------  ------------
-------------------------------  ------------
time/training                     29.8511
evaluation/target_0_return_mean   27.3547
evaluation/target_0_return_std     5.60649
evaluation/target_0_length_mean  200
evaluation/target_0_length_std     0
time/total                       335.734
time/evaluation                    5.18767
training/train_loss_mean           0.00167473
training/train_loss_std            0.00251555
-------------------------------  ------------
-------------------------------  ------------
time/training                     28.6937
evaluation/target_0_return_mean   26.8997
evaluation/target_0_return_std     5.86529
evaluation/target_0_length_mean  200
evaluation/target_0_length_std     0
time/total                       368.264
time/evaluation                    3.83453
training/train_loss_mean           0.00136182
training/train_loss_std            0.00210577
-------------------------------  ------------
-------------------------------  ------------
time/training                     22.7629
evaluation/target_0_return_mean   25.9186
evaluation/target_0_return_std     3.82478
evaluation/target_0_length_mean  200
evaluation/target_0_length_std     0
time/total                       394.945
time/evaluation                    3.91739
training/train_loss_mean           0.00131971
training/train_loss_std            0.0020705
-------------------------------  ------------
-------------------------------  ------------
time/training                     23.1185
evaluation/target_0_return_mean   26.7358
evaluation/target_0_return_std     6.18795
evaluation/target_0_length_mean  200
evaluation/target_0_length_std     0
time/total                       421.887
time/evaluation                    3.82244
training/train_loss_mean           0.00131406
training/train_loss_std            0.00216607
-------------------------------  ------------
-------------------------------  ------------
time/training                     31.8233
evaluation/target_0_return_mean   27.4144
evaluation/target_0_return_std     3.93379
evaluation/target_0_length_mean  200
evaluation/target_0_length_std     0
time/total                       457.606
time/evaluation                    3.89407
training/train_loss_mean           0.0012452
training/train_loss_std            0.00209057
-------------------------------  ------------
-------------------------------  ------------
time/training                     24.7708
evaluation/target_0_return_mean   23.8628
evaluation/target_0_return_std     3.46556
evaluation/target_0_length_mean  200
evaluation/target_0_length_std     0
time/total                       486.322
time/evaluation                    3.94489
training/train_loss_mean           0.00123469
training/train_loss_std            0.00224361
-------------------------------  ------------
-------------------------------  ------------
time/training                     30.509
evaluation/target_0_return_mean   27.9434
evaluation/target_0_return_std     3.46561
evaluation/target_0_length_mean  200
evaluation/target_0_length_std     0
time/total                       522.669
time/evaluation                    5.83658
training/train_loss_mean           0.00123866
training/train_loss_std            0.00232975
-------------------------------  ------------
-------------------------------  ------------
time/training                     32.2849
evaluation/target_0_return_mean   25.5888
evaluation/target_0_return_std     4.53686
evaluation/target_0_length_mean  200
evaluation/target_0_length_std     0
time/total                       558.707
time/evaluation                    3.75141
training/train_loss_mean           0.00132638
training/train_loss_std            0.00252158
-------------------------------  ------------
-------------------------------  ------------
time/training                     31.9484
evaluation/target_0_return_mean   28.5823
evaluation/target_0_return_std     5.33925
evaluation/target_0_length_mean  200
evaluation/target_0_length_std     0
time/total                       594.434
time/evaluation                    3.77798
training/train_loss_mean           0.0012205
training/train_loss_std            0.00221173
-------------------------------  ------------
-------------------------------  ------------
time/training                     29.4124
evaluation/target_0_return_mean   24.6314
evaluation/target_0_return_std     2.88783
evaluation/target_0_length_mean  200
evaluation/target_0_length_std     0
time/total                       629.056
time/evaluation                    5.19557
training/train_loss_mean           0.00106364
training/train_loss_std            0.00221853
-------------------------------  ------------
-------------------------------  -------------
time/training                     29.3762
evaluation/target_0_return_mean   23.9171
evaluation/target_0_return_std     2.17192
evaluation/target_0_length_mean  200
evaluation/target_0_length_std     0
time/total                       663.747
time/evaluation                    5.31393
training/train_loss_mean           0.000888394
training/train_loss_std            0.00176128
-------------------------------  -------------
-------------------------------  -------------
time/training                     29.7375
evaluation/target_0_return_mean   23.319
evaluation/target_0_return_std     3.7234
evaluation/target_0_length_mean  200
evaluation/target_0_length_std     0
time/total                       698.29
time/evaluation                    4.80392
training/train_loss_mean           0.000887052
training/train_loss_std            0.00188449
-------------------------------  -------------
-------------------------------  -------------
time/training                     29.854
evaluation/target_0_return_mean   27.4231
evaluation/target_0_return_std     3.8993
evaluation/target_0_length_mean  200
evaluation/target_0_length_std     0
time/total                       733.063
time/evaluation                    4.91761
training/train_loss_mean           0.000845794
training/train_loss_std            0.00173017
-------------------------------  -------------
-------------------------------  ------------
time/training                     29.1014
evaluation/target_0_return_mean   24.4058
evaluation/target_0_return_std     2.58175
evaluation/target_0_length_mean  200
evaluation/target_0_length_std     0
time/total                       767.246
time/evaluation                    5.06426
training/train_loss_mean           0.00100259
training/train_loss_std            0.00212065
-------------------------------  ------------
-------------------------------  -------------
time/training                     28.816
evaluation/target_0_return_mean   26.817
evaluation/target_0_return_std     3.43049
evaluation/target_0_length_mean  200
evaluation/target_0_length_std     0
time/total                       801.185
time/evaluation                    5.08926
training/train_loss_mean           0.000970159
training/train_loss_std            0.00219853
-------------------------------  -------------
-------------------------------  ------------
time/training                     28.1098
evaluation/target_0_return_mean   28.2748
evaluation/target_0_return_std     3.38195
evaluation/target_0_length_mean  200
evaluation/target_0_length_std     0
time/total                       834.343
time/evaluation                    5.04747
training/train_loss_mean           0.00100531
training/train_loss_std            0.00220061
-------------------------------  ------------
-------------------------------  -------------
time/training                     28.0733
evaluation/target_0_return_mean   24.9729
evaluation/target_0_return_std     4.00203
evaluation/target_0_length_mean  200
evaluation/target_0_length_std     0
time/total                       867.558
time/evaluation                    5.10986
training/train_loss_mean           0.000811527
training/train_loss_std            0.00198555
-------------------------------  -------------
-------------------------------  -------------
time/training                     28.4425
evaluation/target_0_return_mean   26.8657
evaluation/target_0_return_std     3.64073
evaluation/target_0_length_mean  200
evaluation/target_0_length_std     0
time/total                       901.095
time/evaluation                    5.09348
training/train_loss_mean           0.000744607
training/train_loss_std            0.00163599
-------------------------------  -------------
-------------------------------  -------------
time/training                     28.9938
evaluation/target_0_return_mean   27.0669
evaluation/target_0_return_std     3.08929
evaluation/target_0_length_mean  200
evaluation/target_0_length_std     0
time/total                       935.159
time/evaluation                    5.06944
training/train_loss_mean           0.000855905
training/train_loss_std            0.00213434
-------------------------------  -------------
-------------------------------  -------------
time/training                     28.862
evaluation/target_0_return_mean   23.7617
evaluation/target_0_return_std     4.04508
evaluation/target_0_length_mean  200
evaluation/target_0_length_std     0
time/total                       969.09
time/evaluation                    5.0674
training/train_loss_mean           0.000824212
training/train_loss_std            0.00206718
-------------------------------  -------------
-------------------------------  --------------
time/training                      28.0944
evaluation/target_0_return_mean    28.0375
evaluation/target_0_return_std      3.77227
evaluation/target_0_length_mean   200
evaluation/target_0_length_std      0
time/total                       1002.24
time/evaluation                     5.05286
training/train_loss_mean            0.000897823
training/train_loss_std             0.00209862
-------------------------------  --------------
-------------------------------  --------------
time/training                      28.7555
evaluation/target_0_return_mean    27.5032
evaluation/target_0_return_std      7.24828
evaluation/target_0_length_mean   200
evaluation/target_0_length_std      0
time/total                       1034.67
time/evaluation                     3.67186
training/train_loss_mean            0.000681148
training/train_loss_std             0.00168295
-------------------------------  --------------
-------------------------------  --------------
time/training                      28.8437
evaluation/target_0_return_mean    24.9688
evaluation/target_0_return_std      3.70864
evaluation/target_0_length_mean   200
evaluation/target_0_length_std      0
time/total                       1068.45
time/evaluation                     4.93854
training/train_loss_mean            0.000773645
training/train_loss_std             0.00186524
-------------------------------  --------------
-------------------------------  --------------
time/training                      27.264
evaluation/target_0_return_mean    25.8259
evaluation/target_0_return_std      2.99688
evaluation/target_0_length_mean   200
evaluation/target_0_length_std      0
time/total                       1100.6
time/evaluation                     4.88764
training/train_loss_mean            0.000698241
training/train_loss_std             0.00179688
-------------------------------  --------------
-------------------------------  --------------
time/training                      28.093
evaluation/target_0_return_mean    28.1996
evaluation/target_0_return_std      5.38758
evaluation/target_0_length_mean   200
evaluation/target_0_length_std      0
time/total                       1133.9
time/evaluation                     5.20407
training/train_loss_mean            0.000669375
training/train_loss_std             0.00166337
-------------------------------  --------------
-------------------------------  --------------
time/training                      28.0697
evaluation/target_0_return_mean    26.3462
evaluation/target_0_return_std      4.2127
evaluation/target_0_length_mean   200
evaluation/target_0_length_std      0
time/total                       1166.47
time/evaluation                     4.50086
training/train_loss_mean            0.000760028
training/train_loss_std             0.00204265
-------------------------------  --------------
-------------------------------  --------------
time/training                      28.242
evaluation/target_0_return_mean    25.668
evaluation/target_0_return_std      3.5376
evaluation/target_0_length_mean   200
evaluation/target_0_length_std      0
time/total                       1199.64
time/evaluation                     4.92417
training/train_loss_mean            0.000691158
training/train_loss_std             0.00166382
-------------------------------  --------------
-------------------------------  --------------
time/training                      26.0911
evaluation/target_0_return_mean    25.1614
evaluation/target_0_return_std      3.58027
evaluation/target_0_length_mean   200
evaluation/target_0_length_std      0
time/total                       1227.03
time/evaluation                     1.29466
training/train_loss_mean            0.000767235
training/train_loss_std             0.00250657
-------------------------------  --------------
-------------------------------  --------------
time/training                      24.3671
evaluation/target_0_return_mean    26.4559
evaluation/target_0_return_std      3.53144
evaluation/target_0_length_mean   200
evaluation/target_0_length_std      0
time/total                       1252.82
time/evaluation                     1.42085
training/train_loss_mean            0.000683785
training/train_loss_std             0.00182767
-------------------------------  --------------
-------------------------------  --------------
time/training                      18.5742
evaluation/target_0_return_mean    25.5484
evaluation/target_0_return_std      3.99314
evaluation/target_0_length_mean   200
evaluation/target_0_length_std      0
time/total                       1274.13
time/evaluation                     2.74029
training/train_loss_mean            0.000852756
training/train_loss_std             0.00245167
-------------------------------  --------------
-------------------------------  --------------
time/training                      23.3776
evaluation/target_0_return_mean    28.4006
evaluation/target_0_return_std      5.77224
evaluation/target_0_length_mean   200
evaluation/target_0_length_std      0
time/total                       1301.51
time/evaluation                     3.99532
training/train_loss_mean            0.000740115
training/train_loss_std             0.00191985
-------------------------------  --------------
-------------------------------  --------------
time/training                      30.5283
evaluation/target_0_return_mean    29.2921
evaluation/target_0_return_std      5.78198
evaluation/target_0_length_mean   200
evaluation/target_0_length_std      0
time/total                       1337.27
time/evaluation                     5.23476
training/train_loss_mean            0.000660096
training/train_loss_std             0.00210325
-------------------------------  --------------
-------------------------------  --------------
time/training                      28.5703
evaluation/target_0_return_mean    28.8137
evaluation/target_0_return_std      4.38933
evaluation/target_0_length_mean   200
evaluation/target_0_length_std      0
time/total                       1369.85
time/evaluation                     4.00622
training/train_loss_mean            0.000696582
training/train_loss_std             0.00212477
-------------------------------  --------------
-------------------------------  --------------
time/training                      23.7379
evaluation/target_0_return_mean    23.761
evaluation/target_0_return_std      3.60489
evaluation/target_0_length_mean   200
evaluation/target_0_length_std      0
time/total                       1397.64
time/evaluation                     4.03782
training/train_loss_mean            0.000553959
training/train_loss_std             0.00156116
-------------------------------  --------------
-------------------------------  --------------
time/training                      29.8717
evaluation/target_0_return_mean    25.1598
evaluation/target_0_return_std      3.87398
evaluation/target_0_length_mean   200
evaluation/target_0_length_std      0
time/total                       1430.78
time/evaluation                     3.26535
training/train_loss_mean            0.000636946
training/train_loss_std             0.00162871
-------------------------------  --------------
-------------------------------  --------------
time/training                      30.7427
evaluation/target_0_return_mean    29.361
evaluation/target_0_return_std      4.33753
evaluation/target_0_length_mean   200
evaluation/target_0_length_std      0
time/total                       1465.86
time/evaluation                     4.33765
training/train_loss_mean            0.000649316
training/train_loss_std             0.00193626
-------------------------------  --------------
-------------------------------  --------------
time/training                      23.6559
evaluation/target_0_return_mean    26.3018
evaluation/target_0_return_std      2.82772
evaluation/target_0_length_mean   200
evaluation/target_0_length_std      0
time/total                       1493.79
time/evaluation                     4.25185
training/train_loss_mean            0.000703982
training/train_loss_std             0.00191408
-------------------------------  --------------
-------------------------------  --------------
time/training                      23.5131
evaluation/target_0_return_mean    23.1204
evaluation/target_0_return_std      3.25227
evaluation/target_0_length_mean   200
evaluation/target_0_length_std      0
time/total                       1519.25
time/evaluation                     1.93054
training/train_loss_mean            0.000624014
training/train_loss_std             0.00158709
-------------------------------  --------------
-------------------------------  --------------
time/training                      37.6623
evaluation/target_0_return_mean    26.1525
evaluation/target_0_return_std      4.10423
evaluation/target_0_length_mean   200
evaluation/target_0_length_std      0
time/total                       1560.37
time/evaluation                     3.4612
training/train_loss_mean            0.000544482
training/train_loss_std             0.00169559
-------------------------------  --------------
-------------------------------  --------------
time/training                      35.5703
evaluation/target_0_return_mean    30.0517
evaluation/target_0_return_std      5.2678
evaluation/target_0_length_mean   200
evaluation/target_0_length_std      0
time/total                       1601.27
time/evaluation                     5.32415
training/train_loss_mean            0.000816494
training/train_loss_std             0.00234158
-------------------------------  --------------
-------------------------------  --------------
time/training                      36.2952
evaluation/target_0_return_mean    24.778
evaluation/target_0_return_std      3.6531
evaluation/target_0_length_mean   200
evaluation/target_0_length_std      0
time/total                       1642.69
time/evaluation                     5.12437
training/train_loss_mean            0.000600096
training/train_loss_std             0.00165906
-------------------------------  --------------
-------------------------------  --------------
time/training                      27.2457
evaluation/target_0_return_mean    28.2945
evaluation/target_0_return_std      4.22306
evaluation/target_0_length_mean   200
evaluation/target_0_length_std      0
time/total                       1674.84
time/evaluation                     4.90833
training/train_loss_mean            0.000558603
training/train_loss_std             0.00144998
-------------------------------  --------------
-------------------------------  --------------
time/training                      28.5556
evaluation/target_0_return_mean    25.1342
evaluation/target_0_return_std      2.9441
evaluation/target_0_length_mean   200
evaluation/target_0_length_std      0
time/total                       1708.62
time/evaluation                     5.21577
training/train_loss_mean            0.000537265
training/train_loss_std             0.00147121
-------------------------------  --------------
-------------------------------  --------------
time/training                      25.8058
evaluation/target_0_return_mean    27.7896
evaluation/target_0_return_std      6.40072
evaluation/target_0_length_mean   200
evaluation/target_0_length_std      0
time/total                       1739.63
time/evaluation                     5.20732
training/train_loss_mean            0.000566298
training/train_loss_std             0.00153381
-------------------------------  --------------
-------------------------------  --------------
time/training                      26.6706
evaluation/target_0_return_mean    25.7147
evaluation/target_0_return_std      3.15617
evaluation/target_0_length_mean   200
evaluation/target_0_length_std      0
time/total                       1770.23
time/evaluation                     3.9263
training/train_loss_mean            0.000584888
training/train_loss_std             0.00204785
-------------------------------  --------------
-------------------------------  --------------
time/training                      25.8368
evaluation/target_0_return_mean    27.6027
evaluation/target_0_return_std      2.99883
evaluation/target_0_length_mean   200
evaluation/target_0_length_std      0
time/total                       1801.08
time/evaluation                     5.01084
training/train_loss_mean            0.000433378
training/train_loss_std             0.00137335
-------------------------------  --------------
-------------------------------  --------------
time/training                      27.7149
evaluation/target_0_return_mean    26.6167
evaluation/target_0_return_std      2.80669
evaluation/target_0_length_mean   200
evaluation/target_0_length_std      0
time/total                       1833.58
time/evaluation                     4.79224
training/train_loss_mean            0.000464441
training/train_loss_std             0.00139103
-------------------------------  --------------
-------------------------------  --------------
time/training                      28.058
evaluation/target_0_return_mean    28.2603
evaluation/target_0_return_std      5.20726
evaluation/target_0_length_mean   200
evaluation/target_0_length_std      0
time/total                       1864.54
time/evaluation                     2.89161
training/train_loss_mean            0.000538371
training/train_loss_std             0.00185502
-------------------------------  --------------
-------------------------------  --------------
time/training                      16.2794
evaluation/target_0_return_mean    27.6578
evaluation/target_0_return_std      3.68882
evaluation/target_0_length_mean   200
evaluation/target_0_length_std      0
time/total                       1883.4
time/evaluation                     2.5813
training/train_loss_mean            0.000449963
training/train_loss_std             0.0013334
-------------------------------  --------------
-------------------------------  --------------
time/training                      17.8331
evaluation/target_0_return_mean    28.4373
evaluation/target_0_return_std      4.81592
evaluation/target_0_length_mean   200
evaluation/target_0_length_std      0
time/total                       1905.09
time/evaluation                     3.85963
training/train_loss_mean            0.000578414
training/train_loss_std             0.00208345
-------------------------------  --------------
-------------------------------  --------------
time/training                      24.1907
evaluation/target_0_return_mean    25.6545
evaluation/target_0_return_std      2.91118
evaluation/target_0_length_mean   200
evaluation/target_0_length_std      0
time/total                       1931.97
time/evaluation                     2.68678
training/train_loss_mean            0.000607862
training/train_loss_std             0.00192786
-------------------------------  --------------
-------------------------------  --------------
time/training                      16.2474
evaluation/target_0_return_mean    28.3979
evaluation/target_0_return_std      5.82983
evaluation/target_0_length_mean   200
evaluation/target_0_length_std      0
time/total                       1950.76
time/evaluation                     2.54577
training/train_loss_mean            0.000420148
training/train_loss_std             0.00121703
-------------------------------  --------------
-------------------------------  --------------
time/training                      22.8048
evaluation/target_0_return_mean    25.0501
evaluation/target_0_return_std      4.0314
evaluation/target_0_length_mean   200
evaluation/target_0_length_std      0
time/total                       1976.16
time/evaluation                     2.58661
training/train_loss_mean            0.000601794
training/train_loss_std             0.00181849
-------------------------------  --------------
-------------------------------  --------------
time/training                      22.8124
evaluation/target_0_return_mean    26.1109
evaluation/target_0_return_std      4.98296
evaluation/target_0_length_mean   200
evaluation/target_0_length_std      0
time/total                       2001.83
time/evaluation                     2.86285
training/train_loss_mean            0.000606978
training/train_loss_std             0.00179129
-------------------------------  --------------
-------------------------------  --------------
time/training                      22.8132
evaluation/target_0_return_mean    27.3243
evaluation/target_0_return_std      4.18748
evaluation/target_0_length_mean   200
evaluation/target_0_length_std      0
time/total                       2027.26
time/evaluation                     2.61474
training/train_loss_mean            0.000382248
training/train_loss_std             0.00116278
-------------------------------  --------------
-------------------------------  -------------
time/training                      27.8656
evaluation/target_0_return_mean    26.0995
evaluation/target_0_return_std      2.98407
evaluation/target_0_length_mean   200
evaluation/target_0_length_std      0
time/total                       2057.23
time/evaluation                     2.10081
training/train_loss_mean            0.00063986
training/train_loss_std             0.00210022
-------------------------------  -------------
-------------------------------  --------------
time/training                      32.4525
evaluation/target_0_return_mean    25.4192
evaluation/target_0_return_std      3.67079
evaluation/target_0_length_mean   200
evaluation/target_0_length_std      0
time/total                       2092.4
time/evaluation                     2.71488
training/train_loss_mean            0.000598876
training/train_loss_std             0.00204318
-------------------------------  --------------
-------------------------------  --------------
time/training                      29.7174
evaluation/target_0_return_mean    27.0602
evaluation/target_0_return_std      4.81829
evaluation/target_0_length_mean   200
evaluation/target_0_length_std      0
time/total                       2124.36
time/evaluation                     2.2412
training/train_loss_mean            0.000372731
training/train_loss_std             0.00119334
-------------------------------  --------------
-------------------------------  --------------
time/training                      36.9557
evaluation/target_0_return_mean    29.7859
evaluation/target_0_return_std      4.89006
evaluation/target_0_length_mean   200
evaluation/target_0_length_std      0
time/total                       2164.85
time/evaluation                     3.53277
training/train_loss_mean            0.000556885
training/train_loss_std             0.00176718
-------------------------------  --------------
-------------------------------  --------------
time/training                      36.9111
evaluation/target_0_return_mean    26.9082
evaluation/target_0_return_std      5.17304
evaluation/target_0_length_mean   200
evaluation/target_0_length_std      0
time/total                       2204.91
time/evaluation                     3.14754
training/train_loss_mean            0.000452074
training/train_loss_std             0.00133011
-------------------------------  --------------
-------------------------------  --------------
time/training                      36.6782
evaluation/target_0_return_mean    24.9644
evaluation/target_0_return_std      3.78459
evaluation/target_0_length_mean   200
evaluation/target_0_length_std      0
time/total                       2245.69
time/evaluation                     4.1
training/train_loss_mean            0.000520247
training/train_loss_std             0.00150433
-------------------------------  --------------
-------------------------------  --------------
time/training                      24.3663
evaluation/target_0_return_mean    26.1174
evaluation/target_0_return_std      6.28922
evaluation/target_0_length_mean   200
evaluation/target_0_length_std      0
time/total                       2273.85
time/evaluation                     3.79988
training/train_loss_mean            0.000502238
training/train_loss_std             0.0017723
-------------------------------  --------------
-------------------------------  --------------
time/training                      23.2596
evaluation/target_0_return_mean    25.7917
evaluation/target_0_return_std      4.15316
evaluation/target_0_length_mean   200
evaluation/target_0_length_std      0
time/total                       2300.58
time/evaluation                     3.46998
training/train_loss_mean            0.000472779
training/train_loss_std             0.00138611
-------------------------------  --------------
-------------------------------  --------------
time/training                      22.8575
evaluation/target_0_return_mean    28.4041
evaluation/target_0_return_std      5.05307
evaluation/target_0_length_mean   200
evaluation/target_0_length_std      0
time/total                       2327.22
time/evaluation                     3.77815
training/train_loss_mean            0.000540499
training/train_loss_std             0.00180651
-------------------------------  --------------
-------------------------------  --------------
time/training                      23.2479
evaluation/target_0_return_mean    25.4458
evaluation/target_0_return_std      4.25418
evaluation/target_0_length_mean   200
evaluation/target_0_length_std      0
time/total                       2354.25
time/evaluation                     3.77854
training/train_loss_mean            0.000565607
training/train_loss_std             0.00193167
-------------------------------  --------------
-------------------------------  --------------
time/training                      23.2337
evaluation/target_0_return_mean    26.2232
evaluation/target_0_return_std      2.70238
evaluation/target_0_length_mean   200
evaluation/target_0_length_std      0
time/total                       2380.94
time/evaluation                     3.44109
training/train_loss_mean            0.000379228
training/train_loss_std             0.00125344
-------------------------------  --------------
-------------------------------  --------------
time/training                      22.8346
evaluation/target_0_return_mean    29.3285
evaluation/target_0_return_std      4.1662
evaluation/target_0_length_mean   200
evaluation/target_0_length_std      0
time/total                       2407.8
time/evaluation                     4.02884
training/train_loss_mean            0.000436361
training/train_loss_std             0.00134584
-------------------------------  --------------
-------------------------------  --------------
time/training                      23.3256
evaluation/target_0_return_mean    25.9544
evaluation/target_0_return_std      5.15483
evaluation/target_0_length_mean   200
evaluation/target_0_length_std      0
time/total                       2434.98
time/evaluation                     3.84715
training/train_loss_mean            0.000593353
training/train_loss_std             0.00226999
-------------------------------  --------------
-------------------------------  --------------
time/training                      23.5258
evaluation/target_0_return_mean    25.6639
evaluation/target_0_return_std      5.26503
evaluation/target_0_length_mean   200
evaluation/target_0_length_std      0
time/total                       2462.38
time/evaluation                     3.87024
training/train_loss_mean            0.000499921
training/train_loss_std             0.00150543
-------------------------------  --------------
-------------------------------  -------------
time/training                      23.0056
evaluation/target_0_return_mean    27.3133
evaluation/target_0_return_std      6.11474
evaluation/target_0_length_mean   200
evaluation/target_0_length_std      0
time/total                       2488.14
time/evaluation                     2.76197
training/train_loss_mean            0.00040613
training/train_loss_std             0.00131075
-------------------------------  -------------
-------------------------------  --------------
time/training                      24.5058
evaluation/target_0_return_mean    27.5438
evaluation/target_0_return_std      5.57858
evaluation/target_0_length_mean   200
evaluation/target_0_length_std      0
time/total                       2515.29
time/evaluation                     2.63468
training/train_loss_mean            0.000484183
training/train_loss_std             0.00173241
-------------------------------  --------------
-------------------------------  --------------
time/training                      22.7562
evaluation/target_0_return_mean    27.2969
evaluation/target_0_return_std      3.01737
evaluation/target_0_length_mean   200
evaluation/target_0_length_std      0
time/total                       2540.64
time/evaluation                     2.59286
training/train_loss_mean            0.000414013
training/train_loss_std             0.00136897
-------------------------------  --------------
-------------------------------  -------------
time/training                      24.3729
evaluation/target_0_return_mean    25.3538
evaluation/target_0_return_std      2.33311
evaluation/target_0_length_mean   200
evaluation/target_0_length_std      0
time/total                       2567.85
time/evaluation                     2.8402
training/train_loss_mean            0.00041575
training/train_loss_std             0.00142402
-------------------------------  -------------
-------------------------------  --------------
time/training                      24.3025
evaluation/target_0_return_mean    23.7406
evaluation/target_0_return_std      3.26229
evaluation/target_0_length_mean   200
evaluation/target_0_length_std      0
time/total                       2594.74
time/evaluation                     2.58172
training/train_loss_mean            0.000436346
training/train_loss_std             0.00154516
-------------------------------  --------------
-------------------------------  --------------
time/training                      24.4067
evaluation/target_0_return_mean    24.4849
evaluation/target_0_return_std      1.4588
evaluation/target_0_length_mean   200
evaluation/target_0_length_std      0
time/total                       2621.86
time/evaluation                     2.71682
training/train_loss_mean            0.000372073
training/train_loss_std             0.00132452
-------------------------------  --------------
-------------------------------  --------------
time/training                      24.5891
evaluation/target_0_return_mean    24.4441
evaluation/target_0_return_std      3.82808
evaluation/target_0_length_mean   200
evaluation/target_0_length_std      0
time/total                       2649.04
time/evaluation                     2.58962
training/train_loss_mean            0.000386699
training/train_loss_std             0.0014099
-------------------------------  --------------
-------------------------------  --------------
time/training                      24.624
evaluation/target_0_return_mean    25.1653
evaluation/target_0_return_std      3.29567
evaluation/target_0_length_mean   200
evaluation/target_0_length_std      0
time/total                       2676.24
time/evaluation                     2.5772
training/train_loss_mean            0.000429015
training/train_loss_std             0.00155401
-------------------------------  --------------
-------------------------------  --------------
time/training                      21.5722
evaluation/target_0_return_mean    25.5234
evaluation/target_0_return_std      2.77624
evaluation/target_0_length_mean   200
evaluation/target_0_length_std      0
time/total                       2700.3
time/evaluation                     2.47935
training/train_loss_mean            0.000599157
training/train_loss_std             0.00231722
-------------------------------  --------------
-------------------------------  --------------
time/training                      16.636
evaluation/target_0_return_mean    27.1825
evaluation/target_0_return_std      3.36067
evaluation/target_0_length_mean   200
evaluation/target_0_length_std      0
time/total                       2719.41
time/evaluation                     2.47221
training/train_loss_mean            0.000396913
training/train_loss_std             0.00144558
-------------------------------  --------------
-------------------------------  --------------
time/training                      19.2259
evaluation/target_0_return_mean    25.955
evaluation/target_0_return_std      3.40828
evaluation/target_0_length_mean   200
evaluation/target_0_length_std      0
time/total                       2740.33
time/evaluation                     1.69641
training/train_loss_mean            0.000477905
training/train_loss_std             0.00144922
-------------------------------  --------------
-------------------------------  --------------
time/training                      23.2856
evaluation/target_0_return_mean    25.0711
evaluation/target_0_return_std      3.28365
evaluation/target_0_length_mean   200
evaluation/target_0_length_std      0
time/total                       2766.2
time/evaluation                     2.58383
training/train_loss_mean            0.000385828
training/train_loss_std             0.0015973
-------------------------------  --------------
-------------------------------  -------------
time/training                      22.6527
evaluation/target_0_return_mean    25.2823
evaluation/target_0_return_std      2.06599
evaluation/target_0_length_mean   200
evaluation/target_0_length_std      0
time/total                       2791.43
time/evaluation                     2.5763
training/train_loss_mean            0.00031218
training/train_loss_std             0.00104193
-------------------------------  -------------
-------------------------------  --------------
time/training                      22.6609
evaluation/target_0_return_mean    26.2675
evaluation/target_0_return_std      3.13603
evaluation/target_0_length_mean   200
evaluation/target_0_length_std      0
time/total                       2816.66
time/evaluation                     2.57243
training/train_loss_mean            0.000501066
training/train_loss_std             0.00179963
-------------------------------  --------------
-------------------------------  --------------
time/training                      22.9738
evaluation/target_0_return_mean    25.3664
evaluation/target_0_return_std      3.95388
evaluation/target_0_length_mean   200
evaluation/target_0_length_std      0
time/total                       2842.23
time/evaluation                     2.59196
training/train_loss_mean            0.000323258
training/train_loss_std             0.00120271
-------------------------------  --------------
-------------------------------  --------------
time/training                      22.9909
evaluation/target_0_return_mean    25.9545
evaluation/target_0_return_std      3.35107
evaluation/target_0_length_mean   200
evaluation/target_0_length_std      0
time/total                       2867.86
time/evaluation                     2.63984
training/train_loss_mean            0.000305228
training/train_loss_std             0.0011242
-------------------------------  --------------
-------------------------------  --------------
time/training                      22.9478
evaluation/target_0_return_mean    24.1336
evaluation/target_0_return_std      3.1653
evaluation/target_0_length_mean   200
evaluation/target_0_length_std      0
time/total                       2893.47
time/evaluation                     2.65702
training/train_loss_mean            0.000502331
training/train_loss_std             0.00166524
-------------------------------  --------------
-------------------------------  --------------
time/training                      22.7314
evaluation/target_0_return_mean    28.5389
evaluation/target_0_return_std      5.71454
evaluation/target_0_length_mean   200
evaluation/target_0_length_std      0
time/total                       2918.43
time/evaluation                     2.22749
training/train_loss_mean            0.000387939
training/train_loss_std             0.00165473
-------------------------------  --------------
-------------------------------  --------------
time/training                      16.6833
evaluation/target_0_return_mean    27.296
evaluation/target_0_return_std      5.97521
evaluation/target_0_length_mean   200
evaluation/target_0_length_std      0
time/total                       2937.59
time/evaluation                     2.47425
training/train_loss_mean            0.000473169
training/train_loss_std             0.0022299
-------------------------------  --------------
-------------------------------  --------------
time/training                      15.2235
evaluation/target_0_return_mean    25.834
evaluation/target_0_return_std      4.25852
evaluation/target_0_length_mean   200
evaluation/target_0_length_std      0
time/total                       2954.16
time/evaluation                     1.35091
training/train_loss_mean            0.000412458
training/train_loss_std             0.00160689
-------------------------------  --------------
