-------------------------------  -----------
time/training                     16.7914
evaluation/target_0_return_mean   23.0788
evaluation/target_0_return_std     2.58153
evaluation/target_0_length_mean  200
evaluation/target_0_length_std     0
time/total                        18.3275
time/evaluation                    1.53353
training/train_loss_mean           0.0418217
training/train_loss_std            0.0179225
-------------------------------  -----------
-------------------------------  -----------
time/training                     15.9154
evaluation/target_0_return_mean   25.6333
evaluation/target_0_return_std     3.58337
evaluation/target_0_length_mean  200
evaluation/target_0_length_std     0
time/total                        35.8807
time/evaluation                    1.63511
training/train_loss_mean           0.0320563
training/train_loss_std            0.0139453
-------------------------------  -----------
-------------------------------  -----------
time/training                     16.3598
evaluation/target_0_return_mean   25.073
evaluation/target_0_return_std     3.39281
evaluation/target_0_length_mean  200
evaluation/target_0_length_std     0
time/total                        54.0661
time/evaluation                    1.82301
training/train_loss_mean           0.0175677
training/train_loss_std            0.0088061
-------------------------------  -----------
-------------------------------  ------------
time/training                     24.4389
evaluation/target_0_return_mean   22.5077
evaluation/target_0_return_std     2.17179
evaluation/target_0_length_mean  200
evaluation/target_0_length_std     0
time/total                        81.1549
time/evaluation                    2.64874
training/train_loss_mean           0.00708773
training/train_loss_std            0.00519175
-------------------------------  ------------
-------------------------------  ------------
time/training                     22.5505
evaluation/target_0_return_mean   25.8886
evaluation/target_0_return_std     3.25955
evaluation/target_0_length_mean  200
evaluation/target_0_length_std     0
time/total                       106.581
time/evaluation                    2.8732
training/train_loss_mean           0.00383841
training/train_loss_std            0.00354757
-------------------------------  ------------
-------------------------------  ------------
time/training                     26.2741
evaluation/target_0_return_mean   25.9413
evaluation/target_0_return_std     3.71284
evaluation/target_0_length_mean  200
evaluation/target_0_length_std     0
time/total                       139.357
time/evaluation                    6.4907
training/train_loss_mean           0.00325664
training/train_loss_std            0.00355077
-------------------------------  ------------
-------------------------------  ------------
time/training                     33.8251
evaluation/target_0_return_mean   24.491
evaluation/target_0_return_std     3.91702
evaluation/target_0_length_mean  200
evaluation/target_0_length_std     0
time/total                       178.423
time/evaluation                    5.23936
training/train_loss_mean           0.002605
training/train_loss_std            0.00299859
-------------------------------  ------------
-------------------------------  ------------
time/training                     38.537
evaluation/target_0_return_mean   25.7984
evaluation/target_0_return_std     2.82755
evaluation/target_0_length_mean  200
evaluation/target_0_length_std     0
time/total                       220.159
time/evaluation                    3.19813
training/train_loss_mean           0.00244884
training/train_loss_std            0.00277829
-------------------------------  ------------
-------------------------------  ------------
time/training                     36.5209
evaluation/target_0_return_mean   26.6868
evaluation/target_0_return_std     5.0412
evaluation/target_0_length_mean  200
evaluation/target_0_length_std     0
time/total                       261.981
time/evaluation                    5.29933
training/train_loss_mean           0.00211197
training/train_loss_std            0.00272529
-------------------------------  ------------
-------------------------------  ------------
time/training                     36.9943
evaluation/target_0_return_mean   26.423
evaluation/target_0_return_std     4.37768
evaluation/target_0_length_mean  200
evaluation/target_0_length_std     0
time/total                       302.999
time/evaluation                    4.02336
training/train_loss_mean           0.00190813
training/train_loss_std            0.00236703
-------------------------------  ------------
-------------------------------  ------------
time/training                     38.1765
evaluation/target_0_return_mean   23.6749
evaluation/target_0_return_std     2.93107
evaluation/target_0_length_mean  200
evaluation/target_0_length_std     0
time/total                       347.734
time/evaluation                    6.55715
training/train_loss_mean           0.00182374
training/train_loss_std            0.00254573
-------------------------------  ------------
-------------------------------  ------------
time/training                     35.2713
evaluation/target_0_return_mean   24.071
evaluation/target_0_return_std     1.99292
evaluation/target_0_length_mean  200
evaluation/target_0_length_std     0
time/total                       388.645
time/evaluation                    5.59642
training/train_loss_mean           0.00172504
training/train_loss_std            0.00256658
-------------------------------  ------------
-------------------------------  ------------
time/training                     17.0476
evaluation/target_0_return_mean   26.3726
evaluation/target_0_return_std     3.90907
evaluation/target_0_length_mean  200
evaluation/target_0_length_std     0
time/total                       408.7
time/evaluation                    3.00605
training/train_loss_mean           0.00172986
training/train_loss_std            0.00252924
-------------------------------  ------------
-------------------------------  ------------
time/training                     21.2241
evaluation/target_0_return_mean   25.1023
evaluation/target_0_return_std     4.07912
evaluation/target_0_length_mean  200
evaluation/target_0_length_std     0
time/total                       433.799
time/evaluation                    3.87385
training/train_loss_mean           0.00136044
training/train_loss_std            0.0020491
-------------------------------  ------------
-------------------------------  ------------
time/training                     23.0744
evaluation/target_0_return_mean   28.2479
evaluation/target_0_return_std     2.1763
evaluation/target_0_length_mean  200
evaluation/target_0_length_std     0
time/total                       460.734
time/evaluation                    3.85948
training/train_loss_mean           0.00138517
training/train_loss_std            0.00222506
-------------------------------  ------------
-------------------------------  ------------
time/training                     24.9354
evaluation/target_0_return_mean   27.8151
evaluation/target_0_return_std     3.82475
evaluation/target_0_length_mean  200
evaluation/target_0_length_std     0
time/total                       490.835
time/evaluation                    5.16403
training/train_loss_mean           0.00121163
training/train_loss_std            0.00210445
-------------------------------  ------------
-------------------------------  ------------
time/training                     30.9262
evaluation/target_0_return_mean   27.6991
evaluation/target_0_return_std     4.65153
evaluation/target_0_length_mean  200
evaluation/target_0_length_std     0
time/total                       526.292
time/evaluation                    4.4986
training/train_loss_mean           0.00119248
training/train_loss_std            0.00212471
-------------------------------  ------------
-------------------------------  ------------
time/training                     30.8698
evaluation/target_0_return_mean   26.8958
evaluation/target_0_return_std     3.40968
evaluation/target_0_length_mean  200
evaluation/target_0_length_std     0
time/total                       561.507
time/evaluation                    4.34412
training/train_loss_mean           0.00114165
training/train_loss_std            0.00205488
-------------------------------  ------------
-------------------------------  ------------
time/training                     30.2164
evaluation/target_0_return_mean   25.8627
evaluation/target_0_return_std     2.5721
evaluation/target_0_length_mean  200
evaluation/target_0_length_std     0
time/total                       595.687
time/evaluation                    3.94479
training/train_loss_mean           0.00125685
training/train_loss_std            0.00230211
-------------------------------  ------------
-------------------------------  ------------
time/training                     30.513
evaluation/target_0_return_mean   25.7984
evaluation/target_0_return_std     3.66824
evaluation/target_0_length_mean  200
evaluation/target_0_length_std     0
time/total                       630.053
time/evaluation                    3.85169
training/train_loss_mean           0.00113385
training/train_loss_std            0.00229905
-------------------------------  ------------
-------------------------------  -------------
time/training                     32.0228
evaluation/target_0_return_mean   27.8932
evaluation/target_0_return_std     5.11316
evaluation/target_0_length_mean  200
evaluation/target_0_length_std     0
time/total                       664.673
time/evaluation                    2.59612
training/train_loss_mean           0.000938525
training/train_loss_std            0.00175377
-------------------------------  -------------
-------------------------------  ------------
time/training                     32.6683
evaluation/target_0_return_mean   24.7821
evaluation/target_0_return_std     3.92715
evaluation/target_0_length_mean  200
evaluation/target_0_length_std     0
time/total                       701.238
time/evaluation                    3.89548
training/train_loss_mean           0.00106249
training/train_loss_std            0.00221779
-------------------------------  ------------
-------------------------------  -------------
time/training                     24.2641
evaluation/target_0_return_mean   25.2728
evaluation/target_0_return_std     5.10864
evaluation/target_0_length_mean  200
evaluation/target_0_length_std     0
time/total                       729.401
time/evaluation                    3.89823
training/train_loss_mean           0.000967344
training/train_loss_std            0.00191746
-------------------------------  -------------
-------------------------------  -------------
time/training                     24.0415
evaluation/target_0_return_mean   27.3758
evaluation/target_0_return_std     4.67905
evaluation/target_0_length_mean  200
evaluation/target_0_length_std     0
time/total                       757.646
time/evaluation                    4.20208
training/train_loss_mean           0.000862348
training/train_loss_std            0.00165483
-------------------------------  -------------
-------------------------------  -------------
time/training                     32.1328
evaluation/target_0_return_mean   26.6576
evaluation/target_0_return_std     3.11161
evaluation/target_0_length_mean  200
evaluation/target_0_length_std     0
time/total                       793.795
time/evaluation                    4.01517
training/train_loss_mean           0.000912862
training/train_loss_std            0.00195006
-------------------------------  -------------
-------------------------------  ------------
time/training                     31.9645
evaluation/target_0_return_mean   27.1505
evaluation/target_0_return_std     5.18182
evaluation/target_0_length_mean  200
evaluation/target_0_length_std     0
time/total                       829.612
time/evaluation                    3.85118
training/train_loss_mean           0.00107393
training/train_loss_std            0.00230811
-------------------------------  ------------
-------------------------------  -------------
time/training                     31.7444
evaluation/target_0_return_mean   25.8565
evaluation/target_0_return_std     4.45257
evaluation/target_0_length_mean  200
evaluation/target_0_length_std     0
time/total                       865.313
time/evaluation                    3.95568
training/train_loss_mean           0.000814234
training/train_loss_std            0.00182345
-------------------------------  -------------
-------------------------------  -------------
time/training                     31.6992
evaluation/target_0_return_mean   25.46
evaluation/target_0_return_std     4.5661
evaluation/target_0_length_mean  200
evaluation/target_0_length_std     0
time/total                       900.836
time/evaluation                    3.82246
training/train_loss_mean           0.000844981
training/train_loss_std            0.00173315
-------------------------------  -------------
-------------------------------  -------------
time/training                     31.83
evaluation/target_0_return_mean   27.3247
evaluation/target_0_return_std     5.54853
evaluation/target_0_length_mean  200
evaluation/target_0_length_std     0
time/total                       936.608
time/evaluation                    3.94119
training/train_loss_mean           0.000899874
training/train_loss_std            0.00204182
-------------------------------  -------------
-------------------------------  ------------
time/training                     32.1268
evaluation/target_0_return_mean   26.9078
evaluation/target_0_return_std     4.32821
evaluation/target_0_length_mean  200
evaluation/target_0_length_std     0
time/total                       972.617
time/evaluation                    3.88088
training/train_loss_mean           0.00082434
training/train_loss_std            0.00196302
-------------------------------  ------------
-------------------------------  --------------
time/training                      31.928
evaluation/target_0_return_mean    28.3674
evaluation/target_0_return_std      4.59015
evaluation/target_0_length_mean   200
evaluation/target_0_length_std      0
time/total                       1008.53
time/evaluation                     3.98568
training/train_loss_mean            0.000713415
training/train_loss_std             0.00167832
-------------------------------  --------------
-------------------------------  -------------
time/training                      32.4504
evaluation/target_0_return_mean    28.1476
evaluation/target_0_return_std      3.70622
evaluation/target_0_length_mean   200
evaluation/target_0_length_std      0
time/total                       1045.35
time/evaluation                     4.3491
training/train_loss_mean            0.00108125
training/train_loss_std             0.00254227
-------------------------------  -------------
-------------------------------  --------------
time/training                      32.1851
evaluation/target_0_return_mean    25.8391
evaluation/target_0_return_std      5.9235
evaluation/target_0_length_mean   200
evaluation/target_0_length_std      0
time/total                       1081.76
time/evaluation                     4.22239
training/train_loss_mean            0.000632544
training/train_loss_std             0.00158123
-------------------------------  --------------
-------------------------------  --------------
time/training                      30.3865
evaluation/target_0_return_mean    27.6923
evaluation/target_0_return_std      3.06405
evaluation/target_0_length_mean   200
evaluation/target_0_length_std      0
time/total                       1115.8
time/evaluation                     3.65166
training/train_loss_mean            0.000899835
training/train_loss_std             0.00221017
-------------------------------  --------------
-------------------------------  --------------
time/training                      23.783
evaluation/target_0_return_mean    25.4932
evaluation/target_0_return_std      2.3298
evaluation/target_0_length_mean   200
evaluation/target_0_length_std      0
time/total                       1143.61
time/evaluation                     4.03269
training/train_loss_mean            0.000780622
training/train_loss_std             0.00191152
-------------------------------  --------------
-------------------------------  --------------
time/training                      24.0469
evaluation/target_0_return_mean    27.861
evaluation/target_0_return_std      5.01085
evaluation/target_0_length_mean   200
evaluation/target_0_length_std      0
time/total                       1171.65
time/evaluation                     3.9688
training/train_loss_mean            0.000829606
training/train_loss_std             0.00199708
-------------------------------  --------------
-------------------------------  --------------
time/training                      24.1269
evaluation/target_0_return_mean    24.1485
evaluation/target_0_return_std      3.38924
evaluation/target_0_length_mean   200
evaluation/target_0_length_std      0
time/total                       1199.78
time/evaluation                     4.0048
training/train_loss_mean            0.000739176
training/train_loss_std             0.00175626
-------------------------------  --------------
-------------------------------  --------------
time/training                      24.0338
evaluation/target_0_return_mean    27.6043
evaluation/target_0_return_std      4.51026
evaluation/target_0_length_mean   200
evaluation/target_0_length_std      0
time/total                       1226.09
time/evaluation                     2.27285
training/train_loss_mean            0.000630922
training/train_loss_std             0.00162324
-------------------------------  --------------
-------------------------------  -------------
time/training                      24.9942
evaluation/target_0_return_mean    27.0402
evaluation/target_0_return_std      5.14271
evaluation/target_0_length_mean   200
evaluation/target_0_length_std      0
time/total                       1253.89
time/evaluation                     2.80925
training/train_loss_mean            0.00068819
training/train_loss_std             0.00162612
-------------------------------  -------------
-------------------------------  --------------
time/training                      25.5861
evaluation/target_0_return_mean    28.0621
evaluation/target_0_return_std      4.35353
evaluation/target_0_length_mean   200
evaluation/target_0_length_std      0
time/total                       1282.47
time/evaluation                     2.98727
training/train_loss_mean            0.000695788
training/train_loss_std             0.00188365
-------------------------------  --------------
-------------------------------  --------------
time/training                      30.6662
evaluation/target_0_return_mean    28.5474
evaluation/target_0_return_std      4.95183
evaluation/target_0_length_mean   200
evaluation/target_0_length_std      0
time/total                       1316.26
time/evaluation                     3.12526
training/train_loss_mean            0.000640524
training/train_loss_std             0.00177081
-------------------------------  --------------
-------------------------------  --------------
time/training                      17.058
evaluation/target_0_return_mean    24.3981
evaluation/target_0_return_std      4.83214
evaluation/target_0_length_mean   200
evaluation/target_0_length_std      0
time/total                       1335.88
time/evaluation                     2.55907
training/train_loss_mean            0.000651817
training/train_loss_std             0.0017603
-------------------------------  --------------
-------------------------------  --------------
time/training                      25.2192
evaluation/target_0_return_mean    27.4092
evaluation/target_0_return_std      3.90467
evaluation/target_0_length_mean   200
evaluation/target_0_length_std      0
time/total                       1363.74
time/evaluation                     2.61854
training/train_loss_mean            0.000774203
training/train_loss_std             0.00188488
-------------------------------  --------------
-------------------------------  --------------
time/training                      33.5646
evaluation/target_0_return_mean    27.6488
evaluation/target_0_return_std      6.70616
evaluation/target_0_length_mean   200
evaluation/target_0_length_std      0
time/total                       1400.43
time/evaluation                     3.12643
training/train_loss_mean            0.000747602
training/train_loss_std             0.00203692
-------------------------------  --------------
-------------------------------  -------------
time/training                      29.5293
evaluation/target_0_return_mean    25.8287
evaluation/target_0_return_std      3.67173
evaluation/target_0_length_mean   200
evaluation/target_0_length_std      0
time/total                       1432.62
time/evaluation                     2.65575
training/train_loss_mean            0.00070927
training/train_loss_std             0.00192295
-------------------------------  -------------
-------------------------------  --------------
time/training                      25.0395
evaluation/target_0_return_mean    24.3079
evaluation/target_0_return_std      2.61504
evaluation/target_0_length_mean   200
evaluation/target_0_length_std      0
time/total                       1460.28
time/evaluation                     2.62568
training/train_loss_mean            0.000456049
training/train_loss_std             0.00122612
-------------------------------  --------------
-------------------------------  --------------
time/training                      31.5721
evaluation/target_0_return_mean    25.6991
evaluation/target_0_return_std      3.13542
evaluation/target_0_length_mean   200
evaluation/target_0_length_std      0
time/total                       1494.53
time/evaluation                     2.6716
training/train_loss_mean            0.000658685
training/train_loss_std             0.00179219
-------------------------------  --------------
-------------------------------  --------------
time/training                      29.9271
evaluation/target_0_return_mean    31.1016
evaluation/target_0_return_std      4.9076
evaluation/target_0_length_mean   200
evaluation/target_0_length_std      0
time/total                       1527.17
time/evaluation                     2.71589
training/train_loss_mean            0.000470465
training/train_loss_std             0.0012021
-------------------------------  --------------
-------------------------------  --------------
time/training                      25.0661
evaluation/target_0_return_mean    28.68
evaluation/target_0_return_std      6.15256
evaluation/target_0_length_mean   200
evaluation/target_0_length_std      0
time/total                       1554.88
time/evaluation                     2.6459
training/train_loss_mean            0.000608653
training/train_loss_std             0.0017439
-------------------------------  --------------
-------------------------------  --------------
time/training                      23.0866
evaluation/target_0_return_mean    24.7295
evaluation/target_0_return_std      3.44389
evaluation/target_0_length_mean   200
evaluation/target_0_length_std      0
time/total                       1583.21
time/evaluation                     5.24194
training/train_loss_mean            0.000614452
training/train_loss_std             0.00169896
-------------------------------  --------------
-------------------------------  --------------
time/training                      31.1042
evaluation/target_0_return_mean    25.4793
evaluation/target_0_return_std      4.40354
evaluation/target_0_length_mean   200
evaluation/target_0_length_std      0
time/total                       1617.89
time/evaluation                     3.57516
training/train_loss_mean            0.000561116
training/train_loss_std             0.00161952
-------------------------------  --------------
-------------------------------  --------------
time/training                      30.9793
evaluation/target_0_return_mean    26.4826
evaluation/target_0_return_std      4.69991
evaluation/target_0_length_mean   200
evaluation/target_0_length_std      0
time/total                       1653.94
time/evaluation                     5.06416
training/train_loss_mean            0.000577844
training/train_loss_std             0.00180744
-------------------------------  --------------
-------------------------------  --------------
time/training                      29.4519
evaluation/target_0_return_mean    29.2586
evaluation/target_0_return_std      5.58119
evaluation/target_0_length_mean   200
evaluation/target_0_length_std      0
time/total                       1688.66
time/evaluation                     5.27046
training/train_loss_mean            0.000547346
training/train_loss_std             0.00167862
-------------------------------  --------------
-------------------------------  --------------
time/training                      27.659
evaluation/target_0_return_mean    23.6808
evaluation/target_0_return_std      4.03119
evaluation/target_0_length_mean   200
evaluation/target_0_length_std      0
time/total                       1721.46
time/evaluation                     5.13786
training/train_loss_mean            0.000631518
training/train_loss_std             0.0019382
-------------------------------  --------------
-------------------------------  --------------
time/training                      28.1242
evaluation/target_0_return_mean    25.3383
evaluation/target_0_return_std      2.35436
evaluation/target_0_length_mean   200
evaluation/target_0_length_std      0
time/total                       1754.76
time/evaluation                     5.17328
training/train_loss_mean            0.000594685
training/train_loss_std             0.00181557
-------------------------------  --------------
-------------------------------  --------------
time/training                      28.5294
evaluation/target_0_return_mean    26.4057
evaluation/target_0_return_std      4.43862
evaluation/target_0_length_mean   200
evaluation/target_0_length_std      0
time/total                       1788.25
time/evaluation                     4.95938
training/train_loss_mean            0.000415837
training/train_loss_std             0.00137582
-------------------------------  --------------
-------------------------------  --------------
time/training                      28.7466
evaluation/target_0_return_mean    27.8737
evaluation/target_0_return_std      2.99036
evaluation/target_0_length_mean   200
evaluation/target_0_length_std      0
time/total                       1822.28
time/evaluation                     5.28129
training/train_loss_mean            0.000495255
training/train_loss_std             0.00140404
-------------------------------  --------------
-------------------------------  -------------
time/training                      27.9138
evaluation/target_0_return_mean    27.1505
evaluation/target_0_return_std      3.24581
evaluation/target_0_length_mean   200
evaluation/target_0_length_std      0
time/total                       1855.18
time/evaluation                     4.98455
training/train_loss_mean            0.00057509
training/train_loss_std             0.00184079
-------------------------------  -------------
-------------------------------  --------------
time/training                      29.0231
evaluation/target_0_return_mean    24.8349
evaluation/target_0_return_std      2.2215
evaluation/target_0_length_mean   200
evaluation/target_0_length_std      0
time/total                       1888.36
time/evaluation                     4.15487
training/train_loss_mean            0.000568399
training/train_loss_std             0.00201103
-------------------------------  --------------
-------------------------------  --------------
time/training                      29.2296
evaluation/target_0_return_mean    23.4808
evaluation/target_0_return_std      4.38475
evaluation/target_0_length_mean   200
evaluation/target_0_length_std      0
time/total                       1920.75
time/evaluation                     3.16242
training/train_loss_mean            0.000479781
training/train_loss_std             0.0016033
-------------------------------  --------------
-------------------------------  -------------
time/training                      30.6157
evaluation/target_0_return_mean    25.6398
evaluation/target_0_return_std      3.64428
evaluation/target_0_length_mean   200
evaluation/target_0_length_std      0
time/total                       1954.37
time/evaluation                     3.00829
training/train_loss_mean            0.00057442
training/train_loss_std             0.00186719
-------------------------------  -------------
-------------------------------  --------------
time/training                      33.1366
evaluation/target_0_return_mean    24.7144
evaluation/target_0_return_std      3.1075
evaluation/target_0_length_mean   200
evaluation/target_0_length_std      0
time/total                       1991.26
time/evaluation                     3.74781
training/train_loss_mean            0.000505523
training/train_loss_std             0.00163023
-------------------------------  --------------
-------------------------------  --------------
time/training                      30.6242
evaluation/target_0_return_mean    25.7202
evaluation/target_0_return_std      3.3903
evaluation/target_0_length_mean   200
evaluation/target_0_length_std      0
time/total                       2025.64
time/evaluation                     3.75538
training/train_loss_mean            0.000492477
training/train_loss_std             0.00136183
-------------------------------  --------------
-------------------------------  --------------
time/training                      29.0836
evaluation/target_0_return_mean    27.7726
evaluation/target_0_return_std      6.06675
evaluation/target_0_length_mean   200
evaluation/target_0_length_std      0
time/total                       2059.61
time/evaluation                     4.88472
training/train_loss_mean            0.000566653
training/train_loss_std             0.00185072
-------------------------------  --------------
-------------------------------  --------------
time/training                      29.1358
evaluation/target_0_return_mean    26.3908
evaluation/target_0_return_std      3.04257
evaluation/target_0_length_mean   200
evaluation/target_0_length_std      0
time/total                       2093.9
time/evaluation                     5.15637
training/train_loss_mean            0.000437894
training/train_loss_std             0.00157191
-------------------------------  --------------
-------------------------------  --------------
time/training                      29.7606
evaluation/target_0_return_mean    23.9932
evaluation/target_0_return_std      3.26708
evaluation/target_0_length_mean   200
evaluation/target_0_length_std      0
time/total                       2128.73
time/evaluation                     5.07017
training/train_loss_mean            0.000496589
training/train_loss_std             0.0014851
-------------------------------  --------------
-------------------------------  --------------
time/training                      22.7833
evaluation/target_0_return_mean    23.6661
evaluation/target_0_return_std      3.42681
evaluation/target_0_length_mean   200
evaluation/target_0_length_std      0
time/total                       2155.28
time/evaluation                     3.75997
training/train_loss_mean            0.000385701
training/train_loss_std             0.00109808
-------------------------------  --------------
-------------------------------  --------------
time/training                      23.349
evaluation/target_0_return_mean    23.097
evaluation/target_0_return_std      2.7742
evaluation/target_0_length_mean   200
evaluation/target_0_length_std      0
time/total                       2182.61
time/evaluation                     3.96751
training/train_loss_mean            0.000529494
training/train_loss_std             0.00195027
-------------------------------  --------------
-------------------------------  --------------
time/training                      23.0776
evaluation/target_0_return_mean    25.9426
evaluation/target_0_return_std      6.91476
evaluation/target_0_length_mean   200
evaluation/target_0_length_std      0
time/total                       2209.63
time/evaluation                     3.91724
training/train_loss_mean            0.000579724
training/train_loss_std             0.0022148
-------------------------------  --------------
-------------------------------  --------------
time/training                      22.7323
evaluation/target_0_return_mean    25.775
evaluation/target_0_return_std      2.3529
evaluation/target_0_length_mean   200
evaluation/target_0_length_std      0
time/total                       2236.2
time/evaluation                     3.83762
training/train_loss_mean            0.000504783
training/train_loss_std             0.00177811
-------------------------------  --------------
-------------------------------  --------------
time/training                      23.5169
evaluation/target_0_return_mean    26.6776
evaluation/target_0_return_std      4.14735
evaluation/target_0_length_mean   200
evaluation/target_0_length_std      0
time/total                       2262.69
time/evaluation                     2.97918
training/train_loss_mean            0.000453094
training/train_loss_std             0.00129734
-------------------------------  --------------
-------------------------------  --------------
time/training                      23.2075
evaluation/target_0_return_mean    24.7792
evaluation/target_0_return_std      3.79146
evaluation/target_0_length_mean   200
evaluation/target_0_length_std      0
time/total                       2289.49
time/evaluation                     3.57562
training/train_loss_mean            0.000442237
training/train_loss_std             0.00139367
-------------------------------  --------------
-------------------------------  --------------
time/training                      16.265
evaluation/target_0_return_mean    25.6854
evaluation/target_0_return_std      4.32317
evaluation/target_0_length_mean   200
evaluation/target_0_length_std      0
time/total                       2308.06
time/evaluation                     2.30104
training/train_loss_mean            0.000397994
training/train_loss_std             0.00136223
-------------------------------  --------------
-------------------------------  --------------
time/training                      24.7339
evaluation/target_0_return_mean    27.881
evaluation/target_0_return_std      4.63149
evaluation/target_0_length_mean   200
evaluation/target_0_length_std      0
time/total                       2335.43
time/evaluation                     2.64361
training/train_loss_mean            0.000673654
training/train_loss_std             0.00208472
-------------------------------  --------------
-------------------------------  --------------
time/training                      23.9561
evaluation/target_0_return_mean    26.7459
evaluation/target_0_return_std      3.81956
evaluation/target_0_length_mean   200
evaluation/target_0_length_std      0
time/total                       2362.09
time/evaluation                     2.68682
training/train_loss_mean            0.000387085
training/train_loss_std             0.00166794
-------------------------------  --------------
-------------------------------  -------------
time/training                      24.8363
evaluation/target_0_return_mean    25.6935
evaluation/target_0_return_std      5.81225
evaluation/target_0_length_mean   200
evaluation/target_0_length_std      0
time/total                       2389.54
time/evaluation                     2.60334
training/train_loss_mean            0.00058357
training/train_loss_std             0.00203979
-------------------------------  -------------
-------------------------------  --------------
time/training                      24.8439
evaluation/target_0_return_mean    24.8372
evaluation/target_0_return_std      3.93814
evaluation/target_0_length_mean   200
evaluation/target_0_length_std      0
time/total                       2417.02
time/evaluation                     2.63668
training/train_loss_mean            0.000536243
training/train_loss_std             0.00182676
-------------------------------  --------------
-------------------------------  --------------
time/training                      23.4821
evaluation/target_0_return_mean    23.865
evaluation/target_0_return_std      2.33168
evaluation/target_0_length_mean   200
evaluation/target_0_length_std      0
time/total                       2443.05
time/evaluation                     2.55015
training/train_loss_mean            0.000517483
training/train_loss_std             0.00183097
-------------------------------  --------------
-------------------------------  --------------
time/training                      25.2309
evaluation/target_0_return_mean    25.999
evaluation/target_0_return_std      4.51854
evaluation/target_0_length_mean   200
evaluation/target_0_length_std      0
time/total                       2470.93
time/evaluation                     2.64817
training/train_loss_mean            0.000418985
training/train_loss_std             0.00129549
-------------------------------  --------------
-------------------------------  --------------
time/training                      24.8864
evaluation/target_0_return_mean    24.7161
evaluation/target_0_return_std      4.78018
evaluation/target_0_length_mean   200
evaluation/target_0_length_std      0
time/total                       2498.4
time/evaluation                     2.57605
training/train_loss_mean            0.000574669
training/train_loss_std             0.0018939
-------------------------------  --------------
-------------------------------  --------------
time/training                      24.8997
evaluation/target_0_return_mean    24.2677
evaluation/target_0_return_std      3.4651
evaluation/target_0_length_mean   200
evaluation/target_0_length_std      0
time/total                       2525.88
time/evaluation                     2.57938
training/train_loss_mean            0.000535385
training/train_loss_std             0.00187739
-------------------------------  --------------
-------------------------------  --------------
time/training                      23.1476
evaluation/target_0_return_mean    24.9269
evaluation/target_0_return_std      4.19624
evaluation/target_0_length_mean   200
evaluation/target_0_length_std      0
time/total                       2552.8
time/evaluation                     3.77723
training/train_loss_mean            0.000369512
training/train_loss_std             0.00142626
-------------------------------  --------------
-------------------------------  --------------
time/training                      23.6091
evaluation/target_0_return_mean    26.5236
evaluation/target_0_return_std      4.8509
evaluation/target_0_length_mean   200
evaluation/target_0_length_std      0
time/total                       2580.35
time/evaluation                     3.93155
training/train_loss_mean            0.000256217
training/train_loss_std             0.00100532
-------------------------------  --------------
-------------------------------  -------------
time/training                      23.605
evaluation/target_0_return_mean    24.8438
evaluation/target_0_return_std      4.15134
evaluation/target_0_length_mean   200
evaluation/target_0_length_std      0
time/total                       2607.79
time/evaluation                     3.82397
training/train_loss_mean            0.0004601
training/train_loss_std             0.00155392
-------------------------------  -------------
-------------------------------  --------------
time/training                      23.4436
evaluation/target_0_return_mean    25.5022
evaluation/target_0_return_std      4.44384
evaluation/target_0_length_mean   200
evaluation/target_0_length_std      0
time/total                       2635.03
time/evaluation                     3.79162
training/train_loss_mean            0.000566775
training/train_loss_std             0.00176068
-------------------------------  --------------
-------------------------------  --------------
time/training                      23.5706
evaluation/target_0_return_mean    26.8032
evaluation/target_0_return_std      3.94406
evaluation/target_0_length_mean   200
evaluation/target_0_length_std      0
time/total                       2662.39
time/evaluation                     3.79377
training/train_loss_mean            0.000369903
training/train_loss_std             0.001229
-------------------------------  --------------
-------------------------------  --------------
time/training                      23.4406
evaluation/target_0_return_mean    26.7858
evaluation/target_0_return_std      5.13858
evaluation/target_0_length_mean   200
evaluation/target_0_length_std      0
time/total                       2689.64
time/evaluation                     3.80055
training/train_loss_mean            0.000356614
training/train_loss_std             0.00120946
-------------------------------  --------------
-------------------------------  --------------
time/training                      23.6544
evaluation/target_0_return_mean    26.9803
evaluation/target_0_return_std      3.71213
evaluation/target_0_length_mean   200
evaluation/target_0_length_std      0
time/total                       2717.08
time/evaluation                     3.78689
training/train_loss_mean            0.000284655
training/train_loss_std             0.000882366
-------------------------------  --------------
-------------------------------  --------------
time/training                      23.6423
evaluation/target_0_return_mean    24.6923
evaluation/target_0_return_std      4.36123
evaluation/target_0_length_mean   200
evaluation/target_0_length_std      0
time/total                       2744.59
time/evaluation                     3.85039
training/train_loss_mean            0.000559036
training/train_loss_std             0.00210814
-------------------------------  --------------
-------------------------------  -------------
time/training                      18.326
evaluation/target_0_return_mean    23.8647
evaluation/target_0_return_std      4.28129
evaluation/target_0_length_mean   200
evaluation/target_0_length_std      0
time/total                       2765.57
time/evaluation                     2.63299
training/train_loss_mean            0.00042285
training/train_loss_std             0.00144505
-------------------------------  -------------
-------------------------------  --------------
time/training                      16.7751
evaluation/target_0_return_mean    24.2312
evaluation/target_0_return_std      4.56401
evaluation/target_0_length_mean   200
evaluation/target_0_length_std      0
time/total                       2784.85
time/evaluation                     2.51158
training/train_loss_mean            0.000471989
training/train_loss_std             0.00199526
-------------------------------  --------------
-------------------------------  --------------
time/training                      19.1609
evaluation/target_0_return_mean    24.3704
evaluation/target_0_return_std      3.21489
evaluation/target_0_length_mean   200
evaluation/target_0_length_std      0
time/total                       2805.56
time/evaluation                     1.54856
training/train_loss_mean            0.000332826
training/train_loss_std             0.00129593
-------------------------------  --------------
-------------------------------  -------------
time/training                      23.1858
evaluation/target_0_return_mean    25.2341
evaluation/target_0_return_std      4.54993
evaluation/target_0_length_mean   200
evaluation/target_0_length_std      0
time/total                       2831.34
time/evaluation                     2.59411
training/train_loss_mean            0.00037526
training/train_loss_std             0.00123413
-------------------------------  -------------
-------------------------------  --------------
time/training                      22.8023
evaluation/target_0_return_mean    23.0258
evaluation/target_0_return_std      2.19663
evaluation/target_0_length_mean   200
evaluation/target_0_length_std      0
time/total                       2856.77
time/evaluation                     2.62089
training/train_loss_mean            0.000480015
training/train_loss_std             0.00159979
-------------------------------  --------------
-------------------------------  --------------
time/training                      23.21
evaluation/target_0_return_mean    26.1686
evaluation/target_0_return_std      2.55027
evaluation/target_0_length_mean   200
evaluation/target_0_length_std      0
time/total                       2882.57
time/evaluation                     2.59366
training/train_loss_mean            0.000367731
training/train_loss_std             0.00149656
-------------------------------  --------------
-------------------------------  --------------
time/training                      23.322
evaluation/target_0_return_mean    24.3116
evaluation/target_0_return_std      5.08872
evaluation/target_0_length_mean   200
evaluation/target_0_length_std      0
time/total                       2908.52
time/evaluation                     2.61593
training/train_loss_mean            0.000459474
training/train_loss_std             0.00185423
-------------------------------  --------------
-------------------------------  --------------
time/training                      23.4207
evaluation/target_0_return_mean    25.0137
evaluation/target_0_return_std      3.14373
evaluation/target_0_length_mean   200
evaluation/target_0_length_std      0
time/total                       2934.57
time/evaluation                     2.62061
training/train_loss_mean            0.000500938
training/train_loss_std             0.00195176
-------------------------------  --------------
-------------------------------  --------------
time/training                      23.3684
evaluation/target_0_return_mean    24.0726
evaluation/target_0_return_std      2.88255
evaluation/target_0_length_mean   200
evaluation/target_0_length_std      0
time/total                       2960.55
time/evaluation                     2.61718
training/train_loss_mean            0.000388668
training/train_loss_std             0.00174747
-------------------------------  --------------
-------------------------------  --------------
time/training                      20.4393
evaluation/target_0_return_mean    25.9171
evaluation/target_0_return_std      3.61961
evaluation/target_0_length_mean   200
evaluation/target_0_length_std      0
time/total                       2983.51
time/evaluation                     2.51528
training/train_loss_mean            0.000470487
training/train_loss_std             0.00170122
-------------------------------  --------------
-------------------------------  --------------
time/training                      16.8238
evaluation/target_0_return_mean    24.4941
evaluation/target_0_return_std      3.57243
evaluation/target_0_length_mean   200
evaluation/target_0_length_std      0
time/total                       3002.78
time/evaluation                     2.44833
training/train_loss_mean            0.000477767
training/train_loss_std             0.00182681
-------------------------------  --------------
