-------------------------------  -----------
time/training                      8.88949
evaluation/target_0_return_mean   43.9511
evaluation/target_0_return_std     9.63336
evaluation/target_0_length_mean  200
evaluation/target_0_length_std     0
time/total                        10.9394
time/evaluation                    2.04781
training/train_loss_mean           0.348116
training/train_loss_std            0.0414667
-------------------------------  -----------
-------------------------------  -----------
time/training                      7.82685
evaluation/target_0_return_mean   58.1618
evaluation/target_0_return_std     9.67436
evaluation/target_0_length_mean  200
evaluation/target_0_length_std     0
time/total                        20.7364
time/evaluation                    1.96652
training/train_loss_mean           0.21577
training/train_loss_std            0.0465667
-------------------------------  -----------
-------------------------------  -----------
time/training                      7.8671
evaluation/target_0_return_mean   53.3981
evaluation/target_0_return_std     4.08699
evaluation/target_0_length_mean  200
evaluation/target_0_length_std     0
time/total                        30.4474
time/evaluation                    1.8402
training/train_loss_mean           0.117536
training/train_loss_std            0.0315749
-------------------------------  -----------
-------------------------------  -----------
time/training                      7.88927
evaluation/target_0_return_mean   54.491
evaluation/target_0_return_std     4.21024
evaluation/target_0_length_mean  199.8
evaluation/target_0_length_std     0.6
time/total                        40.1567
time/evaluation                    1.81914
training/train_loss_mean           0.0789534
training/train_loss_std            0.0238427
-------------------------------  -----------
-------------------------------  -----------
time/training                      7.94722
evaluation/target_0_return_mean   57.8659
evaluation/target_0_return_std     7.30811
evaluation/target_0_length_mean  184.9
evaluation/target_0_length_std    19.8769
time/total                        49.7832
time/evaluation                    1.67817
training/train_loss_mean           0.0662983
training/train_loss_std            0.0219238
-------------------------------  -----------
-------------------------------  -----------
time/training                      7.87697
evaluation/target_0_return_mean   62.2058
evaluation/target_0_return_std     7.53156
evaluation/target_0_length_mean  196.8
evaluation/target_0_length_std     7.12461
time/total                        59.4485
time/evaluation                    1.78741
training/train_loss_mean           0.0566851
training/train_loss_std            0.0192679
-------------------------------  -----------
-------------------------------  -----------
time/training                      7.8742
evaluation/target_0_return_mean   50.493
evaluation/target_0_return_std    14.5976
evaluation/target_0_length_mean  157.9
evaluation/target_0_length_std    31.5577
time/total                        68.7753
time/evaluation                    1.45155
training/train_loss_mean           0.0515729
training/train_loss_std            0.0182491
-------------------------------  -----------
-------------------------------  -----------
time/training                      7.89434
evaluation/target_0_return_mean   59.8507
evaluation/target_0_return_std    12.0722
evaluation/target_0_length_mean  183.7
evaluation/target_0_length_std    27.619
time/total                        78.344
time/evaluation                    1.67344
training/train_loss_mean           0.0489395
training/train_loss_std            0.0179878
-------------------------------  -----------
-------------------------------  -----------
time/training                      7.86931
evaluation/target_0_return_mean   45.6448
evaluation/target_0_return_std    16.2373
evaluation/target_0_length_mean  154.7
evaluation/target_0_length_std    38.372
time/total                        87.6189
time/evaluation                    1.40455
training/train_loss_mean           0.0434161
training/train_loss_std            0.0169452
-------------------------------  -----------
-------------------------------  -----------
time/training                      7.89379
evaluation/target_0_return_mean   48.1569
evaluation/target_0_return_std    10.8686
evaluation/target_0_length_mean  160.5
evaluation/target_0_length_std    27.1634
time/total                        96.976
time/evaluation                    1.46248
training/train_loss_mean           0.0411753
training/train_loss_std            0.01663
-------------------------------  -----------
-------------------------------  -----------
time/training                      7.92199
evaluation/target_0_return_mean   37.7218
evaluation/target_0_return_std    14.3182
evaluation/target_0_length_mean  133
evaluation/target_0_length_std    38.3562
time/total                       106.136
time/evaluation                    1.23669
training/train_loss_mean           0.0394768
training/train_loss_std            0.0165183
-------------------------------  -----------
-------------------------------  -----------
time/training                      7.87231
evaluation/target_0_return_mean   42.4348
evaluation/target_0_return_std    13.5406
evaluation/target_0_length_mean  150.1
evaluation/target_0_length_std    34.9727
time/total                       115.374
time/evaluation                    1.36558
training/train_loss_mean           0.0366429
training/train_loss_std            0.0155514
-------------------------------  -----------
-------------------------------  -----------
time/training                      7.90848
evaluation/target_0_return_mean   49.9215
evaluation/target_0_return_std    10.4386
evaluation/target_0_length_mean  175.5
evaluation/target_0_length_std    33.3324
time/total                       124.889
time/evaluation                    1.60473
training/train_loss_mean           0.0350595
training/train_loss_std            0.0148757
-------------------------------  -----------
-------------------------------  -----------
time/training                      7.88127
evaluation/target_0_return_mean   36.8615
evaluation/target_0_return_std    12.3589
evaluation/target_0_length_mean  136.2
evaluation/target_0_length_std    35.8017
time/total                       134.015
time/evaluation                    1.2441
training/train_loss_mean           0.0338977
training/train_loss_std            0.015042
-------------------------------  -----------
-------------------------------  -----------
time/training                      7.90226
evaluation/target_0_return_mean   34.3791
evaluation/target_0_return_std    13.0407
evaluation/target_0_length_mean  125.4
evaluation/target_0_length_std    43.1235
time/total                       143.067
time/evaluation                    1.14844
training/train_loss_mean           0.0332236
training/train_loss_std            0.0151427
-------------------------------  -----------
-------------------------------  -----------
time/training                      7.88065
evaluation/target_0_return_mean   28.6177
evaluation/target_0_return_std     4.84082
evaluation/target_0_length_mean  107.9
evaluation/target_0_length_std    13.6268
time/total                       151.934
time/evaluation                    0.985466
training/train_loss_mean           0.0322869
training/train_loss_std            0.0145642
-------------------------------  -----------
-------------------------------  -----------
time/training                      7.90277
evaluation/target_0_return_mean   31.7694
evaluation/target_0_return_std    10.725
evaluation/target_0_length_mean  123.1
evaluation/target_0_length_std    36.2035
time/total                       160.952
time/evaluation                    1.11525
training/train_loss_mean           0.0305097
training/train_loss_std            0.0141938
-------------------------------  -----------
-------------------------------  -----------
time/training                      7.93909
evaluation/target_0_return_mean   44.6278
evaluation/target_0_return_std    15.227
evaluation/target_0_length_mean  154.1
evaluation/target_0_length_std    33.9984
time/total                       170.361
time/evaluation                    1.46869
training/train_loss_mean           0.0287372
training/train_loss_std            0.0135885
-------------------------------  -----------
-------------------------------  -----------
time/training                      7.86159
evaluation/target_0_return_mean   31.878
evaluation/target_0_return_std    12.3854
evaluation/target_0_length_mean  134.3
evaluation/target_0_length_std    43.2182
time/total                       179.572
time/evaluation                    1.34858
training/train_loss_mean           0.027655
training/train_loss_std            0.0130208
-------------------------------  -----------
-------------------------------  -----------
time/training                      7.83814
evaluation/target_0_return_mean   30.7666
evaluation/target_0_return_std    14.3468
evaluation/target_0_length_mean  125.6
evaluation/target_0_length_std    43.7566
time/total                       188.778
time/evaluation                    1.36701
training/train_loss_mean           0.0280921
training/train_loss_std            0.0139986
-------------------------------  -----------
-------------------------------  -----------
time/training                      7.81858
evaluation/target_0_return_mean   27.2707
evaluation/target_0_return_std     8.73097
evaluation/target_0_length_mean  114.5
evaluation/target_0_length_std    32.1442
time/total                       197.862
time/evaluation                    1.26476
training/train_loss_mean           0.0266172
training/train_loss_std            0.0128138
-------------------------------  -----------
-------------------------------  -----------
time/training                      7.81221
evaluation/target_0_return_mean   34.5444
evaluation/target_0_return_std    15.492
evaluation/target_0_length_mean  138.9
evaluation/target_0_length_std    42.1674
time/total                       207.135
time/evaluation                    1.45932
training/train_loss_mean           0.0270607
training/train_loss_std            0.0131007
-------------------------------  -----------
-------------------------------  -----------
time/training                      7.83469
evaluation/target_0_return_mean   33.9666
evaluation/target_0_return_std    12.0233
evaluation/target_0_length_mean  147.1
evaluation/target_0_length_std    42.5945
time/total                       216.484
time/evaluation                    1.51384
training/train_loss_mean           0.0257153
training/train_loss_std            0.0127207
-------------------------------  -----------
-------------------------------  -----------
time/training                      7.85002
evaluation/target_0_return_mean   33.3444
evaluation/target_0_return_std    13.6129
evaluation/target_0_length_mean  140
evaluation/target_0_length_std    41.2698
time/total                       225.712
time/evaluation                    1.37658
training/train_loss_mean           0.0252935
training/train_loss_std            0.012578
-------------------------------  -----------
-------------------------------  -----------
time/training                      7.8736
evaluation/target_0_return_mean   27.8974
evaluation/target_0_return_std    15.4765
evaluation/target_0_length_mean  114
evaluation/target_0_length_std    38.4422
time/total                       234.626
time/evaluation                    1.03902
training/train_loss_mean           0.0249044
training/train_loss_std            0.0119219
-------------------------------  -----------
-------------------------------  -----------
time/training                      7.88763
evaluation/target_0_return_mean   27.4162
evaluation/target_0_return_std    10.2934
evaluation/target_0_length_mean  120.5
evaluation/target_0_length_std    35.8197
time/total                       243.617
time/evaluation                    1.10262
training/train_loss_mean           0.0233566
training/train_loss_std            0.0118422
-------------------------------  -----------
-------------------------------  -----------
time/training                      7.90386
evaluation/target_0_return_mean   33.7717
evaluation/target_0_return_std    14.3848
evaluation/target_0_length_mean  141.3
evaluation/target_0_length_std    42.3416
time/total                       252.814
time/evaluation                    1.29215
training/train_loss_mean           0.0236913
training/train_loss_std            0.0122971
-------------------------------  -----------
-------------------------------  -----------
time/training                      7.89625
evaluation/target_0_return_mean   24.0361
evaluation/target_0_return_std     4.54448
evaluation/target_0_length_mean  116.9
evaluation/target_0_length_std    41.6064
time/total                       261.784
time/evaluation                    1.07352
training/train_loss_mean           0.0227767
training/train_loss_std            0.0116121
-------------------------------  -----------
-------------------------------  -----------
time/training                      7.85958
evaluation/target_0_return_mean   28.6921
evaluation/target_0_return_std    13.1838
evaluation/target_0_length_mean  121.2
evaluation/target_0_length_std    34.0171
time/total                       270.783
time/evaluation                    1.13861
training/train_loss_mean           0.0224981
training/train_loss_std            0.0122653
-------------------------------  -----------
-------------------------------  -----------
time/training                      7.89359
evaluation/target_0_return_mean   26.6728
evaluation/target_0_return_std     4.12165
evaluation/target_0_length_mean  156.3
evaluation/target_0_length_std    48.996
time/total                       280.213
time/evaluation                    1.53504
training/train_loss_mean           0.0226214
training/train_loss_std            0.0119953
-------------------------------  -----------
-------------------------------  -----------
time/training                      7.9165
evaluation/target_0_return_mean   32.3207
evaluation/target_0_return_std    15.2387
evaluation/target_0_length_mean  149.8
evaluation/target_0_length_std    43.9586
time/total                       289.636
time/evaluation                    1.50566
training/train_loss_mean           0.0224746
training/train_loss_std            0.0118455
-------------------------------  -----------
-------------------------------  -----------
time/training                      7.87265
evaluation/target_0_return_mean   32.0439
evaluation/target_0_return_std    12.3291
evaluation/target_0_length_mean  166.2
evaluation/target_0_length_std    37.7301
time/total                       299.184
time/evaluation                    1.67444
training/train_loss_mean           0.0220173
training/train_loss_std            0.011871
-------------------------------  -----------
-------------------------------  -----------
time/training                      7.87019
evaluation/target_0_return_mean   34.6666
evaluation/target_0_return_std    12.502
evaluation/target_0_length_mean  157.9
evaluation/target_0_length_std    49.1924
time/total                       308.698
time/evaluation                    1.64273
training/train_loss_mean           0.0219745
training/train_loss_std            0.0116877
-------------------------------  -----------
-------------------------------  -----------
time/training                      7.9247
evaluation/target_0_return_mean   28.1827
evaluation/target_0_return_std    11.3101
evaluation/target_0_length_mean  147.2
evaluation/target_0_length_std    49.0445
time/total                       318.157
time/evaluation                    1.53349
training/train_loss_mean           0.0218119
training/train_loss_std            0.0112294
-------------------------------  -----------
-------------------------------  -----------
time/training                      7.84229
evaluation/target_0_return_mean   24.5213
evaluation/target_0_return_std     4.7127
evaluation/target_0_length_mean  152.2
evaluation/target_0_length_std    48.3649
time/total                       327.564
time/evaluation                    1.5645
training/train_loss_mean           0.0211053
training/train_loss_std            0.0112234
-------------------------------  -----------
-------------------------------  -----------
time/training                      7.84188
evaluation/target_0_return_mean   27.5416
evaluation/target_0_return_std    12.2312
evaluation/target_0_length_mean  148.6
evaluation/target_0_length_std    51.8482
time/total                       337.006
time/evaluation                    1.59865
training/train_loss_mean           0.0204315
training/train_loss_std            0.0108685
-------------------------------  -----------
-------------------------------  -----------
time/training                      7.82193
evaluation/target_0_return_mean   30.8136
evaluation/target_0_return_std    14.4961
evaluation/target_0_length_mean  162.7
evaluation/target_0_length_std    45.7691
time/total                       346.625
time/evaluation                    1.79656
training/train_loss_mean           0.0204451
training/train_loss_std            0.0106776
-------------------------------  -----------
-------------------------------  -----------
time/training                      7.80401
evaluation/target_0_return_mean   33.063
evaluation/target_0_return_std    18.4492
evaluation/target_0_length_mean  147.8
evaluation/target_0_length_std    52.3656
time/total                       356.035
time/evaluation                    1.60502
training/train_loss_mean           0.0206394
training/train_loss_std            0.0114543
-------------------------------  -----------
-------------------------------  -----------
time/training                      7.79333
evaluation/target_0_return_mean   29.9121
evaluation/target_0_return_std    14.1431
evaluation/target_0_length_mean  153.8
evaluation/target_0_length_std    52.6627
time/total                       365.534
time/evaluation                    1.70526
training/train_loss_mean           0.0199371
training/train_loss_std            0.0108164
-------------------------------  -----------
-------------------------------  -----------
time/training                      7.84329
evaluation/target_0_return_mean   28.3201
evaluation/target_0_return_std     8.76792
evaluation/target_0_length_mean  181
evaluation/target_0_length_std    32.778
time/total                       375.379
time/evaluation                    2.00075
training/train_loss_mean           0.0198576
training/train_loss_std            0.0113512
-------------------------------  -----------
-------------------------------  -----------
time/training                      7.81141
evaluation/target_0_return_mean   38.7337
evaluation/target_0_return_std    13.0681
evaluation/target_0_length_mean  166.2
evaluation/target_0_length_std    37.3599
time/total                       384.975
time/evaluation                    1.78335
training/train_loss_mean           0.0193993
training/train_loss_std            0.0107544
-------------------------------  -----------
-------------------------------  -----------
time/training                      7.82078
evaluation/target_0_return_mean   39.5118
evaluation/target_0_return_std    16.1664
evaluation/target_0_length_mean  187.4
evaluation/target_0_length_std    30.9037
time/total                       394.727
time/evaluation                    1.9299
training/train_loss_mean           0.0197891
training/train_loss_std            0.0111586
-------------------------------  -----------
-------------------------------  -----------
time/training                      7.8526
evaluation/target_0_return_mean   28.293
evaluation/target_0_return_std     7.60332
evaluation/target_0_length_mean  190
evaluation/target_0_length_std    30
time/total                       404.527
time/evaluation                    1.9471
training/train_loss_mean           0.0194338
training/train_loss_std            0.0104729
-------------------------------  -----------
-------------------------------  -----------
time/training                      7.90805
evaluation/target_0_return_mean   34.2756
evaluation/target_0_return_std     9.93988
evaluation/target_0_length_mean  191.3
evaluation/target_0_length_std    18.5691
time/total                       414.391
time/evaluation                    1.95416
training/train_loss_mean           0.0194914
training/train_loss_std            0.010567
-------------------------------  -----------
-------------------------------  -----------
time/training                      7.85788
evaluation/target_0_return_mean   32.5455
evaluation/target_0_return_std    10.3608
evaluation/target_0_length_mean  196.4
evaluation/target_0_length_std    10.8
time/total                       424.23
time/evaluation                    1.98093
training/train_loss_mean           0.0191218
training/train_loss_std            0.010391
-------------------------------  -----------
-------------------------------  -----------
time/training                      7.86521
evaluation/target_0_return_mean   27.9762
evaluation/target_0_return_std     5.61747
evaluation/target_0_length_mean  194.3
evaluation/target_0_length_std    17.1
time/total                       434.003
time/evaluation                    1.9071
training/train_loss_mean           0.0186424
training/train_loss_std            0.0105701
-------------------------------  -----------
-------------------------------  -----------
time/training                      7.87528
evaluation/target_0_return_mean   29.8588
evaluation/target_0_return_std     9.02579
evaluation/target_0_length_mean  175
evaluation/target_0_length_std    40.8558
time/total                       443.561
time/evaluation                    1.68103
training/train_loss_mean           0.0184884
training/train_loss_std            0.0106787
-------------------------------  -----------
-------------------------------  -----------
time/training                      7.88307
evaluation/target_0_return_mean   32.0606
evaluation/target_0_return_std     7.98576
evaluation/target_0_length_mean  166.6
evaluation/target_0_length_std    39.4948
time/total                       453.032
time/evaluation                    1.58732
training/train_loss_mean           0.0182433
training/train_loss_std            0.0104079
-------------------------------  -----------
-------------------------------  -----------
time/training                      7.91319
evaluation/target_0_return_mean   33.7999
evaluation/target_0_return_std    14.1513
evaluation/target_0_length_mean  193.2
evaluation/target_0_length_std    13.6074
time/total                       462.706
time/evaluation                    1.75962
training/train_loss_mean           0.0191288
training/train_loss_std            0.0108902
-------------------------------  -----------
-------------------------------  -----------
time/training                      7.96351
evaluation/target_0_return_mean   30.1854
evaluation/target_0_return_std     6.92438
evaluation/target_0_length_mean  185
evaluation/target_0_length_std    22.1675
time/total                       472.37
time/evaluation                    1.69957
training/train_loss_mean           0.0180591
training/train_loss_std            0.0103716
-------------------------------  -----------
-------------------------------  -----------
time/training                      7.99165
evaluation/target_0_return_mean   32.4719
evaluation/target_0_return_std    12.15
evaluation/target_0_length_mean  187.9
evaluation/target_0_length_std    15.6681
time/total                       482.086
time/evaluation                    1.72338
training/train_loss_mean           0.018288
training/train_loss_std            0.0104077
-------------------------------  -----------
-------------------------------  -----------
time/training                      7.8973
evaluation/target_0_return_mean   34.7519
evaluation/target_0_return_std     9.69446
evaluation/target_0_length_mean  196.9
evaluation/target_0_length_std     9.3
time/total                       491.778
time/evaluation                    1.79371
training/train_loss_mean           0.0184431
training/train_loss_std            0.0108209
-------------------------------  -----------
-------------------------------  ------------
time/training                      7.91057
evaluation/target_0_return_mean   34.9717
evaluation/target_0_return_std    11.899
evaluation/target_0_length_mean  183.3
evaluation/target_0_length_std    21.836
time/total                       501.354
time/evaluation                    1.66523
training/train_loss_mean           0.017593
training/train_loss_std            0.00989096
-------------------------------  ------------
-------------------------------  -----------
time/training                      7.90651
evaluation/target_0_return_mean   35.3502
evaluation/target_0_return_std    12.2711
evaluation/target_0_length_mean  197.5
evaluation/target_0_length_std     7.5
time/total                       511.068
time/evaluation                    1.80593
training/train_loss_mean           0.0183554
training/train_loss_std            0.0103382
-------------------------------  -----------
-------------------------------  -----------
time/training                      7.91587
evaluation/target_0_return_mean   25.9548
evaluation/target_0_return_std     5.06281
evaluation/target_0_length_mean  186.3
evaluation/target_0_length_std    22.0502
time/total                       520.69
time/evaluation                    1.70565
training/train_loss_mean           0.0175872
training/train_loss_std            0.0101228
-------------------------------  -----------
-------------------------------  ------------
time/training                      7.96911
evaluation/target_0_return_mean   35.3247
evaluation/target_0_return_std    15.2835
evaluation/target_0_length_mean  186.3
evaluation/target_0_length_std    28.1569
time/total                       530.367
time/evaluation                    1.70622
training/train_loss_mean           0.0177615
training/train_loss_std            0.00966584
-------------------------------  ------------
-------------------------------  -----------
time/training                      7.9012
evaluation/target_0_return_mean   31.9311
evaluation/target_0_return_std    15.068
evaluation/target_0_length_mean  191.2
evaluation/target_0_length_std    13.4447
time/total                       540.011
time/evaluation                    1.74225
training/train_loss_mean           0.0178369
training/train_loss_std            0.0104082
-------------------------------  -----------
-------------------------------  -----------
time/training                      7.91109
evaluation/target_0_return_mean   28.8644
evaluation/target_0_return_std     4.80974
evaluation/target_0_length_mean  185.2
evaluation/target_0_length_std    24.1156
time/total                       549.638
time/evaluation                    1.71487
training/train_loss_mean           0.0173007
training/train_loss_std            0.0099932
-------------------------------  -----------
-------------------------------  ------------
time/training                      7.89261
evaluation/target_0_return_mean   27.8286
evaluation/target_0_return_std     5.10725
evaluation/target_0_length_mean  198.4
evaluation/target_0_length_std     4.8
time/total                       559.358
time/evaluation                    1.82624
training/train_loss_mean           0.0176185
training/train_loss_std            0.00998434
-------------------------------  ------------
-------------------------------  ------------
time/training                      7.90557
evaluation/target_0_return_mean   29.9969
evaluation/target_0_return_std    10.9465
evaluation/target_0_length_mean  197.4
evaluation/target_0_length_std     7.8
time/total                       569.072
time/evaluation                    1.80833
training/train_loss_mean           0.0170458
training/train_loss_std            0.00994158
-------------------------------  ------------
-------------------------------  -----------
time/training                      7.88962
evaluation/target_0_return_mean   32.1495
evaluation/target_0_return_std    11.4006
evaluation/target_0_length_mean  198.2
evaluation/target_0_length_std     5.4
time/total                       578.77
time/evaluation                    1.80736
training/train_loss_mean           0.0172525
training/train_loss_std            0.010191
-------------------------------  -----------
-------------------------------  -----------
time/training                      7.97418
evaluation/target_0_return_mean   28.2141
evaluation/target_0_return_std     4.96132
evaluation/target_0_length_mean  193.3
evaluation/target_0_length_std    15.0867
time/total                       588.511
time/evaluation                    1.76562
training/train_loss_mean           0.0168811
training/train_loss_std            0.0101987
-------------------------------  -----------
-------------------------------  ------------
time/training                      7.89565
evaluation/target_0_return_mean   29.0357
evaluation/target_0_return_std     8.53104
evaluation/target_0_length_mean  200
evaluation/target_0_length_std     0
time/total                       598.256
time/evaluation                    1.84845
training/train_loss_mean           0.0172035
training/train_loss_std            0.00949697
-------------------------------  ------------
-------------------------------  ------------
time/training                      7.88909
evaluation/target_0_return_mean   30.3885
evaluation/target_0_return_std    10.4291
evaluation/target_0_length_mean  200
evaluation/target_0_length_std     0
time/total                       608.042
time/evaluation                    1.89548
training/train_loss_mean           0.0166099
training/train_loss_std            0.00993989
-------------------------------  ------------
-------------------------------  -----------
time/training                      7.8869
evaluation/target_0_return_mean   30.9956
evaluation/target_0_return_std    10.8008
evaluation/target_0_length_mean  200
evaluation/target_0_length_std     0
time/total                       617.86
time/evaluation                    1.93089
training/train_loss_mean           0.016877
training/train_loss_std            0.0100837
-------------------------------  -----------
-------------------------------  -----------
time/training                      7.87127
evaluation/target_0_return_mean   29.0766
evaluation/target_0_return_std    11.565
evaluation/target_0_length_mean  197.3
evaluation/target_0_length_std     8.1
time/total                       627.651
time/evaluation                    1.91871
training/train_loss_mean           0.0173433
training/train_loss_std            0.0104841
-------------------------------  -----------
-------------------------------  -----------
time/training                      7.87803
evaluation/target_0_return_mean   23.909
evaluation/target_0_return_std     2.94466
evaluation/target_0_length_mean  200
evaluation/target_0_length_std     0
time/total                       637.506
time/evaluation                    1.97559
training/train_loss_mean           0.0170192
training/train_loss_std            0.0103374
-------------------------------  -----------
-------------------------------  ------------
time/training                      7.94966
evaluation/target_0_return_mean   32.1937
evaluation/target_0_return_std    12.3248
evaluation/target_0_length_mean  200
evaluation/target_0_length_std     0
time/total                       647.466
time/evaluation                    2.00895
training/train_loss_mean           0.0164386
training/train_loss_std            0.00999207
-------------------------------  ------------
-------------------------------  -----------
time/training                      7.85071
evaluation/target_0_return_mean   25.3022
evaluation/target_0_return_std     3.93049
evaluation/target_0_length_mean  179.1
evaluation/target_0_length_std    32.0888
time/total                       657.146
time/evaluation                    1.82875
training/train_loss_mean           0.0164503
training/train_loss_std            0.010331
-------------------------------  -----------
-------------------------------  -----------
time/training                      7.85873
evaluation/target_0_return_mean   28.7906
evaluation/target_0_return_std    10.15
evaluation/target_0_length_mean  200
evaluation/target_0_length_std     0
time/total                       667.038
time/evaluation                    2.03269
training/train_loss_mean           0.0165115
training/train_loss_std            0.0102079
-------------------------------  -----------
-------------------------------  -----------
time/training                      7.90207
evaluation/target_0_return_mean   28.7659
evaluation/target_0_return_std     4.55277
evaluation/target_0_length_mean  193.5
evaluation/target_0_length_std    10.6042
time/total                       676.887
time/evaluation                    1.94565
training/train_loss_mean           0.0165292
training/train_loss_std            0.0102257
-------------------------------  -----------
-------------------------------  ------------
time/training                      7.85689
evaluation/target_0_return_mean   25.5537
evaluation/target_0_return_std     4.37815
evaluation/target_0_length_mean  185.9
evaluation/target_0_length_std    21.3656
time/total                       686.63
time/evaluation                    1.88524
training/train_loss_mean           0.0157345
training/train_loss_std            0.00970134
-------------------------------  ------------
-------------------------------  -----------
time/training                      7.85566
evaluation/target_0_return_mean   29.1808
evaluation/target_0_return_std     6.01248
evaluation/target_0_length_mean  186.2
evaluation/target_0_length_std    28.1169
time/total                       696.345
time/evaluation                    1.85832
training/train_loss_mean           0.0166245
training/train_loss_std            0.0101869
-------------------------------  -----------
-------------------------------  -----------
time/training                      7.85939
evaluation/target_0_return_mean   29.2554
evaluation/target_0_return_std    10.7151
evaluation/target_0_length_mean  200
evaluation/target_0_length_std     0
time/total                       706.24
time/evaluation                    2.0353
training/train_loss_mean           0.0163369
training/train_loss_std            0.0102923
-------------------------------  -----------
-------------------------------  ------------
time/training                      7.86817
evaluation/target_0_return_mean   26.183
evaluation/target_0_return_std     7.68873
evaluation/target_0_length_mean  200
evaluation/target_0_length_std     0
time/total                       716.13
time/evaluation                    2.02073
training/train_loss_mean           0.0163293
training/train_loss_std            0.00982174
-------------------------------  ------------
-------------------------------  ------------
time/training                      7.84426
evaluation/target_0_return_mean   24.2484
evaluation/target_0_return_std     2.98757
evaluation/target_0_length_mean  200
evaluation/target_0_length_std     0
time/total                       726.05
time/evaluation                    2.0744
training/train_loss_mean           0.015649
training/train_loss_std            0.00990134
-------------------------------  ------------
-------------------------------  ------------
time/training                      7.85698
evaluation/target_0_return_mean   26.4932
evaluation/target_0_return_std     4.16954
evaluation/target_0_length_mean  200
evaluation/target_0_length_std     0
time/total                       736.03
time/evaluation                    2.12264
training/train_loss_mean           0.0159786
training/train_loss_std            0.00978183
-------------------------------  ------------
-------------------------------  ------------
time/training                      7.80821
evaluation/target_0_return_mean   27.3303
evaluation/target_0_return_std     4.44493
evaluation/target_0_length_mean  191.9
evaluation/target_0_length_std    24.3
time/total                       745.922
time/evaluation                    2.08234
training/train_loss_mean           0.0156103
training/train_loss_std            0.00962469
-------------------------------  ------------
-------------------------------  -----------
time/training                      7.54919
evaluation/target_0_return_mean   24.5361
evaluation/target_0_return_std     6.05122
evaluation/target_0_length_mean  198.3
evaluation/target_0_length_std     5.1
time/total                       755.558
time/evaluation                    2.0852
training/train_loss_mean           0.0159433
training/train_loss_std            0.0100281
-------------------------------  -----------
-------------------------------  ------------
time/training                      7.10157
evaluation/target_0_return_mean   22.2296
evaluation/target_0_return_std     3.14016
evaluation/target_0_length_mean  200
evaluation/target_0_length_std     0
time/total                       764.771
time/evaluation                    2.11087
training/train_loss_mean           0.0157655
training/train_loss_std            0.00975604
-------------------------------  ------------
-------------------------------  -----------
time/training                      7.19132
evaluation/target_0_return_mean   26.6419
evaluation/target_0_return_std     9.22536
evaluation/target_0_length_mean  198.3
evaluation/target_0_length_std     5.1
time/total                       774.055
time/evaluation                    2.09225
training/train_loss_mean           0.0159211
training/train_loss_std            0.0107923
-------------------------------  -----------
-------------------------------  ------------
time/training                      7.11271
evaluation/target_0_return_mean   27.1966
evaluation/target_0_return_std    10.6847
evaluation/target_0_length_mean  200
evaluation/target_0_length_std     0
time/total                       783.233
time/evaluation                    2.0635
training/train_loss_mean           0.0157682
training/train_loss_std            0.00992703
-------------------------------  ------------
-------------------------------  ------------
time/training                      7.15088
evaluation/target_0_return_mean   27.611
evaluation/target_0_return_std    12.1951
evaluation/target_0_length_mean  200
evaluation/target_0_length_std     0
time/total                       792.375
time/evaluation                    1.99026
training/train_loss_mean           0.0154495
training/train_loss_std            0.00944538
-------------------------------  ------------
-------------------------------  -----------
time/training                      7.18449
evaluation/target_0_return_mean   28.5895
evaluation/target_0_return_std     9.11325
evaluation/target_0_length_mean  195.8
evaluation/target_0_length_std    12.6
time/total                       801.405
time/evaluation                    1.8451
training/train_loss_mean           0.0155267
training/train_loss_std            0.0099451
-------------------------------  -----------
-------------------------------  ------------
time/training                      7.19192
evaluation/target_0_return_mean   27.3902
evaluation/target_0_return_std     5.46201
evaluation/target_0_length_mean  189.5
evaluation/target_0_length_std    23.1484
time/total                       810.373
time/evaluation                    1.77536
training/train_loss_mean           0.0158551
training/train_loss_std            0.00995683
-------------------------------  ------------
-------------------------------  ------------
time/training                      7.17823
evaluation/target_0_return_mean   26.1191
evaluation/target_0_return_std     3.74256
evaluation/target_0_length_mean  196.4
evaluation/target_0_length_std    10.8
time/total                       819.35
time/evaluation                    1.79794
training/train_loss_mean           0.0156249
training/train_loss_std            0.00994228
-------------------------------  ------------
-------------------------------  ------------
time/training                      7.42904
evaluation/target_0_return_mean   24.28
evaluation/target_0_return_std     2.97402
evaluation/target_0_length_mean  197.2
evaluation/target_0_length_std     8.4
time/total                       828.084
time/evaluation                    1.30334
training/train_loss_mean           0.015195
training/train_loss_std            0.00937621
-------------------------------  ------------
-------------------------------  -----------
time/training                      7.12078
evaluation/target_0_return_mean   25.8012
evaluation/target_0_return_std     5.72824
evaluation/target_0_length_mean  200
evaluation/target_0_length_std     0
time/total                       836.519
time/evaluation                    1.31369
training/train_loss_mean           0.0161253
training/train_loss_std            0.0101315
-------------------------------  -----------
-------------------------------  ------------
time/training                      7.11698
evaluation/target_0_return_mean   23.6568
evaluation/target_0_return_std     2.49064
evaluation/target_0_length_mean  197.4
evaluation/target_0_length_std     7.8
time/total                       844.934
time/evaluation                    1.29718
training/train_loss_mean           0.0156688
training/train_loss_std            0.00979026
-------------------------------  ------------
-------------------------------  ------------
time/training                      7.14199
evaluation/target_0_return_mean   25.012
evaluation/target_0_return_std     4.38404
evaluation/target_0_length_mean  200
evaluation/target_0_length_std     0
time/total                       853.393
time/evaluation                    1.31583
training/train_loss_mean           0.0151908
training/train_loss_std            0.00961779
-------------------------------  ------------
-------------------------------  ------------
time/training                      7.12343
evaluation/target_0_return_mean   26.1822
evaluation/target_0_return_std     6.26598
evaluation/target_0_length_mean  198.5
evaluation/target_0_length_std     3.61248
time/total                       861.821
time/evaluation                    1.30345
training/train_loss_mean           0.015106
training/train_loss_std            0.00996522
-------------------------------  ------------
-------------------------------  ------------
time/training                      7.06311
evaluation/target_0_return_mean   26.5747
evaluation/target_0_return_std     3.11889
evaluation/target_0_length_mean  200
evaluation/target_0_length_std     0
time/total                       869.986
time/evaluation                    1.10191
training/train_loss_mean           0.0151794
training/train_loss_std            0.00941934
-------------------------------  ------------
-------------------------------  ------------
time/training                      6.80947
evaluation/target_0_return_mean   26.6078
evaluation/target_0_return_std     9.18388
evaluation/target_0_length_mean  199.4
evaluation/target_0_length_std     1.8
time/total                       877.895
time/evaluation                    1.09784
training/train_loss_mean           0.0154956
training/train_loss_std            0.00940404
-------------------------------  ------------
-------------------------------  ------------
time/training                      6.80382
evaluation/target_0_return_mean   27.437
evaluation/target_0_return_std     8.93148
evaluation/target_0_length_mean  200
evaluation/target_0_length_std     0
time/total                       885.877
time/evaluation                    1.17814
training/train_loss_mean           0.01456
training/train_loss_std            0.00963323
-------------------------------  ------------
-------------------------------  ------------
time/training                      6.87562
evaluation/target_0_return_mean   25.6408
evaluation/target_0_return_std     3.31834
evaluation/target_0_length_mean  194.5
evaluation/target_0_length_std    16.5
time/total                       893.826
time/evaluation                    1.07251
training/train_loss_mean           0.0147484
training/train_loss_std            0.00947705
-------------------------------  ------------
-------------------------------  ------------
time/training                      6.79863
evaluation/target_0_return_mean   22.3212
evaluation/target_0_return_std     3.3344
evaluation/target_0_length_mean  200
evaluation/target_0_length_std     0
time/total                       901.735
time/evaluation                    1.1091
training/train_loss_mean           0.0150573
training/train_loss_std            0.00987824
-------------------------------  ------------
-------------------------------  ------------
time/training                      6.81079
evaluation/target_0_return_mean   24.2118
evaluation/target_0_return_std     3.0711
evaluation/target_0_length_mean  183
evaluation/target_0_length_std    27.5027
time/total                       909.578
time/evaluation                    1.03115
training/train_loss_mean           0.0143405
training/train_loss_std            0.00924536
-------------------------------  ------------
-------------------------------  ------------
time/training                      6.79161
evaluation/target_0_return_mean   28.0686
evaluation/target_0_return_std    10.8137
evaluation/target_0_length_mean  197
evaluation/target_0_length_std     9
time/total                       917.452
time/evaluation                    1.08166
training/train_loss_mean           0.0152426
training/train_loss_std            0.00935137
-------------------------------  ------------
-------------------------------  ------------
time/training                      6.78295
evaluation/target_0_return_mean   25.4347
evaluation/target_0_return_std     4.1611
evaluation/target_0_length_mean  195.8
evaluation/target_0_length_std    12.6
time/total                       925.312
time/evaluation                    1.07603
training/train_loss_mean           0.015126
training/train_loss_std            0.00982693
-------------------------------  ------------
-------------------------------  -----------
time/training                      6.78645
evaluation/target_0_return_mean   28.357
evaluation/target_0_return_std    11.8013
evaluation/target_0_length_mean  200
evaluation/target_0_length_std     0
time/total                       933.197
time/evaluation                    1.09791
training/train_loss_mean           0.0149879
training/train_loss_std            0.0101914
-------------------------------  -----------
