-------------------------------  ---------
time/training                    26.3035
evaluation/target_0_return_mean   0
evaluation/target_0_return_std    0
evaluation/target_0_length_mean  40
evaluation/target_0_length_std    0
time/total                       30.9618
time/evaluation                   4.64841
training/train_loss_mean          0.103076
training/train_loss_std           0.123427
-------------------------------  ---------
-------------------------------  -----------
time/training                    18.1089
evaluation/target_0_return_mean   0
evaluation/target_0_return_std    0
evaluation/target_0_length_mean  40
evaluation/target_0_length_std    0
time/total                       54.2176
time/evaluation                   5.14388
training/train_loss_mean          0.0280646
training/train_loss_std           0.00175322
-------------------------------  -----------
-------------------------------  -----------
time/training                     43.6369
evaluation/target_0_return_mean    0
evaluation/target_0_return_std     0
evaluation/target_0_length_mean   40
evaluation/target_0_length_std     0
time/total                       104.837
time/evaluation                    6.96936
training/train_loss_mean           0.026811
training/train_loss_std            0.0017347
-------------------------------  -----------
-------------------------------  ------------
time/training                     23.2598
evaluation/target_0_return_mean    0
evaluation/target_0_return_std     0
evaluation/target_0_length_mean   40
evaluation/target_0_length_std     0
time/total                       131.099
time/evaluation                    3.00083
training/train_loss_mean           0.0263087
training/train_loss_std            0.00176815
-------------------------------  ------------
-------------------------------  ------------
time/training                     40.3717
evaluation/target_0_return_mean    0
evaluation/target_0_return_std     0
evaluation/target_0_length_mean   40
evaluation/target_0_length_std     0
time/total                       176.902
time/evaluation                    5.41851
training/train_loss_mean           0.0261204
training/train_loss_std            0.00183458
-------------------------------  ------------
-------------------------------  -----------
time/training                     24.7013
evaluation/target_0_return_mean    0
evaluation/target_0_return_std     0
evaluation/target_0_length_mean   40
evaluation/target_0_length_std     0
time/total                       206.721
time/evaluation                    5.11681
training/train_loss_mean           0.025909
training/train_loss_std            0.0016556
-------------------------------  -----------
-------------------------------  -----------
time/training                     29.5449
evaluation/target_0_return_mean    0
evaluation/target_0_return_std     0
evaluation/target_0_length_mean   40
evaluation/target_0_length_std     0
time/total                       243.044
time/evaluation                    6.77618
training/train_loss_mean           0.0256495
training/train_loss_std            0.0016206
-------------------------------  -----------
-------------------------------  ------------
time/training                     24.1459
evaluation/target_0_return_mean    0
evaluation/target_0_return_std     0
evaluation/target_0_length_mean   40
evaluation/target_0_length_std     0
time/total                       273.261
time/evaluation                    6.07055
training/train_loss_mean           0.02569
training/train_loss_std            0.00163889
-------------------------------  ------------
-------------------------------  ------------
time/training                     19.1686
evaluation/target_0_return_mean    0
evaluation/target_0_return_std     0
evaluation/target_0_length_mean   40
evaluation/target_0_length_std     0
time/total                       296.607
time/evaluation                    4.17604
training/train_loss_mean           0.0256259
training/train_loss_std            0.00159948
-------------------------------  ------------
-------------------------------  ------------
time/training                     24.9854
evaluation/target_0_return_mean    0
evaluation/target_0_return_std     0
evaluation/target_0_length_mean   40
evaluation/target_0_length_std     0
time/total                       325.216
time/evaluation                    3.622
training/train_loss_mean           0.0255831
training/train_loss_std            0.00170692
-------------------------------  ------------
-------------------------------  ------------
time/training                     26.0324
evaluation/target_0_return_mean    0
evaluation/target_0_return_std     0
evaluation/target_0_length_mean   40
evaluation/target_0_length_std     0
time/total                       355.252
time/evaluation                    4.00259
training/train_loss_mean           0.0255579
training/train_loss_std            0.00167554
-------------------------------  ------------
-------------------------------  ------------
time/training                     32.3472
evaluation/target_0_return_mean    0
evaluation/target_0_return_std     0
evaluation/target_0_length_mean   40
evaluation/target_0_length_std     0
time/total                       390.379
time/evaluation                    2.77875
training/train_loss_mean           0.0255274
training/train_loss_std            0.00168284
-------------------------------  ------------
-------------------------------  ------------
time/training                     32.3515
evaluation/target_0_return_mean    0
evaluation/target_0_return_std     0
evaluation/target_0_length_mean   40
evaluation/target_0_length_std     0
time/total                       425.773
time/evaluation                    3.04119
training/train_loss_mean           0.0254832
training/train_loss_std            0.00157363
-------------------------------  ------------
-------------------------------  -----------
time/training                     32.0423
evaluation/target_0_return_mean    0
evaluation/target_0_return_std     0
evaluation/target_0_length_mean   40
evaluation/target_0_length_std     0
time/total                       460.486
time/evaluation                    2.66818
training/train_loss_mean           0.0254894
training/train_loss_std            0.0016152
-------------------------------  -----------
-------------------------------  ------------
time/training                     18.7578
evaluation/target_0_return_mean    0
evaluation/target_0_return_std     0
evaluation/target_0_length_mean   40
evaluation/target_0_length_std     0
time/total                       482.718
time/evaluation                    3.4726
training/train_loss_mean           0.0255292
training/train_loss_std            0.00164387
-------------------------------  ------------
-------------------------------  ------------
time/training                     30.1111
evaluation/target_0_return_mean    0
evaluation/target_0_return_std     0
evaluation/target_0_length_mean   40
evaluation/target_0_length_std     0
time/total                       517.07
time/evaluation                    4.22509
training/train_loss_mean           0.0254666
training/train_loss_std            0.00166198
-------------------------------  ------------
-------------------------------  ------------
time/training                     25.671
evaluation/target_0_return_mean    0
evaluation/target_0_return_std     0
evaluation/target_0_length_mean   40
evaluation/target_0_length_std     0
time/total                       546.084
time/evaluation                    3.34259
training/train_loss_mean           0.0254653
training/train_loss_std            0.00168903
-------------------------------  ------------
-------------------------------  ------------
time/training                     23.5317
evaluation/target_0_return_mean    0
evaluation/target_0_return_std     0
evaluation/target_0_length_mean   40
evaluation/target_0_length_std     0
time/total                       575.111
time/evaluation                    5.4876
training/train_loss_mean           0.0254724
training/train_loss_std            0.00164052
-------------------------------  ------------
-------------------------------  ------------
time/training                     25.1179
evaluation/target_0_return_mean    0
evaluation/target_0_return_std     0
evaluation/target_0_length_mean   40
evaluation/target_0_length_std     0
time/total                       605.11
time/evaluation                    4.87739
training/train_loss_mean           0.025514
training/train_loss_std            0.00164178
-------------------------------  ------------
-------------------------------  ------------
time/training                     17.808
evaluation/target_0_return_mean    0
evaluation/target_0_return_std     0
evaluation/target_0_length_mean   40
evaluation/target_0_length_std     0
time/total                       627.764
time/evaluation                    4.84475
training/train_loss_mean           0.0254362
training/train_loss_std            0.00159592
-------------------------------  ------------
-------------------------------  ------------
time/training                     15.7695
evaluation/target_0_return_mean    0
evaluation/target_0_return_std     0
evaluation/target_0_length_mean   40
evaluation/target_0_length_std     0
time/total                       646.008
time/evaluation                    2.47402
training/train_loss_mean           0.0254481
training/train_loss_std            0.00158832
-------------------------------  ------------
-------------------------------  ------------
time/training                     15.9674
evaluation/target_0_return_mean    0
evaluation/target_0_return_std     0
evaluation/target_0_length_mean   40
evaluation/target_0_length_std     0
time/total                       664.61
time/evaluation                    2.63228
training/train_loss_mean           0.0253983
training/train_loss_std            0.00158408
-------------------------------  ------------
-------------------------------  ------------
time/training                     24.264
evaluation/target_0_return_mean    0
evaluation/target_0_return_std     0
evaluation/target_0_length_mean   40
evaluation/target_0_length_std     0
time/total                       693.622
time/evaluation                    4.74728
training/train_loss_mean           0.0253633
training/train_loss_std            0.00157857
-------------------------------  ------------
-------------------------------  ------------
time/training                     24.8079
evaluation/target_0_return_mean    0
evaluation/target_0_return_std     0
evaluation/target_0_length_mean   40
evaluation/target_0_length_std     0
time/total                       726.326
time/evaluation                    7.88903
training/train_loss_mean           0.0253937
training/train_loss_std            0.00165338
-------------------------------  ------------
-------------------------------  ------------
time/training                     19.1795
evaluation/target_0_return_mean    0
evaluation/target_0_return_std     0
evaluation/target_0_length_mean   40
evaluation/target_0_length_std     0
time/total                       752.286
time/evaluation                    6.7787
training/train_loss_mean           0.0255034
training/train_loss_std            0.00162299
-------------------------------  ------------
-------------------------------  ------------
time/training                     20.218
evaluation/target_0_return_mean    0
evaluation/target_0_return_std     0
evaluation/target_0_length_mean   40
evaluation/target_0_length_std     0
time/total                       777.321
time/evaluation                    4.81619
training/train_loss_mean           0.0254047
training/train_loss_std            0.00163968
-------------------------------  ------------
-------------------------------  ------------
time/training                     30.8334
evaluation/target_0_return_mean    0
evaluation/target_0_return_std     0
evaluation/target_0_length_mean   40
evaluation/target_0_length_std     0
time/total                       813.053
time/evaluation                    4.89771
training/train_loss_mean           0.0254673
training/train_loss_std            0.00161018
-------------------------------  ------------
-------------------------------  ------------
time/training                     23.0743
evaluation/target_0_return_mean    0
evaluation/target_0_return_std     0
evaluation/target_0_length_mean   40
evaluation/target_0_length_std     0
time/total                       841.272
time/evaluation                    5.14294
training/train_loss_mean           0.0253633
training/train_loss_std            0.00165479
-------------------------------  ------------
-------------------------------  ------------
time/training                     23.3034
evaluation/target_0_return_mean    0
evaluation/target_0_return_std     0
evaluation/target_0_length_mean   40
evaluation/target_0_length_std     0
time/total                       869.457
time/evaluation                    4.88123
training/train_loss_mean           0.0254623
training/train_loss_std            0.00165068
-------------------------------  ------------
-------------------------------  ------------
time/training                     21.6818
evaluation/target_0_return_mean    0
evaluation/target_0_return_std     0
evaluation/target_0_length_mean   40
evaluation/target_0_length_std     0
time/total                       896.024
time/evaluation                    4.87383
training/train_loss_mean           0.0254549
training/train_loss_std            0.00166925
-------------------------------  ------------
-------------------------------  ------------
time/training                     23.7242
evaluation/target_0_return_mean    0
evaluation/target_0_return_std     0
evaluation/target_0_length_mean   40
evaluation/target_0_length_std     0
time/total                       923.332
time/evaluation                    3.57855
training/train_loss_mean           0.0254136
training/train_loss_std            0.00162729
-------------------------------  ------------
-------------------------------  ------------
time/training                     22.9601
evaluation/target_0_return_mean    0
evaluation/target_0_return_std     0
evaluation/target_0_length_mean   40
evaluation/target_0_length_std     0
time/total                       951.236
time/evaluation                    4.94276
training/train_loss_mean           0.0253853
training/train_loss_std            0.00162346
-------------------------------  ------------
-------------------------------  ------------
time/training                     16.8622
evaluation/target_0_return_mean    0
evaluation/target_0_return_std     0
evaluation/target_0_length_mean   40
evaluation/target_0_length_std     0
time/total                       971.466
time/evaluation                    3.36216
training/train_loss_mean           0.0254523
training/train_loss_std            0.00162754
-------------------------------  ------------
-------------------------------  ------------
time/training                     24.4754
evaluation/target_0_return_mean    0
evaluation/target_0_return_std     0
evaluation/target_0_length_mean   40
evaluation/target_0_length_std     0
time/total                       999.708
time/evaluation                    3.7457
training/train_loss_mean           0.0254641
training/train_loss_std            0.00165539
-------------------------------  ------------
-------------------------------  -------------
time/training                      25.1716
evaluation/target_0_return_mean     0
evaluation/target_0_return_std      0
evaluation/target_0_length_mean    40
evaluation/target_0_length_std      0
time/total                       1030.35
time/evaluation                     5.45422
training/train_loss_mean            0.0254754
training/train_loss_std             0.00165412
-------------------------------  -------------
-------------------------------  -------------
time/training                      21.6562
evaluation/target_0_return_mean     0
evaluation/target_0_return_std      0
evaluation/target_0_length_mean    40
evaluation/target_0_length_std      0
time/total                       1056.54
time/evaluation                     4.5262
training/train_loss_mean            0.0254435
training/train_loss_std             0.00162944
-------------------------------  -------------
-------------------------------  -------------
time/training                      24.3182
evaluation/target_0_return_mean     0
evaluation/target_0_return_std      0
evaluation/target_0_length_mean    40
evaluation/target_0_length_std      0
time/total                       1086.14
time/evaluation                     5.28486
training/train_loss_mean            0.025403
training/train_loss_std             0.00164031
-------------------------------  -------------
-------------------------------  -------------
time/training                      21.7269
evaluation/target_0_return_mean     0
evaluation/target_0_return_std      0
evaluation/target_0_length_mean    40
evaluation/target_0_length_std      0
time/total                       1113.79
time/evaluation                     5.92382
training/train_loss_mean            0.0254382
training/train_loss_std             0.00161207
-------------------------------  -------------
-------------------------------  -------------
time/training                      28.6506
evaluation/target_0_return_mean     0
evaluation/target_0_return_std      0
evaluation/target_0_length_mean    40
evaluation/target_0_length_std      0
time/total                       1149.74
time/evaluation                     7.29197
training/train_loss_mean            0.0254884
training/train_loss_std             0.00165418
-------------------------------  -------------
-------------------------------  -------------
time/training                      23.1768
evaluation/target_0_return_mean     0
evaluation/target_0_return_std      0
evaluation/target_0_length_mean    40
evaluation/target_0_length_std      0
time/total                       1178.49
time/evaluation                     5.57374
training/train_loss_mean            0.0254105
training/train_loss_std             0.00164091
-------------------------------  -------------
-------------------------------  -------------
time/training                      28.6624
evaluation/target_0_return_mean     0
evaluation/target_0_return_std      0
evaluation/target_0_length_mean    40
evaluation/target_0_length_std      0
time/total                       1209.85
time/evaluation                     2.68441
training/train_loss_mean            0.0254541
training/train_loss_std             0.00162635
-------------------------------  -------------
-------------------------------  -------------
time/training                      23.4378
evaluation/target_0_return_mean     0
evaluation/target_0_return_std      0
evaluation/target_0_length_mean    40
evaluation/target_0_length_std      0
time/total                       1236.63
time/evaluation                     3.34576
training/train_loss_mean            0.0253506
training/train_loss_std             0.00169684
-------------------------------  -------------
-------------------------------  -------------
time/training                      24.1017
evaluation/target_0_return_mean     0
evaluation/target_0_return_std      0
evaluation/target_0_length_mean    40
evaluation/target_0_length_std      0
time/total                       1263.92
time/evaluation                     3.18196
training/train_loss_mean            0.0253663
training/train_loss_std             0.00164132
-------------------------------  -------------
-------------------------------  -------------
time/training                      28.3306
evaluation/target_0_return_mean     0
evaluation/target_0_return_std      0
evaluation/target_0_length_mean    40
evaluation/target_0_length_std      0
time/total                       1297.02
time/evaluation                     4.7674
training/train_loss_mean            0.0254518
training/train_loss_std             0.00161989
-------------------------------  -------------
-------------------------------  -------------
time/training                      16.0845
evaluation/target_0_return_mean     0
evaluation/target_0_return_std      0
evaluation/target_0_length_mean    40
evaluation/target_0_length_std      0
time/total                       1318.07
time/evaluation                     4.96108
training/train_loss_mean            0.0254582
training/train_loss_std             0.00164754
-------------------------------  -------------
-------------------------------  -------------
time/training                      16.5915
evaluation/target_0_return_mean     0
evaluation/target_0_return_std      0
evaluation/target_0_length_mean    40
evaluation/target_0_length_std      0
time/total                       1339.91
time/evaluation                     5.24446
training/train_loss_mean            0.0254807
training/train_loss_std             0.00164048
-------------------------------  -------------
-------------------------------  -------------
time/training                      16.3159
evaluation/target_0_return_mean     0
evaluation/target_0_return_std      0
evaluation/target_0_length_mean    40
evaluation/target_0_length_std      0
time/total                       1363.25
time/evaluation                     7.02588
training/train_loss_mean            0.0253245
training/train_loss_std             0.00157644
-------------------------------  -------------
-------------------------------  -------------
time/training                      30.8494
evaluation/target_0_return_mean     0
evaluation/target_0_return_std      0
evaluation/target_0_length_mean    40
evaluation/target_0_length_std      0
time/total                       1398.95
time/evaluation                     4.85045
training/train_loss_mean            0.0253463
training/train_loss_std             0.00160243
-------------------------------  -------------
-------------------------------  -------------
time/training                      21.3374
evaluation/target_0_return_mean     0
evaluation/target_0_return_std      0
evaluation/target_0_length_mean    40
evaluation/target_0_length_std      0
time/total                       1428.05
time/evaluation                     7.75873
training/train_loss_mean            0.0253375
training/train_loss_std             0.00169236
-------------------------------  -------------
-------------------------------  -------------
time/training                      30.8317
evaluation/target_0_return_mean     0
evaluation/target_0_return_std      0
evaluation/target_0_length_mean    40
evaluation/target_0_length_std      0
time/total                       1463.77
time/evaluation                     4.88883
training/train_loss_mean            0.0254802
training/train_loss_std             0.00162824
-------------------------------  -------------
-------------------------------  -------------
time/training                      23.3451
evaluation/target_0_return_mean     0
evaluation/target_0_return_std      0
evaluation/target_0_length_mean    40
evaluation/target_0_length_std      0
time/total                       1489.67
time/evaluation                     2.55187
training/train_loss_mean            0.0254419
training/train_loss_std             0.00166947
-------------------------------  -------------
-------------------------------  -------------
time/training                      26.5943
evaluation/target_0_return_mean     0
evaluation/target_0_return_std      0
evaluation/target_0_length_mean    40
evaluation/target_0_length_std      0
time/total                       1518.99
time/evaluation                     2.72617
training/train_loss_mean            0.0255323
training/train_loss_std             0.00157866
-------------------------------  -------------
-------------------------------  -----------
time/training                      24.493
evaluation/target_0_return_mean     0
evaluation/target_0_return_std      0
evaluation/target_0_length_mean    40
evaluation/target_0_length_std      0
time/total                       1546.6
time/evaluation                     3.12046
training/train_loss_mean            0.025424
training/train_loss_std             0.001609
-------------------------------  -----------
-------------------------------  -------------
time/training                      23.5826
evaluation/target_0_return_mean     0
evaluation/target_0_return_std      0
evaluation/target_0_length_mean    40
evaluation/target_0_length_std      0
time/total                       1573.66
time/evaluation                     3.4764
training/train_loss_mean            0.0254897
training/train_loss_std             0.00161292
-------------------------------  -------------
-------------------------------  -------------
time/training                      23.9883
evaluation/target_0_return_mean     0
evaluation/target_0_return_std      0
evaluation/target_0_length_mean    40
evaluation/target_0_length_std      0
time/total                       1600.85
time/evaluation                     3.19863
training/train_loss_mean            0.02544
training/train_loss_std             0.00163385
-------------------------------  -------------
-------------------------------  -------------
time/training                      24.4397
evaluation/target_0_return_mean     0
evaluation/target_0_return_std      0
evaluation/target_0_length_mean    40
evaluation/target_0_length_std      0
time/total                       1628
time/evaluation                     2.70134
training/train_loss_mean            0.0253752
training/train_loss_std             0.00161585
-------------------------------  -------------
-------------------------------  -------------
time/training                      15.7274
evaluation/target_0_return_mean     0
evaluation/target_0_return_std      0
evaluation/target_0_length_mean    40
evaluation/target_0_length_std      0
time/total                       1646.87
time/evaluation                     3.14105
training/train_loss_mean            0.0254907
training/train_loss_std             0.00167362
-------------------------------  -------------
-------------------------------  -------------
time/training                      15.4966
evaluation/target_0_return_mean     0
evaluation/target_0_return_std      0
evaluation/target_0_length_mean    40
evaluation/target_0_length_std      0
time/total                       1665.81
time/evaluation                     3.44521
training/train_loss_mean            0.0254717
training/train_loss_std             0.00164114
-------------------------------  -------------
-------------------------------  -------------
time/training                      23.7589
evaluation/target_0_return_mean     0
evaluation/target_0_return_std      0
evaluation/target_0_length_mean    40
evaluation/target_0_length_std      0
time/total                       1694.22
time/evaluation                     4.63669
training/train_loss_mean            0.0254192
training/train_loss_std             0.00161903
-------------------------------  -------------
-------------------------------  -------------
time/training                      24.1878
evaluation/target_0_return_mean     0
evaluation/target_0_return_std      0
evaluation/target_0_length_mean    40
evaluation/target_0_length_std      0
time/total                       1722.09
time/evaluation                     3.66736
training/train_loss_mean            0.025378
training/train_loss_std             0.00156208
-------------------------------  -------------
-------------------------------  -------------
time/training                      16.2456
evaluation/target_0_return_mean     0
evaluation/target_0_return_std      0
evaluation/target_0_length_mean    40
evaluation/target_0_length_std      0
time/total                       1742.22
time/evaluation                     3.88185
training/train_loss_mean            0.0253507
training/train_loss_std             0.00167233
-------------------------------  -------------
-------------------------------  -------------
time/training                      27.3833
evaluation/target_0_return_mean     0
evaluation/target_0_return_std      0
evaluation/target_0_length_mean    40
evaluation/target_0_length_std      0
time/total                       1774.72
time/evaluation                     5.1186
training/train_loss_mean            0.0254487
training/train_loss_std             0.00163298
-------------------------------  -------------
-------------------------------  -------------
time/training                      23.1742
evaluation/target_0_return_mean     0
evaluation/target_0_return_std      0
evaluation/target_0_length_mean    40
evaluation/target_0_length_std      0
time/total                       1802.94
time/evaluation                     5.04433
training/train_loss_mean            0.0253827
training/train_loss_std             0.00155162
-------------------------------  -------------
-------------------------------  ------------
time/training                      24.6732
evaluation/target_0_return_mean     0
evaluation/target_0_return_std      0
evaluation/target_0_length_mean    40
evaluation/target_0_length_std      0
time/total                       1832.54
time/evaluation                     4.92526
training/train_loss_mean            0.0254233
training/train_loss_std             0.001678
-------------------------------  ------------
-------------------------------  -------------
time/training                      25.1627
evaluation/target_0_return_mean     0
evaluation/target_0_return_std      0
evaluation/target_0_length_mean    40
evaluation/target_0_length_std      0
time/total                       1864.32
time/evaluation                     6.61134
training/train_loss_mean            0.0254777
training/train_loss_std             0.00160713
-------------------------------  -------------
-------------------------------  -------------
time/training                      27.7567
evaluation/target_0_return_mean     0
evaluation/target_0_return_std      0
evaluation/target_0_length_mean    40
evaluation/target_0_length_std      0
time/total                       1894.95
time/evaluation                     2.86539
training/train_loss_mean            0.0252883
training/train_loss_std             0.00161925
-------------------------------  -------------
-------------------------------  -------------
time/training                      22.8673
evaluation/target_0_return_mean     0
evaluation/target_0_return_std      0
evaluation/target_0_length_mean    40
evaluation/target_0_length_std      0
time/total                       1920.64
time/evaluation                     2.821
training/train_loss_mean            0.0253488
training/train_loss_std             0.00164797
-------------------------------  -------------
-------------------------------  -------------
time/training                      21.6994
evaluation/target_0_return_mean     0
evaluation/target_0_return_std      0
evaluation/target_0_length_mean    40
evaluation/target_0_length_std      0
time/total                       1949.66
time/evaluation                     7.28048
training/train_loss_mean            0.0254934
training/train_loss_std             0.00167943
-------------------------------  -------------
-------------------------------  -------------
time/training                      29.4515
evaluation/target_0_return_mean     0
evaluation/target_0_return_std      0
evaluation/target_0_length_mean    40
evaluation/target_0_length_std      0
time/total                       1981.74
time/evaluation                     2.60044
training/train_loss_mean            0.0253748
training/train_loss_std             0.00159713
-------------------------------  -------------
-------------------------------  -------------
time/training                      29.2998
evaluation/target_0_return_mean     0
evaluation/target_0_return_std      0
evaluation/target_0_length_mean    40
evaluation/target_0_length_std      0
time/total                       2014.67
time/evaluation                     3.6269
training/train_loss_mean            0.0254198
training/train_loss_std             0.00167181
-------------------------------  -------------
-------------------------------  -------------
time/training                      24.3865
evaluation/target_0_return_mean     0
evaluation/target_0_return_std      0
evaluation/target_0_length_mean    40
evaluation/target_0_length_std      0
time/total                       2044.04
time/evaluation                     4.98218
training/train_loss_mean            0.0253972
training/train_loss_std             0.00166126
-------------------------------  -------------
-------------------------------  -------------
time/training                      25.7091
evaluation/target_0_return_mean     0
evaluation/target_0_return_std      0
evaluation/target_0_length_mean    40
evaluation/target_0_length_std      0
time/total                       2074.63
time/evaluation                     4.86305
training/train_loss_mean            0.0254999
training/train_loss_std             0.00169886
-------------------------------  -------------
-------------------------------  -------------
time/training                      23.2448
evaluation/target_0_return_mean     0
evaluation/target_0_return_std      0
evaluation/target_0_length_mean    40
evaluation/target_0_length_std      0
time/total                       2102.04
time/evaluation                     4.16935
training/train_loss_mean            0.0254277
training/train_loss_std             0.00161381
-------------------------------  -------------
-------------------------------  -------------
time/training                      23.7849
evaluation/target_0_return_mean     0
evaluation/target_0_return_std      0
evaluation/target_0_length_mean    40
evaluation/target_0_length_std      0
time/total                       2131.93
time/evaluation                     6.08059
training/train_loss_mean            0.0255497
training/train_loss_std             0.00167087
-------------------------------  -------------
-------------------------------  -------------
time/training                      17.6198
evaluation/target_0_return_mean     0
evaluation/target_0_return_std      0
evaluation/target_0_length_mean    40
evaluation/target_0_length_std      0
time/total                       2154.17
time/evaluation                     4.58208
training/train_loss_mean            0.0253797
training/train_loss_std             0.00164734
-------------------------------  -------------
-------------------------------  -------------
time/training                      20.9028
evaluation/target_0_return_mean     0
evaluation/target_0_return_std      0
evaluation/target_0_length_mean    40
evaluation/target_0_length_std      0
time/total                       2177.58
time/evaluation                     2.50897
training/train_loss_mean            0.0254224
training/train_loss_std             0.00168712
-------------------------------  -------------
-------------------------------  -------------
time/training                      34.9621
evaluation/target_0_return_mean     0
evaluation/target_0_return_std      0
evaluation/target_0_length_mean    40
evaluation/target_0_length_std      0
time/total                       2217.43
time/evaluation                     4.88227
training/train_loss_mean            0.0253653
training/train_loss_std             0.00167003
-------------------------------  -------------
-------------------------------  -------------
time/training                      27.1604
evaluation/target_0_return_mean     0
evaluation/target_0_return_std      0
evaluation/target_0_length_mean    40
evaluation/target_0_length_std      0
time/total                       2249.52
time/evaluation                     4.93479
training/train_loss_mean            0.0253858
training/train_loss_std             0.00164605
-------------------------------  -------------
-------------------------------  -------------
time/training                      29.9852
evaluation/target_0_return_mean     0
evaluation/target_0_return_std      0
evaluation/target_0_length_mean    40
evaluation/target_0_length_std      0
time/total                       2284.77
time/evaluation                     5.26438
training/train_loss_mean            0.0254007
training/train_loss_std             0.00166917
-------------------------------  -------------
-------------------------------  -------------
time/training                      22.8491
evaluation/target_0_return_mean     0
evaluation/target_0_return_std      0
evaluation/target_0_length_mean    40
evaluation/target_0_length_std      0
time/total                       2312.49
time/evaluation                     4.8676
training/train_loss_mean            0.0254656
training/train_loss_std             0.00164083
-------------------------------  -------------
-------------------------------  -------------
time/training                      23.962
evaluation/target_0_return_mean     0
evaluation/target_0_return_std      0
evaluation/target_0_length_mean    40
evaluation/target_0_length_std      0
time/total                       2341.34
time/evaluation                     4.88718
training/train_loss_mean            0.0254473
training/train_loss_std             0.00168533
-------------------------------  -------------
-------------------------------  -------------
time/training                      23.923
evaluation/target_0_return_mean     0
evaluation/target_0_return_std      0
evaluation/target_0_length_mean    40
evaluation/target_0_length_std      0
time/total                       2370.34
time/evaluation                     5.06932
training/train_loss_mean            0.0254373
training/train_loss_std             0.00169411
-------------------------------  -------------
-------------------------------  -------------
time/training                      23.3022
evaluation/target_0_return_mean     0
evaluation/target_0_return_std      0
evaluation/target_0_length_mean    40
evaluation/target_0_length_std      0
time/total                       2398.74
time/evaluation                     5.10153
training/train_loss_mean            0.0253045
training/train_loss_std             0.00165818
-------------------------------  -------------
-------------------------------  -------------
time/training                      23.0494
evaluation/target_0_return_mean     0
evaluation/target_0_return_std      0
evaluation/target_0_length_mean    40
evaluation/target_0_length_std      0
time/total                       2426.88
time/evaluation                     5.04817
training/train_loss_mean            0.0254155
training/train_loss_std             0.00159518
-------------------------------  -------------
-------------------------------  -------------
time/training                      23.2914
evaluation/target_0_return_mean     0
evaluation/target_0_return_std      0
evaluation/target_0_length_mean    40
evaluation/target_0_length_std      0
time/total                       2455.08
time/evaluation                     4.90784
training/train_loss_mean            0.0253612
training/train_loss_std             0.00169458
-------------------------------  -------------
-------------------------------  -------------
time/training                      22.5919
evaluation/target_0_return_mean     0
evaluation/target_0_return_std      0
evaluation/target_0_length_mean    40
evaluation/target_0_length_std      0
time/total                       2482.55
time/evaluation                     4.87501
training/train_loss_mean            0.025494
training/train_loss_std             0.00161419
-------------------------------  -------------
-------------------------------  -------------
time/training                      23.2671
evaluation/target_0_return_mean     0
evaluation/target_0_return_std      0
evaluation/target_0_length_mean    40
evaluation/target_0_length_std      0
time/total                       2510.7
time/evaluation                     4.88442
training/train_loss_mean            0.0254822
training/train_loss_std             0.00169751
-------------------------------  -------------
-------------------------------  -------------
time/training                      22.6758
evaluation/target_0_return_mean     0
evaluation/target_0_return_std      0
evaluation/target_0_length_mean    40
evaluation/target_0_length_std      0
time/total                       2538.21
time/evaluation                     4.8312
training/train_loss_mean            0.0254573
training/train_loss_std             0.00163676
-------------------------------  -------------
-------------------------------  -------------
time/training                      23.8047
evaluation/target_0_return_mean     0
evaluation/target_0_return_std      0
evaluation/target_0_length_mean    40
evaluation/target_0_length_std      0
time/total                       2567.24
time/evaluation                     5.21188
training/train_loss_mean            0.0254761
training/train_loss_std             0.00165055
-------------------------------  -------------
-------------------------------  -------------
time/training                      15.9079
evaluation/target_0_return_mean     0
evaluation/target_0_return_std      0
evaluation/target_0_length_mean    40
evaluation/target_0_length_std      0
time/total                       2586.7
time/evaluation                     3.55876
training/train_loss_mean            0.025424
training/train_loss_std             0.00164051
-------------------------------  -------------
-------------------------------  -------------
time/training                      15.6752
evaluation/target_0_return_mean     0
evaluation/target_0_return_std      0
evaluation/target_0_length_mean    40
evaluation/target_0_length_std      0
time/total                       2607.28
time/evaluation                     4.89887
training/train_loss_mean            0.0254008
training/train_loss_std             0.00165881
-------------------------------  -------------
-------------------------------  -------------
time/training                      18.3254
evaluation/target_0_return_mean     0
evaluation/target_0_return_std      0
evaluation/target_0_length_mean    40
evaluation/target_0_length_std      0
time/total                       2632.74
time/evaluation                     7.13371
training/train_loss_mean            0.0255433
training/train_loss_std             0.00161612
-------------------------------  -------------
-------------------------------  -------------
time/training                      21.4793
evaluation/target_0_return_mean     0
evaluation/target_0_return_std      0
evaluation/target_0_length_mean    40
evaluation/target_0_length_std      0
time/total                       2659.42
time/evaluation                     5.18723
training/train_loss_mean            0.0254045
training/train_loss_std             0.00162821
-------------------------------  -------------
-------------------------------  -------------
time/training                      24.5167
evaluation/target_0_return_mean     0
evaluation/target_0_return_std      0
evaluation/target_0_length_mean    40
evaluation/target_0_length_std      0
time/total                       2686.89
time/evaluation                     2.92924
training/train_loss_mean            0.0254487
training/train_loss_std             0.00163974
-------------------------------  -------------
-------------------------------  -------------
time/training                      16.6383
evaluation/target_0_return_mean     0
evaluation/target_0_return_std      0
evaluation/target_0_length_mean    40
evaluation/target_0_length_std      0
time/total                       2706.04
time/evaluation                     2.50741
training/train_loss_mean            0.0254539
training/train_loss_std             0.00164952
-------------------------------  -------------
-------------------------------  -------------
time/training                      14.4441
evaluation/target_0_return_mean     0
evaluation/target_0_return_std      0
evaluation/target_0_length_mean    40
evaluation/target_0_length_std      0
time/total                       2723.16
time/evaluation                     2.67402
training/train_loss_mean            0.0255225
training/train_loss_std             0.00165414
-------------------------------  -------------
-------------------------------  -------------
time/training                      18.0382
evaluation/target_0_return_mean     0
evaluation/target_0_return_std      0
evaluation/target_0_length_mean    40
evaluation/target_0_length_std      0
time/total                       2743.92
time/evaluation                     2.67638
training/train_loss_mean            0.0255037
training/train_loss_std             0.00155597
-------------------------------  -------------
-------------------------------  -------------
time/training                      14.5409
evaluation/target_0_return_mean     0
evaluation/target_0_return_std      0
evaluation/target_0_length_mean    40
evaluation/target_0_length_std      0
time/total                       2761.06
time/evaluation                     2.59898
training/train_loss_mean            0.0254691
training/train_loss_std             0.00160584
-------------------------------  -------------
-------------------------------  -------------
time/training                      15.4146
evaluation/target_0_return_mean     0
evaluation/target_0_return_std      0
evaluation/target_0_length_mean    40
evaluation/target_0_length_std      0
time/total                       2778.92
time/evaluation                     2.45037
training/train_loss_mean            0.0254658
training/train_loss_std             0.00164484
-------------------------------  -------------
-------------------------------  -------------
time/training                      15.5471
evaluation/target_0_return_mean     0
evaluation/target_0_return_std      0
evaluation/target_0_length_mean    40
evaluation/target_0_length_std      0
time/total                       2796.95
time/evaluation                     2.47539
training/train_loss_mean            0.025444
training/train_loss_std             0.00161645
-------------------------------  -------------
