-------------------------------  -----------
time/training                      8.00542
evaluation/target_0_return_mean   40.8802
evaluation/target_0_return_std     6.66997
evaluation/target_0_length_mean  200
evaluation/target_0_length_std     0
time/total                         9.32194
time/evaluation                    1.31177
training/train_loss_mean           0.348926
training/train_loss_std            0.0417979
-------------------------------  -----------
-------------------------------  -----------
time/training                      7.12867
evaluation/target_0_return_mean   46.0528
evaluation/target_0_return_std     8.53612
evaluation/target_0_length_mean  169.4
evaluation/target_0_length_std    22.4597
time/total                        17.5563
time/evaluation                    1.1031
training/train_loss_mean           0.207495
training/train_loss_std            0.0485358
-------------------------------  -----------
-------------------------------  -----------
time/training                      7.13303
evaluation/target_0_return_mean   44.1284
evaluation/target_0_return_std    13.1631
evaluation/target_0_length_mean  162.7
evaluation/target_0_length_std    31.7775
time/total                        25.753
time/evaluation                    1.06141
training/train_loss_mean           0.108251
training/train_loss_std            0.0304313
-------------------------------  -----------
-------------------------------  -----------
time/training                      7.12784
evaluation/target_0_return_mean   26.5803
evaluation/target_0_return_std     7.23431
evaluation/target_0_length_mean  120.2
evaluation/target_0_length_std    17.9878
time/total                        33.6689
time/evaluation                    0.787104
training/train_loss_mean           0.0749904
training/train_loss_std            0.0218905
-------------------------------  -----------
-------------------------------  -----------
time/training                      7.16628
evaluation/target_0_return_mean   26.7714
evaluation/target_0_return_std     3.9526
evaluation/target_0_length_mean  123.1
evaluation/target_0_length_std    13.5237
time/total                        41.6427
time/evaluation                    0.806687
training/train_loss_mean           0.062471
training/train_loss_std            0.0209062
-------------------------------  -----------
-------------------------------  -----------
time/training                      7.2187
evaluation/target_0_return_mean   26.0963
evaluation/target_0_return_std     4.10474
evaluation/target_0_length_mean  122.7
evaluation/target_0_length_std    11.2165
time/total                        49.6662
time/evaluation                    0.802005
training/train_loss_mean           0.0568308
training/train_loss_std            0.0194258
-------------------------------  -----------
-------------------------------  -----------
time/training                      7.12914
evaluation/target_0_return_mean   31.5158
evaluation/target_0_return_std    12.899
evaluation/target_0_length_mean  129.7
evaluation/target_0_length_std    28.4817
time/total                        57.649
time/evaluation                    0.852872
training/train_loss_mean           0.0518564
training/train_loss_std            0.0186279
-------------------------------  -----------
-------------------------------  -----------
time/training                      7.27851
evaluation/target_0_return_mean   34.2995
evaluation/target_0_return_std    15.2556
evaluation/target_0_length_mean  129.3
evaluation/target_0_length_std    32.3142
time/total                        65.9486
time/evaluation                    1.02003
training/train_loss_mean           0.0481108
training/train_loss_std            0.0176752
-------------------------------  -----------
-------------------------------  -----------
time/training                      7.30096
evaluation/target_0_return_mean   37.3928
evaluation/target_0_return_std    18.1189
evaluation/target_0_length_mean  133.7
evaluation/target_0_length_std    36.4885
time/total                        74.3025
time/evaluation                    1.0522
training/train_loss_mean           0.0438956
training/train_loss_std            0.0164883
-------------------------------  -----------
-------------------------------  -----------
time/training                      7.3063
evaluation/target_0_return_mean   43.2628
evaluation/target_0_return_std    16.0911
evaluation/target_0_length_mean  154.6
evaluation/target_0_length_std    38.7381
time/total                        82.8289
time/evaluation                    1.2191
training/train_loss_mean           0.041531
training/train_loss_std            0.0163721
-------------------------------  -----------
-------------------------------  -----------
time/training                      7.28947
evaluation/target_0_return_mean   43.1234
evaluation/target_0_return_std    17.251
evaluation/target_0_length_mean  154
evaluation/target_0_length_std    40.9243
time/total                        91.3335
time/evaluation                    1.21419
training/train_loss_mean           0.039018
training/train_loss_std            0.0165314
-------------------------------  -----------
-------------------------------  -----------
time/training                      7.3164
evaluation/target_0_return_mean   31.7963
evaluation/target_0_return_std    13.6894
evaluation/target_0_length_mean  125.8
evaluation/target_0_length_std    25.3961
time/total                        99.6463
time/evaluation                    0.995574
training/train_loss_mean           0.0367169
training/train_loss_std            0.0156927
-------------------------------  -----------
-------------------------------  -----------
time/training                      7.3784
evaluation/target_0_return_mean   54.8262
evaluation/target_0_return_std     9.49834
evaluation/target_0_length_mean  182.4
evaluation/target_0_length_std    25.0408
time/total                       108.466
time/evaluation                    1.44068
training/train_loss_mean           0.0344531
training/train_loss_std            0.0145003
-------------------------------  -----------
-------------------------------  -----------
time/training                      7.28296
evaluation/target_0_return_mean   43.3962
evaluation/target_0_return_std    19.8731
evaluation/target_0_length_mean  157.2
evaluation/target_0_length_std    41.744
time/total                       116.988
time/evaluation                    1.23782
training/train_loss_mean           0.0331132
training/train_loss_std            0.0148906
-------------------------------  -----------
-------------------------------  -----------
time/training                      7.61864
evaluation/target_0_return_mean   35.1605
evaluation/target_0_return_std    13.3266
evaluation/target_0_length_mean  146.7
evaluation/target_0_length_std    38.5955
time/total                       125.98
time/evaluation                    1.3726
training/train_loss_mean           0.0319808
training/train_loss_std            0.0146745
-------------------------------  -----------
-------------------------------  -----------
time/training                      7.92252
evaluation/target_0_return_mean   37.3767
evaluation/target_0_return_std    13.8829
evaluation/target_0_length_mean  141.5
evaluation/target_0_length_std    23.838
time/total                       135.288
time/evaluation                    1.38383
training/train_loss_mean           0.0306704
training/train_loss_std            0.0144872
-------------------------------  -----------
-------------------------------  -----------
time/training                      7.85185
evaluation/target_0_return_mean   52.7425
evaluation/target_0_return_std    11.2064
evaluation/target_0_length_mean  194.8
evaluation/target_0_length_std    15.6
time/total                       145.035
time/evaluation                    1.89514
training/train_loss_mean           0.0299828
training/train_loss_std            0.0139195
-------------------------------  -----------
-------------------------------  -----------
time/training                      7.85055
evaluation/target_0_return_mean   45.3881
evaluation/target_0_return_std    15.4253
evaluation/target_0_length_mean  173.7
evaluation/target_0_length_std    32.8148
time/total                       154.557
time/evaluation                    1.67059
training/train_loss_mean           0.0289446
training/train_loss_std            0.0135981
-------------------------------  -----------
-------------------------------  -----------
time/training                      7.88994
evaluation/target_0_return_mean   43.7523
evaluation/target_0_return_std     8.26833
evaluation/target_0_length_mean  184.1
evaluation/target_0_length_std    25.7389
time/total                       164.241
time/evaluation                    1.79256
training/train_loss_mean           0.0283428
training/train_loss_std            0.0141865
-------------------------------  -----------
-------------------------------  -----------
time/training                      7.92181
evaluation/target_0_return_mean   44.0867
evaluation/target_0_return_std     8.36549
evaluation/target_0_length_mean  193
evaluation/target_0_length_std    19.3907
time/total                       173.977
time/evaluation                    1.8135
training/train_loss_mean           0.0265305
training/train_loss_std            0.013487
-------------------------------  -----------
-------------------------------  -----------
time/training                      7.87164
evaluation/target_0_return_mean   37.5724
evaluation/target_0_return_std    13.6212
evaluation/target_0_length_mean  177.8
evaluation/target_0_length_std    23.5491
time/total                       183.492
time/evaluation                    1.64188
training/train_loss_mean           0.0262993
training/train_loss_std            0.0129922
-------------------------------  -----------
-------------------------------  -----------
time/training                      7.86853
evaluation/target_0_return_mean   42.0388
evaluation/target_0_return_std    12.2824
evaluation/target_0_length_mean  189.3
evaluation/target_0_length_std    17.2166
time/total                       193.126
time/evaluation                    1.76459
training/train_loss_mean           0.0256864
training/train_loss_std            0.0131845
-------------------------------  -----------
-------------------------------  -----------
time/training                      7.8688
evaluation/target_0_return_mean   38.1156
evaluation/target_0_return_std    15.3965
evaluation/target_0_length_mean  176.2
evaluation/target_0_length_std    30.4854
time/total                       202.687
time/evaluation                    1.6918
training/train_loss_mean           0.024999
training/train_loss_std            0.0128971
-------------------------------  -----------
-------------------------------  -----------
time/training                      7.82432
evaluation/target_0_return_mean   44.9174
evaluation/target_0_return_std    17.5994
evaluation/target_0_length_mean  176.4
evaluation/target_0_length_std    29.9172
time/total                       212.287
time/evaluation                    1.77475
training/train_loss_mean           0.0243792
training/train_loss_std            0.0119729
-------------------------------  -----------
-------------------------------  -----------
time/training                      7.86918
evaluation/target_0_return_mean   36.9037
evaluation/target_0_return_std    13.5422
evaluation/target_0_length_mean  182.6
evaluation/target_0_length_std    26.7925
time/total                       222.022
time/evaluation                    1.86444
training/train_loss_mean           0.0245914
training/train_loss_std            0.0126013
-------------------------------  -----------
-------------------------------  -----------
time/training                      7.87145
evaluation/target_0_return_mean   28.7773
evaluation/target_0_return_std    10.9626
evaluation/target_0_length_mean  154.5
evaluation/target_0_length_std    30.8326
time/total                       231.533
time/evaluation                    1.63854
training/train_loss_mean           0.0235488
training/train_loss_std            0.0127526
-------------------------------  -----------
-------------------------------  -----------
time/training                      7.81804
evaluation/target_0_return_mean   32.124
evaluation/target_0_return_std    10.8447
evaluation/target_0_length_mean  179.1
evaluation/target_0_length_std    28.5253
time/total                       241.153
time/evaluation                    1.80113
training/train_loss_mean           0.0229881
training/train_loss_std            0.0119024
-------------------------------  -----------
-------------------------------  -----------
time/training                      7.89274
evaluation/target_0_return_mean   35.4942
evaluation/target_0_return_std    13.699
evaluation/target_0_length_mean  180.7
evaluation/target_0_length_std    27.3717
time/total                       250.782
time/evaluation                    1.73572
training/train_loss_mean           0.0227643
training/train_loss_std            0.0122719
-------------------------------  -----------
-------------------------------  -----------
time/training                      7.86286
evaluation/target_0_return_mean   31.6686
evaluation/target_0_return_std     8.87068
evaluation/target_0_length_mean  185.7
evaluation/target_0_length_std    22.4056
time/total                       260.406
time/evaluation                    1.7598
training/train_loss_mean           0.0220879
training/train_loss_std            0.0113364
-------------------------------  -----------
-------------------------------  -----------
time/training                      7.85759
evaluation/target_0_return_mean   28.6892
evaluation/target_0_return_std    12.5839
evaluation/target_0_length_mean  182.2
evaluation/target_0_length_std    27.2646
time/total                       269.931
time/evaluation                    1.6667
training/train_loss_mean           0.021549
training/train_loss_std            0.0116244
-------------------------------  -----------
-------------------------------  -----------
time/training                      7.8653
evaluation/target_0_return_mean   31.8633
evaluation/target_0_return_std    14.6452
evaluation/target_0_length_mean  181.9
evaluation/target_0_length_std    27.8297
time/total                       279.454
time/evaluation                    1.65654
training/train_loss_mean           0.0220043
training/train_loss_std            0.0122224
-------------------------------  -----------
-------------------------------  -----------
time/training                      7.91772
evaluation/target_0_return_mean   31.3284
evaluation/target_0_return_std    12.1575
evaluation/target_0_length_mean  194.1
evaluation/target_0_length_std    12.1528
time/total                       289.177
time/evaluation                    1.80423
training/train_loss_mean           0.0219977
training/train_loss_std            0.0118149
-------------------------------  -----------
-------------------------------  -----------
time/training                      7.85699
evaluation/target_0_return_mean   26.4609
evaluation/target_0_return_std    11.6251
evaluation/target_0_length_mean  195.1
evaluation/target_0_length_std    11.7512
time/total                       298.915
time/evaluation                    1.88013
training/train_loss_mean           0.0207647
training/train_loss_std            0.0114907
-------------------------------  -----------
-------------------------------  -----------
time/training                      7.83431
evaluation/target_0_return_mean   27.2727
evaluation/target_0_return_std     9.05096
evaluation/target_0_length_mean  184.8
evaluation/target_0_length_std    23.3572
time/total                       308.625
time/evaluation                    1.87512
training/train_loss_mean           0.0204577
training/train_loss_std            0.0116073
-------------------------------  -----------
-------------------------------  -----------
time/training                      7.81912
evaluation/target_0_return_mean   27.7183
evaluation/target_0_return_std     9.38275
evaluation/target_0_length_mean  176.6
evaluation/target_0_length_std    26.3636
time/total                       318.233
time/evaluation                    1.78724
training/train_loss_mean           0.0217778
training/train_loss_std            0.0120613
-------------------------------  -----------
-------------------------------  -----------
time/training                      7.8115
evaluation/target_0_return_mean   26.6045
evaluation/target_0_return_std     3.32839
evaluation/target_0_length_mean  165.1
evaluation/target_0_length_std    28.7974
time/total                       327.718
time/evaluation                    1.67286
training/train_loss_mean           0.0203769
training/train_loss_std            0.0114093
-------------------------------  -----------
-------------------------------  -----------
time/training                      7.82855
evaluation/target_0_return_mean   26.5013
evaluation/target_0_return_std    10.9746
evaluation/target_0_length_mean  187.4
evaluation/target_0_length_std    19.8353
time/total                       337.392
time/evaluation                    1.84429
training/train_loss_mean           0.0196932
training/train_loss_std            0.0111459
-------------------------------  -----------
-------------------------------  -----------
time/training                      7.86187
evaluation/target_0_return_mean   27.0313
evaluation/target_0_return_std     7.56645
evaluation/target_0_length_mean  188.2
evaluation/target_0_length_std    17.8595
time/total                       347.055
time/evaluation                    1.80055
training/train_loss_mean           0.020288
training/train_loss_std            0.0112736
-------------------------------  -----------
-------------------------------  -----------
time/training                      7.85116
evaluation/target_0_return_mean   31.078
evaluation/target_0_return_std    11.1936
evaluation/target_0_length_mean  195.5
evaluation/target_0_length_std     8.40536
time/total                       356.688
time/evaluation                    1.78025
training/train_loss_mean           0.0201466
training/train_loss_std            0.0113185
-------------------------------  -----------
-------------------------------  -----------
time/training                      7.85815
evaluation/target_0_return_mean   21.9156
evaluation/target_0_return_std     4.60783
evaluation/target_0_length_mean  190.3
evaluation/target_0_length_std    19.5041
time/total                       366.276
time/evaluation                    1.72951
training/train_loss_mean           0.0189113
training/train_loss_std            0.0111
-------------------------------  -----------
-------------------------------  -----------
time/training                      7.88905
evaluation/target_0_return_mean   34.5401
evaluation/target_0_return_std    13.3848
evaluation/target_0_length_mean  186.4
evaluation/target_0_length_std    21.8733
time/total                       375.875
time/evaluation                    1.7083
training/train_loss_mean           0.019837
training/train_loss_std            0.0110179
-------------------------------  -----------
-------------------------------  -----------
time/training                      7.87432
evaluation/target_0_return_mean   27.2301
evaluation/target_0_return_std     6.6098
evaluation/target_0_length_mean  187.9
evaluation/target_0_length_std    22.823
time/total                       385.457
time/evaluation                    1.70723
training/train_loss_mean           0.0191857
training/train_loss_std            0.0110884
-------------------------------  -----------
-------------------------------  -----------
time/training                      7.8582
evaluation/target_0_return_mean   26.9145
evaluation/target_0_return_std    12.179
evaluation/target_0_length_mean  184.8
evaluation/target_0_length_std    24.3014
time/total                       395.003
time/evaluation                    1.68696
training/train_loss_mean           0.0194625
training/train_loss_std            0.0116091
-------------------------------  -----------
-------------------------------  -----------
time/training                      7.92786
evaluation/target_0_return_mean   23.8506
evaluation/target_0_return_std     8.15936
evaluation/target_0_length_mean  166.5
evaluation/target_0_length_std    29.3845
time/total                       404.445
time/evaluation                    1.51327
training/train_loss_mean           0.0192421
training/train_loss_std            0.0119817
-------------------------------  -----------
-------------------------------  -----------
time/training                      7.96794
evaluation/target_0_return_mean   29.3594
evaluation/target_0_return_std     6.66299
evaluation/target_0_length_mean  185.8
evaluation/target_0_length_std    18.28
time/total                       414.104
time/evaluation                    1.69002
training/train_loss_mean           0.0189876
training/train_loss_std            0.0120456
-------------------------------  -----------
-------------------------------  -----------
time/training                      7.88849
evaluation/target_0_return_mean   30.556
evaluation/target_0_return_std    10.6971
evaluation/target_0_length_mean  188.1
evaluation/target_0_length_std    23.0844
time/total                       423.711
time/evaluation                    1.71713
training/train_loss_mean           0.0189446
training/train_loss_std            0.0113124
-------------------------------  -----------
-------------------------------  -----------
time/training                      7.91929
evaluation/target_0_return_mean   30.7558
evaluation/target_0_return_std    11.7847
evaluation/target_0_length_mean  177.2
evaluation/target_0_length_std    28.8368
time/total                       433.267
time/evaluation                    1.63573
training/train_loss_mean           0.0188115
training/train_loss_std            0.0112223
-------------------------------  -----------
-------------------------------  -----------
time/training                      7.91622
evaluation/target_0_return_mean   29.8699
evaluation/target_0_return_std    11.7842
evaluation/target_0_length_mean  169.7
evaluation/target_0_length_std    24.5807
time/total                       442.732
time/evaluation                    1.54799
training/train_loss_mean           0.0183404
training/train_loss_std            0.0111611
-------------------------------  -----------
-------------------------------  -----------
time/training                      7.89676
evaluation/target_0_return_mean   32.5422
evaluation/target_0_return_std    10.3149
evaluation/target_0_length_mean  185.2
evaluation/target_0_length_std    23.0035
time/total                       452.331
time/evaluation                    1.70137
training/train_loss_mean           0.0184179
training/train_loss_std            0.0107326
-------------------------------  -----------
-------------------------------  -----------
time/training                      7.95114
evaluation/target_0_return_mean   23.6496
evaluation/target_0_return_std     3.76204
evaluation/target_0_length_mean  164.8
evaluation/target_0_length_std    23.9366
time/total                       461.788
time/evaluation                    1.5055
training/train_loss_mean           0.0183488
training/train_loss_std            0.0110387
-------------------------------  -----------
-------------------------------  -----------
time/training                      7.99562
evaluation/target_0_return_mean   31.4038
evaluation/target_0_return_std    12.3457
evaluation/target_0_length_mean  172
evaluation/target_0_length_std    27.3496
time/total                       471.373
time/evaluation                    1.58759
training/train_loss_mean           0.0179596
training/train_loss_std            0.0104725
-------------------------------  -----------
-------------------------------  -----------
time/training                      7.9026
evaluation/target_0_return_mean   31.3496
evaluation/target_0_return_std    10.5509
evaluation/target_0_length_mean  172.8
evaluation/target_0_length_std    32.0212
time/total                       480.861
time/evaluation                    1.58431
training/train_loss_mean           0.0183435
training/train_loss_std            0.0112321
-------------------------------  -----------
-------------------------------  -----------
time/training                      7.96978
evaluation/target_0_return_mean   33.9617
evaluation/target_0_return_std    12.0985
evaluation/target_0_length_mean  188.1
evaluation/target_0_length_std    24.3493
time/total                       490.557
time/evaluation                    1.72601
training/train_loss_mean           0.0177054
training/train_loss_std            0.0110957
-------------------------------  -----------
-------------------------------  -----------
time/training                      7.93117
evaluation/target_0_return_mean   29.8385
evaluation/target_0_return_std     6.62238
evaluation/target_0_length_mean  178.4
evaluation/target_0_length_std    26.5338
time/total                       500.134
time/evaluation                    1.64452
training/train_loss_mean           0.0178041
training/train_loss_std            0.0102743
-------------------------------  -----------
-------------------------------  -----------
time/training                      7.90869
evaluation/target_0_return_mean   26.5004
evaluation/target_0_return_std     5.99622
evaluation/target_0_length_mean  167.7
evaluation/target_0_length_std    30.7345
time/total                       509.573
time/evaluation                    1.52923
training/train_loss_mean           0.0178109
training/train_loss_std            0.0110168
-------------------------------  -----------
-------------------------------  -----------
time/training                      7.9006
evaluation/target_0_return_mean   24.8628
evaluation/target_0_return_std     4.39712
evaluation/target_0_length_mean  178.4
evaluation/target_0_length_std    33.2752
time/total                       519.1
time/evaluation                    1.6255
training/train_loss_mean           0.0174098
training/train_loss_std            0.0108699
-------------------------------  -----------
-------------------------------  -----------
time/training                      7.9854
evaluation/target_0_return_mean   31.0827
evaluation/target_0_return_std    10.2
evaluation/target_0_length_mean  186.1
evaluation/target_0_length_std    20.4375
time/total                       528.787
time/evaluation                    1.70099
training/train_loss_mean           0.0178773
training/train_loss_std            0.0114694
-------------------------------  -----------
-------------------------------  -----------
time/training                      7.89248
evaluation/target_0_return_mean   27.9107
evaluation/target_0_return_std     5.62429
evaluation/target_0_length_mean  184.5
evaluation/target_0_length_std    26.0969
time/total                       538.359
time/evaluation                    1.67812
training/train_loss_mean           0.0177072
training/train_loss_std            0.0115255
-------------------------------  -----------
-------------------------------  -----------
time/training                      7.91228
evaluation/target_0_return_mean   34.3564
evaluation/target_0_return_std    10.6594
evaluation/target_0_length_mean  186.5
evaluation/target_0_length_std    22.0193
time/total                       547.969
time/evaluation                    1.69716
training/train_loss_mean           0.0173818
training/train_loss_std            0.0108897
-------------------------------  -----------
-------------------------------  -----------
time/training                      7.90564
evaluation/target_0_return_mean   29.8153
evaluation/target_0_return_std     9.00791
evaluation/target_0_length_mean  173.4
evaluation/target_0_length_std    32.5183
time/total                       557.456
time/evaluation                    1.58075
training/train_loss_mean           0.0173569
training/train_loss_std            0.0105269
-------------------------------  -----------
-------------------------------  -----------
time/training                      7.90132
evaluation/target_0_return_mean   26.9045
evaluation/target_0_return_std     6.17073
evaluation/target_0_length_mean  173.9
evaluation/target_0_length_std    29.8478
time/total                       566.947
time/evaluation                    1.58849
training/train_loss_mean           0.0168607
training/train_loss_std            0.0101564
-------------------------------  -----------
-------------------------------  ------------
time/training                      7.9033
evaluation/target_0_return_mean   30.1402
evaluation/target_0_return_std     7.16128
evaluation/target_0_length_mean  176.1
evaluation/target_0_length_std    24.5742
time/total                       576.452
time/evaluation                    1.60068
training/train_loss_mean           0.0166327
training/train_loss_std            0.00962234
-------------------------------  ------------
-------------------------------  -----------
time/training                      7.91461
evaluation/target_0_return_mean   33.9372
evaluation/target_0_return_std    10.8029
evaluation/target_0_length_mean  185.2
evaluation/target_0_length_std    23.3915
time/total                       586.07
time/evaluation                    1.7023
training/train_loss_mean           0.0166
training/train_loss_std            0.0101905
-------------------------------  -----------
-------------------------------  -----------
time/training                      7.98177
evaluation/target_0_return_mean   26.6133
evaluation/target_0_return_std     8.23453
evaluation/target_0_length_mean  172.9
evaluation/target_0_length_std    30.9756
time/total                       595.644
time/evaluation                    1.59173
training/train_loss_mean           0.0168719
training/train_loss_std            0.0101243
-------------------------------  -----------
-------------------------------  -----------
time/training                      7.89975
evaluation/target_0_return_mean   28.5911
evaluation/target_0_return_std    10.1157
evaluation/target_0_length_mean  170.5
evaluation/target_0_length_std    32.9795
time/total                       605.093
time/evaluation                    1.54753
training/train_loss_mean           0.0173939
training/train_loss_std            0.0109975
-------------------------------  -----------
-------------------------------  ------------
time/training                      7.909
evaluation/target_0_return_mean   30.6902
evaluation/target_0_return_std     7.66541
evaluation/target_0_length_mean  193.6
evaluation/target_0_length_std    15.762
time/total                       614.76
time/evaluation                    1.75758
training/train_loss_mean           0.0162664
training/train_loss_std            0.00972627
-------------------------------  ------------
-------------------------------  -----------
time/training                      7.90149
evaluation/target_0_return_mean   37.3543
evaluation/target_0_return_std    11.4837
evaluation/target_0_length_mean  191
evaluation/target_0_length_std    16.9234
time/total                       624.397
time/evaluation                    1.73474
training/train_loss_mean           0.0163879
training/train_loss_std            0.0103083
-------------------------------  -----------
-------------------------------  -----------
time/training                      7.90647
evaluation/target_0_return_mean   29.2357
evaluation/target_0_return_std     7.02758
evaluation/target_0_length_mean  173.2
evaluation/target_0_length_std    21.1509
time/total                       633.876
time/evaluation                    1.57076
training/train_loss_mean           0.0164902
training/train_loss_std            0.0108009
-------------------------------  -----------
-------------------------------  -----------
time/training                      7.92532
evaluation/target_0_return_mean   31.0274
evaluation/target_0_return_std    11.529
evaluation/target_0_length_mean  161.8
evaluation/target_0_length_std    31.6474
time/total                       643.265
time/evaluation                    1.46289
training/train_loss_mean           0.0166573
training/train_loss_std            0.0108604
-------------------------------  -----------
-------------------------------  ------------
time/training                      7.97963
evaluation/target_0_return_mean   25.9222
evaluation/target_0_return_std     6.58838
evaluation/target_0_length_mean  169.7
evaluation/target_0_length_std    24.4379
time/total                       652.81
time/evaluation                    1.56504
training/train_loss_mean           0.0165911
training/train_loss_std            0.00997395
-------------------------------  ------------
-------------------------------  -----------
time/training                      7.92737
evaluation/target_0_return_mean   27.718
evaluation/target_0_return_std     3.85508
evaluation/target_0_length_mean  185.7
evaluation/target_0_length_std    19.2044
time/total                       662.435
time/evaluation                    1.69627
training/train_loss_mean           0.0165049
training/train_loss_std            0.0106387
-------------------------------  -----------
-------------------------------  -----------
time/training                      7.9246
evaluation/target_0_return_mean   31.9136
evaluation/target_0_return_std    10.5827
evaluation/target_0_length_mean  172.6
evaluation/target_0_length_std    25.8
time/total                       671.931
time/evaluation                    1.57004
training/train_loss_mean           0.0155923
training/train_loss_std            0.0101207
-------------------------------  -----------
-------------------------------  -----------
time/training                      7.90089
evaluation/target_0_return_mean   26.5377
evaluation/target_0_return_std     5.22921
evaluation/target_0_length_mean  172.5
evaluation/target_0_length_std    25.1605
time/total                       681.405
time/evaluation                    1.57247
training/train_loss_mean           0.0159222
training/train_loss_std            0.0103178
-------------------------------  -----------
-------------------------------  -----------
time/training                      7.91315
evaluation/target_0_return_mean   27.1357
evaluation/target_0_return_std     5.18295
evaluation/target_0_length_mean  183.8
evaluation/target_0_length_std    21.442
time/total                       690.991
time/evaluation                    1.67189
training/train_loss_mean           0.0162036
training/train_loss_std            0.0102081
-------------------------------  -----------
-------------------------------  -----------
time/training                      7.90242
evaluation/target_0_return_mean   34.3576
evaluation/target_0_return_std     7.68737
evaluation/target_0_length_mean  200
evaluation/target_0_length_std     0
time/total                       700.708
time/evaluation                    1.81367
training/train_loss_mean           0.0162384
training/train_loss_std            0.0104063
-------------------------------  -----------
-------------------------------  ------------
time/training                      7.97028
evaluation/target_0_return_mean   26.6863
evaluation/target_0_return_std     4.0292
evaluation/target_0_length_mean  179.3
evaluation/target_0_length_std    24.9522
time/total                       710.315
time/evaluation                    1.63606
training/train_loss_mean           0.0152714
training/train_loss_std            0.00959065
-------------------------------  ------------
-------------------------------  -----------
time/training                      7.89995
evaluation/target_0_return_mean   27.4816
evaluation/target_0_return_std     4.6735
evaluation/target_0_length_mean  169.6
evaluation/target_0_length_std    27.6196
time/total                       719.766
time/evaluation                    1.54999
training/train_loss_mean           0.015665
training/train_loss_std            0.0103097
-------------------------------  -----------
-------------------------------  ------------
time/training                      7.89742
evaluation/target_0_return_mean   30.4609
evaluation/target_0_return_std     7.67134
evaluation/target_0_length_mean  185.2
evaluation/target_0_length_std    17.6567
time/total                       729.416
time/evaluation                    1.75191
training/train_loss_mean           0.0153618
training/train_loss_std            0.00989224
-------------------------------  ------------
-------------------------------  -----------
time/training                      7.88622
evaluation/target_0_return_mean   34.6064
evaluation/target_0_return_std     7.03876
evaluation/target_0_length_mean  190.7
evaluation/target_0_length_std    16.5714
time/total                       739.127
time/evaluation                    1.82366
training/train_loss_mean           0.0161496
training/train_loss_std            0.0102493
-------------------------------  -----------
-------------------------------  ------------
time/training                      7.86645
evaluation/target_0_return_mean   27.7196
evaluation/target_0_return_std     6.74636
evaluation/target_0_length_mean  174.5
evaluation/target_0_length_std    26.3676
time/total                       748.689
time/evaluation                    1.69469
training/train_loss_mean           0.0156114
training/train_loss_std            0.00983965
-------------------------------  ------------
-------------------------------  -----------
time/training                      7.87709
evaluation/target_0_return_mean   27.391
evaluation/target_0_return_std     5.97383
evaluation/target_0_length_mean  179.6
evaluation/target_0_length_std    22.6018
time/total                       758.368
time/evaluation                    1.80051
training/train_loss_mean           0.0161026
training/train_loss_std            0.0099717
-------------------------------  -----------
-------------------------------  -----------
time/training                      7.94066
evaluation/target_0_return_mean   25.5809
evaluation/target_0_return_std     4.44442
evaluation/target_0_length_mean  164.8
evaluation/target_0_length_std    28.6664
time/total                       768.011
time/evaluation                    1.70118
training/train_loss_mean           0.0156704
training/train_loss_std            0.0101814
-------------------------------  -----------
-------------------------------  -----------
time/training                      7.85264
evaluation/target_0_return_mean   32.1613
evaluation/target_0_return_std     7.28097
evaluation/target_0_length_mean  196.6
evaluation/target_0_length_std     7.36478
time/total                       777.901
time/evaluation                    2.03639
training/train_loss_mean           0.0156186
training/train_loss_std            0.0102687
-------------------------------  -----------
-------------------------------  ------------
time/training                      7.85436
evaluation/target_0_return_mean   30.3069
evaluation/target_0_return_std     8.63195
evaluation/target_0_length_mean  197
evaluation/target_0_length_std     9
time/total                       787.889
time/evaluation                    2.13272
training/train_loss_mean           0.0148582
training/train_loss_std            0.00955926
-------------------------------  ------------
-------------------------------  -----------
time/training                      7.85263
evaluation/target_0_return_mean   26.3719
evaluation/target_0_return_std     7.26433
evaluation/target_0_length_mean  186.8
evaluation/target_0_length_std    25.9222
time/total                       797.764
time/evaluation                    2.02175
training/train_loss_mean           0.0158423
training/train_loss_std            0.0104497
-------------------------------  -----------
-------------------------------  -----------
time/training                      7.8114
evaluation/target_0_return_mean   27.4112
evaluation/target_0_return_std     6.86737
evaluation/target_0_length_mean  194.6
evaluation/target_0_length_std     8.26075
time/total                       807.676
time/evaluation                    2.1
training/train_loss_mean           0.0159357
training/train_loss_std            0.010083
-------------------------------  -----------
-------------------------------  -----------
time/training                      7.81209
evaluation/target_0_return_mean   26.7916
evaluation/target_0_return_std     7.89426
evaluation/target_0_length_mean  181.1
evaluation/target_0_length_std    29.1426
time/total                       817.445
time/evaluation                    1.95603
training/train_loss_mean           0.0154291
training/train_loss_std            0.0103743
-------------------------------  -----------
-------------------------------  ------------
time/training                      7.83305
evaluation/target_0_return_mean   28.5434
evaluation/target_0_return_std     8.92927
evaluation/target_0_length_mean  181.8
evaluation/target_0_length_std    23.0556
time/total                       827.318
time/evaluation                    2.039
training/train_loss_mean           0.0149121
training/train_loss_std            0.00964874
-------------------------------  ------------
-------------------------------  -----------
time/training                      7.82269
evaluation/target_0_return_mean   30.6996
evaluation/target_0_return_std    10.8336
evaluation/target_0_length_mean  173.7
evaluation/target_0_length_std    23.7826
time/total                       837.091
time/evaluation                    1.94893
training/train_loss_mean           0.0156655
training/train_loss_std            0.010122
-------------------------------  -----------
-------------------------------  ------------
time/training                      7.80025
evaluation/target_0_return_mean   23.8183
evaluation/target_0_return_std     4.93697
evaluation/target_0_length_mean  182.4
evaluation/target_0_length_std    27.4525
time/total                       846.934
time/evaluation                    2.04199
training/train_loss_mean           0.0151323
training/train_loss_std            0.00958574
-------------------------------  ------------
-------------------------------  -----------
time/training                      7.82874
evaluation/target_0_return_mean   26.1896
evaluation/target_0_return_std     4.15061
evaluation/target_0_length_mean  181.2
evaluation/target_0_length_std    27.8991
time/total                       856.775
time/evaluation                    2.01128
training/train_loss_mean           0.0157449
training/train_loss_std            0.0102073
-------------------------------  -----------
-------------------------------  ------------
time/training                      7.80358
evaluation/target_0_return_mean   33.6933
evaluation/target_0_return_std     9.53987
evaluation/target_0_length_mean  189.8
evaluation/target_0_length_std    21.3392
time/total                       866.656
time/evaluation                    2.07665
training/train_loss_mean           0.0149206
training/train_loss_std            0.00987753
-------------------------------  ------------
-------------------------------  -----------
time/training                      7.55409
evaluation/target_0_return_mean   32.3561
evaluation/target_0_return_std    10.906
evaluation/target_0_length_mean  193.3
evaluation/target_0_length_std    13.8134
time/total                       876.158
time/evaluation                    1.94623
training/train_loss_mean           0.0150825
training/train_loss_std            0.0100842
-------------------------------  -----------
-------------------------------  ------------
time/training                      7.15826
evaluation/target_0_return_mean   24.1078
evaluation/target_0_return_std     3.20268
evaluation/target_0_length_mean  181.1
evaluation/target_0_length_std    20.7386
time/total                       885.145
time/evaluation                    1.82791
training/train_loss_mean           0.0146908
training/train_loss_std            0.00943169
-------------------------------  ------------
-------------------------------  -----------
time/training                      7.21722
evaluation/target_0_return_mean   23.2975
evaluation/target_0_return_std     3.55509
evaluation/target_0_length_mean  178.2
evaluation/target_0_length_std    27.5165
time/total                       894.217
time/evaluation                    1.85365
training/train_loss_mean           0.0149099
training/train_loss_std            0.0100904
-------------------------------  -----------
-------------------------------  -----------
time/training                      7.12741
evaluation/target_0_return_mean   27.7165
evaluation/target_0_return_std     6.128
evaluation/target_0_length_mean  171
evaluation/target_0_length_std    32.8268
time/total                       903.151
time/evaluation                    1.80647
training/train_loss_mean           0.0155155
training/train_loss_std            0.0100639
-------------------------------  -----------
-------------------------------  ------------
time/training                      7.14722
evaluation/target_0_return_mean   30.803
evaluation/target_0_return_std     7.80636
evaluation/target_0_length_mean  182.1
evaluation/target_0_length_std    26.9683
time/total                       912.174
time/evaluation                    1.87426
training/train_loss_mean           0.0146454
training/train_loss_std            0.00991906
-------------------------------  ------------
-------------------------------  -----------
time/training                      7.16752
evaluation/target_0_return_mean   27.373
evaluation/target_0_return_std     9.45433
evaluation/target_0_length_mean  178.1
evaluation/target_0_length_std    27.278
time/total                       921.098
time/evaluation                    1.75585
training/train_loss_mean           0.0147847
training/train_loss_std            0.0100355
-------------------------------  -----------
-------------------------------  ------------
time/training                      7.19917
evaluation/target_0_return_mean   32.9944
evaluation/target_0_return_std     9.12142
evaluation/target_0_length_mean  186.4
evaluation/target_0_length_std    19.5918
time/total                       930.058
time/evaluation                    1.76019
training/train_loss_mean           0.0145541
training/train_loss_std            0.00986151
-------------------------------  ------------
-------------------------------  ------------
time/training                      7.18366
evaluation/target_0_return_mean   37.6172
evaluation/target_0_return_std    11.6227
evaluation/target_0_length_mean  192.6
evaluation/target_0_length_std    22.2
time/total                       939.067
time/evaluation                    1.82387
training/train_loss_mean           0.0148914
training/train_loss_std            0.00939756
-------------------------------  ------------
