| eval/episode_reward          | 10.4     |
| eval/episode_reward_std      | 1.8      |
| eval/episode_reward          | 17       |
| eval/episode_reward_std      | 4.43     |
| eval/episode_reward          | 24.9     |
| eval/episode_reward_std      | 6.54     |
| eval/episode_reward          | 43.9     |
| eval/episode_reward_std      | 6.81     |
| eval/episode_reward          | 46.8     |
| eval/episode_reward_std      | 10.8     |
| eval/episode_reward          | 49.3     |
| eval/episode_reward_std      | 8.6      |
| eval/episode_reward          | 52.2     |
| eval/episode_reward_std      | 7.76     |
| eval/episode_reward          | 51.2     |
| eval/episode_reward_std      | 8.44     |
| eval/episode_reward          | 55.2     |
| eval/episode_reward_std      | 7.93     |
| eval/episode_reward          | 53       |
| eval/episode_reward_std      | 8.72     |
| eval/episode_reward          | 51.3     |
| eval/episode_reward_std      | 7.52     |
| eval/episode_reward          | 56.3     |
| eval/episode_reward_std      | 8.08     |
| eval/episode_reward          | 58.4     |
| eval/episode_reward_std      | 7.64     |
| eval/episode_reward          | 56.7     |
| eval/episode_reward_std      | 7.56     |
| eval/episode_reward          | 58.9     |
| eval/episode_reward_std      | 8.8      |
| eval/episode_reward          | 54.1     |
| eval/episode_reward_std      | 7.93     |
| eval/episode_reward          | 60.7     |
| eval/episode_reward_std      | 9.13     |
| eval/episode_reward          | 61.7     |
| eval/episode_reward_std      | 10.4     |
| eval/episode_reward          | 62.7     |
| eval/episode_reward_std      | 9.59     |
| eval/episode_reward          | 65.6     |
| eval/episode_reward_std      | 7.19     |
| eval/episode_reward          | 65.6     |
| eval/episode_reward_std      | 8.81     |
| eval/episode_reward          | 72.6     |
| eval/episode_reward_std      | 9.19     |
| eval/episode_reward          | 67.8     |
| eval/episode_reward_std      | 9.22     |
| eval/episode_reward          | 68.4     |
| eval/episode_reward_std      | 9.53     |
| eval/episode_reward          | 70.6     |
| eval/episode_reward_std      | 10.9     |
| eval/episode_reward          | 67.5     |
| eval/episode_reward_std      | 7.77     |
| eval/episode_reward          | 65       |
| eval/episode_reward_std      | 9.28     |
| eval/episode_reward          | 61.6     |
| eval/episode_reward_std      | 7.78     |
| eval/episode_reward          | 68.6     |
| eval/episode_reward_std      | 7.69     |
| eval/episode_reward          | 68.7     |
| eval/episode_reward_std      | 10.7     |
| eval/episode_reward          | 68.3     |
| eval/episode_reward_std      | 9.9      |
| eval/episode_reward          | 60.5     |
| eval/episode_reward_std      | 6.39     |
| eval/episode_reward          | 67.5     |
| eval/episode_reward_std      | 10.1     |
| eval/episode_reward          | 58.7     |
| eval/episode_reward_std      | 11.1     |
| eval/episode_reward          | 65.8     |
| eval/episode_reward_std      | 7.68     |
| eval/episode_reward          | 65.5     |
| eval/episode_reward_std      | 10.1     |
| eval/episode_reward          | 60       |
| eval/episode_reward_std      | 6.71     |
| eval/episode_reward          | 65.2     |
| eval/episode_reward_std      | 12.7     |
| eval/episode_reward          | 68.9     |
| eval/episode_reward_std      | 11.6     |
| eval/episode_reward          | 63.9     |
| eval/episode_reward_std      | 10.1     |
| eval/episode_reward          | 63.4     |
| eval/episode_reward_std      | 11.1     |
| eval/episode_reward          | 56.4     |
| eval/episode_reward_std      | 8.93     |
| eval/episode_reward          | 56.8     |
| eval/episode_reward_std      | 8.19     |
| eval/episode_reward          | 52.5     |
| eval/episode_reward_std      | 7.06     |
| eval/episode_reward          | 60.3     |
| eval/episode_reward_std      | 8.43     |
| eval/episode_reward          | 61.8     |
| eval/episode_reward_std      | 10.4     |
| eval/episode_reward          | 53.8     |
| eval/episode_reward_std      | 7.35     |
| eval/episode_reward          | 59       |
| eval/episode_reward_std      | 9.12     |
| eval/episode_reward          | 57.1     |
| eval/episode_reward_std      | 8.73     |
| eval/episode_reward          | 57.1     |
| eval/episode_reward_std      | 7.94     |
