| eval/episode_reward          | 19.3     |
| eval/episode_reward_std      | 2.6      |
| eval/episode_reward          | 16.6     |
| eval/episode_reward_std      | 5.68     |
| eval/episode_reward          | 18.9     |
| eval/episode_reward_std      | 1.32     |
| eval/episode_reward          | 19.6     |
| eval/episode_reward_std      | 2.98     |
| eval/episode_reward          | 21.1     |
| eval/episode_reward_std      | 4.35     |
| eval/episode_reward          | 21.3     |
| eval/episode_reward_std      | 3.43     |
| eval/episode_reward          | 24.7     |
| eval/episode_reward_std      | 3.03     |
| eval/episode_reward          | 22.9     |
| eval/episode_reward_std      | 4.01     |
| eval/episode_reward          | 24.1     |
| eval/episode_reward_std      | 3.27     |
| eval/episode_reward          | 23.8     |
| eval/episode_reward_std      | 2.13     |
| eval/episode_reward          | 23       |
| eval/episode_reward_std      | 3.34     |
| eval/episode_reward          | 26.1     |
| eval/episode_reward_std      | 4.36     |
| eval/episode_reward          | 24.2     |
| eval/episode_reward_std      | 2.78     |
| eval/episode_reward          | 53.2     |
| eval/episode_reward_std      | 7.9      |
| eval/episode_reward          | 69.7     |
| eval/episode_reward_std      | 33.3     |
| eval/episode_reward          | 85.3     |
| eval/episode_reward_std      | 27.1     |
| eval/episode_reward          | 97.1     |
| eval/episode_reward_std      | 21.5     |
| eval/episode_reward          | 97.6     |
| eval/episode_reward_std      | 24.1     |
| eval/episode_reward          | 106      |
| eval/episode_reward_std      | 5.62     |
| eval/episode_reward          | 115      |
| eval/episode_reward_std      | 5.9      |
| eval/episode_reward          | 112      |
| eval/episode_reward_std      | 9.75     |
| eval/episode_reward          | 112      |
| eval/episode_reward_std      | 9.31     |
| eval/episode_reward          | 113      |
| eval/episode_reward_std      | 10       |
| eval/episode_reward          | 113      |
| eval/episode_reward_std      | 8.44     |
| eval/episode_reward          | 108      |
| eval/episode_reward_std      | 8.3      |
| eval/episode_reward          | 109      |
| eval/episode_reward_std      | 6.56     |
| eval/episode_reward          | 114      |
| eval/episode_reward_std      | 9.32     |
| eval/episode_reward          | 115      |
| eval/episode_reward_std      | 10.3     |
| eval/episode_reward          | 114      |
| eval/episode_reward_std      | 8.08     |
| eval/episode_reward          | 116      |
| eval/episode_reward_std      | 6.8      |
| eval/episode_reward          | 113      |
| eval/episode_reward_std      | 7.15     |
| eval/episode_reward          | 111      |
| eval/episode_reward_std      | 3.8      |
| eval/episode_reward          | 115      |
| eval/episode_reward_std      | 6.17     |
| eval/episode_reward          | 88.1     |
| eval/episode_reward_std      | 12.7     |
| eval/episode_reward          | 76.2     |
| eval/episode_reward_std      | 5.49     |
| eval/episode_reward          | 72.3     |
| eval/episode_reward_std      | 4.53     |
| eval/episode_reward          | 76.7     |
| eval/episode_reward_std      | 4.21     |
| eval/episode_reward          | 75.3     |
| eval/episode_reward_std      | 5.51     |
| eval/episode_reward          | 72.5     |
| eval/episode_reward_std      | 4.79     |
| eval/episode_reward          | 72.9     |
| eval/episode_reward_std      | 7.68     |
| eval/episode_reward          | 70.9     |
| eval/episode_reward_std      | 5.13     |
| eval/episode_reward          | 75.8     |
| eval/episode_reward_std      | 5.57     |
| eval/episode_reward          | 73.2     |
| eval/episode_reward_std      | 4.61     |
| eval/episode_reward          | 75.5     |
| eval/episode_reward_std      | 5.37     |
| eval/episode_reward          | 74.8     |
| eval/episode_reward_std      | 6.39     |
| eval/episode_reward          | 74.1     |
| eval/episode_reward_std      | 5.31     |
| eval/episode_reward          | 72       |
| eval/episode_reward_std      | 5.49     |
| eval/episode_reward          | 75.8     |
| eval/episode_reward_std      | 4.84     |
| eval/episode_reward          | 77.4     |
| eval/episode_reward_std      | 3.75     |
| eval/episode_reward          | 74       |
| eval/episode_reward_std      | 3.07     |
