-------------------------------  ----------
time/training                    19.1756
evaluation/target_0_return_mean   0
evaluation/target_0_return_std    0
evaluation/target_0_length_mean  40
evaluation/target_0_length_std    0
time/total                       24.2305
time/evaluation                   5.05187
training/train_loss_mean          0.0883166
training/train_loss_std           0.103267
-------------------------------  ----------
-------------------------------  -----------
time/training                    37.2261
evaluation/target_0_return_mean   0
evaluation/target_0_return_std    0
evaluation/target_0_length_mean  40
evaluation/target_0_length_std    0
time/total                       64.1686
time/evaluation                   2.67873
training/train_loss_mean          0.0280827
training/train_loss_std           0.00159857
-------------------------------  -----------
-------------------------------  -----------
time/training                    31.1301
evaluation/target_0_return_mean   0
evaluation/target_0_return_std    0
evaluation/target_0_length_mean  40
evaluation/target_0_length_std    0
time/total                       99.2168
time/evaluation                   3.90773
training/train_loss_mean          0.0268033
training/train_loss_std           0.00164434
-------------------------------  -----------
-------------------------------  ------------
time/training                     33.1422
evaluation/target_0_return_mean    0
evaluation/target_0_return_std     0
evaluation/target_0_length_mean   40
evaluation/target_0_length_std     0
time/total                       137.401
time/evaluation                    5.0414
training/train_loss_mean           0.0262835
training/train_loss_std            0.00156788
-------------------------------  ------------
-------------------------------  ------------
time/training                     24.4906
evaluation/target_0_return_mean    0
evaluation/target_0_return_std     0
evaluation/target_0_length_mean   40
evaluation/target_0_length_std     0
time/total                       167.061
time/evaluation                    5.15747
training/train_loss_mean           0.0258925
training/train_loss_std            0.00167411
-------------------------------  ------------
-------------------------------  ------------
time/training                     33.2812
evaluation/target_0_return_mean    0
evaluation/target_0_return_std     0
evaluation/target_0_length_mean   40
evaluation/target_0_length_std     0
time/total                       205.153
time/evaluation                    4.8102
training/train_loss_mean           0.0259068
training/train_loss_std            0.00162224
-------------------------------  ------------
-------------------------------  ------------
time/training                     26.5745
evaluation/target_0_return_mean    0
evaluation/target_0_return_std     0
evaluation/target_0_length_mean   40
evaluation/target_0_length_std     0
time/total                       238.342
time/evaluation                    6.61245
training/train_loss_mean           0.0255345
training/train_loss_std            0.00146583
-------------------------------  ------------
-------------------------------  ------------
time/training                     22.2999
evaluation/target_0_return_mean    0
evaluation/target_0_return_std     0
evaluation/target_0_length_mean   40
evaluation/target_0_length_std     0
time/total                       265.451
time/evaluation                    4.8085
training/train_loss_mean           0.0255703
training/train_loss_std            0.00150049
-------------------------------  ------------
-------------------------------  ------------
time/training                     17.1899
evaluation/target_0_return_mean    0
evaluation/target_0_return_std     0
evaluation/target_0_length_mean   40
evaluation/target_0_length_std     0
time/total                       286.564
time/evaluation                    3.91145
training/train_loss_mean           0.0254435
training/train_loss_std            0.00150508
-------------------------------  ------------
-------------------------------  ------------
time/training                     29.5293
evaluation/target_0_return_mean    0
evaluation/target_0_return_std     0
evaluation/target_0_length_mean   40
evaluation/target_0_length_std     0
time/total                       321.122
time/evaluation                    5.0275
training/train_loss_mean           0.0254006
training/train_loss_std            0.00153167
-------------------------------  ------------
-------------------------------  ------------
time/training                     26.1323
evaluation/target_0_return_mean    0
evaluation/target_0_return_std     0
evaluation/target_0_length_mean   40
evaluation/target_0_length_std     0
time/total                       351.022
time/evaluation                    3.76619
training/train_loss_mean           0.0254997
training/train_loss_std            0.00149974
-------------------------------  ------------
-------------------------------  -----------
time/training                     29.2827
evaluation/target_0_return_mean    0
evaluation/target_0_return_std     0
evaluation/target_0_length_mean   40
evaluation/target_0_length_std     0
time/total                       384.075
time/evaluation                    3.76419
training/train_loss_mean           0.0255056
training/train_loss_std            0.0014551
-------------------------------  -----------
-------------------------------  ------------
time/training                     30.1646
evaluation/target_0_return_mean    0
evaluation/target_0_return_std     0
evaluation/target_0_length_mean   40
evaluation/target_0_length_std     0
time/total                       418.337
time/evaluation                    4.09084
training/train_loss_mean           0.0254408
training/train_loss_std            0.00146868
-------------------------------  ------------
-------------------------------  ------------
time/training                     30.5863
evaluation/target_0_return_mean    0
evaluation/target_0_return_std     0
evaluation/target_0_length_mean   40
evaluation/target_0_length_std     0
time/total                       453.81
time/evaluation                    4.87618
training/train_loss_mean           0.0253542
training/train_loss_std            0.00150613
-------------------------------  ------------
-------------------------------  ------------
time/training                     24.4696
evaluation/target_0_return_mean    0
evaluation/target_0_return_std     0
evaluation/target_0_length_mean   40
evaluation/target_0_length_std     0
time/total                       482.103
time/evaluation                    3.82273
training/train_loss_mean           0.0255415
training/train_loss_std            0.00151732
-------------------------------  ------------
-------------------------------  -----------
time/training                     15.9775
evaluation/target_0_return_mean    0
evaluation/target_0_return_std     0
evaluation/target_0_length_mean   40
evaluation/target_0_length_std     0
time/total                       501.609
time/evaluation                    3.52758
training/train_loss_mean           0.025375
training/train_loss_std            0.0014968
-------------------------------  -----------
-------------------------------  ------------
time/training                     28.7631
evaluation/target_0_return_mean    0
evaluation/target_0_return_std     0
evaluation/target_0_length_mean   40
evaluation/target_0_length_std     0
time/total                       535.388
time/evaluation                    5.01429
training/train_loss_mean           0.0254494
training/train_loss_std            0.00147522
-------------------------------  ------------
-------------------------------  ------------
time/training                     30.1285
evaluation/target_0_return_mean    0
evaluation/target_0_return_std     0
evaluation/target_0_length_mean   40
evaluation/target_0_length_std     0
time/total                       569.725
time/evaluation                    4.20799
training/train_loss_mean           0.0254333
training/train_loss_std            0.00149473
-------------------------------  ------------
-------------------------------  ------------
time/training                     25.6227
evaluation/target_0_return_mean    0
evaluation/target_0_return_std     0
evaluation/target_0_length_mean   40
evaluation/target_0_length_std     0
time/total                       598.889
time/evaluation                    3.54026
training/train_loss_mean           0.0253316
training/train_loss_std            0.00145899
-------------------------------  ------------
-------------------------------  ------------
time/training                     16.9273
evaluation/target_0_return_mean    0
evaluation/target_0_return_std     0
evaluation/target_0_length_mean   40
evaluation/target_0_length_std     0
time/total                       620.102
time/evaluation                    4.28404
training/train_loss_mean           0.0254683
training/train_loss_std            0.00148338
-------------------------------  ------------
-------------------------------  ------------
time/training                     23.7922
evaluation/target_0_return_mean    0
evaluation/target_0_return_std     0
evaluation/target_0_length_mean   40
evaluation/target_0_length_std     0
time/total                       648.983
time/evaluation                    5.07981
training/train_loss_mean           0.0254339
training/train_loss_std            0.00151687
-------------------------------  ------------
-------------------------------  ------------
time/training                     27.3462
evaluation/target_0_return_mean    0
evaluation/target_0_return_std     0
evaluation/target_0_length_mean   40
evaluation/target_0_length_std     0
time/total                       681.226
time/evaluation                    4.88804
training/train_loss_mean           0.0253958
training/train_loss_std            0.00150863
-------------------------------  ------------
-------------------------------  ------------
time/training                     24.981
evaluation/target_0_return_mean    0
evaluation/target_0_return_std     0
evaluation/target_0_length_mean   40
evaluation/target_0_length_std     0
time/total                       708.86
time/evaluation                    2.65092
training/train_loss_mean           0.0254028
training/train_loss_std            0.00149467
-------------------------------  ------------
-------------------------------  ------------
time/training                     16.7747
evaluation/target_0_return_mean    0
evaluation/target_0_return_std     0
evaluation/target_0_length_mean   40
evaluation/target_0_length_std     0
time/total                       730.568
time/evaluation                    4.92589
training/train_loss_mean           0.0253424
training/train_loss_std            0.00142456
-------------------------------  ------------
-------------------------------  ------------
time/training                     18.9172
evaluation/target_0_return_mean    0
evaluation/target_0_return_std     0
evaluation/target_0_length_mean   40
evaluation/target_0_length_std     0
time/total                       754.016
time/evaluation                    4.52935
training/train_loss_mean           0.0254534
training/train_loss_std            0.00149803
-------------------------------  ------------
-------------------------------  ------------
time/training                     21.7409
evaluation/target_0_return_mean    0
evaluation/target_0_return_std     0
evaluation/target_0_length_mean   40
evaluation/target_0_length_std     0
time/total                       781.509
time/evaluation                    5.75088
training/train_loss_mean           0.0253048
training/train_loss_std            0.00142099
-------------------------------  ------------
-------------------------------  ------------
time/training                     21.5739
evaluation/target_0_return_mean    0
evaluation/target_0_return_std     0
evaluation/target_0_length_mean   40
evaluation/target_0_length_std     0
time/total                       807.934
time/evaluation                    4.80804
training/train_loss_mean           0.0253318
training/train_loss_std            0.00147895
-------------------------------  ------------
-------------------------------  -----------
time/training                     23.6833
evaluation/target_0_return_mean    0
evaluation/target_0_return_std     0
evaluation/target_0_length_mean   40
evaluation/target_0_length_std     0
time/total                       835.825
time/evaluation                    4.1992
training/train_loss_mean           0.0254023
training/train_loss_std            0.00153
-------------------------------  -----------
-------------------------------  ------------
time/training                     17.1668
evaluation/target_0_return_mean    0
evaluation/target_0_return_std     0
evaluation/target_0_length_mean   40
evaluation/target_0_length_std     0
time/total                       856.031
time/evaluation                    3.03835
training/train_loss_mean           0.0253402
training/train_loss_std            0.00152003
-------------------------------  ------------
-------------------------------  ------------
time/training                     24.5981
evaluation/target_0_return_mean    0
evaluation/target_0_return_std     0
evaluation/target_0_length_mean   40
evaluation/target_0_length_std     0
time/total                       884.555
time/evaluation                    3.92487
training/train_loss_mean           0.0253701
training/train_loss_std            0.00149138
-------------------------------  ------------
-------------------------------  ------------
time/training                     28.7239
evaluation/target_0_return_mean    0
evaluation/target_0_return_std     0
evaluation/target_0_length_mean   40
evaluation/target_0_length_std     0
time/total                       917.793
time/evaluation                    4.51188
training/train_loss_mean           0.0253885
training/train_loss_std            0.00148542
-------------------------------  ------------
-------------------------------  ------------
time/training                     34.4109
evaluation/target_0_return_mean    0
evaluation/target_0_return_std     0
evaluation/target_0_length_mean   40
evaluation/target_0_length_std     0
time/total                       957.243
time/evaluation                    5.03754
training/train_loss_mean           0.0253582
training/train_loss_std            0.00147596
-------------------------------  ------------
-------------------------------  ------------
time/training                     28.6682
evaluation/target_0_return_mean    0
evaluation/target_0_return_std     0
evaluation/target_0_length_mean   40
evaluation/target_0_length_std     0
time/total                       991.547
time/evaluation                    5.63481
training/train_loss_mean           0.0254035
training/train_loss_std            0.00144292
-------------------------------  ------------
-------------------------------  -------------
time/training                      25.6776
evaluation/target_0_return_mean     0
evaluation/target_0_return_std      0
evaluation/target_0_length_mean    40
evaluation/target_0_length_std      0
time/total                       1022.48
time/evaluation                     5.23479
training/train_loss_mean            0.0253119
training/train_loss_std             0.00151031
-------------------------------  -------------
-------------------------------  -------------
time/training                      23.5296
evaluation/target_0_return_mean     0
evaluation/target_0_return_std      0
evaluation/target_0_length_mean    40
evaluation/target_0_length_std      0
time/total                       1051.02
time/evaluation                     5.01083
training/train_loss_mean            0.0253419
training/train_loss_std             0.00150041
-------------------------------  -------------
-------------------------------  ------------
time/training                      30.6341
evaluation/target_0_return_mean     0
evaluation/target_0_return_std      0
evaluation/target_0_length_mean    40
evaluation/target_0_length_std      0
time/total                       1091.55
time/evaluation                     9.89563
training/train_loss_mean            0.0253652
training/train_loss_std             0.0014632
-------------------------------  ------------
-------------------------------  -------------
time/training                      31.1523
evaluation/target_0_return_mean     0
evaluation/target_0_return_std      0
evaluation/target_0_length_mean    40
evaluation/target_0_length_std      0
time/total                       1127.89
time/evaluation                     5.19204
training/train_loss_mean            0.0253917
training/train_loss_std             0.00153394
-------------------------------  -------------
-------------------------------  -------------
time/training                      24.0383
evaluation/target_0_return_mean     0
evaluation/target_0_return_std      0
evaluation/target_0_length_mean    40
evaluation/target_0_length_std      0
time/total                       1156.81
time/evaluation                     4.87622
training/train_loss_mean            0.0254579
training/train_loss_std             0.00159302
-------------------------------  -------------
-------------------------------  -------------
time/training                      18.6644
evaluation/target_0_return_mean     0
evaluation/target_0_return_std      0
evaluation/target_0_length_mean    40
evaluation/target_0_length_std      0
time/total                       1179.41
time/evaluation                     3.9384
training/train_loss_mean            0.025407
training/train_loss_std             0.00141983
-------------------------------  -------------
-------------------------------  -------------
time/training                      24.1564
evaluation/target_0_return_mean     0
evaluation/target_0_return_std      0
evaluation/target_0_length_mean    40
evaluation/target_0_length_std      0
time/total                       1209.33
time/evaluation                     5.76299
training/train_loss_mean            0.0253969
training/train_loss_std             0.00142807
-------------------------------  -------------
-------------------------------  -------------
time/training                      18.3131
evaluation/target_0_return_mean     0
evaluation/target_0_return_std      0
evaluation/target_0_length_mean    40
evaluation/target_0_length_std      0
time/total                       1231.93
time/evaluation                     4.28569
training/train_loss_mean            0.0253822
training/train_loss_std             0.00149958
-------------------------------  -------------
-------------------------------  -------------
time/training                      29.7383
evaluation/target_0_return_mean     0
evaluation/target_0_return_std      0
evaluation/target_0_length_mean    40
evaluation/target_0_length_std      0
time/total                       1266.27
time/evaluation                     4.60029
training/train_loss_mean            0.0252949
training/train_loss_std             0.00146518
-------------------------------  -------------
-------------------------------  ------------
time/training                      31.3217
evaluation/target_0_return_mean     0
evaluation/target_0_return_std      0
evaluation/target_0_length_mean    40
evaluation/target_0_length_std      0
time/total                       1300.38
time/evaluation                     2.78091
training/train_loss_mean            0.0254195
training/train_loss_std             0.0014803
-------------------------------  ------------
-------------------------------  -------------
time/training                      31.945
evaluation/target_0_return_mean     0
evaluation/target_0_return_std      0
evaluation/target_0_length_mean    40
evaluation/target_0_length_std      0
time/total                       1335.88
time/evaluation                     3.56092
training/train_loss_mean            0.0254024
training/train_loss_std             0.00149178
-------------------------------  -------------
-------------------------------  -------------
time/training                      29.8072
evaluation/target_0_return_mean     0
evaluation/target_0_return_std      0
evaluation/target_0_length_mean    40
evaluation/target_0_length_std      0
time/total                       1370.51
time/evaluation                     4.81801
training/train_loss_mean            0.0252916
training/train_loss_std             0.00149921
-------------------------------  -------------
-------------------------------  -------------
time/training                      24.0473
evaluation/target_0_return_mean     0
evaluation/target_0_return_std      0
evaluation/target_0_length_mean    40
evaluation/target_0_length_std      0
time/total                       1399.7
time/evaluation                     5.13379
training/train_loss_mean            0.0253762
training/train_loss_std             0.00152372
-------------------------------  -------------
-------------------------------  -------------
time/training                      18.3939
evaluation/target_0_return_mean     0
evaluation/target_0_return_std      0
evaluation/target_0_length_mean    40
evaluation/target_0_length_std      0
time/total                       1423.05
time/evaluation                     4.94208
training/train_loss_mean            0.0254239
training/train_loss_std             0.00147516
-------------------------------  -------------
-------------------------------  -------------
time/training                      25.0323
evaluation/target_0_return_mean     0
evaluation/target_0_return_std      0
evaluation/target_0_length_mean    40
evaluation/target_0_length_std      0
time/total                       1451.19
time/evaluation                     3.11005
training/train_loss_mean            0.0253476
training/train_loss_std             0.00143669
-------------------------------  -------------
-------------------------------  -------------
time/training                      17.3535
evaluation/target_0_return_mean     0
evaluation/target_0_return_std      0
evaluation/target_0_length_mean    40
evaluation/target_0_length_std      0
time/total                       1472.42
time/evaluation                     3.87606
training/train_loss_mean            0.0254097
training/train_loss_std             0.00154354
-------------------------------  -------------
-------------------------------  -------------
time/training                      28.5931
evaluation/target_0_return_mean     0
evaluation/target_0_return_std      0
evaluation/target_0_length_mean    40
evaluation/target_0_length_std      0
time/total                       1505.97
time/evaluation                     4.94704
training/train_loss_mean            0.0253825
training/train_loss_std             0.00154488
-------------------------------  -------------
-------------------------------  -------------
time/training                      24.8924
evaluation/target_0_return_mean     0
evaluation/target_0_return_std      0
evaluation/target_0_length_mean    40
evaluation/target_0_length_std      0
time/total                       1535.68
time/evaluation                     4.80313
training/train_loss_mean            0.0253372
training/train_loss_std             0.00155188
-------------------------------  -------------
-------------------------------  ------------
time/training                      17.2101
evaluation/target_0_return_mean     0
evaluation/target_0_return_std      0
evaluation/target_0_length_mean    40
evaluation/target_0_length_std      0
time/total                       1557.25
time/evaluation                     4.3594
training/train_loss_mean            0.0254362
training/train_loss_std             0.0015258
-------------------------------  ------------
-------------------------------  -------------
time/training                      29.3612
evaluation/target_0_return_mean     0
evaluation/target_0_return_std      0
evaluation/target_0_length_mean    40
evaluation/target_0_length_std      0
time/total                       1591.89
time/evaluation                     5.26846
training/train_loss_mean            0.0253777
training/train_loss_std             0.00142075
-------------------------------  -------------
-------------------------------  -------------
time/training                      27.7032
evaluation/target_0_return_mean     0
evaluation/target_0_return_std      0
evaluation/target_0_length_mean    40
evaluation/target_0_length_std      0
time/total                       1624.44
time/evaluation                     4.85089
training/train_loss_mean            0.0253878
training/train_loss_std             0.00148569
-------------------------------  -------------
-------------------------------  ------------
time/training                      24.6688
evaluation/target_0_return_mean     0
evaluation/target_0_return_std      0
evaluation/target_0_length_mean    40
evaluation/target_0_length_std      0
time/total                       1653.95
time/evaluation                     4.82963
training/train_loss_mean            0.0253996
training/train_loss_std             0.0015032
-------------------------------  ------------
-------------------------------  -------------
time/training                      23.8246
evaluation/target_0_return_mean     0
evaluation/target_0_return_std      0
evaluation/target_0_length_mean    40
evaluation/target_0_length_std      0
time/total                       1683.02
time/evaluation                     5.23409
training/train_loss_mean            0.0253957
training/train_loss_std             0.00150036
-------------------------------  -------------
-------------------------------  -------------
time/training                      22.3442
evaluation/target_0_return_mean     0
evaluation/target_0_return_std      0
evaluation/target_0_length_mean    40
evaluation/target_0_length_std      0
time/total                       1710.46
time/evaluation                     5.09903
training/train_loss_mean            0.0253953
training/train_loss_std             0.00142214
-------------------------------  -------------
-------------------------------  -------------
time/training                      23.7644
evaluation/target_0_return_mean     0
evaluation/target_0_return_std      0
evaluation/target_0_length_mean    40
evaluation/target_0_length_std      0
time/total                       1739.3
time/evaluation                     5.06625
training/train_loss_mean            0.0254471
training/train_loss_std             0.00142723
-------------------------------  -------------
-------------------------------  -------------
time/training                      23.7615
evaluation/target_0_return_mean     0
evaluation/target_0_return_std      0
evaluation/target_0_length_mean    40
evaluation/target_0_length_std      0
time/total                       1768.12
time/evaluation                     5.05434
training/train_loss_mean            0.0254082
training/train_loss_std             0.00153193
-------------------------------  -------------
-------------------------------  -------------
time/training                      23.8775
evaluation/target_0_return_mean     0
evaluation/target_0_return_std      0
evaluation/target_0_length_mean    40
evaluation/target_0_length_std      0
time/total                       1797.48
time/evaluation                     5.47185
training/train_loss_mean            0.0253375
training/train_loss_std             0.00146758
-------------------------------  -------------
-------------------------------  -------------
time/training                      16.3339
evaluation/target_0_return_mean     0
evaluation/target_0_return_std      0
evaluation/target_0_length_mean    40
evaluation/target_0_length_std      0
time/total                       1816.92
time/evaluation                     3.07554
training/train_loss_mean            0.0254041
training/train_loss_std             0.00148569
-------------------------------  -------------
-------------------------------  -------------
time/training                      26.9446
evaluation/target_0_return_mean     0
evaluation/target_0_return_std      0
evaluation/target_0_length_mean    40
evaluation/target_0_length_std      0
time/total                       1847.43
time/evaluation                     3.56254
training/train_loss_mean            0.0254408
training/train_loss_std             0.00152118
-------------------------------  -------------
-------------------------------  -------------
time/training                      25.931
evaluation/target_0_return_mean     0
evaluation/target_0_return_std      0
evaluation/target_0_length_mean    40
evaluation/target_0_length_std      0
time/total                       1875.75
time/evaluation                     2.38874
training/train_loss_mean            0.0254226
training/train_loss_std             0.00146136
-------------------------------  -------------
-------------------------------  -------------
time/training                      27.1514
evaluation/target_0_return_mean     0
evaluation/target_0_return_std      0
evaluation/target_0_length_mean    40
evaluation/target_0_length_std      0
time/total                       1905.52
time/evaluation                     2.6188
training/train_loss_mean            0.0252886
training/train_loss_std             0.00148074
-------------------------------  -------------
-------------------------------  ------------
time/training                      16.2618
evaluation/target_0_return_mean     0
evaluation/target_0_return_std      0
evaluation/target_0_length_mean    40
evaluation/target_0_length_std      0
time/total                       1924.91
time/evaluation                     3.1195
training/train_loss_mean            0.0253758
training/train_loss_std             0.0015255
-------------------------------  ------------
-------------------------------  ------------
time/training                      23.2071
evaluation/target_0_return_mean     0
evaluation/target_0_return_std      0
evaluation/target_0_length_mean    40
evaluation/target_0_length_std      0
time/total                       1953.3
time/evaluation                     5.18269
training/train_loss_mean            0.0253478
training/train_loss_std             0.0014892
-------------------------------  ------------
-------------------------------  -------------
time/training                      24.6245
evaluation/target_0_return_mean     0
evaluation/target_0_return_std      0
evaluation/target_0_length_mean    40
evaluation/target_0_length_std      0
time/total                       1980.93
time/evaluation                     2.99609
training/train_loss_mean            0.0253695
training/train_loss_std             0.00151741
-------------------------------  -------------
-------------------------------  -------------
time/training                      21.8067
evaluation/target_0_return_mean     0
evaluation/target_0_return_std      0
evaluation/target_0_length_mean    40
evaluation/target_0_length_std      0
time/total                       2007.97
time/evaluation                     5.23202
training/train_loss_mean            0.0254
training/train_loss_std             0.00144789
-------------------------------  -------------
-------------------------------  -------------
time/training                      24.9435
evaluation/target_0_return_mean     0
evaluation/target_0_return_std      0
evaluation/target_0_length_mean    40
evaluation/target_0_length_std      0
time/total                       2035.34
time/evaluation                     2.40801
training/train_loss_mean            0.0253623
training/train_loss_std             0.00152987
-------------------------------  -------------
-------------------------------  -------------
time/training                      31.052
evaluation/target_0_return_mean     0
evaluation/target_0_return_std      0
evaluation/target_0_length_mean    40
evaluation/target_0_length_std      0
time/total                       2069.67
time/evaluation                     3.27541
training/train_loss_mean            0.0253981
training/train_loss_std             0.00152829
-------------------------------  -------------
-------------------------------  -------------
time/training                      25.9633
evaluation/target_0_return_mean     0
evaluation/target_0_return_std      0
evaluation/target_0_length_mean    40
evaluation/target_0_length_std      0
time/total                       2098.28
time/evaluation                     2.63903
training/train_loss_mean            0.0254399
training/train_loss_std             0.00152848
-------------------------------  -------------
-------------------------------  -------------
time/training                      23.4678
evaluation/target_0_return_mean     0
evaluation/target_0_return_std      0
evaluation/target_0_length_mean    40
evaluation/target_0_length_std      0
time/total                       2125.58
time/evaluation                     3.83888
training/train_loss_mean            0.0253542
training/train_loss_std             0.00151482
-------------------------------  -------------
-------------------------------  -------------
time/training                      28.4022
evaluation/target_0_return_mean     0
evaluation/target_0_return_std      0
evaluation/target_0_length_mean    40
evaluation/target_0_length_std      0
time/total                       2158.33
time/evaluation                     4.3341
training/train_loss_mean            0.0253403
training/train_loss_std             0.00145628
-------------------------------  -------------
-------------------------------  -------------
time/training                      23.0585
evaluation/target_0_return_mean     0
evaluation/target_0_return_std      0
evaluation/target_0_length_mean    40
evaluation/target_0_length_std      0
time/total                       2185.49
time/evaluation                     4.1031
training/train_loss_mean            0.0253961
training/train_loss_std             0.00152264
-------------------------------  -------------
-------------------------------  -------------
time/training                      23.4981
evaluation/target_0_return_mean     0
evaluation/target_0_return_std      0
evaluation/target_0_length_mean    40
evaluation/target_0_length_std      0
time/total                       2214.49
time/evaluation                     5.50003
training/train_loss_mean            0.0254398
training/train_loss_std             0.00153244
-------------------------------  -------------
-------------------------------  -------------
time/training                      16.528
evaluation/target_0_return_mean     0
evaluation/target_0_return_std      0
evaluation/target_0_length_mean    40
evaluation/target_0_length_std      0
time/total                       2236.16
time/evaluation                     5.14454
training/train_loss_mean            0.0254674
training/train_loss_std             0.00152789
-------------------------------  -------------
-------------------------------  -------------
time/training                      23.6185
evaluation/target_0_return_mean     0
evaluation/target_0_return_std      0
evaluation/target_0_length_mean    40
evaluation/target_0_length_std      0
time/total                       2263.74
time/evaluation                     3.95125
training/train_loss_mean            0.0253156
training/train_loss_std             0.00148786
-------------------------------  -------------
-------------------------------  -------------
time/training                      27.4216
evaluation/target_0_return_mean     0
evaluation/target_0_return_std      0
evaluation/target_0_length_mean    40
evaluation/target_0_length_std      0
time/total                       2293.74
time/evaluation                     2.57985
training/train_loss_mean            0.0253465
training/train_loss_std             0.00144579
-------------------------------  -------------
-------------------------------  -------------
time/training                      26.7057
evaluation/target_0_return_mean     0
evaluation/target_0_return_std      0
evaluation/target_0_length_mean    40
evaluation/target_0_length_std      0
time/total                       2324.99
time/evaluation                     4.52839
training/train_loss_mean            0.0254219
training/train_loss_std             0.00146963
-------------------------------  -------------
-------------------------------  ------------
time/training                      28.3019
evaluation/target_0_return_mean     0
evaluation/target_0_return_std      0
evaluation/target_0_length_mean    40
evaluation/target_0_length_std      0
time/total                       2358.1
time/evaluation                     4.80643
training/train_loss_mean            0.0253888
training/train_loss_std             0.0015749
-------------------------------  ------------
-------------------------------  ------------
time/training                      24.6126
evaluation/target_0_return_mean     0
evaluation/target_0_return_std      0
evaluation/target_0_length_mean    40
evaluation/target_0_length_std      0
time/total                       2386.41
time/evaluation                     3.7
training/train_loss_mean            0.0253682
training/train_loss_std             0.001474
-------------------------------  ------------
-------------------------------  -------------
time/training                      23.7531
evaluation/target_0_return_mean     0
evaluation/target_0_return_std      0
evaluation/target_0_length_mean    40
evaluation/target_0_length_std      0
time/total                       2414.24
time/evaluation                     4.07525
training/train_loss_mean            0.0253659
training/train_loss_std             0.00150905
-------------------------------  -------------
-------------------------------  -------------
time/training                      31.8878
evaluation/target_0_return_mean     0
evaluation/target_0_return_std      0
evaluation/target_0_length_mean    40
evaluation/target_0_length_std      0
time/total                       2449.56
time/evaluation                     3.43099
training/train_loss_mean            0.0253302
training/train_loss_std             0.00143938
-------------------------------  -------------
-------------------------------  -------------
time/training                      30.5603
evaluation/target_0_return_mean     0
evaluation/target_0_return_std      0
evaluation/target_0_length_mean    40
evaluation/target_0_length_std      0
time/total                       2482.65
time/evaluation                     2.52308
training/train_loss_mean            0.0252873
training/train_loss_std             0.00151991
-------------------------------  -------------
-------------------------------  -------------
time/training                      24.7995
evaluation/target_0_return_mean     0
evaluation/target_0_return_std      0
evaluation/target_0_length_mean    40
evaluation/target_0_length_std      0
time/total                       2510.55
time/evaluation                     3.10485
training/train_loss_mean            0.0253634
training/train_loss_std             0.00149232
-------------------------------  -------------
-------------------------------  -------------
time/training                      23.5523
evaluation/target_0_return_mean     0
evaluation/target_0_return_std      0
evaluation/target_0_length_mean    40
evaluation/target_0_length_std      0
time/total                       2537.39
time/evaluation                     3.28841
training/train_loss_mean            0.0254124
training/train_loss_std             0.00148237
-------------------------------  -------------
-------------------------------  -------------
time/training                      25.3043
evaluation/target_0_return_mean     0
evaluation/target_0_return_std      0
evaluation/target_0_length_mean    40
evaluation/target_0_length_std      0
time/total                       2567.43
time/evaluation                     4.72742
training/train_loss_mean            0.0252895
training/train_loss_std             0.00153638
-------------------------------  -------------
-------------------------------  -------------
time/training                      23.6321
evaluation/target_0_return_mean     0
evaluation/target_0_return_std      0
evaluation/target_0_length_mean    40
evaluation/target_0_length_std      0
time/total                       2596.34
time/evaluation                     5.25177
training/train_loss_mean            0.0254044
training/train_loss_std             0.00147262
-------------------------------  -------------
-------------------------------  -------------
time/training                      26.3586
evaluation/target_0_return_mean     0
evaluation/target_0_return_std      0
evaluation/target_0_length_mean    40
evaluation/target_0_length_std      0
time/total                       2629.7
time/evaluation                     6.99434
training/train_loss_mean            0.0253673
training/train_loss_std             0.00148058
-------------------------------  -------------
-------------------------------  -------------
time/training                      21.2179
evaluation/target_0_return_mean     0
evaluation/target_0_return_std      0
evaluation/target_0_length_mean    40
evaluation/target_0_length_std      0
time/total                       2655.46
time/evaluation                     4.52827
training/train_loss_mean            0.0253502
training/train_loss_std             0.00151196
-------------------------------  -------------
-------------------------------  -------------
time/training                      21.2597
evaluation/target_0_return_mean     0
evaluation/target_0_return_std      0
evaluation/target_0_length_mean    40
evaluation/target_0_length_std      0
time/total                       2681.82
time/evaluation                     5.10685
training/train_loss_mean            0.0253882
training/train_loss_std             0.00151701
-------------------------------  -------------
-------------------------------  -------------
time/training                      18.3537
evaluation/target_0_return_mean     0
evaluation/target_0_return_std      0
evaluation/target_0_length_mean    40
evaluation/target_0_length_std      0
time/total                       2703.89
time/evaluation                     3.71006
training/train_loss_mean            0.025279
training/train_loss_std             0.00140239
-------------------------------  -------------
-------------------------------  -------------
time/training                      20.7707
evaluation/target_0_return_mean     0
evaluation/target_0_return_std      0
evaluation/target_0_length_mean    40
evaluation/target_0_length_std      0
time/total                       2728.63
time/evaluation                     3.96277
training/train_loss_mean            0.0252532
training/train_loss_std             0.00143938
-------------------------------  -------------
-------------------------------  ------------
time/training                      25.7844
evaluation/target_0_return_mean     0
evaluation/target_0_return_std      0
evaluation/target_0_length_mean    40
evaluation/target_0_length_std      0
time/total                       2757.82
time/evaluation                     3.40972
training/train_loss_mean            0.0254089
training/train_loss_std             0.0014828
-------------------------------  ------------
-------------------------------  -------------
time/training                      20.8534
evaluation/target_0_return_mean     0
evaluation/target_0_return_std      0
evaluation/target_0_length_mean    40
evaluation/target_0_length_std      0
time/total                       2781.34
time/evaluation                     2.66453
training/train_loss_mean            0.0254097
training/train_loss_std             0.00143463
-------------------------------  -------------
-------------------------------  -------------
time/training                      16.3542
evaluation/target_0_return_mean     0
evaluation/target_0_return_std      0
evaluation/target_0_length_mean    40
evaluation/target_0_length_std      0
time/total                       2800.36
time/evaluation                     2.66531
training/train_loss_mean            0.0254002
training/train_loss_std             0.00154128
-------------------------------  -------------
-------------------------------  -------------
time/training                      11.2482
evaluation/target_0_return_mean     0
evaluation/target_0_return_std      0
evaluation/target_0_length_mean    40
evaluation/target_0_length_std      0
time/total                       2814.04
time/evaluation                     2.40624
training/train_loss_mean            0.0253932
training/train_loss_std             0.00150766
-------------------------------  -------------
-------------------------------  -------------
time/training                      12.4946
evaluation/target_0_return_mean     0
evaluation/target_0_return_std      0
evaluation/target_0_length_mean    40
evaluation/target_0_length_std      0
time/total                       2828.9
time/evaluation                     2.36269
training/train_loss_mean            0.0254199
training/train_loss_std             0.00149425
-------------------------------  -------------
-------------------------------  -------------
time/training                      10.2076
evaluation/target_0_return_mean     0
evaluation/target_0_return_std      0
evaluation/target_0_length_mean    40
evaluation/target_0_length_std      0
time/total                       2841.55
time/evaluation                     2.44439
training/train_loss_mean            0.025373
training/train_loss_std             0.00152176
-------------------------------  -------------
-------------------------------  -------------
time/training                       9.39493
evaluation/target_0_return_mean     0
evaluation/target_0_return_std      0
evaluation/target_0_length_mean    40
evaluation/target_0_length_std      0
time/total                       2853.25
time/evaluation                     2.30479
training/train_loss_mean            0.0253431
training/train_loss_std             0.00150462
-------------------------------  -------------
