-------------------------------  -----------
time/training                      8.19143
evaluation/target_0_return_mean   48.9481
evaluation/target_0_return_std     4.56362
evaluation/target_0_length_mean  194.5
evaluation/target_0_length_std     6.57647
time/total                         9.70122
time/evaluation                    1.50272
training/train_loss_mean           0.3483
training/train_loss_std            0.0428698
-------------------------------  -----------
-------------------------------  -----------
time/training                      7.24129
evaluation/target_0_return_mean   55.2087
evaluation/target_0_return_std    10.457
evaluation/target_0_length_mean  199.6
evaluation/target_0_length_std     1.2
time/total                        18.4843
time/evaluation                    1.53812
training/train_loss_mean           0.208458
training/train_loss_std            0.0477881
-------------------------------  -----------
-------------------------------  -----------
time/training                      7.25385
evaluation/target_0_return_mean   51.5743
evaluation/target_0_return_std     7.84497
evaluation/target_0_length_mean  177.1
evaluation/target_0_length_std    18.1353
time/total                        27.1122
time/evaluation                    1.37048
training/train_loss_mean           0.108902
training/train_loss_std            0.0294293
-------------------------------  -----------
-------------------------------  -----------
time/training                      7.26693
evaluation/target_0_return_mean   52.1802
evaluation/target_0_return_std     4.24375
evaluation/target_0_length_mean  183.7
evaluation/target_0_length_std    15.9816
time/total                        35.7973
time/evaluation                    1.41715
training/train_loss_mean           0.0782853
training/train_loss_std            0.0235878
-------------------------------  -----------
-------------------------------  -----------
time/training                      7.24545
evaluation/target_0_return_mean   48.461
evaluation/target_0_return_std     9.02508
evaluation/target_0_length_mean  172.9
evaluation/target_0_length_std    22.2461
time/total                        44.3887
time/evaluation                    1.34501
training/train_loss_mean           0.0637217
training/train_loss_std            0.0203678
-------------------------------  -----------
-------------------------------  -----------
time/training                      7.35282
evaluation/target_0_return_mean   42.8633
evaluation/target_0_return_std    14.771
evaluation/target_0_length_mean  155.5
evaluation/target_0_length_std    32.5768
time/total                        52.9425
time/evaluation                    1.20008
training/train_loss_mean           0.0556382
training/train_loss_std            0.0184429
-------------------------------  -----------
-------------------------------  -----------
time/training                      7.33695
evaluation/target_0_return_mean   33.9645
evaluation/target_0_return_std    11.282
evaluation/target_0_length_mean  129.8
evaluation/target_0_length_std    24.4328
time/total                        61.5049
time/evaluation                    1.22447
training/train_loss_mean           0.052222
training/train_loss_std            0.0184362
-------------------------------  -----------
-------------------------------  -----------
time/training                      7.8653
evaluation/target_0_return_mean   37.6715
evaluation/target_0_return_std    11.9664
evaluation/target_0_length_mean  137.3
evaluation/target_0_length_std    27.8067
time/total                        70.8509
time/evaluation                    1.47985
training/train_loss_mean           0.0469237
training/train_loss_std            0.0173696
-------------------------------  -----------
-------------------------------  -----------
time/training                      7.82334
evaluation/target_0_return_mean   26.2418
evaluation/target_0_return_std     9.09105
evaluation/target_0_length_mean  109.7
evaluation/target_0_length_std    23.4011
time/total                        79.8388
time/evaluation                    1.16374
training/train_loss_mean           0.0435006
training/train_loss_std            0.0165837
-------------------------------  -----------
-------------------------------  -----------
time/training                      7.8664
evaluation/target_0_return_mean   24.6723
evaluation/target_0_return_std     7.19157
evaluation/target_0_length_mean  111.4
evaluation/target_0_length_std    31.3535
time/total                        88.7482
time/evaluation                    1.04197
training/train_loss_mean           0.0412343
training/train_loss_std            0.0158661
-------------------------------  -----------
-------------------------------  -----------
time/training                      7.88736
evaluation/target_0_return_mean   35.2621
evaluation/target_0_return_std    11.4079
evaluation/target_0_length_mean  147.5
evaluation/target_0_length_std    37.8398
time/total                        97.99
time/evaluation                    1.35366
training/train_loss_mean           0.0381203
training/train_loss_std            0.015971
-------------------------------  -----------
-------------------------------  -----------
time/training                      7.9704
evaluation/target_0_return_mean   30.2141
evaluation/target_0_return_std    15.0107
evaluation/target_0_length_mean  118.4
evaluation/target_0_length_std    44.055
time/total                       107.039
time/evaluation                    1.07726
training/train_loss_mean           0.0360563
training/train_loss_std            0.0149528
-------------------------------  -----------
-------------------------------  -----------
time/training                      7.90022
evaluation/target_0_return_mean   32.3536
evaluation/target_0_return_std    15.5776
evaluation/target_0_length_mean  123.2
evaluation/target_0_length_std    44.5933
time/total                       116.078
time/evaluation                    1.13812
training/train_loss_mean           0.0338988
training/train_loss_std            0.014661
-------------------------------  -----------
-------------------------------  -----------
time/training                      7.90249
evaluation/target_0_return_mean   24.0085
evaluation/target_0_return_std     7.37981
evaluation/target_0_length_mean  113.6
evaluation/target_0_length_std    43.47
time/total                       125.016
time/evaluation                    1.03475
training/train_loss_mean           0.0326825
training/train_loss_std            0.0142827
-------------------------------  -----------
-------------------------------  -----------
time/training                      7.89057
evaluation/target_0_return_mean   33.6995
evaluation/target_0_return_std    14.168
evaluation/target_0_length_mean  135.5
evaluation/target_0_length_std    46.543
time/total                       134.178
time/evaluation                    1.27025
training/train_loss_mean           0.0316557
training/train_loss_std            0.0142826
-------------------------------  -----------
-------------------------------  -----------
time/training                      7.87334
evaluation/target_0_return_mean   29.1467
evaluation/target_0_return_std    13.9678
evaluation/target_0_length_mean  115.3
evaluation/target_0_length_std    43.0141
time/total                       143.217
time/evaluation                    1.16474
training/train_loss_mean           0.0301315
training/train_loss_std            0.0133137
-------------------------------  -----------
-------------------------------  -----------
time/training                      7.83012
evaluation/target_0_return_mean   42.7657
evaluation/target_0_return_std    16.0868
evaluation/target_0_length_mean  162.4
evaluation/target_0_length_std    43.8023
time/total                       152.734
time/evaluation                    1.68634
training/train_loss_mean           0.0299679
training/train_loss_std            0.0137622
-------------------------------  -----------
-------------------------------  -----------
time/training                      7.86643
evaluation/target_0_return_mean   27.6419
evaluation/target_0_return_std    10.6683
evaluation/target_0_length_mean  122.5
evaluation/target_0_length_std    33.4133
time/total                       161.927
time/evaluation                    1.32555
training/train_loss_mean           0.0282084
training/train_loss_std            0.0137179
-------------------------------  -----------
-------------------------------  -----------
time/training                      7.86442
evaluation/target_0_return_mean   30.7188
evaluation/target_0_return_std    13.7674
evaluation/target_0_length_mean  137.3
evaluation/target_0_length_std    41.4103
time/total                       171.274
time/evaluation                    1.48174
training/train_loss_mean           0.0275149
training/train_loss_std            0.0135974
-------------------------------  -----------
-------------------------------  -----------
time/training                      7.82208
evaluation/target_0_return_mean   31.3207
evaluation/target_0_return_std    16.1559
evaluation/target_0_length_mean  125.9
evaluation/target_0_length_std    50.4568
time/total                       180.433
time/evaluation                    1.33591
training/train_loss_mean           0.0267644
training/train_loss_std            0.0128809
-------------------------------  -----------
-------------------------------  -----------
time/training                      7.89631
evaluation/target_0_return_mean   29.4853
evaluation/target_0_return_std    11.1504
evaluation/target_0_length_mean  131.8
evaluation/target_0_length_std    46.2121
time/total                       189.637
time/evaluation                    1.3069
training/train_loss_mean           0.0254757
training/train_loss_std            0.0124538
-------------------------------  -----------
-------------------------------  -----------
time/training                      7.85813
evaluation/target_0_return_mean   38.119
evaluation/target_0_return_std    13.4829
evaluation/target_0_length_mean  170
evaluation/target_0_length_std    43.4143
time/total                       199.124
time/evaluation                    1.62848
training/train_loss_mean           0.0268023
training/train_loss_std            0.0135583
-------------------------------  -----------
-------------------------------  -----------
time/training                      7.85621
evaluation/target_0_return_mean   39.704
evaluation/target_0_return_std    17.8905
evaluation/target_0_length_mean  148
evaluation/target_0_length_std    49.687
time/total                       208.352
time/evaluation                    1.37059
training/train_loss_mean           0.0252769
training/train_loss_std            0.0128794
-------------------------------  -----------
-------------------------------  -----------
time/training                      7.85815
evaluation/target_0_return_mean   48.5714
evaluation/target_0_return_std    18.4225
evaluation/target_0_length_mean  175.8
evaluation/target_0_length_std    44.591
time/total                       217.831
time/evaluation                    1.61974
training/train_loss_mean           0.0246332
training/train_loss_std            0.0123606
-------------------------------  -----------
-------------------------------  -----------
time/training                      7.92721
evaluation/target_0_return_mean   33.9427
evaluation/target_0_return_std    13.0905
evaluation/target_0_length_mean  151.5
evaluation/target_0_length_std    47.7959
time/total                       227.144
time/evaluation                    1.3846
training/train_loss_mean           0.0244206
training/train_loss_std            0.0126452
-------------------------------  -----------
-------------------------------  -----------
time/training                      7.87186
evaluation/target_0_return_mean   43.5481
evaluation/target_0_return_std    13.7741
evaluation/target_0_length_mean  169
evaluation/target_0_length_std    42.4405
time/total                       236.551
time/evaluation                    1.535
training/train_loss_mean           0.0233008
training/train_loss_std            0.0126763
-------------------------------  -----------
-------------------------------  -----------
time/training                      7.86712
evaluation/target_0_return_mean   35.1859
evaluation/target_0_return_std     9.7028
evaluation/target_0_length_mean  169.7
evaluation/target_0_length_std    43.0861
time/total                       245.955
time/evaluation                    1.53539
training/train_loss_mean           0.0226833
training/train_loss_std            0.0124502
-------------------------------  -----------
-------------------------------  -----------
time/training                      7.9122
evaluation/target_0_return_mean   31.9351
evaluation/target_0_return_std    12.4759
evaluation/target_0_length_mean  148
evaluation/target_0_length_std    52.2092
time/total                       255.21
time/evaluation                    1.34229
training/train_loss_mean           0.0228799
training/train_loss_std            0.0129511
-------------------------------  -----------
-------------------------------  -----------
time/training                      7.84926
evaluation/target_0_return_mean   33.9393
evaluation/target_0_return_std    14.4709
evaluation/target_0_length_mean  147.3
evaluation/target_0_length_std    46.8146
time/total                       264.396
time/evaluation                    1.33548
training/train_loss_mean           0.0232198
training/train_loss_std            0.012747
-------------------------------  -----------
-------------------------------  -----------
time/training                      7.86304
evaluation/target_0_return_mean   35.6813
evaluation/target_0_return_std    18.4879
evaluation/target_0_length_mean  144.4
evaluation/target_0_length_std    55.6169
time/total                       273.585
time/evaluation                    1.3249
training/train_loss_mean           0.022176
training/train_loss_std            0.0119798
-------------------------------  -----------
-------------------------------  -----------
time/training                      7.86504
evaluation/target_0_return_mean   36.6953
evaluation/target_0_return_std    15.2188
evaluation/target_0_length_mean  155.6
evaluation/target_0_length_std    52.1732
time/total                       282.899
time/evaluation                    1.44835
training/train_loss_mean           0.0220368
training/train_loss_std            0.0123298
-------------------------------  -----------
-------------------------------  -----------
time/training                      7.92602
evaluation/target_0_return_mean   36.2203
evaluation/target_0_return_std    15.844
evaluation/target_0_length_mean  147.5
evaluation/target_0_length_std    49.496
time/total                       292.209
time/evaluation                    1.38291
training/train_loss_mean           0.021445
training/train_loss_std            0.0123028
-------------------------------  -----------
-------------------------------  -----------
time/training                      7.83283
evaluation/target_0_return_mean   36.9542
evaluation/target_0_return_std    17.4715
evaluation/target_0_length_mean  154.3
evaluation/target_0_length_std    50.6676
time/total                       301.528
time/evaluation                    1.48521
training/train_loss_mean           0.0212687
training/train_loss_std            0.0114303
-------------------------------  -----------
-------------------------------  -----------
time/training                      7.83353
evaluation/target_0_return_mean   46.3435
evaluation/target_0_return_std    16.5853
evaluation/target_0_length_mean  177.5
evaluation/target_0_length_std    38.6089
time/total                       311.086
time/evaluation                    1.72348
training/train_loss_mean           0.0210961
training/train_loss_std            0.0115102
-------------------------------  -----------
-------------------------------  -----------
time/training                      7.84374
evaluation/target_0_return_mean   43.466
evaluation/target_0_return_std     7.26831
evaluation/target_0_length_mean  182.8
evaluation/target_0_length_std    29.7214
time/total                       320.676
time/evaluation                    1.74637
training/train_loss_mean           0.0209168
training/train_loss_std            0.0114802
-------------------------------  -----------
-------------------------------  -----------
time/training                      7.83726
evaluation/target_0_return_mean   35.1071
evaluation/target_0_return_std    21.6764
evaluation/target_0_length_mean  136
evaluation/target_0_length_std    50.9627
time/total                       329.834
time/evaluation                    1.31965
training/train_loss_mean           0.0206695
training/train_loss_std            0.0118981
-------------------------------  -----------
-------------------------------  -----------
time/training                      7.83358
evaluation/target_0_return_mean   41.4559
evaluation/target_0_return_std    16.1351
evaluation/target_0_length_mean  161.3
evaluation/target_0_length_std    47.9939
time/total                       339.385
time/evaluation                    1.71574
training/train_loss_mean           0.0206001
training/train_loss_std            0.0112603
-------------------------------  -----------
-------------------------------  -----------
time/training                      7.88247
evaluation/target_0_return_mean   39.7678
evaluation/target_0_return_std    16.7774
evaluation/target_0_length_mean  160.2
evaluation/target_0_length_std    43.3839
time/total                       348.98
time/evaluation                    1.71226
training/train_loss_mean           0.0209554
training/train_loss_std            0.0113758
-------------------------------  -----------
-------------------------------  -----------
time/training                      7.84263
evaluation/target_0_return_mean   37.1343
evaluation/target_0_return_std    14.8905
evaluation/target_0_length_mean  154.8
evaluation/target_0_length_std    47.7531
time/total                       358.489
time/evaluation                    1.66552
training/train_loss_mean           0.0196418
training/train_loss_std            0.0108798
-------------------------------  -----------
-------------------------------  -----------
time/training                      7.83674
evaluation/target_0_return_mean   41.4649
evaluation/target_0_return_std    19.2663
evaluation/target_0_length_mean  182.9
evaluation/target_0_length_std    35.141
time/total                       368.276
time/evaluation                    1.94906
training/train_loss_mean           0.020208
training/train_loss_std            0.0113152
-------------------------------  -----------
-------------------------------  -----------
time/training                      7.91396
evaluation/target_0_return_mean   30.1314
evaluation/target_0_return_std    10.9284
evaluation/target_0_length_mean  148.4
evaluation/target_0_length_std    47.5903
time/total                       377.756
time/evaluation                    1.56503
training/train_loss_mean           0.0191915
training/train_loss_std            0.0108537
-------------------------------  -----------
-------------------------------  -----------
time/training                      7.83293
evaluation/target_0_return_mean   39.5913
evaluation/target_0_return_std    14.7708
evaluation/target_0_length_mean  152.7
evaluation/target_0_length_std    50.3926
time/total                       387.184
time/evaluation                    1.59367
training/train_loss_mean           0.0193851
training/train_loss_std            0.0110938
-------------------------------  -----------
-------------------------------  -----------
time/training                      7.82065
evaluation/target_0_return_mean   39.0506
evaluation/target_0_return_std    11.2739
evaluation/target_0_length_mean  185
evaluation/target_0_length_std    33.6333
time/total                       396.986
time/evaluation                    1.98041
training/train_loss_mean           0.0186634
training/train_loss_std            0.010184
-------------------------------  -----------
-------------------------------  -----------
time/training                      7.82249
evaluation/target_0_return_mean   34.1422
evaluation/target_0_return_std    13.0717
evaluation/target_0_length_mean  161.3
evaluation/target_0_length_std    45.6378
time/total                       406.597
time/evaluation                    1.78747
training/train_loss_mean           0.019414
training/train_loss_std            0.0110619
-------------------------------  -----------
-------------------------------  -----------
time/training                      7.80131
evaluation/target_0_return_mean   33.9663
evaluation/target_0_return_std    10.0299
evaluation/target_0_length_mean  148.6
evaluation/target_0_length_std    43.3248
time/total                       416.007
time/evaluation                    1.60799
training/train_loss_mean           0.0195036
training/train_loss_std            0.0118007
-------------------------------  -----------
-------------------------------  -----------
time/training                      7.79043
evaluation/target_0_return_mean   36.0549
evaluation/target_0_return_std    12.5231
evaluation/target_0_length_mean  175.8
evaluation/target_0_length_std    38.8067
time/total                       425.69
time/evaluation                    1.89154
training/train_loss_mean           0.0187441
training/train_loss_std            0.0111954
-------------------------------  -----------
-------------------------------  -----------
time/training                      7.85527
evaluation/target_0_return_mean   43.0457
evaluation/target_0_return_std    13.5939
evaluation/target_0_length_mean  165.4
evaluation/target_0_length_std    39.4365
time/total                       435.376
time/evaluation                    1.83027
training/train_loss_mean           0.0185918
training/train_loss_std            0.0110901
-------------------------------  -----------
-------------------------------  -----------
time/training                      7.81203
evaluation/target_0_return_mean   35.7076
evaluation/target_0_return_std    12.5154
evaluation/target_0_length_mean  166.7
evaluation/target_0_length_std    47.6614
time/total                       444.987
time/evaluation                    1.7979
training/train_loss_mean           0.0187756
training/train_loss_std            0.0111324
-------------------------------  -----------
-------------------------------  -----------
time/training                      7.8188
evaluation/target_0_return_mean   30.3976
evaluation/target_0_return_std    10.4954
evaluation/target_0_length_mean  135.9
evaluation/target_0_length_std    39.1368
time/total                       454.277
time/evaluation                    1.47037
training/train_loss_mean           0.0189636
training/train_loss_std            0.0108083
-------------------------------  -----------
-------------------------------  -----------
time/training                      7.84862
evaluation/target_0_return_mean   37.3621
evaluation/target_0_return_std    10.5593
evaluation/target_0_length_mean  181.7
evaluation/target_0_length_std    33.4127
time/total                       464.016
time/evaluation                    1.89004
training/train_loss_mean           0.0183163
training/train_loss_std            0.0111404
-------------------------------  -----------
-------------------------------  -----------
time/training                      7.90787
evaluation/target_0_return_mean   33.1597
evaluation/target_0_return_std     9.82917
evaluation/target_0_length_mean  169
evaluation/target_0_length_std    39.7744
time/total                       473.65
time/evaluation                    1.72437
training/train_loss_mean           0.0185141
training/train_loss_std            0.0113608
-------------------------------  -----------
-------------------------------  -----------
time/training                      7.85046
evaluation/target_0_return_mean   33.724
evaluation/target_0_return_std     8.08814
evaluation/target_0_length_mean  184.6
evaluation/target_0_length_std    32.4598
time/total                       483.356
time/evaluation                    1.85504
training/train_loss_mean           0.0181887
training/train_loss_std            0.0106947
-------------------------------  -----------
-------------------------------  -----------
time/training                      7.86684
evaluation/target_0_return_mean   41.9222
evaluation/target_0_return_std    15.9482
evaluation/target_0_length_mean  174.3
evaluation/target_0_length_std    41.5597
time/total                       492.949
time/evaluation                    1.72496
training/train_loss_mean           0.0177086
training/train_loss_std            0.0109209
-------------------------------  -----------
-------------------------------  -----------
time/training                      7.87682
evaluation/target_0_return_mean   35.8865
evaluation/target_0_return_std     8.25379
evaluation/target_0_length_mean  161.3
evaluation/target_0_length_std    45.5171
time/total                       502.392
time/evaluation                    1.56498
training/train_loss_mean           0.0182484
training/train_loss_std            0.0113072
-------------------------------  -----------
-------------------------------  -----------
time/training                      7.87766
evaluation/target_0_return_mean   38.3459
evaluation/target_0_return_std    13.0831
evaluation/target_0_length_mean  167.9
evaluation/target_0_length_std    49.0356
time/total                       511.87
time/evaluation                    1.59943
training/train_loss_mean           0.0175138
training/train_loss_std            0.0113564
-------------------------------  -----------
-------------------------------  -----------
time/training                      7.90617
evaluation/target_0_return_mean   26.2777
evaluation/target_0_return_std    10.9484
evaluation/target_0_length_mean  125
evaluation/target_0_length_std    49.1772
time/total                       520.919
time/evaluation                    1.14254
training/train_loss_mean           0.0178471
training/train_loss_std            0.0108135
-------------------------------  -----------
-------------------------------  -----------
time/training                      7.94587
evaluation/target_0_return_mean   35.9668
evaluation/target_0_return_std     8.09826
evaluation/target_0_length_mean  182.3
evaluation/target_0_length_std    34.9201
time/total                       530.566
time/evaluation                    1.69993
training/train_loss_mean           0.0171085
training/train_loss_std            0.0104258
-------------------------------  -----------
-------------------------------  -----------
time/training                      7.98767
evaluation/target_0_return_mean   32.0867
evaluation/target_0_return_std     9.34906
evaluation/target_0_length_mean  154.6
evaluation/target_0_length_std    48.9228
time/total                       540.026
time/evaluation                    1.47208
training/train_loss_mean           0.0168516
training/train_loss_std            0.0106353
-------------------------------  -----------
-------------------------------  -----------
time/training                      7.86576
evaluation/target_0_return_mean   32.0357
evaluation/target_0_return_std     9.38831
evaluation/target_0_length_mean  165.8
evaluation/target_0_length_std    52.4839
time/total                       549.474
time/evaluation                    1.58118
training/train_loss_mean           0.0171414
training/train_loss_std            0.0107884
-------------------------------  -----------
-------------------------------  -----------
time/training                      7.87377
evaluation/target_0_return_mean   31.2918
evaluation/target_0_return_std    10.908
evaluation/target_0_length_mean  156
evaluation/target_0_length_std    54.1664
time/total                       558.895
time/evaluation                    1.54642
training/train_loss_mean           0.0174948
training/train_loss_std            0.0105948
-------------------------------  -----------
-------------------------------  ------------
time/training                      7.85304
evaluation/target_0_return_mean   34.5249
evaluation/target_0_return_std    13.7165
evaluation/target_0_length_mean  154.5
evaluation/target_0_length_std    51.8175
time/total                       568.332
time/evaluation                    1.58286
training/train_loss_mean           0.016708
training/train_loss_std            0.00980629
-------------------------------  ------------
-------------------------------  -----------
time/training                      7.84626
evaluation/target_0_return_mean   31.3981
evaluation/target_0_return_std    10.2354
evaluation/target_0_length_mean  165.6
evaluation/target_0_length_std    52.783
time/total                       577.917
time/evaluation                    1.73747
training/train_loss_mean           0.0166599
training/train_loss_std            0.0102805
-------------------------------  -----------
-------------------------------  -----------
time/training                      7.89622
evaluation/target_0_return_mean   32.845
evaluation/target_0_return_std    12.0583
evaluation/target_0_length_mean  152.4
evaluation/target_0_length_std    45.6973
time/total                       587.426
time/evaluation                    1.61241
training/train_loss_mean           0.0166291
training/train_loss_std            0.0103926
-------------------------------  -----------
-------------------------------  -----------
time/training                      7.82399
evaluation/target_0_return_mean   34.4808
evaluation/target_0_return_std     9.32014
evaluation/target_0_length_mean  158.8
evaluation/target_0_length_std    44.7723
time/total                       596.953
time/evaluation                    1.70179
training/train_loss_mean           0.016721
training/train_loss_std            0.0105968
-------------------------------  -----------
-------------------------------  -----------
time/training                      7.85131
evaluation/target_0_return_mean   28.7911
evaluation/target_0_return_std    11.3271
evaluation/target_0_length_mean  132.8
evaluation/target_0_length_std    47.5664
time/total                       606.172
time/evaluation                    1.36672
training/train_loss_mean           0.0171017
training/train_loss_std            0.0101699
-------------------------------  -----------
-------------------------------  -----------
time/training                      7.89068
evaluation/target_0_return_mean   35.4966
evaluation/target_0_return_std    11.5385
evaluation/target_0_length_mean  168.1
evaluation/target_0_length_std    39.9411
time/total                       615.68
time/evaluation                    1.61662
training/train_loss_mean           0.0165826
training/train_loss_std            0.0101813
-------------------------------  -----------
-------------------------------  -----------
time/training                      7.87258
evaluation/target_0_return_mean   33.1626
evaluation/target_0_return_std    10.6175
evaluation/target_0_length_mean  167.2
evaluation/target_0_length_std    49.7208
time/total                       625.144
time/evaluation                    1.59073
training/train_loss_mean           0.0164331
training/train_loss_std            0.0101632
-------------------------------  -----------
-------------------------------  -----------
time/training                      7.89065
evaluation/target_0_return_mean   32.2288
evaluation/target_0_return_std    10.8087
evaluation/target_0_length_mean  146.8
evaluation/target_0_length_std    50.2927
time/total                       634.368
time/evaluation                    1.33196
training/train_loss_mean           0.0165581
training/train_loss_std            0.0101871
-------------------------------  -----------
-------------------------------  -----------
time/training                      7.91047
evaluation/target_0_return_mean   34.3552
evaluation/target_0_return_std     7.1835
evaluation/target_0_length_mean  184.1
evaluation/target_0_length_std    34.2592
time/total                       643.967
time/evaluation                    1.6876
training/train_loss_mean           0.0163781
training/train_loss_std            0.0102942
-------------------------------  -----------
-------------------------------  -----------
time/training                      7.95774
evaluation/target_0_return_mean   32.4915
evaluation/target_0_return_std    12.2966
evaluation/target_0_length_mean  164.5
evaluation/target_0_length_std    48.9985
time/total                       653.438
time/evaluation                    1.51223
training/train_loss_mean           0.0164295
training/train_loss_std            0.0099905
-------------------------------  -----------
-------------------------------  -----------
time/training                      7.90669
evaluation/target_0_return_mean   32.3717
evaluation/target_0_return_std     9.69169
evaluation/target_0_length_mean  155.1
evaluation/target_0_length_std    55.1225
time/total                       662.754
time/evaluation                    1.40908
training/train_loss_mean           0.0165527
training/train_loss_std            0.0101406
-------------------------------  -----------
-------------------------------  -----------
time/training                      7.9233
evaluation/target_0_return_mean   37.0153
evaluation/target_0_return_std    10.1905
evaluation/target_0_length_mean  168.3
evaluation/target_0_length_std    45.9348
time/total                       672.215
time/evaluation                    1.53669
training/train_loss_mean           0.0162482
training/train_loss_std            0.0104577
-------------------------------  -----------
-------------------------------  -----------
time/training                      7.91047
evaluation/target_0_return_mean   25.8123
evaluation/target_0_return_std     7.48858
evaluation/target_0_length_mean  129.5
evaluation/target_0_length_std    45.7783
time/total                       681.308
time/evaluation                    1.18146
training/train_loss_mean           0.0165335
training/train_loss_std            0.010667
-------------------------------  -----------
-------------------------------  -----------
time/training                      7.89895
evaluation/target_0_return_mean   32.837
evaluation/target_0_return_std    11.5879
evaluation/target_0_length_mean  166.8
evaluation/target_0_length_std    50.7224
time/total                       690.74
time/evaluation                    1.53199
training/train_loss_mean           0.0160517
training/train_loss_std            0.0095939
-------------------------------  -----------
-------------------------------  -----------
time/training                      7.94331
evaluation/target_0_return_mean   33.3088
evaluation/target_0_return_std     8.47132
evaluation/target_0_length_mean  166.6
evaluation/target_0_length_std    46.1978
time/total                       700.212
time/evaluation                    1.5278
training/train_loss_mean           0.0164149
training/train_loss_std            0.0102897
-------------------------------  -----------
-------------------------------  -----------
time/training                      7.95569
evaluation/target_0_return_mean   33.3275
evaluation/target_0_return_std    10.8682
evaluation/target_0_length_mean  175.8
evaluation/target_0_length_std    41.8731
time/total                       709.766
time/evaluation                    1.59712
training/train_loss_mean           0.0159791
training/train_loss_std            0.010325
-------------------------------  -----------
-------------------------------  -----------
time/training                      7.89103
evaluation/target_0_return_mean   27.609
evaluation/target_0_return_std     8.68052
evaluation/target_0_length_mean  156.3
evaluation/target_0_length_std    49.8178
time/total                       719.114
time/evaluation                    1.45623
training/train_loss_mean           0.0156921
training/train_loss_std            0.0102318
-------------------------------  -----------
-------------------------------  -----------
time/training                      7.89379
evaluation/target_0_return_mean   39.5392
evaluation/target_0_return_std     6.68345
evaluation/target_0_length_mean  198.8
evaluation/target_0_length_std     3.6
time/total                       728.948
time/evaluation                    1.93908
training/train_loss_mean           0.0161476
training/train_loss_std            0.010422
-------------------------------  -----------
-------------------------------  -----------
time/training                      7.88917
evaluation/target_0_return_mean   29.4888
evaluation/target_0_return_std     7.39012
evaluation/target_0_length_mean  156.9
evaluation/target_0_length_std    52.3822
time/total                       738.411
time/evaluation                    1.5734
training/train_loss_mean           0.015255
training/train_loss_std            0.0098785
-------------------------------  -----------
-------------------------------  ------------
time/training                      7.83367
evaluation/target_0_return_mean   31.8061
evaluation/target_0_return_std     9.48014
evaluation/target_0_length_mean  166.3
evaluation/target_0_length_std    47.3773
time/total                       747.997
time/evaluation                    1.75084
training/train_loss_mean           0.0159943
training/train_loss_std            0.00980914
-------------------------------  ------------
-------------------------------  ------------
time/training                      7.82194
evaluation/target_0_return_mean   37.6653
evaluation/target_0_return_std     7.31969
evaluation/target_0_length_mean  184.1
evaluation/target_0_length_std    32.1386
time/total                       757.77
time/evaluation                    1.95034
training/train_loss_mean           0.0156608
training/train_loss_std            0.00963859
-------------------------------  ------------
-------------------------------  -----------
time/training                      7.89071
evaluation/target_0_return_mean   32.65
evaluation/target_0_return_std     6.56705
evaluation/target_0_length_mean  179.5
evaluation/target_0_length_std    32.8123
time/total                       767.584
time/evaluation                    1.92207
training/train_loss_mean           0.0160952
training/train_loss_std            0.0103756
-------------------------------  -----------
-------------------------------  -----------
time/training                      7.82941
evaluation/target_0_return_mean   30.4527
evaluation/target_0_return_std     8.60886
evaluation/target_0_length_mean  154.9
evaluation/target_0_length_std    51.9451
time/total                       777.13
time/evaluation                    1.71601
training/train_loss_mean           0.0152696
training/train_loss_std            0.0095377
-------------------------------  -----------
-------------------------------  -----------
time/training                      7.80309
evaluation/target_0_return_mean   36.7873
evaluation/target_0_return_std    10.2631
evaluation/target_0_length_mean  167.8
evaluation/target_0_length_std    43.3746
time/total                       786.821
time/evaluation                    1.88679
training/train_loss_mean           0.0152289
training/train_loss_std            0.0094978
-------------------------------  -----------
-------------------------------  ------------
time/training                      7.81739
evaluation/target_0_return_mean   31.5418
evaluation/target_0_return_std     8.54025
evaluation/target_0_length_mean  170.1
evaluation/target_0_length_std    42.5263
time/total                       796.522
time/evaluation                    1.88269
training/train_loss_mean           0.0149867
training/train_loss_std            0.00986783
-------------------------------  ------------
-------------------------------  ------------
time/training                      7.78924
evaluation/target_0_return_mean   33.3805
evaluation/target_0_return_std     7.84652
evaluation/target_0_length_mean  170
evaluation/target_0_length_std    41.7828
time/total                       806.197
time/evaluation                    1.88499
training/train_loss_mean           0.0147123
training/train_loss_std            0.00942618
-------------------------------  ------------
-------------------------------  ------------
time/training                      7.52144
evaluation/target_0_return_mean   29.6899
evaluation/target_0_return_std     7.46845
evaluation/target_0_length_mean  161.7
evaluation/target_0_length_std    49.8719
time/total                       815.511
time/evaluation                    1.79195
training/train_loss_mean           0.0147784
training/train_loss_std            0.00919602
-------------------------------  ------------
-------------------------------  ------------
time/training                      7.10714
evaluation/target_0_return_mean   28.0782
evaluation/target_0_return_std     7.46018
evaluation/target_0_length_mean  153.1
evaluation/target_0_length_std    51.8776
time/total                       824.26
time/evaluation                    1.64079
training/train_loss_mean           0.014937
training/train_loss_std            0.00977036
-------------------------------  ------------
-------------------------------  ------------
time/training                      7.21963
evaluation/target_0_return_mean   33.0813
evaluation/target_0_return_std     9.01089
evaluation/target_0_length_mean  187.2
evaluation/target_0_length_std    33.409
time/total                       833.322
time/evaluation                    1.84139
training/train_loss_mean           0.0158438
training/train_loss_std            0.00989487
-------------------------------  ------------
-------------------------------  ------------
time/training                      7.15774
evaluation/target_0_return_mean   30.2439
evaluation/target_0_return_std     7.64601
evaluation/target_0_length_mean  175.9
evaluation/target_0_length_std    42.0249
time/total                       842.135
time/evaluation                    1.65486
training/train_loss_mean           0.0149276
training/train_loss_std            0.00964109
-------------------------------  ------------
-------------------------------  ------------
time/training                      7.20558
evaluation/target_0_return_mean   32.6312
evaluation/target_0_return_std     8.23409
evaluation/target_0_length_mean  177.4
evaluation/target_0_length_std    43.7452
time/total                       850.898
time/evaluation                    1.55649
training/train_loss_mean           0.0153833
training/train_loss_std            0.00934321
-------------------------------  ------------
-------------------------------  ------------
time/training                      7.23875
evaluation/target_0_return_mean   33.024
evaluation/target_0_return_std     7.35966
evaluation/target_0_length_mean  177
evaluation/target_0_length_std    30.9128
time/total                       859.549
time/evaluation                    1.41042
training/train_loss_mean           0.0152697
training/train_loss_std            0.00971857
-------------------------------  ------------
-------------------------------  ------------
time/training                      7.29461
evaluation/target_0_return_mean   31.3634
evaluation/target_0_return_std     6.71603
evaluation/target_0_length_mean  182.2
evaluation/target_0_length_std    36.7064
time/total                       868.251
time/evaluation                    1.40672
training/train_loss_mean           0.0146572
training/train_loss_std            0.00972148
-------------------------------  ------------
-------------------------------  ------------
time/training                      7.30964
evaluation/target_0_return_mean   32.2713
evaluation/target_0_return_std    11.3947
evaluation/target_0_length_mean  163.3
evaluation/target_0_length_std    50.2097
time/total                       876.82
time/evaluation                    1.25845
training/train_loss_mean           0.0146562
training/train_loss_std            0.00966089
-------------------------------  ------------
-------------------------------  ------------
time/training                      7.33094
evaluation/target_0_return_mean   33.9456
evaluation/target_0_return_std     5.58943
evaluation/target_0_length_mean  200
evaluation/target_0_length_std     0
time/total                       885.471
time/evaluation                    1.31976
training/train_loss_mean           0.0149049
training/train_loss_std            0.00953048
-------------------------------  ------------
-------------------------------  ------------
time/training                      7.32435
evaluation/target_0_return_mean   26.797
evaluation/target_0_return_std     6.65037
evaluation/target_0_length_mean  160
evaluation/target_0_length_std    50.1558
time/total                       893.81
time/evaluation                    1.01321
training/train_loss_mean           0.0143333
training/train_loss_std            0.00919558
-------------------------------  ------------
-------------------------------  -----------
time/training                      7.11701
evaluation/target_0_return_mean   27.8563
evaluation/target_0_return_std     9.8102
evaluation/target_0_length_mean  139.7
evaluation/target_0_length_std    49.7977
time/total                       901.813
time/evaluation                    0.885186
training/train_loss_mean           0.0153717
training/train_loss_std            0.0101657
-------------------------------  -----------
-------------------------------  ------------
time/training                      7.1192
evaluation/target_0_return_mean   32.7406
evaluation/target_0_return_std     8.04691
evaluation/target_0_length_mean  185.5
evaluation/target_0_length_std    32.733
time/total                       910.106
time/evaluation                    1.173
training/train_loss_mean           0.0144329
training/train_loss_std            0.00886758
-------------------------------  ------------
-------------------------------  ------------
time/training                      7.113
evaluation/target_0_return_mean   26.7154
evaluation/target_0_return_std     5.89272
evaluation/target_0_length_mean  153.5
evaluation/target_0_length_std    51.9023
time/total                       918.191
time/evaluation                    0.97059
training/train_loss_mean           0.0149444
training/train_loss_std            0.00967223
-------------------------------  ------------
-------------------------------  ------------
time/training                      7.11478
evaluation/target_0_return_mean   30.9396
evaluation/target_0_return_std     5.16214
evaluation/target_0_length_mean  186.9
evaluation/target_0_length_std    30.4054
time/total                       926.49
time/evaluation                    1.18333
training/train_loss_mean           0.0145631
training/train_loss_std            0.00934112
-------------------------------  ------------
