-------------------------------  ---------
time/training                    26.6898
evaluation/target_0_return_mean   0
evaluation/target_0_return_std    0
evaluation/target_0_length_mean  40
evaluation/target_0_length_std    0
time/total                       29.717
time/evaluation                   2.97235
training/train_loss_mean          0.100368
training/train_loss_std           0.116154
-------------------------------  ---------
-------------------------------  -----------
time/training                    30.3998
evaluation/target_0_return_mean   0
evaluation/target_0_return_std    0
evaluation/target_0_length_mean  40
evaluation/target_0_length_std    0
time/total                       64.3237
time/evaluation                   4.20426
training/train_loss_mean          0.0286574
training/train_loss_std           0.00179753
-------------------------------  -----------
-------------------------------  -----------
time/training                    29.0351
evaluation/target_0_return_mean   0
evaluation/target_0_return_std    0
evaluation/target_0_length_mean  40
evaluation/target_0_length_std    0
time/total                       97.346
time/evaluation                   3.97631
training/train_loss_mean          0.0273644
training/train_loss_std           0.00183138
-------------------------------  -----------
-------------------------------  ------------
time/training                     25.5223
evaluation/target_0_return_mean    0
evaluation/target_0_return_std     0
evaluation/target_0_length_mean   40
evaluation/target_0_length_std     0
time/total                       127.261
time/evaluation                    4.39126
training/train_loss_mean           0.0266137
training/train_loss_std            0.00183606
-------------------------------  ------------
-------------------------------  ------------
time/training                     15.4177
evaluation/target_0_return_mean    0
evaluation/target_0_return_std     0
evaluation/target_0_length_mean   40
evaluation/target_0_length_std     0
time/total                       145.211
time/evaluation                    2.53097
training/train_loss_mean           0.0263152
training/train_loss_std            0.00174456
-------------------------------  ------------
-------------------------------  ------------
time/training                     18.7635
evaluation/target_0_return_mean    0
evaluation/target_0_return_std     0
evaluation/target_0_length_mean   40
evaluation/target_0_length_std     0
time/total                       166.464
time/evaluation                    2.48759
training/train_loss_mean           0.0260242
training/train_loss_std            0.00181512
-------------------------------  ------------
-------------------------------  ------------
time/training                     23.352
evaluation/target_0_return_mean    0
evaluation/target_0_return_std     0
evaluation/target_0_length_mean   40
evaluation/target_0_length_std     0
time/total                       192.614
time/evaluation                    2.79747
training/train_loss_mean           0.0259678
training/train_loss_std            0.00172061
-------------------------------  ------------
-------------------------------  ------------
time/training                     16.5419
evaluation/target_0_return_mean    0
evaluation/target_0_return_std     0
evaluation/target_0_length_mean   40
evaluation/target_0_length_std     0
time/total                       211.624
time/evaluation                    2.46657
training/train_loss_mean           0.0258378
training/train_loss_std            0.00160516
-------------------------------  ------------
-------------------------------  ------------
time/training                     15.646
evaluation/target_0_return_mean    0
evaluation/target_0_return_std     0
evaluation/target_0_length_mean   40
evaluation/target_0_length_std     0
time/total                       229.879
time/evaluation                    2.60866
training/train_loss_mean           0.0257143
training/train_loss_std            0.00165063
-------------------------------  ------------
-------------------------------  ------------
time/training                     17.1305
evaluation/target_0_return_mean    0
evaluation/target_0_return_std     0
evaluation/target_0_length_mean   40
evaluation/target_0_length_std     0
time/total                       252.852
time/evaluation                    5.84077
training/train_loss_mean           0.0257656
training/train_loss_std            0.00160679
-------------------------------  ------------
-------------------------------  ------------
time/training                     26.5831
evaluation/target_0_return_mean    0
evaluation/target_0_return_std     0
evaluation/target_0_length_mean   40
evaluation/target_0_length_std     0
time/total                       284.544
time/evaluation                    5.10688
training/train_loss_mean           0.0256648
training/train_loss_std            0.00159113
-------------------------------  ------------
-------------------------------  ------------
time/training                     18.7693
evaluation/target_0_return_mean    0
evaluation/target_0_return_std     0
evaluation/target_0_length_mean   40
evaluation/target_0_length_std     0
time/total                       307.281
time/evaluation                    3.96698
training/train_loss_mean           0.0256849
training/train_loss_std            0.00156898
-------------------------------  ------------
-------------------------------  ------------
time/training                     19.7185
evaluation/target_0_return_mean    0
evaluation/target_0_return_std     0
evaluation/target_0_length_mean   40
evaluation/target_0_length_std     0
time/total                       332.171
time/evaluation                    5.16359
training/train_loss_mean           0.0256723
training/train_loss_std            0.00160651
-------------------------------  ------------
-------------------------------  ------------
time/training                     23.0007
evaluation/target_0_return_mean    0
evaluation/target_0_return_std     0
evaluation/target_0_length_mean   40
evaluation/target_0_length_std     0
time/total                       358.921
time/evaluation                    3.74756
training/train_loss_mean           0.0256719
training/train_loss_std            0.00171069
-------------------------------  ------------
-------------------------------  ------------
time/training                     26.0934
evaluation/target_0_return_mean    0
evaluation/target_0_return_std     0
evaluation/target_0_length_mean   40
evaluation/target_0_length_std     0
time/total                       387.597
time/evaluation                    2.58139
training/train_loss_mean           0.0256366
training/train_loss_std            0.00165673
-------------------------------  ------------
-------------------------------  ------------
time/training                     31.7625
evaluation/target_0_return_mean    0
evaluation/target_0_return_std     0
evaluation/target_0_length_mean   40
evaluation/target_0_length_std     0
time/total                       422.06
time/evaluation                    2.6996
training/train_loss_mean           0.0255823
training/train_loss_std            0.00160263
-------------------------------  ------------
-------------------------------  -----------
time/training                     32.8419
evaluation/target_0_return_mean    0
evaluation/target_0_return_std     0
evaluation/target_0_length_mean   40
evaluation/target_0_length_std     0
time/total                       457.402
time/evaluation                    2.49932
training/train_loss_mean           0.0255727
training/train_loss_std            0.0016181
-------------------------------  -----------
-------------------------------  ------------
time/training                     31.749
evaluation/target_0_return_mean    0
evaluation/target_0_return_std     0
evaluation/target_0_length_mean   40
evaluation/target_0_length_std     0
time/total                       491.69
time/evaluation                    2.53782
training/train_loss_mean           0.0257019
training/train_loss_std            0.00167025
-------------------------------  ------------
-------------------------------  ------------
time/training                     16.2709
evaluation/target_0_return_mean    0
evaluation/target_0_return_std     0
evaluation/target_0_length_mean   40
evaluation/target_0_length_std     0
time/total                       511.547
time/evaluation                    3.58561
training/train_loss_mean           0.0255725
training/train_loss_std            0.00163611
-------------------------------  ------------
-------------------------------  ------------
time/training                     29.362
evaluation/target_0_return_mean    0
evaluation/target_0_return_std     0
evaluation/target_0_length_mean   40
evaluation/target_0_length_std     0
time/total                       545.105
time/evaluation                    4.16255
training/train_loss_mean           0.0255532
training/train_loss_std            0.00155648
-------------------------------  ------------
-------------------------------  ------------
time/training                     22.6488
evaluation/target_0_return_mean    0
evaluation/target_0_return_std     0
evaluation/target_0_length_mean   40
evaluation/target_0_length_std     0
time/total                       572.768
time/evaluation                    5.01181
training/train_loss_mean           0.0255493
training/train_loss_std            0.00160011
-------------------------------  ------------
-------------------------------  ------------
time/training                     26.0718
evaluation/target_0_return_mean    0
evaluation/target_0_return_std     0
evaluation/target_0_length_mean   40
evaluation/target_0_length_std     0
time/total                       602.357
time/evaluation                    3.51577
training/train_loss_mean           0.0256436
training/train_loss_std            0.00164056
-------------------------------  ------------
-------------------------------  ------------
time/training                     16.0193
evaluation/target_0_return_mean    0
evaluation/target_0_return_std     0
evaluation/target_0_length_mean   40
evaluation/target_0_length_std     0
time/total                       620.863
time/evaluation                    2.48602
training/train_loss_mean           0.0255881
training/train_loss_std            0.00156413
-------------------------------  ------------
-------------------------------  ------------
time/training                     20.2037
evaluation/target_0_return_mean    0
evaluation/target_0_return_std     0
evaluation/target_0_length_mean   40
evaluation/target_0_length_std     0
time/total                       644.743
time/evaluation                    3.67455
training/train_loss_mean           0.0256113
training/train_loss_std            0.00163218
-------------------------------  ------------
-------------------------------  ------------
time/training                     29.508
evaluation/target_0_return_mean    0
evaluation/target_0_return_std     0
evaluation/target_0_length_mean   40
evaluation/target_0_length_std     0
time/total                       677.191
time/evaluation                    2.89875
training/train_loss_mean           0.0255964
training/train_loss_std            0.00162298
-------------------------------  ------------
-------------------------------  ------------
time/training                     15.9867
evaluation/target_0_return_mean    0
evaluation/target_0_return_std     0
evaluation/target_0_length_mean   40
evaluation/target_0_length_std     0
time/total                       695.683
time/evaluation                    2.50431
training/train_loss_mean           0.02554
training/train_loss_std            0.00161667
-------------------------------  ------------
-------------------------------  ------------
time/training                     15.7997
evaluation/target_0_return_mean    0
evaluation/target_0_return_std     0
evaluation/target_0_length_mean   40
evaluation/target_0_length_std     0
time/total                       713.949
time/evaluation                    2.46523
training/train_loss_mean           0.0256681
training/train_loss_std            0.00164714
-------------------------------  ------------
-------------------------------  ------------
time/training                     28.0547
evaluation/target_0_return_mean    0
evaluation/target_0_return_std     0
evaluation/target_0_length_mean   40
evaluation/target_0_length_std     0
time/total                       748.72
time/evaluation                    6.71507
training/train_loss_mean           0.0255625
training/train_loss_std            0.00164679
-------------------------------  ------------
-------------------------------  ------------
time/training                     20.7516
evaluation/target_0_return_mean    0
evaluation/target_0_return_std     0
evaluation/target_0_length_mean   40
evaluation/target_0_length_std     0
time/total                       773.355
time/evaluation                    3.87487
training/train_loss_mean           0.0255451
training/train_loss_std            0.00158599
-------------------------------  ------------
-------------------------------  ------------
time/training                     22.5333
evaluation/target_0_return_mean    0
evaluation/target_0_return_std     0
evaluation/target_0_length_mean   40
evaluation/target_0_length_std     0
time/total                       799.158
time/evaluation                    3.26826
training/train_loss_mean           0.0256891
training/train_loss_std            0.00163371
-------------------------------  ------------
-------------------------------  ------------
time/training                     33.8039
evaluation/target_0_return_mean    0
evaluation/target_0_return_std     0
evaluation/target_0_length_mean   40
evaluation/target_0_length_std     0
time/total                       838.019
time/evaluation                    5.05548
training/train_loss_mean           0.0255852
training/train_loss_std            0.00158947
-------------------------------  ------------
-------------------------------  ------------
time/training                     20.879
evaluation/target_0_return_mean    0
evaluation/target_0_return_std     0
evaluation/target_0_length_mean   40
evaluation/target_0_length_std     0
time/total                       863.948
time/evaluation                    5.04897
training/train_loss_mean           0.0256302
training/train_loss_std            0.00163523
-------------------------------  ------------
-------------------------------  ------------
time/training                     21.1803
evaluation/target_0_return_mean    0
evaluation/target_0_return_std     0
evaluation/target_0_length_mean   40
evaluation/target_0_length_std     0
time/total                       890.052
time/evaluation                    4.92304
training/train_loss_mean           0.0255582
training/train_loss_std            0.00159986
-------------------------------  ------------
-------------------------------  ------------
time/training                     23.2039
evaluation/target_0_return_mean    0
evaluation/target_0_return_std     0
evaluation/target_0_length_mean   40
evaluation/target_0_length_std     0
time/total                       918.28
time/evaluation                    5.02276
training/train_loss_mean           0.0255414
training/train_loss_std            0.00158715
-------------------------------  ------------
-------------------------------  ------------
time/training                     27.9408
evaluation/target_0_return_mean    0
evaluation/target_0_return_std     0
evaluation/target_0_length_mean   40
evaluation/target_0_length_std     0
time/total                       951.011
time/evaluation                    4.78923
training/train_loss_mean           0.0255978
training/train_loss_std            0.00157935
-------------------------------  ------------
-------------------------------  ------------
time/training                     22.9308
evaluation/target_0_return_mean    0
evaluation/target_0_return_std     0
evaluation/target_0_length_mean   40
evaluation/target_0_length_std     0
time/total                       978.207
time/evaluation                    4.2638
training/train_loss_mean           0.0255531
training/train_loss_std            0.00155781
-------------------------------  ------------
-------------------------------  -------------
time/training                      19.0867
evaluation/target_0_return_mean     0
evaluation/target_0_return_std      0
evaluation/target_0_length_mean    40
evaluation/target_0_length_std      0
time/total                       1000.94
time/evaluation                     3.63614
training/train_loss_mean            0.0256386
training/train_loss_std             0.00164635
-------------------------------  -------------
-------------------------------  -------------
time/training                      23.5284
evaluation/target_0_return_mean     0
evaluation/target_0_return_std      0
evaluation/target_0_length_mean    40
evaluation/target_0_length_std      0
time/total                       1028.35
time/evaluation                     3.8767
training/train_loss_mean            0.0255913
training/train_loss_std             0.00156605
-------------------------------  -------------
-------------------------------  -------------
time/training                      15.1618
evaluation/target_0_return_mean     0
evaluation/target_0_return_std      0
evaluation/target_0_length_mean    40
evaluation/target_0_length_std      0
time/total                       1048.06
time/evaluation                     4.55044
training/train_loss_mean            0.0256333
training/train_loss_std             0.00161086
-------------------------------  -------------
-------------------------------  -------------
time/training                      19.0794
evaluation/target_0_return_mean     0
evaluation/target_0_return_std      0
evaluation/target_0_length_mean    40
evaluation/target_0_length_std      0
time/total                       1072.11
time/evaluation                     4.96985
training/train_loss_mean            0.0255789
training/train_loss_std             0.00157391
-------------------------------  -------------
-------------------------------  -------------
time/training                      25.445
evaluation/target_0_return_mean     0
evaluation/target_0_return_std      0
evaluation/target_0_length_mean    40
evaluation/target_0_length_std      0
time/total                       1102.82
time/evaluation                     5.25491
training/train_loss_mean            0.0255435
training/train_loss_std             0.00157217
-------------------------------  -------------
-------------------------------  -------------
time/training                      24.1006
evaluation/target_0_return_mean     0
evaluation/target_0_return_std      0
evaluation/target_0_length_mean    40
evaluation/target_0_length_std      0
time/total                       1134.13
time/evaluation                     7.21373
training/train_loss_mean            0.0256852
training/train_loss_std             0.00163296
-------------------------------  -------------
-------------------------------  -------------
time/training                      20.1169
evaluation/target_0_return_mean     0
evaluation/target_0_return_std      0
evaluation/target_0_length_mean    40
evaluation/target_0_length_std      0
time/total                       1159.26
time/evaluation                     5.00493
training/train_loss_mean            0.0256291
training/train_loss_std             0.00165619
-------------------------------  -------------
-------------------------------  -------------
time/training                      21.0999
evaluation/target_0_return_mean     0
evaluation/target_0_return_std      0
evaluation/target_0_length_mean    40
evaluation/target_0_length_std      0
time/total                       1185.85
time/evaluation                     5.45956
training/train_loss_mean            0.0256303
training/train_loss_std             0.00166625
-------------------------------  -------------
-------------------------------  -------------
time/training                      23.4558
evaluation/target_0_return_mean     0
evaluation/target_0_return_std      0
evaluation/target_0_length_mean    40
evaluation/target_0_length_std      0
time/total                       1212.09
time/evaluation                     2.78308
training/train_loss_mean            0.0257109
training/train_loss_std             0.00160425
-------------------------------  -------------
-------------------------------  -------------
time/training                      24.8892
evaluation/target_0_return_mean     0
evaluation/target_0_return_std      0
evaluation/target_0_length_mean    40
evaluation/target_0_length_std      0
time/total                       1240.38
time/evaluation                     3.39833
training/train_loss_mean            0.0255893
training/train_loss_std             0.00164308
-------------------------------  -------------
-------------------------------  ------------
time/training                      26.3789
evaluation/target_0_return_mean     0
evaluation/target_0_return_std      0
evaluation/target_0_length_mean    40
evaluation/target_0_length_std      0
time/total                       1270.73
time/evaluation                     3.97405
training/train_loss_mean            0.0256771
training/train_loss_std             0.001678
-------------------------------  ------------
-------------------------------  -------------
time/training                      22.5988
evaluation/target_0_return_mean     0
evaluation/target_0_return_std      0
evaluation/target_0_length_mean    40
evaluation/target_0_length_std      0
time/total                       1296.79
time/evaluation                     3.43246
training/train_loss_mean            0.025666
training/train_loss_std             0.00163018
-------------------------------  -------------
-------------------------------  -------------
time/training                      23.4725
evaluation/target_0_return_mean     0
evaluation/target_0_return_std      0
evaluation/target_0_length_mean    40
evaluation/target_0_length_std      0
time/total                       1323.86
time/evaluation                     3.58563
training/train_loss_mean            0.0255644
training/train_loss_std             0.00161988
-------------------------------  -------------
-------------------------------  -------------
time/training                      15.0063
evaluation/target_0_return_mean     0
evaluation/target_0_return_std      0
evaluation/target_0_length_mean    40
evaluation/target_0_length_std      0
time/total                       1344
time/evaluation                     5.13206
training/train_loss_mean            0.0255534
training/train_loss_std             0.00168304
-------------------------------  -------------
-------------------------------  -------------
time/training                      16.1801
evaluation/target_0_return_mean     0
evaluation/target_0_return_std      0
evaluation/target_0_length_mean    40
evaluation/target_0_length_std      0
time/total                       1365.21
time/evaluation                     5.01727
training/train_loss_mean            0.0256223
training/train_loss_std             0.00163231
-------------------------------  -------------
-------------------------------  -------------
time/training                      16.7151
evaluation/target_0_return_mean     0
evaluation/target_0_return_std      0
evaluation/target_0_length_mean    40
evaluation/target_0_length_std      0
time/total                       1386.88
time/evaluation                     4.9267
training/train_loss_mean            0.02561
training/train_loss_std             0.00163249
-------------------------------  -------------
-------------------------------  -------------
time/training                      16.4648
evaluation/target_0_return_mean     0
evaluation/target_0_return_std      0
evaluation/target_0_length_mean    40
evaluation/target_0_length_std      0
time/total                       1407.38
time/evaluation                     4.03521
training/train_loss_mean            0.0255972
training/train_loss_std             0.00165697
-------------------------------  -------------
-------------------------------  -------------
time/training                      27.0121
evaluation/target_0_return_mean     0
evaluation/target_0_return_std      0
evaluation/target_0_length_mean    40
evaluation/target_0_length_std      0
time/total                       1441.46
time/evaluation                     7.06564
training/train_loss_mean            0.0255848
training/train_loss_std             0.00166695
-------------------------------  -------------
-------------------------------  -------------
time/training                      25.8177
evaluation/target_0_return_mean     0
evaluation/target_0_return_std      0
evaluation/target_0_length_mean    40
evaluation/target_0_length_std      0
time/total                       1472.48
time/evaluation                     5.18173
training/train_loss_mean            0.025536
training/train_loss_std             0.00161663
-------------------------------  -------------
-------------------------------  ------------
time/training                      23.1666
evaluation/target_0_return_mean     0
evaluation/target_0_return_std      0
evaluation/target_0_length_mean    40
evaluation/target_0_length_std      0
time/total                       1498.43
time/evaluation                     2.77837
training/train_loss_mean            0.0255802
training/train_loss_std             0.0016885
-------------------------------  ------------
-------------------------------  -------------
time/training                      21.429
evaluation/target_0_return_mean     0
evaluation/target_0_return_std      0
evaluation/target_0_length_mean    40
evaluation/target_0_length_std      0
time/total                       1524.24
time/evaluation                     4.38184
training/train_loss_mean            0.0256573
training/train_loss_std             0.00159451
-------------------------------  -------------
-------------------------------  -------------
time/training                      23.8941
evaluation/target_0_return_mean     0
evaluation/target_0_return_std      0
evaluation/target_0_length_mean    40
evaluation/target_0_length_std      0
time/total                       1550.71
time/evaluation                     2.57172
training/train_loss_mean            0.0256319
training/train_loss_std             0.00155121
-------------------------------  -------------
-------------------------------  -------------
time/training                      25.0499
evaluation/target_0_return_mean     0
evaluation/target_0_return_std      0
evaluation/target_0_length_mean    40
evaluation/target_0_length_std      0
time/total                       1579.48
time/evaluation                     3.71935
training/train_loss_mean            0.025565
training/train_loss_std             0.00156897
-------------------------------  -------------
-------------------------------  -------------
time/training                      23.4565
evaluation/target_0_return_mean     0
evaluation/target_0_return_std      0
evaluation/target_0_length_mean    40
evaluation/target_0_length_std      0
time/total                       1606.4
time/evaluation                     3.46363
training/train_loss_mean            0.0255699
training/train_loss_std             0.00167149
-------------------------------  -------------
-------------------------------  -------------
time/training                      23.6012
evaluation/target_0_return_mean     0
evaluation/target_0_return_std      0
evaluation/target_0_length_mean    40
evaluation/target_0_length_std      0
time/total                       1633.45
time/evaluation                     3.44283
training/train_loss_mean            0.0255613
training/train_loss_std             0.00168664
-------------------------------  -------------
-------------------------------  -------------
time/training                      23.6856
evaluation/target_0_return_mean     0
evaluation/target_0_return_std      0
evaluation/target_0_length_mean    40
evaluation/target_0_length_std      0
time/total                       1660.72
time/evaluation                     3.58504
training/train_loss_mean            0.0255531
training/train_loss_std             0.00158359
-------------------------------  -------------
-------------------------------  -------------
time/training                      35.8254
evaluation/target_0_return_mean     0
evaluation/target_0_return_std      0
evaluation/target_0_length_mean    40
evaluation/target_0_length_std      0
time/total                       1703.72
time/evaluation                     7.17029
training/train_loss_mean            0.0255886
training/train_loss_std             0.00159598
-------------------------------  -------------
-------------------------------  ------------
time/training                      21.2163
evaluation/target_0_return_mean     0
evaluation/target_0_return_std      0
evaluation/target_0_length_mean    40
evaluation/target_0_length_std      0
time/total                       1729.64
time/evaluation                     4.68873
training/train_loss_mean            0.0255601
training/train_loss_std             0.0016098
-------------------------------  ------------
-------------------------------  -------------
time/training                      22.0548
evaluation/target_0_return_mean     0
evaluation/target_0_return_std      0
evaluation/target_0_length_mean    40
evaluation/target_0_length_std      0
time/total                       1755.26
time/evaluation                     3.5671
training/train_loss_mean            0.0256174
training/train_loss_std             0.00156953
-------------------------------  -------------
-------------------------------  -------------
time/training                      27.1656
evaluation/target_0_return_mean     0
evaluation/target_0_return_std      0
evaluation/target_0_length_mean    40
evaluation/target_0_length_std      0
time/total                       1787.26
time/evaluation                     4.79662
training/train_loss_mean            0.0256124
training/train_loss_std             0.00162664
-------------------------------  -------------
-------------------------------  ------------
time/training                      23.0545
evaluation/target_0_return_mean     0
evaluation/target_0_return_std      0
evaluation/target_0_length_mean    40
evaluation/target_0_length_std      0
time/total                       1815.14
time/evaluation                     4.82296
training/train_loss_mean            0.0256462
training/train_loss_std             0.0015659
-------------------------------  ------------
-------------------------------  ------------
time/training                      26.4017
evaluation/target_0_return_mean     0
evaluation/target_0_return_std      0
evaluation/target_0_length_mean    40
evaluation/target_0_length_std      0
time/total                       1846.58
time/evaluation                     5.03302
training/train_loss_mean            0.0255401
training/train_loss_std             0.0015559
-------------------------------  ------------
-------------------------------  -------------
time/training                      23.7934
evaluation/target_0_return_mean     0
evaluation/target_0_return_std      0
evaluation/target_0_length_mean    40
evaluation/target_0_length_std      0
time/total                       1875.33
time/evaluation                     4.96169
training/train_loss_mean            0.0256007
training/train_loss_std             0.00162474
-------------------------------  -------------
-------------------------------  -------------
time/training                      19.5922
evaluation/target_0_return_mean     0
evaluation/target_0_return_std      0
evaluation/target_0_length_mean    40
evaluation/target_0_length_std      0
time/total                       1899.51
time/evaluation                     4.58647
training/train_loss_mean            0.0255855
training/train_loss_std             0.00157431
-------------------------------  -------------
-------------------------------  -------------
time/training                      23.1964
evaluation/target_0_return_mean     0
evaluation/target_0_return_std      0
evaluation/target_0_length_mean    40
evaluation/target_0_length_std      0
time/total                       1925.62
time/evaluation                     2.91539
training/train_loss_mean            0.0255707
training/train_loss_std             0.00165597
-------------------------------  -------------
-------------------------------  -------------
time/training                      22.9201
evaluation/target_0_return_mean     0
evaluation/target_0_return_std      0
evaluation/target_0_length_mean    40
evaluation/target_0_length_std      0
time/total                       1951.44
time/evaluation                     2.8852
training/train_loss_mean            0.0255019
training/train_loss_std             0.00164411
-------------------------------  -------------
-------------------------------  -------------
time/training                      16.0342
evaluation/target_0_return_mean     0
evaluation/target_0_return_std      0
evaluation/target_0_length_mean    40
evaluation/target_0_length_std      0
time/total                       1969.97
time/evaluation                     2.47968
training/train_loss_mean            0.0256052
training/train_loss_std             0.00160501
-------------------------------  -------------
-------------------------------  -------------
time/training                      22.0043
evaluation/target_0_return_mean     0
evaluation/target_0_return_std      0
evaluation/target_0_length_mean    40
evaluation/target_0_length_std      0
time/total                       1994.44
time/evaluation                     2.46751
training/train_loss_mean            0.0255086
training/train_loss_std             0.00162925
-------------------------------  -------------
-------------------------------  -------------
time/training                      15.7662
evaluation/target_0_return_mean     0
evaluation/target_0_return_std      0
evaluation/target_0_length_mean    40
evaluation/target_0_length_std      0
time/total                       2012.67
time/evaluation                     2.46202
training/train_loss_mean            0.0256083
training/train_loss_std             0.00160741
-------------------------------  -------------
-------------------------------  -------------
time/training                      10.7199
evaluation/target_0_return_mean     0
evaluation/target_0_return_std      0
evaluation/target_0_length_mean    40
evaluation/target_0_length_std      0
time/total                       2028.19
time/evaluation                     4.7917
training/train_loss_mean            0.0256855
training/train_loss_std             0.00162183
-------------------------------  -------------
-------------------------------  -------------
time/training                      15.3074
evaluation/target_0_return_mean     0
evaluation/target_0_return_std      0
evaluation/target_0_length_mean    40
evaluation/target_0_length_std      0
time/total                       2046.07
time/evaluation                     2.55959
training/train_loss_mean            0.0256594
training/train_loss_std             0.00170253
-------------------------------  -------------
-------------------------------  -------------
time/training                      29.0637
evaluation/target_0_return_mean     0
evaluation/target_0_return_std      0
evaluation/target_0_length_mean    40
evaluation/target_0_length_std      0
time/total                       2079.91
time/evaluation                     4.78399
training/train_loss_mean            0.0255525
training/train_loss_std             0.00155713
-------------------------------  -------------
-------------------------------  -------------
time/training                      30.2758
evaluation/target_0_return_mean     0
evaluation/target_0_return_std      0
evaluation/target_0_length_mean    40
evaluation/target_0_length_std      0
time/total                       2114.05
time/evaluation                     3.8592
training/train_loss_mean            0.0255211
training/train_loss_std             0.00159219
-------------------------------  -------------
-------------------------------  ------------
time/training                      23.9847
evaluation/target_0_return_mean     0
evaluation/target_0_return_std      0
evaluation/target_0_length_mean    40
evaluation/target_0_length_std      0
time/total                       2143.23
time/evaluation                     5.19098
training/train_loss_mean            0.0256019
training/train_loss_std             0.0016203
-------------------------------  ------------
-------------------------------  -------------
time/training                      15.7166
evaluation/target_0_return_mean     0
evaluation/target_0_return_std      0
evaluation/target_0_length_mean    40
evaluation/target_0_length_std      0
time/total                       2161.35
time/evaluation                     2.38792
training/train_loss_mean            0.0254602
training/train_loss_std             0.00163253
-------------------------------  -------------
-------------------------------  -------------
time/training                      14.794
evaluation/target_0_return_mean     0
evaluation/target_0_return_std      0
evaluation/target_0_length_mean    40
evaluation/target_0_length_std      0
time/total                       2181.09
time/evaluation                     4.94944
training/train_loss_mean            0.0255412
training/train_loss_std             0.00160985
-------------------------------  -------------
-------------------------------  -------------
time/training                      23.4261
evaluation/target_0_return_mean     0
evaluation/target_0_return_std      0
evaluation/target_0_length_mean    40
evaluation/target_0_length_std      0
time/total                       2208.04
time/evaluation                     3.5197
training/train_loss_mean            0.0256291
training/train_loss_std             0.00162114
-------------------------------  -------------
-------------------------------  -------------
time/training                      23.73
evaluation/target_0_return_mean     0
evaluation/target_0_return_std      0
evaluation/target_0_length_mean    40
evaluation/target_0_length_std      0
time/total                       2236.54
time/evaluation                     4.76695
training/train_loss_mean            0.0255498
training/train_loss_std             0.00161127
-------------------------------  -------------
-------------------------------  -------------
time/training                      23.3168
evaluation/target_0_return_mean     0
evaluation/target_0_return_std      0
evaluation/target_0_length_mean    40
evaluation/target_0_length_std      0
time/total                       2264.69
time/evaluation                     4.81868
training/train_loss_mean            0.0254992
training/train_loss_std             0.00160017
-------------------------------  -------------
-------------------------------  -------------
time/training                      26.2391
evaluation/target_0_return_mean     0
evaluation/target_0_return_std      0
evaluation/target_0_length_mean    40
evaluation/target_0_length_std      0
time/total                       2295.97
time/evaluation                     5.02436
training/train_loss_mean            0.0255235
training/train_loss_std             0.00158193
-------------------------------  -------------
-------------------------------  -------------
time/training                      22.5078
evaluation/target_0_return_mean     0
evaluation/target_0_return_std      0
evaluation/target_0_length_mean    40
evaluation/target_0_length_std      0
time/total                       2323.68
time/evaluation                     5.20177
training/train_loss_mean            0.025472
training/train_loss_std             0.00166246
-------------------------------  -------------
-------------------------------  -------------
time/training                      23.0757
evaluation/target_0_return_mean     0
evaluation/target_0_return_std      0
evaluation/target_0_length_mean    40
evaluation/target_0_length_std      0
time/total                       2351.68
time/evaluation                     4.90959
training/train_loss_mean            0.0255699
training/train_loss_std             0.00160322
-------------------------------  -------------
-------------------------------  -------------
time/training                      23.2106
evaluation/target_0_return_mean     0
evaluation/target_0_return_std      0
evaluation/target_0_length_mean    40
evaluation/target_0_length_std      0
time/total                       2379.8
time/evaluation                     4.90576
training/train_loss_mean            0.0255562
training/train_loss_std             0.00167532
-------------------------------  -------------
-------------------------------  -------------
time/training                      23.5737
evaluation/target_0_return_mean     0
evaluation/target_0_return_std      0
evaluation/target_0_length_mean    40
evaluation/target_0_length_std      0
time/total                       2408.19
time/evaluation                     4.79662
training/train_loss_mean            0.0254952
training/train_loss_std             0.00158747
-------------------------------  -------------
-------------------------------  -------------
time/training                      23.1251
evaluation/target_0_return_mean     0
evaluation/target_0_return_std      0
evaluation/target_0_length_mean    40
evaluation/target_0_length_std      0
time/total                       2436.08
time/evaluation                     4.76171
training/train_loss_mean            0.0256188
training/train_loss_std             0.00162425
-------------------------------  -------------
-------------------------------  -------------
time/training                      23.0977
evaluation/target_0_return_mean     0
evaluation/target_0_return_std      0
evaluation/target_0_length_mean    40
evaluation/target_0_length_std      0
time/total                       2463.96
time/evaluation                     4.7889
training/train_loss_mean            0.0255875
training/train_loss_std             0.00165367
-------------------------------  -------------
-------------------------------  ------------
time/training                      23.0176
evaluation/target_0_return_mean     0
evaluation/target_0_return_std      0
evaluation/target_0_length_mean    40
evaluation/target_0_length_std      0
time/total                       2491.79
time/evaluation                     4.80483
training/train_loss_mean            0.0254748
training/train_loss_std             0.0015973
-------------------------------  ------------
-------------------------------  -------------
time/training                      23.1729
evaluation/target_0_return_mean     0
evaluation/target_0_return_std      0
evaluation/target_0_length_mean    40
evaluation/target_0_length_std      0
time/total                       2519.83
time/evaluation                     4.86109
training/train_loss_mean            0.0255822
training/train_loss_std             0.00161725
-------------------------------  -------------
-------------------------------  -------------
time/training                      25.7814
evaluation/target_0_return_mean     0
evaluation/target_0_return_std      0
evaluation/target_0_length_mean    40
evaluation/target_0_length_std      0
time/total                       2548.16
time/evaluation                     2.53642
training/train_loss_mean            0.0256415
training/train_loss_std             0.00167077
-------------------------------  -------------
-------------------------------  -------------
time/training                      30.9788
evaluation/target_0_return_mean     0
evaluation/target_0_return_std      0
evaluation/target_0_length_mean    40
evaluation/target_0_length_std      0
time/total                       2584.71
time/evaluation                     5.5729
training/train_loss_mean            0.0255315
training/train_loss_std             0.00166601
-------------------------------  -------------
-------------------------------  -------------
time/training                      26.8175
evaluation/target_0_return_mean     0
evaluation/target_0_return_std      0
evaluation/target_0_length_mean    40
evaluation/target_0_length_std      0
time/total                       2615.72
time/evaluation                     4.18633
training/train_loss_mean            0.0255528
training/train_loss_std             0.00160991
-------------------------------  -------------
-------------------------------  -------------
time/training                      31.2933
evaluation/target_0_return_mean     0
evaluation/target_0_return_std      0
evaluation/target_0_length_mean    40
evaluation/target_0_length_std      0
time/total                       2653.52
time/evaluation                     6.50424
training/train_loss_mean            0.025627
training/train_loss_std             0.00166554
-------------------------------  -------------
-------------------------------  -------------
time/training                      20.8073
evaluation/target_0_return_mean     0
evaluation/target_0_return_std      0
evaluation/target_0_length_mean    40
evaluation/target_0_length_std      0
time/total                       2682.83
time/evaluation                     8.4908
training/train_loss_mean            0.0255133
training/train_loss_std             0.00162848
-------------------------------  -------------
-------------------------------  -------------
time/training                      26.9626
evaluation/target_0_return_mean     0
evaluation/target_0_return_std      0
evaluation/target_0_length_mean    40
evaluation/target_0_length_std      0
time/total                       2714.71
time/evaluation                     4.91399
training/train_loss_mean            0.0255635
training/train_loss_std             0.00166917
-------------------------------  -------------
