-------------------------------  -----------
time/training                     29.9927
evaluation/target_0_return_mean   31.9211
evaluation/target_0_return_std     5.72556
evaluation/target_0_length_mean  200
evaluation/target_0_length_std     0
time/total                        33.9047
time/evaluation                    3.89057
training/train_loss_mean           0.0417364
training/train_loss_std            0.0169253
-------------------------------  -----------
-------------------------------  -----------
time/training                     24.1765
evaluation/target_0_return_mean   25.2231
evaluation/target_0_return_std     4.63872
evaluation/target_0_length_mean  200
evaluation/target_0_length_std     0
time/total                        61.9941
time/evaluation                    3.89406
training/train_loss_mean           0.0323681
training/train_loss_std            0.0141456
-------------------------------  -----------
-------------------------------  ------------
time/training                     24.2194
evaluation/target_0_return_mean   28.1378
evaluation/target_0_return_std     4.39626
evaluation/target_0_length_mean  200
evaluation/target_0_length_std     0
time/total                        90.147
time/evaluation                    3.91831
training/train_loss_mean           0.0177843
training/train_loss_std            0.00886457
-------------------------------  ------------
-------------------------------  ------------
time/training                     22.1206
evaluation/target_0_return_mean   24.6416
evaluation/target_0_return_std     4.19523
evaluation/target_0_length_mean  200
evaluation/target_0_length_std     0
time/total                       116.159
time/evaluation                    3.88978
training/train_loss_mean           0.00774962
training/train_loss_std            0.00538629
-------------------------------  ------------
-------------------------------  ------------
time/training                     24.4683
evaluation/target_0_return_mean   26.9581
evaluation/target_0_return_std     7.19485
evaluation/target_0_length_mean  200
evaluation/target_0_length_std     0
time/total                       144.578
time/evaluation                    3.93291
training/train_loss_mean           0.00421552
training/train_loss_std            0.00408522
-------------------------------  ------------
-------------------------------  ------------
time/training                     24.1388
evaluation/target_0_return_mean   28.6793
evaluation/target_0_return_std     8.18017
evaluation/target_0_length_mean  200
evaluation/target_0_length_std     0
time/total                       172.608
time/evaluation                    3.89016
training/train_loss_mean           0.00323866
training/train_loss_std            0.00368862
-------------------------------  ------------
-------------------------------  ------------
time/training                     25.5389
evaluation/target_0_return_mean   31.7229
evaluation/target_0_return_std     7.85738
evaluation/target_0_length_mean  199
evaluation/target_0_length_std     3
time/total                       201.669
time/evaluation                    3.5208
training/train_loss_mean           0.00281488
training/train_loss_std            0.00311484
-------------------------------  ------------
-------------------------------  ------------
time/training                     28.8374
evaluation/target_0_return_mean   27.5937
evaluation/target_0_return_std     5.03146
evaluation/target_0_length_mean  195.2
evaluation/target_0_length_std    14.4
time/total                       234.211
time/evaluation                    3.70365
training/train_loss_mean           0.00263884
training/train_loss_std            0.0030647
-------------------------------  ------------
-------------------------------  ------------
time/training                     25.2706
evaluation/target_0_return_mean   26.7801
evaluation/target_0_return_std     6.04757
evaluation/target_0_length_mean  200
evaluation/target_0_length_std     0
time/total                       262.438
time/evaluation                    2.95521
training/train_loss_mean           0.00212499
training/train_loss_std            0.00270032
-------------------------------  ------------
-------------------------------  ------------
time/training                     24.4043
evaluation/target_0_return_mean   27.4508
evaluation/target_0_return_std     4.36792
evaluation/target_0_length_mean  200
evaluation/target_0_length_std     0
time/total                       290.958
time/evaluation                    4.1148
training/train_loss_mean           0.00192464
training/train_loss_std            0.00257483
-------------------------------  ------------
-------------------------------  ------------
time/training                     24.0713
evaluation/target_0_return_mean   33.8501
evaluation/target_0_return_std     8.79524
evaluation/target_0_length_mean  198.3
evaluation/target_0_length_std     5.1
time/total                       319.136
time/evaluation                    4.10546
training/train_loss_mean           0.00190332
training/train_loss_std            0.00261763
-------------------------------  ------------
-------------------------------  ------------
time/training                     24.103
evaluation/target_0_return_mean   32.813
evaluation/target_0_return_std    11.6918
evaluation/target_0_length_mean  197.6
evaluation/target_0_length_std     7.2
time/total                       347.319
time/evaluation                    4.07819
training/train_loss_mean           0.00174623
training/train_loss_std            0.00249437
-------------------------------  ------------
-------------------------------  ------------
time/training                     24.1834
evaluation/target_0_return_mean   27.3975
evaluation/target_0_return_std     4.22755
evaluation/target_0_length_mean  200
evaluation/target_0_length_std     0
time/total                       375.467
time/evaluation                    3.96361
training/train_loss_mean           0.00163943
training/train_loss_std            0.00244552
-------------------------------  ------------
-------------------------------  ------------
time/training                     24.152
evaluation/target_0_return_mean   32.8825
evaluation/target_0_return_std     7.68278
evaluation/target_0_length_mean  200
evaluation/target_0_length_std     0
time/total                       402.843
time/evaluation                    3.2234
training/train_loss_mean           0.00152766
training/train_loss_std            0.00232167
-------------------------------  ------------
-------------------------------  ------------
time/training                     25.0176
evaluation/target_0_return_mean   28.4482
evaluation/target_0_return_std     6.36554
evaluation/target_0_length_mean  200
evaluation/target_0_length_std     0
time/total                       430.593
time/evaluation                    2.73136
training/train_loss_mean           0.00149511
training/train_loss_std            0.00232412
-------------------------------  ------------
-------------------------------  ------------
time/training                     25.5974
evaluation/target_0_return_mean   27.4195
evaluation/target_0_return_std     4.56041
evaluation/target_0_length_mean  200
evaluation/target_0_length_std     0
time/total                       458.39
time/evaluation                    2.19824
training/train_loss_mean           0.0014803
training/train_loss_std            0.00249218
-------------------------------  ------------
-------------------------------  ------------
time/training                     33.3892
evaluation/target_0_return_mean   30.3598
evaluation/target_0_return_std     5.08005
evaluation/target_0_length_mean  200
evaluation/target_0_length_std     0
time/total                       494.497
time/evaluation                    2.70552
training/train_loss_mean           0.00127511
training/train_loss_std            0.00210183
-------------------------------  ------------
-------------------------------  ------------
time/training                     33.1252
evaluation/target_0_return_mean   27.8945
evaluation/target_0_return_std     6.16784
evaluation/target_0_length_mean  200
evaluation/target_0_length_std     0
time/total                       530.267
time/evaluation                    2.64377
training/train_loss_mean           0.00105559
training/train_loss_std            0.00187151
-------------------------------  ------------
-------------------------------  ------------
time/training                     21.2466
evaluation/target_0_return_mean   28.8174
evaluation/target_0_return_std     5.02698
evaluation/target_0_length_mean  200
evaluation/target_0_length_std     0
time/total                       553.348
time/evaluation                    1.83326
training/train_loss_mean           0.00120632
training/train_loss_std            0.00224218
-------------------------------  ------------
-------------------------------  ------------
time/training                     27.6681
evaluation/target_0_return_mean   34.0478
evaluation/target_0_return_std     9.92673
evaluation/target_0_length_mean  200
evaluation/target_0_length_std     0
time/total                       583.664
time/evaluation                    2.64691
training/train_loss_mean           0.001114
training/train_loss_std            0.00224494
-------------------------------  ------------
-------------------------------  -------------
time/training                     25.2206
evaluation/target_0_return_mean   28.4009
evaluation/target_0_return_std     8.34304
evaluation/target_0_length_mean  199.1
evaluation/target_0_length_std     2.7
time/total                       611.516
time/evaluation                    2.62117
training/train_loss_mean           0.000870742
training/train_loss_std            0.00161574
-------------------------------  -------------
-------------------------------  -------------
time/training                     25.8496
evaluation/target_0_return_mean   24.756
evaluation/target_0_return_std     4.5806
evaluation/target_0_length_mean  200
evaluation/target_0_length_std     0
time/total                       641.297
time/evaluation                    3.93036
training/train_loss_mean           0.000930391
training/train_loss_std            0.00179335
-------------------------------  -------------
-------------------------------  ------------
time/training                     31.9083
evaluation/target_0_return_mean   31.0421
evaluation/target_0_return_std     7.64622
evaluation/target_0_length_mean  200
evaluation/target_0_length_std     0
time/total                       677.058
time/evaluation                    3.85205
training/train_loss_mean           0.00120717
training/train_loss_std            0.00235686
-------------------------------  ------------
-------------------------------  ------------
time/training                     31.8975
evaluation/target_0_return_mean   28.119
evaluation/target_0_return_std     6.62263
evaluation/target_0_length_mean  200
evaluation/target_0_length_std     0
time/total                       712.85
time/evaluation                    3.89346
training/train_loss_mean           0.00100878
training/train_loss_std            0.00236167
-------------------------------  ------------
-------------------------------  ------------
time/training                     31.6737
evaluation/target_0_return_mean   29.0315
evaluation/target_0_return_std     4.45404
evaluation/target_0_length_mean  200
evaluation/target_0_length_std     0
time/total                       748.741
time/evaluation                    4.2159
training/train_loss_mean           0.0010189
training/train_loss_std            0.00225652
-------------------------------  ------------
-------------------------------  -------------
time/training                     31.8142
evaluation/target_0_return_mean   28.4081
evaluation/target_0_return_std     8.66612
evaluation/target_0_length_mean  200
evaluation/target_0_length_std     0
time/total                       784.935
time/evaluation                    4.37903
training/train_loss_mean           0.000858132
training/train_loss_std            0.00189478
-------------------------------  -------------
-------------------------------  -------------
time/training                     31.8335
evaluation/target_0_return_mean   28.2652
evaluation/target_0_return_std     5.02599
evaluation/target_0_length_mean  200
evaluation/target_0_length_std     0
time/total                       820.86
time/evaluation                    4.09041
training/train_loss_mean           0.000828807
training/train_loss_std            0.00175918
-------------------------------  -------------
-------------------------------  -------------
time/training                     32.1842
evaluation/target_0_return_mean   26.9839
evaluation/target_0_return_std     4.83651
evaluation/target_0_length_mean  200
evaluation/target_0_length_std     0
time/total                       856.944
time/evaluation                    3.89839
training/train_loss_mean           0.000801179
training/train_loss_std            0.00181443
-------------------------------  -------------
-------------------------------  -------------
time/training                     31.7452
evaluation/target_0_return_mean   27.3425
evaluation/target_0_return_std     5.86407
evaluation/target_0_length_mean  200
evaluation/target_0_length_std     0
time/total                       892.62
time/evaluation                    3.9296
training/train_loss_mean           0.000899044
training/train_loss_std            0.00210755
-------------------------------  -------------
-------------------------------  -------------
time/training                     32.0835
evaluation/target_0_return_mean   26.0696
evaluation/target_0_return_std     5.75653
evaluation/target_0_length_mean  200
evaluation/target_0_length_std     0
time/total                       928.59
time/evaluation                    3.88501
training/train_loss_mean           0.000907882
training/train_loss_std            0.00225001
-------------------------------  -------------
-------------------------------  -------------
time/training                     32.1028
evaluation/target_0_return_mean   26.7457
evaluation/target_0_return_std     3.88342
evaluation/target_0_length_mean  200
evaluation/target_0_length_std     0
time/total                       964.676
time/evaluation                    3.96511
training/train_loss_mean           0.000810169
training/train_loss_std            0.001992
-------------------------------  -------------
-------------------------------  -------------
time/training                     25.9118
evaluation/target_0_return_mean   25.7894
evaluation/target_0_return_std     3.16078
evaluation/target_0_length_mean  200
evaluation/target_0_length_std     0
time/total                       992.441
time/evaluation                    1.82786
training/train_loss_mean           0.000803201
training/train_loss_std            0.0018752
-------------------------------  -------------
-------------------------------  --------------
time/training                      23.5658
evaluation/target_0_return_mean    28.4283
evaluation/target_0_return_std      4.65491
evaluation/target_0_length_mean   200
evaluation/target_0_length_std      0
time/total                       1020.03
time/evaluation                     4.02344
training/train_loss_mean            0.000693533
training/train_loss_std             0.00159092
-------------------------------  --------------
-------------------------------  --------------
time/training                      23.9546
evaluation/target_0_return_mean    27.4236
evaluation/target_0_return_std      5.09989
evaluation/target_0_length_mean   200
evaluation/target_0_length_std      0
time/total                       1047.97
time/evaluation                     3.98041
training/train_loss_mean            0.000684749
training/train_loss_std             0.00181394
-------------------------------  --------------
-------------------------------  --------------
time/training                      23.8793
evaluation/target_0_return_mean    26.4623
evaluation/target_0_return_std      5.09206
evaluation/target_0_length_mean   200
evaluation/target_0_length_std      0
time/total                       1075.83
time/evaluation                     3.96259
training/train_loss_mean            0.000871163
training/train_loss_std             0.00216261
-------------------------------  --------------
-------------------------------  --------------
time/training                      23.8645
evaluation/target_0_return_mean    24.9872
evaluation/target_0_return_std      2.74847
evaluation/target_0_length_mean   200
evaluation/target_0_length_std      0
time/total                       1102.77
time/evaluation                     3.07538
training/train_loss_mean            0.000609197
training/train_loss_std             0.00150939
-------------------------------  --------------
-------------------------------  --------------
time/training                      24.7396
evaluation/target_0_return_mean    26.0656
evaluation/target_0_return_std      4.23157
evaluation/target_0_length_mean   200
evaluation/target_0_length_std      0
time/total                       1130.47
time/evaluation                     2.95831
training/train_loss_mean            0.000702778
training/train_loss_std             0.00183065
-------------------------------  --------------
-------------------------------  --------------
time/training                      25.3053
evaluation/target_0_return_mean    27.7247
evaluation/target_0_return_std      5.01085
evaluation/target_0_length_mean   200
evaluation/target_0_length_std      0
time/total                       1158.65
time/evaluation                     2.8735
training/train_loss_mean            0.000723303
training/train_loss_std             0.00173273
-------------------------------  --------------
-------------------------------  --------------
time/training                      32.3002
evaluation/target_0_return_mean    27.7855
evaluation/target_0_return_std      2.78336
evaluation/target_0_length_mean   200
evaluation/target_0_length_std      0
time/total                       1193.45
time/evaluation                     2.50027
training/train_loss_mean            0.000682989
training/train_loss_std             0.00189261
-------------------------------  --------------
-------------------------------  --------------
time/training                      32.4113
evaluation/target_0_return_mean    24.5018
evaluation/target_0_return_std      2.92281
evaluation/target_0_length_mean   200
evaluation/target_0_length_std      0
time/total                       1231.08
time/evaluation                     5.21777
training/train_loss_mean            0.000750293
training/train_loss_std             0.00195639
-------------------------------  --------------
-------------------------------  --------------
time/training                      28.4511
evaluation/target_0_return_mean    24.4514
evaluation/target_0_return_std      3.60837
evaluation/target_0_length_mean   200
evaluation/target_0_length_std      0
time/total                       1264.72
time/evaluation                     5.1903
training/train_loss_mean            0.000739346
training/train_loss_std             0.00191931
-------------------------------  --------------
-------------------------------  --------------
time/training                      27.2213
evaluation/target_0_return_mean    25.6966
evaluation/target_0_return_std      2.79106
evaluation/target_0_length_mean   200
evaluation/target_0_length_std      0
time/total                       1296
time/evaluation                     4.05138
training/train_loss_mean            0.000579408
training/train_loss_std             0.00149709
-------------------------------  --------------
-------------------------------  --------------
time/training                      28.2331
evaluation/target_0_return_mean    25.5967
evaluation/target_0_return_std      4.86547
evaluation/target_0_length_mean   200
evaluation/target_0_length_std      0
time/total                       1329.04
time/evaluation                     4.81294
training/train_loss_mean            0.000756015
training/train_loss_std             0.0019399
-------------------------------  --------------
-------------------------------  ------------
time/training                      32.2224
evaluation/target_0_return_mean    24.3113
evaluation/target_0_return_std      2.1185
evaluation/target_0_length_mean   200
evaluation/target_0_length_std      0
time/total                       1363.87
time/evaluation                     2.60312
training/train_loss_mean            0.0006163
training/train_loss_std             0.0017425
-------------------------------  ------------
-------------------------------  --------------
time/training                      25.3347
evaluation/target_0_return_mean    27.1882
evaluation/target_0_return_std      4.62125
evaluation/target_0_length_mean   200
evaluation/target_0_length_std      0
time/total                       1393.07
time/evaluation                     3.86448
training/train_loss_mean            0.000617397
training/train_loss_std             0.00167604
-------------------------------  --------------
-------------------------------  --------------
time/training                      23.1538
evaluation/target_0_return_mean    23.7306
evaluation/target_0_return_std      2.60204
evaluation/target_0_length_mean   200
evaluation/target_0_length_std      0
time/total                       1421.45
time/evaluation                     5.22817
training/train_loss_mean            0.000686617
training/train_loss_std             0.00208495
-------------------------------  --------------
-------------------------------  --------------
time/training                      28.8194
evaluation/target_0_return_mean    25.9218
evaluation/target_0_return_std      4.72698
evaluation/target_0_length_mean   200
evaluation/target_0_length_std      0
time/total                       1454.89
time/evaluation                     4.62113
training/train_loss_mean            0.000504451
training/train_loss_std             0.00124145
-------------------------------  --------------
-------------------------------  --------------
time/training                      30.8969
evaluation/target_0_return_mean    26.159
evaluation/target_0_return_std      3.89804
evaluation/target_0_length_mean   200
evaluation/target_0_length_std      0
time/total                       1488.45
time/evaluation                     2.65436
training/train_loss_mean            0.000521951
training/train_loss_std             0.00156094
-------------------------------  --------------
-------------------------------  --------------
time/training                      31.9621
evaluation/target_0_return_mean    24.3556
evaluation/target_0_return_std      1.88981
evaluation/target_0_length_mean   200
evaluation/target_0_length_std      0
time/total                       1523.03
time/evaluation                     2.62272
training/train_loss_mean            0.000575004
training/train_loss_std             0.00155482
-------------------------------  --------------
-------------------------------  --------------
time/training                      30.9292
evaluation/target_0_return_mean    24.3764
evaluation/target_0_return_std      1.57781
evaluation/target_0_length_mean   200
evaluation/target_0_length_std      0
time/total                       1556.61
time/evaluation                     2.64973
training/train_loss_mean            0.000568709
training/train_loss_std             0.00151648
-------------------------------  --------------
-------------------------------  --------------
time/training                      29.1121
evaluation/target_0_return_mean    24.03
evaluation/target_0_return_std      2.77658
evaluation/target_0_length_mean   200
evaluation/target_0_length_std      0
time/total                       1590.99
time/evaluation                     5.26306
training/train_loss_mean            0.000634322
training/train_loss_std             0.00164751
-------------------------------  --------------
-------------------------------  --------------
time/training                      30.1624
evaluation/target_0_return_mean    25.4199
evaluation/target_0_return_std      3.01126
evaluation/target_0_length_mean   200
evaluation/target_0_length_std      0
time/total                       1626.33
time/evaluation                     5.17589
training/train_loss_mean            0.000449891
training/train_loss_std             0.00128987
-------------------------------  --------------
-------------------------------  --------------
time/training                      30.0886
evaluation/target_0_return_mean    23.6899
evaluation/target_0_return_std      3.55255
evaluation/target_0_length_mean   200
evaluation/target_0_length_std      0
time/total                       1661.45
time/evaluation                     5.0277
training/train_loss_mean            0.000676266
training/train_loss_std             0.00187214
-------------------------------  --------------
-------------------------------  -------------
time/training                      23.6495
evaluation/target_0_return_mean    25.6475
evaluation/target_0_return_std      4.0208
evaluation/target_0_length_mean   200
evaluation/target_0_length_std      0
time/total                       1689.05
time/evaluation                     3.95041
training/train_loss_mean            0.0005254
training/train_loss_std             0.00163583
-------------------------------  -------------
-------------------------------  --------------
time/training                      26.3955
evaluation/target_0_return_mean    24.0389
evaluation/target_0_return_std      3.12482
evaluation/target_0_length_mean   200
evaluation/target_0_length_std      0
time/total                       1720.68
time/evaluation                     5.23221
training/train_loss_mean            0.000677842
training/train_loss_std             0.00223292
-------------------------------  --------------
-------------------------------  --------------
time/training                      21.6361
evaluation/target_0_return_mean    28.6445
evaluation/target_0_return_std      4.74133
evaluation/target_0_length_mean   200
evaluation/target_0_length_std      0
time/total                       1746.26
time/evaluation                     3.94927
training/train_loss_mean            0.000451961
training/train_loss_std             0.00119826
-------------------------------  --------------
-------------------------------  --------------
time/training                      23.643
evaluation/target_0_return_mean    24.4036
evaluation/target_0_return_std      4.38498
evaluation/target_0_length_mean   200
evaluation/target_0_length_std      0
time/total                       1773.83
time/evaluation                     3.92746
training/train_loss_mean            0.000655588
training/train_loss_std             0.00195779
-------------------------------  --------------
-------------------------------  --------------
time/training                      23.7671
evaluation/target_0_return_mean    23.4523
evaluation/target_0_return_std      3.92032
evaluation/target_0_length_mean   200
evaluation/target_0_length_std      0
time/total                       1801.59
time/evaluation                     3.99064
training/train_loss_mean            0.000444547
training/train_loss_std             0.00129535
-------------------------------  --------------
-------------------------------  --------------
time/training                      31.8504
evaluation/target_0_return_mean    26.1122
evaluation/target_0_return_std      4.595
evaluation/target_0_length_mean   200
evaluation/target_0_length_std      0
time/total                       1837.34
time/evaluation                     3.89106
training/train_loss_mean            0.000508752
training/train_loss_std             0.00147422
-------------------------------  --------------
-------------------------------  --------------
time/training                      24.9107
evaluation/target_0_return_mean    26.7959
evaluation/target_0_return_std      5.26108
evaluation/target_0_length_mean   200
evaluation/target_0_length_std      0
time/total                       1865.29
time/evaluation                     3.0408
training/train_loss_mean            0.000607322
training/train_loss_std             0.0019412
-------------------------------  --------------
-------------------------------  --------------
time/training                      33.8876
evaluation/target_0_return_mean    23.79
evaluation/target_0_return_std      3.56477
evaluation/target_0_length_mean   200
evaluation/target_0_length_std      0
time/total                       1902.26
time/evaluation                     3.08716
training/train_loss_mean            0.000326293
training/train_loss_std             0.000953727
-------------------------------  --------------
-------------------------------  --------------
time/training                      35.2719
evaluation/target_0_return_mean    28.7081
evaluation/target_0_return_std      3.63791
evaluation/target_0_length_mean   200
evaluation/target_0_length_std      0
time/total                       1942.99
time/evaluation                     5.45452
training/train_loss_mean            0.000586368
training/train_loss_std             0.00179681
-------------------------------  --------------
-------------------------------  --------------
time/training                      37.2062
evaluation/target_0_return_mean    26.6424
evaluation/target_0_return_std      2.63046
evaluation/target_0_length_mean   200
evaluation/target_0_length_std      0
time/total                       1985.59
time/evaluation                     5.3937
training/train_loss_mean            0.000412881
training/train_loss_std             0.00131602
-------------------------------  --------------
-------------------------------  -------------
time/training                      32.1508
evaluation/target_0_return_mean    26.6795
evaluation/target_0_return_std      2.62149
evaluation/target_0_length_mean   200
evaluation/target_0_length_std      0
time/total                       2022.86
time/evaluation                     5.11133
training/train_loss_mean            0.00059273
training/train_loss_std             0.00207938
-------------------------------  -------------
-------------------------------  --------------
time/training                      30.2451
evaluation/target_0_return_mean    25.6331
evaluation/target_0_return_std      5.20977
evaluation/target_0_length_mean   200
evaluation/target_0_length_std      0
time/total                       2057.6
time/evaluation                     4.50004
training/train_loss_mean            0.000499305
training/train_loss_std             0.00134013
-------------------------------  --------------
-------------------------------  --------------
time/training                      35.8113
evaluation/target_0_return_mean    25.1065
evaluation/target_0_return_std      3.41995
evaluation/target_0_length_mean   200
evaluation/target_0_length_std      0
time/total                       2098.45
time/evaluation                     5.0387
training/train_loss_mean            0.000418733
training/train_loss_std             0.00130478
-------------------------------  --------------
-------------------------------  --------------
time/training                      32.3714
evaluation/target_0_return_mean    25.9286
evaluation/target_0_return_std      3.84721
evaluation/target_0_length_mean   200
evaluation/target_0_length_std      0
time/total                       2134.73
time/evaluation                     3.90661
training/train_loss_mean            0.000611683
training/train_loss_std             0.00186405
-------------------------------  --------------
-------------------------------  --------------
time/training                      30.1352
evaluation/target_0_return_mean    23.8444
evaluation/target_0_return_std      2.67048
evaluation/target_0_length_mean   200
evaluation/target_0_length_std      0
time/total                       2168.48
time/evaluation                     3.60866
training/train_loss_mean            0.000437179
training/train_loss_std             0.00125792
-------------------------------  --------------
-------------------------------  --------------
time/training                      30.5636
evaluation/target_0_return_mean    24.063
evaluation/target_0_return_std      3.96899
evaluation/target_0_length_mean   200
evaluation/target_0_length_std      0
time/total                       2202.98
time/evaluation                     3.94074
training/train_loss_mean            0.000353576
training/train_loss_std             0.000943992
-------------------------------  --------------
-------------------------------  --------------
time/training                      30.1114
evaluation/target_0_return_mean    26.2239
evaluation/target_0_return_std      4.60381
evaluation/target_0_length_mean   200
evaluation/target_0_length_std      0
time/total                       2237.19
time/evaluation                     4.09669
training/train_loss_mean            0.000663001
training/train_loss_std             0.0021512
-------------------------------  --------------
-------------------------------  --------------
time/training                      29.8646
evaluation/target_0_return_mean    27.6787
evaluation/target_0_return_std      3.55633
evaluation/target_0_length_mean   200
evaluation/target_0_length_std      0
time/total                       2271
time/evaluation                     3.94134
training/train_loss_mean            0.000483363
training/train_loss_std             0.001868
-------------------------------  --------------
-------------------------------  --------------
time/training                      30.3055
evaluation/target_0_return_mean    24.1102
evaluation/target_0_return_std      3.95969
evaluation/target_0_length_mean   200
evaluation/target_0_length_std      0
time/total                       2305.28
time/evaluation                     3.97156
training/train_loss_mean            0.000401081
training/train_loss_std             0.00136153
-------------------------------  --------------
-------------------------------  --------------
time/training                      30.5729
evaluation/target_0_return_mean    26.6708
evaluation/target_0_return_std      3.20512
evaluation/target_0_length_mean   200
evaluation/target_0_length_std      0
time/total                       2339.68
time/evaluation                     3.80287
training/train_loss_mean            0.000573477
training/train_loss_std             0.00205718
-------------------------------  --------------
-------------------------------  --------------
time/training                      35.6476
evaluation/target_0_return_mean    26.5462
evaluation/target_0_return_std      4.81179
evaluation/target_0_length_mean   200
evaluation/target_0_length_std      0
time/total                       2380.6
time/evaluation                     5.25997
training/train_loss_mean            0.000501702
training/train_loss_std             0.00173191
-------------------------------  --------------
-------------------------------  --------------
time/training                      37.1505
evaluation/target_0_return_mean    24.9875
evaluation/target_0_return_std      4.33075
evaluation/target_0_length_mean   200
evaluation/target_0_length_std      0
time/total                       2421.77
time/evaluation                     4.01742
training/train_loss_mean            0.000452153
training/train_loss_std             0.00141084
-------------------------------  --------------
-------------------------------  --------------
time/training                      36.3071
evaluation/target_0_return_mean    24.9112
evaluation/target_0_return_std      2.96148
evaluation/target_0_length_mean   200
evaluation/target_0_length_std      0
time/total                       2463.52
time/evaluation                     5.43169
training/train_loss_mean            0.000529611
training/train_loss_std             0.00176291
-------------------------------  --------------
-------------------------------  --------------
time/training                      37.2001
evaluation/target_0_return_mean    26.4293
evaluation/target_0_return_std      4.492
evaluation/target_0_length_mean   200
evaluation/target_0_length_std      0
time/total                       2505.08
time/evaluation                     4.35587
training/train_loss_mean            0.000488962
training/train_loss_std             0.00161394
-------------------------------  --------------
-------------------------------  --------------
time/training                      36.2912
evaluation/target_0_return_mean    26.0918
evaluation/target_0_return_std      3.86094
evaluation/target_0_length_mean   200
evaluation/target_0_length_std      0
time/total                       2546.82
time/evaluation                     5.41212
training/train_loss_mean            0.000410184
training/train_loss_std             0.00130684
-------------------------------  --------------
-------------------------------  --------------
time/training                      37.6903
evaluation/target_0_return_mean    27.337
evaluation/target_0_return_std      3.74514
evaluation/target_0_length_mean   200
evaluation/target_0_length_std      0
time/total                       2588.27
time/evaluation                     3.76518
training/train_loss_mean            0.000541135
training/train_loss_std             0.0018141
-------------------------------  --------------
-------------------------------  --------------
time/training                      36.2392
evaluation/target_0_return_mean    26.5142
evaluation/target_0_return_std      5.28394
evaluation/target_0_length_mean   200
evaluation/target_0_length_std      0
time/total                       2627.25
time/evaluation                     2.73877
training/train_loss_mean            0.000445471
training/train_loss_std             0.0015928
-------------------------------  --------------
-------------------------------  -------------
time/training                      16.1123
evaluation/target_0_return_mean    26.0449
evaluation/target_0_return_std      4.45685
evaluation/target_0_length_mean   200
evaluation/target_0_length_std      0
time/total                       2645.95
time/evaluation                     2.58232
training/train_loss_mean            0.00036498
training/train_loss_std             0.00108299
-------------------------------  -------------
-------------------------------  --------------
time/training                      23.381
evaluation/target_0_return_mean    24.8653
evaluation/target_0_return_std      3.61948
evaluation/target_0_length_mean   200
evaluation/target_0_length_std      0
time/total                       2671.95
time/evaluation                     2.61483
training/train_loss_mean            0.000476197
training/train_loss_std             0.00180388
-------------------------------  --------------
-------------------------------  --------------
time/training                      23.2924
evaluation/target_0_return_mean    25.7728
evaluation/target_0_return_std      5.7563
evaluation/target_0_length_mean   200
evaluation/target_0_length_std      0
time/total                       2697.89
time/evaluation                     2.65338
training/train_loss_mean            0.000554347
training/train_loss_std             0.00180809
-------------------------------  --------------
-------------------------------  --------------
time/training                      22.9061
evaluation/target_0_return_mean    24.1017
evaluation/target_0_return_std      2.55257
evaluation/target_0_length_mean   200
evaluation/target_0_length_std      0
time/total                       2723.4
time/evaluation                     2.59641
training/train_loss_mean            0.000523571
training/train_loss_std             0.00184187
-------------------------------  --------------
-------------------------------  --------------
time/training                      22.8484
evaluation/target_0_return_mean    23.3532
evaluation/target_0_return_std      3.95299
evaluation/target_0_length_mean   200
evaluation/target_0_length_std      0
time/total                       2748.84
time/evaluation                     2.59724
training/train_loss_mean            0.000465317
training/train_loss_std             0.00201651
-------------------------------  --------------
-------------------------------  --------------
time/training                      23.1102
evaluation/target_0_return_mean    26.5237
evaluation/target_0_return_std      5.84315
evaluation/target_0_length_mean   200
evaluation/target_0_length_std      0
time/total                       2774.59
time/evaluation                     2.63171
training/train_loss_mean            0.000334279
training/train_loss_std             0.00117734
-------------------------------  --------------
-------------------------------  --------------
time/training                      23.2162
evaluation/target_0_return_mean    24.1841
evaluation/target_0_return_std      3.44053
evaluation/target_0_length_mean   200
evaluation/target_0_length_std      0
time/total                       2800.31
time/evaluation                     2.50949
training/train_loss_mean            0.000497391
training/train_loss_std             0.00191895
-------------------------------  --------------
-------------------------------  --------------
time/training                      23.1135
evaluation/target_0_return_mean    26.3814
evaluation/target_0_return_std      4.05397
evaluation/target_0_length_mean   200
evaluation/target_0_length_std      0
time/total                       2825.93
time/evaluation                     2.50697
training/train_loss_mean            0.000506389
training/train_loss_std             0.00177262
-------------------------------  --------------
-------------------------------  --------------
time/training                      22.9736
evaluation/target_0_return_mean    25.2696
evaluation/target_0_return_std      3.94653
evaluation/target_0_length_mean   200
evaluation/target_0_length_std      0
time/total                       2851.44
time/evaluation                     2.53401
training/train_loss_mean            0.000520651
training/train_loss_std             0.00187327
-------------------------------  --------------
-------------------------------  --------------
time/training                      24.8249
evaluation/target_0_return_mean    23.4612
evaluation/target_0_return_std      3.52933
evaluation/target_0_length_mean   200
evaluation/target_0_length_std      0
time/total                       2878.84
time/evaluation                     2.56914
training/train_loss_mean            0.000472914
training/train_loss_std             0.00181084
-------------------------------  --------------
-------------------------------  --------------
time/training                      12.9002
evaluation/target_0_return_mean    27.149
evaluation/target_0_return_std      3.84642
evaluation/target_0_length_mean   200
evaluation/target_0_length_std      0
time/total                       2892.85
time/evaluation                     1.10634
training/train_loss_mean            0.000322802
training/train_loss_std             0.00106956
-------------------------------  --------------
-------------------------------  -------------
time/training                       8.22901
evaluation/target_0_return_mean    26.1182
evaluation/target_0_return_std      3.8405
evaluation/target_0_length_mean   200
evaluation/target_0_length_std      0
time/total                       2902.2
time/evaluation                     1.12569
training/train_loss_mean            0.00039276
training/train_loss_std             0.00159843
-------------------------------  -------------
-------------------------------  --------------
time/training                       8.30071
evaluation/target_0_return_mean    26.4097
evaluation/target_0_return_std      4.05263
evaluation/target_0_length_mean   200
evaluation/target_0_length_std      0
time/total                       2911.6
time/evaluation                     1.09919
training/train_loss_mean            0.000355746
training/train_loss_std             0.00106513
-------------------------------  --------------
-------------------------------  -------------
time/training                       8.19732
evaluation/target_0_return_mean    26.4514
evaluation/target_0_return_std      2.06257
evaluation/target_0_length_mean   200
evaluation/target_0_length_std      0
time/total                       2920.9
time/evaluation                     1.09806
training/train_loss_mean            0.00050992
training/train_loss_std             0.00169782
-------------------------------  -------------
-------------------------------  --------------
time/training                       8.20501
evaluation/target_0_return_mean    26.5891
evaluation/target_0_return_std      4.17971
evaluation/target_0_length_mean   200
evaluation/target_0_length_std      0
time/total                       2930.24
time/evaluation                     1.13477
training/train_loss_mean            0.000343009
training/train_loss_std             0.00118864
-------------------------------  --------------
-------------------------------  --------------
time/training                       8.19762
evaluation/target_0_return_mean    28.2155
evaluation/target_0_return_std      3.22007
evaluation/target_0_length_mean   200
evaluation/target_0_length_std      0
time/total                       2939.58
time/evaluation                     1.13963
training/train_loss_mean            0.000340582
training/train_loss_std             0.00107347
-------------------------------  --------------
-------------------------------  --------------
time/training                       8.26239
evaluation/target_0_return_mean    24.9073
evaluation/target_0_return_std      3.43763
evaluation/target_0_length_mean   200
evaluation/target_0_length_std      0
time/total                       2948.97
time/evaluation                     1.13419
training/train_loss_mean            0.000457544
training/train_loss_std             0.00157612
-------------------------------  --------------
-------------------------------  --------------
time/training                       8.27325
evaluation/target_0_return_mean    25.2043
evaluation/target_0_return_std      3.29251
evaluation/target_0_length_mean   200
evaluation/target_0_length_std      0
time/total                       2958.39
time/evaluation                     1.14096
training/train_loss_mean            0.000429205
training/train_loss_std             0.00149467
-------------------------------  --------------
-------------------------------  --------------
time/training                       8.23579
evaluation/target_0_return_mean    26.644
evaluation/target_0_return_std      2.48851
evaluation/target_0_length_mean   200
evaluation/target_0_length_std      0
time/total                       2967.77
time/evaluation                     1.14644
training/train_loss_mean            0.000306382
training/train_loss_std             0.000986546
-------------------------------  --------------
-------------------------------  --------------
time/training                       8.22102
evaluation/target_0_return_mean    26.7903
evaluation/target_0_return_std      2.82301
evaluation/target_0_length_mean   200
evaluation/target_0_length_std      0
time/total                       2977.12
time/evaluation                     1.12885
training/train_loss_mean            0.000263471
training/train_loss_std             0.00109938
-------------------------------  --------------
