--------------  -------
epoch            0
average_return  10.3522
--------------  -------
--------------  ---------
average_loss     0.571497
epoch            1
average_return  19.798
--------------  ---------
--------------  ---------
average_loss     0.477126
epoch            2
average_return  19.7356
--------------  ---------
--------------  ---------
average_loss     0.412529
epoch            3
average_return  23.4355
--------------  ---------
--------------  ---------
average_loss     0.362022
epoch            4
average_return  51.1991
--------------  ---------
--------------  ---------
average_loss     0.318901
epoch            5
average_return  50.3696
--------------  ---------
--------------  ---------
average_loss     0.281601
epoch            6
average_return  49.0069
--------------  ---------
--------------  ---------
average_loss     0.249714
epoch            7
average_return  41.246
--------------  ---------
--------------  ---------
average_loss     0.222578
epoch            8
average_return  47.126
--------------  ---------
--------------  ---------
average_loss     0.200297
epoch            9
average_return  47.3623
--------------  ---------
--------------  ---------
average_loss     0.182318
epoch           10
average_return  53.6096
--------------  ---------
--------------  ---------
average_loss     0.167866
epoch           11
average_return  53.3761
--------------  ---------
--------------  ---------
average_loss     0.156483
epoch           12
average_return  55.4855
--------------  ---------
--------------  ---------
average_loss     0.147457
epoch           13
average_return  55.1425
--------------  ---------
--------------  ---------
average_loss     0.140229
epoch           14
average_return  55.3654
--------------  ---------
--------------  ---------
average_loss     0.134345
epoch           15
average_return  55.564
--------------  ---------
--------------  ---------
average_loss     0.129443
epoch           16
average_return  56.136
--------------  ---------
--------------  ---------
average_loss     0.125203
epoch           17
average_return  55.801
--------------  ---------
--------------  ---------
average_loss     0.121502
epoch           18
average_return  57.3879
--------------  ---------
--------------  ---------
average_loss     0.118191
epoch           19
average_return  52.4407
--------------  ---------
--------------  ---------
average_loss     0.115199
epoch           20
average_return  52.3071
--------------  ---------
--------------  ---------
average_loss     0.112387
epoch           21
average_return  51.9805
--------------  ---------
--------------  ---------
average_loss     0.109808
epoch           22
average_return  52.9993
--------------  ---------
--------------  ---------
average_loss     0.107487
epoch           23
average_return  54.2739
--------------  ---------
--------------  ---------
average_loss     0.105141
epoch           24
average_return  55.8773
--------------  ---------
--------------  ---------
average_loss     0.102874
epoch           25
average_return  55.5723
--------------  ---------
--------------  ---------
average_loss     0.100771
epoch           26
average_return  57.3029
--------------  ---------
--------------  ----------
average_loss     0.0986501
epoch           27
average_return  57.3053
--------------  ----------
--------------  ----------
average_loss     0.0966454
epoch           28
average_return  53.3692
--------------  ----------
--------------  ----------
average_loss     0.0946556
epoch           29
average_return  54.6156
--------------  ----------
--------------  ----------
average_loss     0.0926252
epoch           30
average_return  55.3619
--------------  ----------
--------------  ----------
average_loss     0.0906599
epoch           31
average_return  56.2646
--------------  ----------
--------------  ----------
average_loss     0.0888679
epoch           32
average_return  53.6487
--------------  ----------
--------------  ----------
average_loss     0.0871465
epoch           33
average_return  56.8359
--------------  ----------
--------------  ----------
average_loss     0.0855765
epoch           34
average_return  55.7321
--------------  ----------
--------------  ----------
average_loss     0.0842179
epoch           35
average_return  58.8764
--------------  ----------
--------------  ----------
average_loss     0.0829007
epoch           36
average_return  53.9561
--------------  ----------
--------------  ----------
average_loss     0.0816392
epoch           37
average_return  54.3671
--------------  ----------
--------------  ----------
average_loss     0.0805752
epoch           38
average_return  51.8105
--------------  ----------
--------------  ----------
average_loss     0.0795755
epoch           39
average_return  55.1637
--------------  ----------
--------------  ---------
average_loss     0.078596
epoch           40
average_return  54.3132
--------------  ---------
--------------  ----------
average_loss     0.0777293
epoch           41
average_return  55.627
--------------  ----------
--------------  ----------
average_loss     0.0768211
epoch           42
average_return  55.2922
--------------  ----------
--------------  ----------
average_loss     0.0760201
epoch           43
average_return  55.516
--------------  ----------
--------------  ----------
average_loss     0.0752399
epoch           44
average_return  50.9
--------------  ----------
--------------  ----------
average_loss     0.0744939
epoch           45
average_return  53.4371
--------------  ----------
--------------  ----------
average_loss     0.0738118
epoch           46
average_return  55.6466
--------------  ----------
--------------  ----------
average_loss     0.0731125
epoch           47
average_return  51.8669
--------------  ----------
--------------  ----------
average_loss     0.0724824
epoch           48
average_return  53.8461
--------------  ----------
--------------  ----------
average_loss     0.0717948
epoch           49
average_return  52.3855
--------------  ----------
--------------  ----------
average_loss     0.0711957
epoch           50
average_return  53.9374
--------------  ----------
--------------  ----------
average_loss     0.0705947
epoch           51
average_return  54.2057
--------------  ----------
--------------  ----------
average_loss     0.0700178
epoch           52
average_return  55.1157
--------------  ----------
--------------  ----------
average_loss     0.0694576
epoch           53
average_return  53.1315
--------------  ----------
--------------  ----------
average_loss     0.0688627
epoch           54
average_return  54.7892
--------------  ----------
--------------  ---------
average_loss     0.068247
epoch           55
average_return  51.604
--------------  ---------
--------------  ----------
average_loss     0.0677327
epoch           56
average_return  52.1878
--------------  ----------
--------------  ----------
average_loss     0.0671614
epoch           57
average_return  53.8581
--------------  ----------
--------------  ----------
average_loss     0.0665725
epoch           58
average_return  54.1425
--------------  ----------
--------------  ----------
average_loss     0.0660585
epoch           59
average_return  51.312
--------------  ----------
--------------  ----------
average_loss     0.0655059
epoch           60
average_return  51.8311
--------------  ----------
--------------  ----------
average_loss     0.0649657
epoch           61
average_return  50.3989
--------------  ----------
--------------  ----------
average_loss     0.0644465
epoch           62
average_return  52.028
--------------  ----------
--------------  ----------
average_loss     0.0639348
epoch           63
average_return  50.0287
--------------  ----------
--------------  ----------
average_loss     0.0634102
epoch           64
average_return  51.0407
--------------  ----------
--------------  ----------
average_loss     0.0629168
epoch           65
average_return  51.2302
--------------  ----------
--------------  ----------
average_loss     0.0623891
epoch           66
average_return  50.9456
--------------  ----------
--------------  ----------
average_loss     0.0619519
epoch           67
average_return  53.7826
--------------  ----------
--------------  ----------
average_loss     0.0614413
epoch           68
average_return  51.1258
--------------  ----------
--------------  ---------
average_loss     0.061012
epoch           69
average_return  51.7844
--------------  ---------
--------------  ----------
average_loss     0.0606126
epoch           70
average_return  49.9521
--------------  ----------
--------------  ----------
average_loss     0.0601477
epoch           71
average_return  51.1236
--------------  ----------
--------------  ----------
average_loss     0.0598138
epoch           72
average_return  52.6519
--------------  ----------
--------------  ----------
average_loss     0.0593908
epoch           73
average_return  48.8643
--------------  ----------
--------------  ----------
average_loss     0.0590046
epoch           74
average_return  50.3208
--------------  ----------
--------------  ----------
average_loss     0.0586738
epoch           75
average_return  49.8421
--------------  ----------
--------------  ----------
average_loss     0.0583327
epoch           76
average_return  48.9148
--------------  ----------
--------------  ----------
average_loss     0.0580499
epoch           77
average_return  49.2948
--------------  ----------
--------------  ----------
average_loss     0.0577131
epoch           78
average_return  47.9676
--------------  ----------
--------------  ----------
average_loss     0.0574098
epoch           79
average_return  48.9456
--------------  ----------
--------------  ----------
average_loss     0.0571105
epoch           80
average_return  50.2726
--------------  ----------
--------------  ----------
average_loss     0.0568193
epoch           81
average_return  52.4746
--------------  ----------
--------------  ----------
average_loss     0.0565557
epoch           82
average_return  50.4456
--------------  ----------
--------------  ---------
average_loss     0.056302
epoch           83
average_return  51.9236
--------------  ---------
--------------  ----------
average_loss     0.0560577
epoch           84
average_return  53.0352
--------------  ----------
--------------  ----------
average_loss     0.0558114
epoch           85
average_return  51.1095
--------------  ----------
--------------  ----------
average_loss     0.0555148
epoch           86
average_return  51.5592
--------------  ----------
--------------  ----------
average_loss     0.0553194
epoch           87
average_return  49.8728
--------------  ----------
--------------  ----------
average_loss     0.0550364
epoch           88
average_return  51.3064
--------------  ----------
--------------  ----------
average_loss     0.0547915
epoch           89
average_return  51.5417
--------------  ----------
--------------  ----------
average_loss     0.0545934
epoch           90
average_return  51.2001
--------------  ----------
--------------  ----------
average_loss     0.0543228
epoch           91
average_return  52.142
--------------  ----------
--------------  ---------
average_loss     0.054129
epoch           92
average_return  51.6453
--------------  ---------
--------------  ----------
average_loss     0.0539285
epoch           93
average_return  52.5105
--------------  ----------
--------------  ----------
average_loss     0.0536815
epoch           94
average_return  50.3707
--------------  ----------
--------------  ----------
average_loss     0.0534876
epoch           95
average_return  50.4496
--------------  ----------
--------------  ----------
average_loss     0.0533015
epoch           96
average_return  50.5619
--------------  ----------
--------------  ----------
average_loss     0.0530551
epoch           97
average_return  49.7502
--------------  ----------
--------------  ----------
average_loss     0.0529089
epoch           98
average_return  49.0606
--------------  ----------
--------------  ----------
average_loss     0.0527232
epoch           99
average_return  49.0345
--------------  ----------
--------------  ----------
average_loss      0.052526
epoch           100
average_return   51.3933
--------------  ----------
