-------------------------------  -----------
time/training                      7.73671
evaluation/target_0_return_mean   52.7243
evaluation/target_0_return_std     3.62007
evaluation/target_0_length_mean  194.7
evaluation/target_0_length_std     8.94483
time/total                         8.80329
time/evaluation                    1.05836
training/train_loss_mean           0.343739
training/train_loss_std            0.0397832
-------------------------------  -----------
-------------------------------  -----------
time/training                      6.85141
evaluation/target_0_return_mean   55.1098
evaluation/target_0_return_std     4.86265
evaluation/target_0_length_mean  194.1
evaluation/target_0_length_std    10.9768
time/total                        16.7108
time/evaluation                    1.05248
training/train_loss_mean           0.204035
training/train_loss_std            0.0494151
-------------------------------  -----------
-------------------------------  -----------
time/training                      6.81971
evaluation/target_0_return_mean   51.3777
evaluation/target_0_return_std     6.13767
evaluation/target_0_length_mean  196.7
evaluation/target_0_length_std     6.69403
time/total                        24.596
time/evaluation                    1.06134
training/train_loss_mean           0.107062
training/train_loss_std            0.0296898
-------------------------------  -----------
-------------------------------  -----------
time/training                      6.72159
evaluation/target_0_return_mean   44.7459
evaluation/target_0_return_std     8.91214
evaluation/target_0_length_mean  169.3
evaluation/target_0_length_std    19.8799
time/total                        32.2302
time/evaluation                    0.906657
training/train_loss_mean           0.0795972
training/train_loss_std            0.0235941
-------------------------------  -----------
-------------------------------  -----------
time/training                      6.71632
evaluation/target_0_return_mean   48.5077
evaluation/target_0_return_std     4.58951
evaluation/target_0_length_mean  176.9
evaluation/target_0_length_std    17.0144
time/total                        39.8967
time/evaluation                    0.949317
training/train_loss_mean           0.0661646
training/train_loss_std            0.0214084
-------------------------------  -----------
-------------------------------  -----------
time/training                      6.799
evaluation/target_0_return_mean   44.4227
evaluation/target_0_return_std     3.67699
evaluation/target_0_length_mean  157.5
evaluation/target_0_length_std    15.3052
time/total                        47.5413
time/evaluation                    0.844826
training/train_loss_mean           0.0579511
training/train_loss_std            0.0204794
-------------------------------  -----------
-------------------------------  -----------
time/training                      6.74983
evaluation/target_0_return_mean   47.5529
evaluation/target_0_return_std     6.09135
evaluation/target_0_length_mean  172.1
evaluation/target_0_length_std    22.0746
time/total                        55.2278
time/evaluation                    0.935121
training/train_loss_mean           0.0527333
training/train_loss_std            0.0193485
-------------------------------  -----------
-------------------------------  -----------
time/training                      7.01264
evaluation/target_0_return_mean   47.2273
evaluation/target_0_return_std     5.98187
evaluation/target_0_length_mean  160.7
evaluation/target_0_length_std    18.8152
time/total                        63.2706
time/evaluation                    1.02907
training/train_loss_mean           0.0469466
training/train_loss_std            0.0182071
-------------------------------  -----------
-------------------------------  -----------
time/training                      7.12195
evaluation/target_0_return_mean   45.7774
evaluation/target_0_return_std    11.7467
evaluation/target_0_length_mean  165.6
evaluation/target_0_length_std    32.7023
time/total                        71.4529
time/evaluation                    1.05943
training/train_loss_mean           0.0444535
training/train_loss_std            0.0168737
-------------------------------  -----------
-------------------------------  -----------
time/training                      7.12158
evaluation/target_0_return_mean   48.9115
evaluation/target_0_return_std    13.4634
evaluation/target_0_length_mean  147.3
evaluation/target_0_length_std    35.1399
time/total                        79.5194
time/evaluation                    0.944058
training/train_loss_mean           0.0416905
training/train_loss_std            0.017047
-------------------------------  -----------
-------------------------------  -----------
time/training                      7.12329
evaluation/target_0_return_mean   45.1797
evaluation/target_0_return_std    11.3933
evaluation/target_0_length_mean  150.8
evaluation/target_0_length_std    34.4436
time/total                        87.6113
time/evaluation                    0.967907
training/train_loss_mean           0.0388551
training/train_loss_std            0.0163189
-------------------------------  -----------
-------------------------------  -----------
time/training                      7.12363
evaluation/target_0_return_mean   43.9359
evaluation/target_0_return_std    10.0687
evaluation/target_0_length_mean  157.6
evaluation/target_0_length_std    31.7055
time/total                        95.759
time/evaluation                    1.02198
training/train_loss_mean           0.0370512
training/train_loss_std            0.0152294
-------------------------------  -----------
-------------------------------  -----------
time/training                      7.17827
evaluation/target_0_return_mean   45.08
evaluation/target_0_return_std    18.4667
evaluation/target_0_length_mean  159.1
evaluation/target_0_length_std    48.1984
time/total                       103.959
time/evaluation                    1.0204
training/train_loss_mean           0.0347291
training/train_loss_std            0.0158206
-------------------------------  -----------
-------------------------------  -----------
time/training                      7.0985
evaluation/target_0_return_mean   42.502
evaluation/target_0_return_std    20.5204
evaluation/target_0_length_mean  155.7
evaluation/target_0_length_std    49.8418
time/total                       112.056
time/evaluation                    0.995871
training/train_loss_mean           0.0343132
training/train_loss_std            0.0161542
-------------------------------  -----------
-------------------------------  -----------
time/training                      7.20598
evaluation/target_0_return_mean   51.7132
evaluation/target_0_return_std    12.7567
evaluation/target_0_length_mean  182.3
evaluation/target_0_length_std    20.0152
time/total                       120.669
time/evaluation                    1.40661
training/train_loss_mean           0.0323115
training/train_loss_std            0.0149003
-------------------------------  -----------
-------------------------------  -----------
time/training                      7.26138
evaluation/target_0_return_mean   49.5382
evaluation/target_0_return_std    13.2217
evaluation/target_0_length_mean  174.1
evaluation/target_0_length_std    34.2387
time/total                       129.277
time/evaluation                    1.34555
training/train_loss_mean           0.0314864
training/train_loss_std            0.0145626
-------------------------------  -----------
-------------------------------  -----------
time/training                      7.2598
evaluation/target_0_return_mean   44.1801
evaluation/target_0_return_std    12.7869
evaluation/target_0_length_mean  177.7
evaluation/target_0_length_std    26.9186
time/total                       137.906
time/evaluation                    1.36858
training/train_loss_mean           0.029431
training/train_loss_std            0.0137989
-------------------------------  -----------
-------------------------------  -----------
time/training                      7.25138
evaluation/target_0_return_mean   46.5852
evaluation/target_0_return_std    14.0388
evaluation/target_0_length_mean  167.7
evaluation/target_0_length_std    43.6968
time/total                       146.451
time/evaluation                    1.29229
training/train_loss_mean           0.0289716
training/train_loss_std            0.0138582
-------------------------------  -----------
-------------------------------  -----------
time/training                      7.27562
evaluation/target_0_return_mean   44.4404
evaluation/target_0_return_std    19.3193
evaluation/target_0_length_mean  179.2
evaluation/target_0_length_std    30.9735
time/total                       155.111
time/evaluation                    1.38423
training/train_loss_mean           0.0287556
training/train_loss_std            0.0142859
-------------------------------  -----------
-------------------------------  -----------
time/training                      7.3268
evaluation/target_0_return_mean   42.3296
evaluation/target_0_return_std    16.21
evaluation/target_0_length_mean  168.5
evaluation/target_0_length_std    38.596
time/total                       163.739
time/evaluation                    1.29976
training/train_loss_mean           0.0272671
training/train_loss_std            0.0134923
-------------------------------  -----------
-------------------------------  -----------
time/training                      7.26073
evaluation/target_0_return_mean   39.8494
evaluation/target_0_return_std    16.3456
evaluation/target_0_length_mean  173.6
evaluation/target_0_length_std    38.1161
time/total                       172.334
time/evaluation                    1.33357
training/train_loss_mean           0.0280133
training/train_loss_std            0.0146039
-------------------------------  -----------
-------------------------------  -----------
time/training                      7.52235
evaluation/target_0_return_mean   42.6322
evaluation/target_0_return_std    10.1427
evaluation/target_0_length_mean  178.6
evaluation/target_0_length_std    34.8918
time/total                       181.502
time/evaluation                    1.64456
training/train_loss_mean           0.0263112
training/train_loss_std            0.0133248
-------------------------------  -----------
-------------------------------  -----------
time/training                      7.92209
evaluation/target_0_return_mean   38.326
evaluation/target_0_return_std     9.61675
evaluation/target_0_length_mean  185.3
evaluation/target_0_length_std    14.1496
time/total                       191.208
time/evaluation                    1.78284
training/train_loss_mean           0.0255021
training/train_loss_std            0.012957
-------------------------------  -----------
-------------------------------  -----------
time/training                      7.84522
evaluation/target_0_return_mean   37.5056
evaluation/target_0_return_std    14.7618
evaluation/target_0_length_mean  165.9
evaluation/target_0_length_std    46.1876
time/total                       200.684
time/evaluation                    1.63068
training/train_loss_mean           0.0251965
training/train_loss_std            0.0136902
-------------------------------  -----------
-------------------------------  -----------
time/training                      7.85336
evaluation/target_0_return_mean   34.6246
evaluation/target_0_return_std     9.43085
evaluation/target_0_length_mean  168.8
evaluation/target_0_length_std    33.5821
time/total                       210.163
time/evaluation                    1.6243
training/train_loss_mean           0.0246367
training/train_loss_std            0.0132659
-------------------------------  -----------
-------------------------------  -----------
time/training                      7.8817
evaluation/target_0_return_mean   45.8413
evaluation/target_0_return_std    11.9596
evaluation/target_0_length_mean  188.4
evaluation/target_0_length_std    29.5709
time/total                       219.871
time/evaluation                    1.82523
training/train_loss_mean           0.0243166
training/train_loss_std            0.0126385
-------------------------------  -----------
-------------------------------  -----------
time/training                      7.91611
evaluation/target_0_return_mean   34.6038
evaluation/target_0_return_std     7.39549
evaluation/target_0_length_mean  162.9
evaluation/target_0_length_std    39.1547
time/total                       229.341
time/evaluation                    1.55273
training/train_loss_mean           0.0239015
training/train_loss_std            0.0128848
-------------------------------  -----------
-------------------------------  -----------
time/training                      7.87006
evaluation/target_0_return_mean   43.0923
evaluation/target_0_return_std    17.05
evaluation/target_0_length_mean  174.3
evaluation/target_0_length_std    28.8064
time/total                       238.826
time/evaluation                    1.61452
training/train_loss_mean           0.0226913
training/train_loss_std            0.0127389
-------------------------------  -----------
-------------------------------  -----------
time/training                      7.85443
evaluation/target_0_return_mean   39.1679
evaluation/target_0_return_std    15.2191
evaluation/target_0_length_mean  169.3
evaluation/target_0_length_std    41.0562
time/total                       248.237
time/evaluation                    1.55592
training/train_loss_mean           0.0232302
training/train_loss_std            0.012544
-------------------------------  -----------
-------------------------------  -----------
time/training                      7.87853
evaluation/target_0_return_mean   35.6262
evaluation/target_0_return_std     8.41058
evaluation/target_0_length_mean  177.3
evaluation/target_0_length_std    33.7077
time/total                       257.733
time/evaluation                    1.61629
training/train_loss_mean           0.0223368
training/train_loss_std            0.0123335
-------------------------------  -----------
-------------------------------  -----------
time/training                      7.85525
evaluation/target_0_return_mean   39.6411
evaluation/target_0_return_std    11.1888
evaluation/target_0_length_mean  173.1
evaluation/target_0_length_std    38.8032
time/total                       267.174
time/evaluation                    1.58422
training/train_loss_mean           0.0221832
training/train_loss_std            0.0121406
-------------------------------  -----------
-------------------------------  -----------
time/training                      7.91703
evaluation/target_0_return_mean   38.0117
evaluation/target_0_return_std     9.99778
evaluation/target_0_length_mean  176.3
evaluation/target_0_length_std    25.4914
time/total                       276.703
time/evaluation                    1.61143
training/train_loss_mean           0.0218634
training/train_loss_std            0.0127162
-------------------------------  -----------
-------------------------------  -----------
time/training                      7.92841
evaluation/target_0_return_mean   33.9152
evaluation/target_0_return_std     8.32474
evaluation/target_0_length_mean  158
evaluation/target_0_length_std    41.7277
time/total                       286.07
time/evaluation                    1.43799
training/train_loss_mean           0.0222969
training/train_loss_std            0.0121145
-------------------------------  -----------
-------------------------------  -----------
time/training                      7.8587
evaluation/target_0_return_mean   33.4103
evaluation/target_0_return_std    10.0074
evaluation/target_0_length_mean  171.6
evaluation/target_0_length_std    30.243
time/total                       295.479
time/evaluation                    1.54967
training/train_loss_mean           0.0216803
training/train_loss_std            0.0125405
-------------------------------  -----------
-------------------------------  -----------
time/training                      7.91968
evaluation/target_0_return_mean   31.6804
evaluation/target_0_return_std    13.2017
evaluation/target_0_length_mean  151.3
evaluation/target_0_length_std    50.3131
time/total                       304.779
time/evaluation                    1.37852
training/train_loss_mean           0.0216875
training/train_loss_std            0.011788
-------------------------------  -----------
-------------------------------  -----------
time/training                      7.862
evaluation/target_0_return_mean   40.2916
evaluation/target_0_return_std    14.1225
evaluation/target_0_length_mean  175.1
evaluation/target_0_length_std    36.7245
time/total                       314.235
time/evaluation                    1.59391
training/train_loss_mean           0.0206912
training/train_loss_std            0.011392
-------------------------------  -----------
-------------------------------  -----------
time/training                      7.88157
evaluation/target_0_return_mean   36.1734
evaluation/target_0_return_std    13.0256
evaluation/target_0_length_mean  161.5
evaluation/target_0_length_std    39.3071
time/total                       323.599
time/evaluation                    1.48155
training/train_loss_mean           0.0202864
training/train_loss_std            0.0118211
-------------------------------  -----------
-------------------------------  -----------
time/training                      7.85864
evaluation/target_0_return_mean   34.3923
evaluation/target_0_return_std     8.74338
evaluation/target_0_length_mean  170.3
evaluation/target_0_length_std    26.0271
time/total                       333.014
time/evaluation                    1.55477
training/train_loss_mean           0.0208217
training/train_loss_std            0.0124451
-------------------------------  -----------
-------------------------------  -----------
time/training                      7.87787
evaluation/target_0_return_mean   37.9619
evaluation/target_0_return_std    15.4465
evaluation/target_0_length_mean  169.1
evaluation/target_0_length_std    33.0952
time/total                       342.456
time/evaluation                    1.56341
training/train_loss_mean           0.0204422
training/train_loss_std            0.0117475
-------------------------------  -----------
-------------------------------  -----------
time/training                      7.88121
evaluation/target_0_return_mean   30.2456
evaluation/target_0_return_std     4.50418
evaluation/target_0_length_mean  160.2
evaluation/target_0_length_std    36.3313
time/total                       351.811
time/evaluation                    1.47231
training/train_loss_mean           0.0200357
training/train_loss_std            0.0122863
-------------------------------  -----------
-------------------------------  -----------
time/training                      7.87921
evaluation/target_0_return_mean   30.5846
evaluation/target_0_return_std     7.17015
evaluation/target_0_length_mean  153.9
evaluation/target_0_length_std    44.6306
time/total                       361.103
time/evaluation                    1.41234
training/train_loss_mean           0.0197656
training/train_loss_std            0.0118582
-------------------------------  -----------
-------------------------------  -----------
time/training                      7.92011
evaluation/target_0_return_mean   38.3459
evaluation/target_0_return_std    14.6725
evaluation/target_0_length_mean  171.7
evaluation/target_0_length_std    39.9326
time/total                       370.599
time/evaluation                    1.57514
training/train_loss_mean           0.0193088
training/train_loss_std            0.0117004
-------------------------------  -----------
-------------------------------  -----------
time/training                      7.85971
evaluation/target_0_return_mean   38.8154
evaluation/target_0_return_std    15.9981
evaluation/target_0_length_mean  145.3
evaluation/target_0_length_std    46.5103
time/total                       379.795
time/evaluation                    1.3354
training/train_loss_mean           0.0197036
training/train_loss_std            0.0113091
-------------------------------  -----------
-------------------------------  -----------
time/training                      7.86186
evaluation/target_0_return_mean   30.7337
evaluation/target_0_return_std     9.83
evaluation/target_0_length_mean  153.1
evaluation/target_0_length_std    47.9634
time/total                       389.062
time/evaluation                    1.40347
training/train_loss_mean           0.0195268
training/train_loss_std            0.0118976
-------------------------------  -----------
-------------------------------  -----------
time/training                      7.87582
evaluation/target_0_return_mean   40.7648
evaluation/target_0_return_std    17.1033
evaluation/target_0_length_mean  158
evaluation/target_0_length_std    45.4775
time/total                       398.426
time/evaluation                    1.48796
training/train_loss_mean           0.0196799
training/train_loss_std            0.011879
-------------------------------  -----------
-------------------------------  -----------
time/training                      7.93692
evaluation/target_0_return_mean   27.8468
evaluation/target_0_return_std     6.62747
evaluation/target_0_length_mean  161.4
evaluation/target_0_length_std    46.618
time/total                       407.89
time/evaluation                    1.52619
training/train_loss_mean           0.0194126
training/train_loss_std            0.0117925
-------------------------------  -----------
-------------------------------  -----------
time/training                      7.84782
evaluation/target_0_return_mean   37.7447
evaluation/target_0_return_std    15.6958
evaluation/target_0_length_mean  170.8
evaluation/target_0_length_std    34.2368
time/total                       417.405
time/evaluation                    1.66572
training/train_loss_mean           0.019588
training/train_loss_std            0.0114906
-------------------------------  -----------
-------------------------------  -----------
time/training                      7.84355
evaluation/target_0_return_mean   36.1748
evaluation/target_0_return_std    16.3082
evaluation/target_0_length_mean  171.5
evaluation/target_0_length_std    31.6489
time/total                       426.956
time/evaluation                    1.70636
training/train_loss_mean           0.0186487
training/train_loss_std            0.0110932
-------------------------------  -----------
-------------------------------  -----------
time/training                      7.85115
evaluation/target_0_return_mean   30.7897
evaluation/target_0_return_std     8.34533
evaluation/target_0_length_mean  158.9
evaluation/target_0_length_std    43.9715
time/total                       436.377
time/evaluation                    1.56945
training/train_loss_mean           0.0187502
training/train_loss_std            0.011522
-------------------------------  -----------
-------------------------------  -----------
time/training                      7.8465
evaluation/target_0_return_mean   36.0365
evaluation/target_0_return_std    18.2215
evaluation/target_0_length_mean  154.8
evaluation/target_0_length_std    47.7803
time/total                       445.708
time/evaluation                    1.48379
training/train_loss_mean           0.0183744
training/train_loss_std            0.0111323
-------------------------------  -----------
-------------------------------  -----------
time/training                      7.83689
evaluation/target_0_return_mean   31.1281
evaluation/target_0_return_std    10.4573
evaluation/target_0_length_mean  166.2
evaluation/target_0_length_std    44.0086
time/total                       455.186
time/evaluation                    1.64006
training/train_loss_mean           0.0185073
training/train_loss_std            0.0114712
-------------------------------  -----------
-------------------------------  -----------
time/training                      7.91285
evaluation/target_0_return_mean   32.3784
evaluation/target_0_return_std     5.89448
evaluation/target_0_length_mean  171.6
evaluation/target_0_length_std    29.3435
time/total                       464.772
time/evaluation                    1.6721
training/train_loss_mean           0.0183435
training/train_loss_std            0.0111061
-------------------------------  -----------
-------------------------------  -----------
time/training                      7.87314
evaluation/target_0_return_mean   30.0521
evaluation/target_0_return_std     5.26433
evaluation/target_0_length_mean  158.7
evaluation/target_0_length_std    38.611
time/total                       474.171
time/evaluation                    1.52507
training/train_loss_mean           0.0181347
training/train_loss_std            0.0106428
-------------------------------  -----------
-------------------------------  -----------
time/training                      7.86882
evaluation/target_0_return_mean   37.0583
evaluation/target_0_return_std    12.9621
evaluation/target_0_length_mean  166.1
evaluation/target_0_length_std    42.8239
time/total                       483.632
time/evaluation                    1.59043
training/train_loss_mean           0.0186847
training/train_loss_std            0.0116797
-------------------------------  -----------
-------------------------------  -----------
time/training                      7.95735
evaluation/target_0_return_mean   37.5025
evaluation/target_0_return_std    15.5508
evaluation/target_0_length_mean  166.2
evaluation/target_0_length_std    40.8039
time/total                       493.139
time/evaluation                    1.5489
training/train_loss_mean           0.017755
training/train_loss_std            0.0104015
-------------------------------  -----------
-------------------------------  -----------
time/training                      7.87048
evaluation/target_0_return_mean   35.0814
evaluation/target_0_return_std    12.3766
evaluation/target_0_length_mean  168.4
evaluation/target_0_length_std    46.0309
time/total                       502.577
time/evaluation                    1.56699
training/train_loss_mean           0.0174249
training/train_loss_std            0.0110502
-------------------------------  -----------
-------------------------------  -----------
time/training                      7.87722
evaluation/target_0_return_mean   36.4579
evaluation/target_0_return_std    11.7359
evaluation/target_0_length_mean  198.7
evaluation/target_0_length_std     3.0348
time/total                       512.386
time/evaluation                    1.93033
training/train_loss_mean           0.018232
training/train_loss_std            0.0114974
-------------------------------  -----------
-------------------------------  -----------
time/training                      7.87765
evaluation/target_0_return_mean   44.9033
evaluation/target_0_return_std    18.6189
evaluation/target_0_length_mean  172.4
evaluation/target_0_length_std    40.4776
time/total                       521.916
time/evaluation                    1.65157
training/train_loss_mean           0.0174663
training/train_loss_std            0.0111682
-------------------------------  -----------
-------------------------------  -----------
time/training                      7.92785
evaluation/target_0_return_mean   37.6886
evaluation/target_0_return_std    11.2627
evaluation/target_0_length_mean  168.4
evaluation/target_0_length_std    37.5292
time/total                       531.454
time/evaluation                    1.60877
training/train_loss_mean           0.0180445
training/train_loss_std            0.0118317
-------------------------------  -----------
-------------------------------  -----------
time/training                      7.8535
evaluation/target_0_return_mean   35.8829
evaluation/target_0_return_std    11.823
evaluation/target_0_length_mean  182.4
evaluation/target_0_length_std    31.6803
time/total                       541.101
time/evaluation                    1.79274
training/train_loss_mean           0.0174555
training/train_loss_std            0.0104045
-------------------------------  -----------
-------------------------------  -----------
time/training                      7.89378
evaluation/target_0_return_mean   32.7058
evaluation/target_0_return_std     8.48749
evaluation/target_0_length_mean  176.7
evaluation/target_0_length_std    31.404
time/total                       550.695
time/evaluation                    1.69948
training/train_loss_mean           0.0173918
training/train_loss_std            0.0107537
-------------------------------  -----------
-------------------------------  -----------
time/training                      7.86315
evaluation/target_0_return_mean   41.0602
evaluation/target_0_return_std    16.5789
evaluation/target_0_length_mean  152.5
evaluation/target_0_length_std    42.0387
time/total                       559.942
time/evaluation                    1.38324
training/train_loss_mean           0.0180488
training/train_loss_std            0.0108113
-------------------------------  -----------
-------------------------------  -----------
time/training                      7.90883
evaluation/target_0_return_mean   34.025
evaluation/target_0_return_std    14.9414
evaluation/target_0_length_mean  173.3
evaluation/target_0_length_std    39.545
time/total                       569.433
time/evaluation                    1.58091
training/train_loss_mean           0.0176541
training/train_loss_std            0.0108837
-------------------------------  -----------
-------------------------------  -----------
time/training                      7.90447
evaluation/target_0_return_mean   28.8077
evaluation/target_0_return_std     5.39082
evaluation/target_0_length_mean  175.6
evaluation/target_0_length_std    33.1789
time/total                       578.936
time/evaluation                    1.59731
training/train_loss_mean           0.0173219
training/train_loss_std            0.0106084
-------------------------------  -----------
-------------------------------  -----------
time/training                      7.98054
evaluation/target_0_return_mean   37.1104
evaluation/target_0_return_std    11.5442
evaluation/target_0_length_mean  170.8
evaluation/target_0_length_std    24.8508
time/total                       588.466
time/evaluation                    1.54907
training/train_loss_mean           0.0169577
training/train_loss_std            0.0102138
-------------------------------  -----------
-------------------------------  -----------
time/training                      7.8989
evaluation/target_0_return_mean   32.6932
evaluation/target_0_return_std     6.11839
evaluation/target_0_length_mean  179.4
evaluation/target_0_length_std    35.4519
time/total                       597.995
time/evaluation                    1.62927
training/train_loss_mean           0.0166043
training/train_loss_std            0.0104622
-------------------------------  -----------
-------------------------------  -----------
time/training                      7.91054
evaluation/target_0_return_mean   31.8154
evaluation/target_0_return_std     7.44642
evaluation/target_0_length_mean  169.8
evaluation/target_0_length_std    39.5444
time/total                       607.453
time/evaluation                    1.54637
training/train_loss_mean           0.0165273
training/train_loss_std            0.010185
-------------------------------  -----------
-------------------------------  -----------
time/training                      7.90711
evaluation/target_0_return_mean   33.3322
evaluation/target_0_return_std    17.0478
evaluation/target_0_length_mean  188.5
evaluation/target_0_length_std    20.6749
time/total                       617.066
time/evaluation                    1.70536
training/train_loss_mean           0.0169144
training/train_loss_std            0.0104958
-------------------------------  -----------
-------------------------------  -----------
time/training                      7.8882
evaluation/target_0_return_mean   33.9918
evaluation/target_0_return_std    17.1939
evaluation/target_0_length_mean  181
evaluation/target_0_length_std    23.8998
time/total                       626.613
time/evaluation                    1.65743
training/train_loss_mean           0.0175093
training/train_loss_std            0.0112827
-------------------------------  -----------
-------------------------------  -----------
time/training                      7.90654
evaluation/target_0_return_mean   35.8107
evaluation/target_0_return_std    19.4573
evaluation/target_0_length_mean  181
evaluation/target_0_length_std    39.1433
time/total                       636.186
time/evaluation                    1.66525
training/train_loss_mean           0.0164967
training/train_loss_std            0.0104127
-------------------------------  -----------
-------------------------------  -----------
time/training                      7.93868
evaluation/target_0_return_mean   25.6165
evaluation/target_0_return_std     8.17562
evaluation/target_0_length_mean  188.1
evaluation/target_0_length_std    16.9791
time/total                       645.892
time/evaluation                    1.76709
training/train_loss_mean           0.0167356
training/train_loss_std            0.0105129
-------------------------------  -----------
-------------------------------  -----------
time/training                      7.99296
evaluation/target_0_return_mean   31.1874
evaluation/target_0_return_std    13.3805
evaluation/target_0_length_mean  192.8
evaluation/target_0_length_std     9.28224
time/total                       655.711
time/evaluation                    1.82458
training/train_loss_mean           0.0161995
training/train_loss_std            0.0103193
-------------------------------  -----------
-------------------------------  -----------
time/training                      7.86959
evaluation/target_0_return_mean   33.492
evaluation/target_0_return_std    11.0412
evaluation/target_0_length_mean  165.2
evaluation/target_0_length_std    35.4113
time/total                       665.183
time/evaluation                    1.60177
training/train_loss_mean           0.017225
training/train_loss_std            0.0109878
-------------------------------  -----------
-------------------------------  -----------
time/training                      7.8862
evaluation/target_0_return_mean   28.6616
evaluation/target_0_return_std     9.02039
evaluation/target_0_length_mean  195.3
evaluation/target_0_length_std     7.59013
time/total                       675
time/evaluation                    1.92951
training/train_loss_mean           0.0159703
training/train_loss_std            0.0099927
-------------------------------  -----------
-------------------------------  ------------
time/training                      7.85869
evaluation/target_0_return_mean   35.4756
evaluation/target_0_return_std    19.4333
evaluation/target_0_length_mean  180.3
evaluation/target_0_length_std    31.4994
time/total                       684.697
time/evaluation                    1.83783
training/train_loss_mean           0.01582
training/train_loss_std            0.00960015
-------------------------------  ------------
-------------------------------  ------------
time/training                      7.84805
evaluation/target_0_return_mean   28.1988
evaluation/target_0_return_std     5.29575
evaluation/target_0_length_mean  186.6
evaluation/target_0_length_std    28.239
time/total                       694.493
time/evaluation                    1.9471
training/train_loss_mean           0.0155824
training/train_loss_std            0.00965141
-------------------------------  ------------
-------------------------------  ------------
time/training                      7.87685
evaluation/target_0_return_mean   41.5039
evaluation/target_0_return_std    10.3933
evaluation/target_0_length_mean  190
evaluation/target_0_length_std    22.3473
time/total                       704.346
time/evaluation                    1.97482
training/train_loss_mean           0.0164646
training/train_loss_std            0.00993951
-------------------------------  ------------
-------------------------------  ------------
time/training                      7.82609
evaluation/target_0_return_mean   33.0228
evaluation/target_0_return_std     6.73763
evaluation/target_0_length_mean  190.2
evaluation/target_0_length_std    18.2253
time/total                       714.111
time/evaluation                    1.93736
training/train_loss_mean           0.0162506
training/train_loss_std            0.00982772
-------------------------------  ------------
-------------------------------  ------------
time/training                      7.84983
evaluation/target_0_return_mean   33.4504
evaluation/target_0_return_std     8.32225
evaluation/target_0_length_mean  198.3
evaluation/target_0_length_std     4.19643
time/total                       723.91
time/evaluation                    1.94879
training/train_loss_mean           0.0157917
training/train_loss_std            0.00977291
-------------------------------  ------------
-------------------------------  ------------
time/training                      7.89345
evaluation/target_0_return_mean   34.974
evaluation/target_0_return_std     8.30755
evaluation/target_0_length_mean  179.5
evaluation/target_0_length_std    28.5736
time/total                       733.533
time/evaluation                    1.72814
training/train_loss_mean           0.0161367
training/train_loss_std            0.00998628
-------------------------------  ------------
-------------------------------  ------------
time/training                      7.87528
evaluation/target_0_return_mean   26.8459
evaluation/target_0_return_std     4.96647
evaluation/target_0_length_mean  197.4
evaluation/target_0_length_std     7.8
time/total                       743.284
time/evaluation                    1.87539
training/train_loss_mean           0.0157946
training/train_loss_std            0.00957618
-------------------------------  ------------
-------------------------------  -----------
time/training                      7.89198
evaluation/target_0_return_mean   38.5758
evaluation/target_0_return_std    14.3378
evaluation/target_0_length_mean  195.5
evaluation/target_0_length_std     7.78781
time/total                       752.965
time/evaluation                    1.78772
training/train_loss_mean           0.0153805
training/train_loss_std            0.0095271
-------------------------------  -----------
-------------------------------  ------------
time/training                      7.91384
evaluation/target_0_return_mean   29.8022
evaluation/target_0_return_std     7.34305
evaluation/target_0_length_mean  190.8
evaluation/target_0_length_std    19.5438
time/total                       762.632
time/evaluation                    1.75268
training/train_loss_mean           0.0152863
training/train_loss_std            0.00997282
-------------------------------  ------------
-------------------------------  ------------
time/training                      7.88372
evaluation/target_0_return_mean   31.3516
evaluation/target_0_return_std     7.62891
evaluation/target_0_length_mean  197.6
evaluation/target_0_length_std     4.98397
time/total                       772.304
time/evaluation                    1.78719
training/train_loss_mean           0.0160081
training/train_loss_std            0.00960864
-------------------------------  ------------
-------------------------------  -----------
time/training                      7.88208
evaluation/target_0_return_mean   34.8087
evaluation/target_0_return_std     9.31971
evaluation/target_0_length_mean  193.9
evaluation/target_0_length_std    15.2607
time/total                       781.962
time/evaluation                    1.77522
training/train_loss_mean           0.0154039
training/train_loss_std            0.010188
-------------------------------  -----------
-------------------------------  ------------
time/training                      7.90759
evaluation/target_0_return_mean   35.2907
evaluation/target_0_return_std    14.178
evaluation/target_0_length_mean  191.5
evaluation/target_0_length_std    17.4198
time/total                       791.62
time/evaluation                    1.74919
training/train_loss_mean           0.015158
training/train_loss_std            0.00955787
-------------------------------  ------------
-------------------------------  -----------
time/training                      7.88767
evaluation/target_0_return_mean   32.4415
evaluation/target_0_return_std     7.54203
evaluation/target_0_length_mean  191.2
evaluation/target_0_length_std    19.7373
time/total                       801.255
time/evaluation                    1.74596
training/train_loss_mean           0.0152991
training/train_loss_std            0.0097754
-------------------------------  -----------
-------------------------------  ------------
time/training                      7.89467
evaluation/target_0_return_mean   42.8239
evaluation/target_0_return_std    16.0273
evaluation/target_0_length_mean  198.4
evaluation/target_0_length_std     3.90384
time/total                       810.95
time/evaluation                    1.79945
training/train_loss_mean           0.0146859
training/train_loss_std            0.00972088
-------------------------------  ------------
-------------------------------  ------------
time/training                      7.94062
evaluation/target_0_return_mean   34.1493
evaluation/target_0_return_std     8.45689
evaluation/target_0_length_mean  185.3
evaluation/target_0_length_std    22.2353
time/total                       820.568
time/evaluation                    1.67673
training/train_loss_mean           0.0151107
training/train_loss_std            0.00919456
-------------------------------  ------------
-------------------------------  -----------
time/training                      7.95402
evaluation/target_0_return_mean   45.1017
evaluation/target_0_return_std    14.9815
evaluation/target_0_length_mean  190
evaluation/target_0_length_std    18.8892
time/total                       830.26
time/evaluation                    1.73708
training/train_loss_mean           0.0148008
training/train_loss_std            0.0104452
-------------------------------  -----------
-------------------------------  ------------
time/training                      7.89533
evaluation/target_0_return_mean   29.1126
evaluation/target_0_return_std     6.75319
evaluation/target_0_length_mean  194.5
evaluation/target_0_length_std    15.5258
time/total                       839.931
time/evaluation                    1.77428
training/train_loss_mean           0.0154492
training/train_loss_std            0.00939563
-------------------------------  ------------
-------------------------------  -----------
time/training                      7.95014
evaluation/target_0_return_mean   30.8639
evaluation/target_0_return_std     6.07836
evaluation/target_0_length_mean  191.9
evaluation/target_0_length_std    13.3
time/total                       849.627
time/evaluation                    1.74488
training/train_loss_mean           0.0152558
training/train_loss_std            0.0100619
-------------------------------  -----------
-------------------------------  -----------
time/training                      7.91462
evaluation/target_0_return_mean   29.69
evaluation/target_0_return_std    12.9947
evaluation/target_0_length_mean  177.5
evaluation/target_0_length_std    27.9508
time/total                       859.17
time/evaluation                    1.62753
training/train_loss_mean           0.0152886
training/train_loss_std            0.0102202
-------------------------------  -----------
-------------------------------  ------------
time/training                      7.92901
evaluation/target_0_return_mean   33.333
evaluation/target_0_return_std     6.36971
evaluation/target_0_length_mean  191.8
evaluation/target_0_length_std    15.6512
time/total                       868.838
time/evaluation                    1.73871
training/train_loss_mean           0.0143552
training/train_loss_std            0.00966267
-------------------------------  ------------
-------------------------------  ------------
time/training                      7.94852
evaluation/target_0_return_mean   31.6131
evaluation/target_0_return_std    15.8712
evaluation/target_0_length_mean  188.8
evaluation/target_0_length_std    23.3829
time/total                       878.507
time/evaluation                    1.71907
training/train_loss_mean           0.015063
training/train_loss_std            0.00950594
-------------------------------  ------------
-------------------------------  ------------
time/training                      8.01123
evaluation/target_0_return_mean   29.512
evaluation/target_0_return_std    11.7441
evaluation/target_0_length_mean  198.8
evaluation/target_0_length_std     3.6
time/total                       888.316
time/evaluation                    1.79679
training/train_loss_mean           0.0150764
training/train_loss_std            0.00940991
-------------------------------  ------------
-------------------------------  ------------
time/training                      7.94699
evaluation/target_0_return_mean   30.9463
evaluation/target_0_return_std     9.2865
evaluation/target_0_length_mean  189.3
evaluation/target_0_length_std    19.7487
time/total                       897.976
time/evaluation                    1.71216
training/train_loss_mean           0.0146626
training/train_loss_std            0.00906744
-------------------------------  ------------
-------------------------------  ------------
time/training                      8.0068
evaluation/target_0_return_mean   29.5203
evaluation/target_0_return_std     7.54324
evaluation/target_0_length_mean  179.5
evaluation/target_0_length_std    20.573
time/total                       907.634
time/evaluation                    1.65044
training/train_loss_mean           0.0144642
training/train_loss_std            0.00887849
-------------------------------  ------------
-------------------------------  -----------
time/training                      7.9853
evaluation/target_0_return_mean   26.9513
evaluation/target_0_return_std     9.50164
evaluation/target_0_length_mean  195.7
evaluation/target_0_length_std    12.9
time/total                       917.408
time/evaluation                    1.78733
training/train_loss_mean           0.0149508
training/train_loss_std            0.01008
-------------------------------  -----------
-------------------------------  ------------
time/training                      7.98332
evaluation/target_0_return_mean   36.1688
evaluation/target_0_return_std    11.5556
evaluation/target_0_length_mean  192.1
evaluation/target_0_length_std    16.0963
time/total                       927.144
time/evaluation                    1.75252
training/train_loss_mean           0.0148394
training/train_loss_std            0.00953705
-------------------------------  ------------
