--------------  -------
epoch           0
average_return  9.46027
--------------  -------
--------------  --------
average_loss    0.562621
epoch           1
average_return  8.83598
--------------  --------
--------------  --------
average_loss     0.46229
epoch            2
average_return  10.0459
--------------  --------
--------------  ---------
average_loss     0.395918
epoch            3
average_return  18.0267
--------------  ---------
--------------  ---------
average_loss     0.345772
epoch            4
average_return  31.5041
--------------  ---------
--------------  --------
average_loss     0.30396
epoch            5
average_return  41.2097
--------------  --------
--------------  ---------
average_loss     0.268678
epoch            6
average_return  51.1376
--------------  ---------
--------------  ---------
average_loss     0.239078
epoch            7
average_return  48.101
--------------  ---------
--------------  ---------
average_loss     0.214794
epoch            8
average_return  48.3638
--------------  ---------
--------------  ---------
average_loss     0.195061
epoch            9
average_return  50.4496
--------------  ---------
--------------  ---------
average_loss     0.179044
epoch           10
average_return  53.2858
--------------  ---------
--------------  ---------
average_loss     0.166091
epoch           11
average_return  53.4456
--------------  ---------
--------------  ---------
average_loss     0.155664
epoch           12
average_return  56.1631
--------------  ---------
--------------  ---------
average_loss     0.147143
epoch           13
average_return  56.5587
--------------  ---------
--------------  ---------
average_loss     0.140082
epoch           14
average_return  55.9555
--------------  ---------
--------------  ---------
average_loss     0.134294
epoch           15
average_return  57.5299
--------------  ---------
--------------  ---------
average_loss     0.129327
epoch           16
average_return  59.5487
--------------  ---------
--------------  ---------
average_loss     0.125029
epoch           17
average_return  56.0777
--------------  ---------
--------------  ---------
average_loss     0.121358
epoch           18
average_return  58.6833
--------------  ---------
--------------  ---------
average_loss     0.117967
epoch           19
average_return  57.2018
--------------  ---------
--------------  ---------
average_loss     0.114903
epoch           20
average_return  58.5497
--------------  ---------
--------------  ---------
average_loss     0.112148
epoch           21
average_return  60.6488
--------------  ---------
--------------  ---------
average_loss     0.109543
epoch           22
average_return  62.6263
--------------  ---------
--------------  ---------
average_loss     0.107086
epoch           23
average_return  59.0902
--------------  ---------
--------------  ---------
average_loss     0.104809
epoch           24
average_return  57.8915
--------------  ---------
--------------  ---------
average_loss     0.102592
epoch           25
average_return  58.8717
--------------  ---------
--------------  ---------
average_loss     0.100373
epoch           26
average_return  57.8925
--------------  ---------
--------------  ----------
average_loss     0.0983326
epoch           27
average_return  60.3625
--------------  ----------
--------------  ----------
average_loss     0.0962716
epoch           28
average_return  58.0581
--------------  ----------
--------------  ----------
average_loss     0.0943073
epoch           29
average_return  57.6818
--------------  ----------
--------------  ----------
average_loss     0.0923899
epoch           30
average_return  55.4496
--------------  ----------
--------------  ----------
average_loss     0.0905543
epoch           31
average_return  54.1833
--------------  ----------
--------------  ---------
average_loss     0.088681
epoch           32
average_return  54.0935
--------------  ---------
--------------  ----------
average_loss     0.0870534
epoch           33
average_return  53.1632
--------------  ----------
--------------  ----------
average_loss     0.0854765
epoch           34
average_return  52.1811
--------------  ----------
--------------  ----------
average_loss     0.0841483
epoch           35
average_return  50.8728
--------------  ----------
--------------  ----------
average_loss     0.0828565
epoch           36
average_return  50.6078
--------------  ----------
--------------  ----------
average_loss     0.0817019
epoch           37
average_return  49.8951
--------------  ----------
--------------  ----------
average_loss     0.0805863
epoch           38
average_return  49.3708
--------------  ----------
--------------  ----------
average_loss     0.0795471
epoch           39
average_return  49.6234
--------------  ----------
--------------  ----------
average_loss     0.0785653
epoch           40
average_return  48.0889
--------------  ----------
--------------  ----------
average_loss     0.0776981
epoch           41
average_return  49.8794
--------------  ----------
--------------  ----------
average_loss     0.0767479
epoch           42
average_return  47.5566
--------------  ----------
--------------  ---------
average_loss     0.075911
epoch           43
average_return  46.1938
--------------  ---------
--------------  ----------
average_loss     0.0750377
epoch           44
average_return  46.2308
--------------  ----------
--------------  ----------
average_loss     0.0742358
epoch           45
average_return  43.5929
--------------  ----------
--------------  ----------
average_loss     0.0735013
epoch           46
average_return  47.2776
--------------  ----------
--------------  ---------
average_loss     0.072777
epoch           47
average_return  46.0294
--------------  ---------
--------------  ----------
average_loss     0.0720709
epoch           48
average_return  48.2319
--------------  ----------
--------------  ----------
average_loss     0.0713051
epoch           49
average_return  45.2057
--------------  ----------
--------------  ----------
average_loss     0.0706238
epoch           50
average_return  46.0303
--------------  ----------
--------------  ----------
average_loss     0.0699698
epoch           51
average_return  49.694
--------------  ----------
--------------  ----------
average_loss     0.0692566
epoch           52
average_return  49.1319
--------------  ----------
--------------  ---------
average_loss     0.068614
epoch           53
average_return  48.6317
--------------  ---------
--------------  ----------
average_loss     0.0679953
epoch           54
average_return  50.588
--------------  ----------
--------------  -------
average_loss     0.0673
epoch           55
average_return  49.8144
--------------  -------
--------------  ----------
average_loss     0.0667313
epoch           56
average_return  48.8341
--------------  ----------
--------------  ----------
average_loss     0.0660929
epoch           57
average_return  46.7145
--------------  ----------
--------------  ----------
average_loss     0.0655112
epoch           58
average_return  42.9212
--------------  ----------
--------------  ----------
average_loss     0.0649184
epoch           59
average_return  44.2665
--------------  ----------
--------------  ----------
average_loss     0.0643001
epoch           60
average_return  45.9601
--------------  ----------
--------------  ----------
average_loss     0.0637783
epoch           61
average_return  46.5556
--------------  ----------
--------------  ----------
average_loss     0.0632838
epoch           62
average_return  53.3687
--------------  ----------
--------------  ----------
average_loss     0.0628193
epoch           63
average_return  46.8448
--------------  ----------
--------------  ----------
average_loss     0.0622718
epoch           64
average_return  44.5542
--------------  ----------
--------------  ---------
average_loss     0.061795
epoch           65
average_return  47.4188
--------------  ---------
--------------  ----------
average_loss     0.0613853
epoch           66
average_return  45.2564
--------------  ----------
--------------  ----------
average_loss     0.0610011
epoch           67
average_return  45.4899
--------------  ----------
--------------  ----------
average_loss     0.0605385
epoch           68
average_return  45.86
--------------  ----------
--------------  ----------
average_loss     0.0601711
epoch           69
average_return  48.1488
--------------  ----------
--------------  ----------
average_loss     0.0597731
epoch           70
average_return  43.8074
--------------  ----------
--------------  ----------
average_loss     0.0594088
epoch           71
average_return  52.3858
--------------  ----------
--------------  ----------
average_loss     0.0590695
epoch           72
average_return  46.6762
--------------  ----------
--------------  ----------
average_loss     0.0587656
epoch           73
average_return  46.0495
--------------  ----------
--------------  ----------
average_loss     0.0584282
epoch           74
average_return  46.6021
--------------  ----------
--------------  ----------
average_loss     0.0580864
epoch           75
average_return  40.9651
--------------  ----------
--------------  ----------
average_loss     0.0577839
epoch           76
average_return  47.1294
--------------  ----------
--------------  ----------
average_loss     0.0575285
epoch           77
average_return  48.7666
--------------  ----------
--------------  ----------
average_loss     0.0571884
epoch           78
average_return  46.6778
--------------  ----------
--------------  ----------
average_loss     0.0569436
epoch           79
average_return  46.716
--------------  ----------
--------------  ----------
average_loss     0.0566562
epoch           80
average_return  39.4481
--------------  ----------
--------------  ----------
average_loss     0.0563657
epoch           81
average_return  49.8094
--------------  ----------
--------------  ----------
average_loss     0.0561702
epoch           82
average_return  48.539
--------------  ----------
--------------  ----------
average_loss     0.0558286
epoch           83
average_return  46.4166
--------------  ----------
--------------  ----------
average_loss     0.0556162
epoch           84
average_return  46.1609
--------------  ----------
--------------  ----------
average_loss     0.0554154
epoch           85
average_return  46.2341
--------------  ----------
--------------  ----------
average_loss     0.0551186
epoch           86
average_return  42.2517
--------------  ----------
--------------  ----------
average_loss     0.0548703
epoch           87
average_return  44.1698
--------------  ----------
--------------  ----------
average_loss     0.0546483
epoch           88
average_return  45.9834
--------------  ----------
--------------  ----------
average_loss     0.0544129
epoch           89
average_return  41.3518
--------------  ----------
--------------  ----------
average_loss     0.0541974
epoch           90
average_return  52.8734
--------------  ----------
--------------  ----------
average_loss     0.0539743
epoch           91
average_return  47.6624
--------------  ----------
--------------  ----------
average_loss     0.0538115
epoch           92
average_return  49.8216
--------------  ----------
--------------  ----------
average_loss     0.0536015
epoch           93
average_return  43.5376
--------------  ----------
--------------  ---------
average_loss     0.053385
epoch           94
average_return  46.5273
--------------  ---------
--------------  ----------
average_loss     0.0532454
epoch           95
average_return  48.0464
--------------  ----------
--------------  ----------
average_loss     0.0530172
epoch           96
average_return  43.8279
--------------  ----------
--------------  ----------
average_loss     0.0528066
epoch           97
average_return  46.9966
--------------  ----------
--------------  ----------
average_loss     0.0526296
epoch           98
average_return  48.1408
--------------  ----------
--------------  ----------
average_loss     0.0524514
epoch           99
average_return  55.2668
--------------  ----------
--------------  -----------
average_loss      0.0522483
epoch           100
average_return   50.2639
--------------  -----------
