-------------------------------  ----------
time/training                    17.9056
evaluation/target_0_return_mean   0
evaluation/target_0_return_std    0
evaluation/target_0_length_mean  40
evaluation/target_0_length_std    0
time/total                       20.8195
time/evaluation                   2.91088
training/train_loss_mean          0.0892236
training/train_loss_std           0.108219
-------------------------------  ----------
-------------------------------  -----------
time/training                    18.0125
evaluation/target_0_return_mean   0
evaluation/target_0_return_std    0
evaluation/target_0_length_mean  40
evaluation/target_0_length_std    0
time/total                       41.3096
time/evaluation                   2.47427
training/train_loss_mean          0.027638
training/train_loss_std           0.00169584
-------------------------------  -----------
-------------------------------  -----------
time/training                    13.5157
evaluation/target_0_return_mean   0
evaluation/target_0_return_std    0
evaluation/target_0_length_mean  40
evaluation/target_0_length_std    0
time/total                       57.3141
time/evaluation                   2.48306
training/train_loss_mean          0.0268074
training/train_loss_std           0.00164696
-------------------------------  -----------
-------------------------------  -----------
time/training                    12.9855
evaluation/target_0_return_mean   0
evaluation/target_0_return_std    0
evaluation/target_0_length_mean  40
evaluation/target_0_length_std    0
time/total                       72.8535
time/evaluation                   2.55285
training/train_loss_mean          0.0263277
training/train_loss_std           0.00173052
-------------------------------  -----------
-------------------------------  -----------
time/training                    13.9076
evaluation/target_0_return_mean   0
evaluation/target_0_return_std    0
evaluation/target_0_length_mean  40
evaluation/target_0_length_std    0
time/total                       89.3884
time/evaluation                   2.62515
training/train_loss_mean          0.0259845
training/train_loss_std           0.00175557
-------------------------------  -----------
-------------------------------  ------------
time/training                     28.4574
evaluation/target_0_return_mean    0
evaluation/target_0_return_std     0
evaluation/target_0_length_mean   40
evaluation/target_0_length_std     0
time/total                       120.798
time/evaluation                    2.95156
training/train_loss_mean           0.025951
training/train_loss_std            0.00169884
-------------------------------  ------------
-------------------------------  ------------
time/training                     26.5174
evaluation/target_0_return_mean    0
evaluation/target_0_return_std     0
evaluation/target_0_length_mean   40
evaluation/target_0_length_std     0
time/total                       152.638
time/evaluation                    5.31988
training/train_loss_mean           0.0255501
training/train_loss_std            0.00162866
-------------------------------  ------------
-------------------------------  ------------
time/training                     35.5311
evaluation/target_0_return_mean    0
evaluation/target_0_return_std     0
evaluation/target_0_length_mean   40
evaluation/target_0_length_std     0
time/total                       195.418
time/evaluation                    7.23037
training/train_loss_mean           0.0254648
training/train_loss_std            0.00162998
-------------------------------  ------------
-------------------------------  ------------
time/training                     24.7959
evaluation/target_0_return_mean    0
evaluation/target_0_return_std     0
evaluation/target_0_length_mean   40
evaluation/target_0_length_std     0
time/total                       226.826
time/evaluation                    6.59852
training/train_loss_mean           0.025329
training/train_loss_std            0.00161924
-------------------------------  ------------
-------------------------------  ------------
time/training                     30.3843
evaluation/target_0_return_mean    0
evaluation/target_0_return_std     0
evaluation/target_0_length_mean   40
evaluation/target_0_length_std     0
time/total                       263.883
time/evaluation                    6.65114
training/train_loss_mean           0.025416
training/train_loss_std            0.00162324
-------------------------------  ------------
-------------------------------  ------------
time/training                     33.4081
evaluation/target_0_return_mean    0
evaluation/target_0_return_std     0
evaluation/target_0_length_mean   40
evaluation/target_0_length_std     0
time/total                       306.145
time/evaluation                    8.8077
training/train_loss_mean           0.0253318
training/train_loss_std            0.00158724
-------------------------------  ------------
-------------------------------  ------------
time/training                     27.1108
evaluation/target_0_return_mean    0
evaluation/target_0_return_std     0
evaluation/target_0_length_mean   40
evaluation/target_0_length_std     0
time/total                       337.029
time/evaluation                    3.695
training/train_loss_mean           0.0252159
training/train_loss_std            0.00161615
-------------------------------  ------------
-------------------------------  ------------
time/training                     24.2123
evaluation/target_0_return_mean    0
evaluation/target_0_return_std     0
evaluation/target_0_length_mean   40
evaluation/target_0_length_std     0
time/total                       366.331
time/evaluation                    5.08058
training/train_loss_mean           0.0253477
training/train_loss_std            0.00165805
-------------------------------  ------------
-------------------------------  ------------
time/training                     23.7312
evaluation/target_0_return_mean    0
evaluation/target_0_return_std     0
evaluation/target_0_length_mean   40
evaluation/target_0_length_std     0
time/total                       395.074
time/evaluation                    4.98819
training/train_loss_mean           0.0253176
training/train_loss_std            0.00160138
-------------------------------  ------------
-------------------------------  ------------
time/training                     22.6105
evaluation/target_0_return_mean    0
evaluation/target_0_return_std     0
evaluation/target_0_length_mean   40
evaluation/target_0_length_std     0
time/total                       422.721
time/evaluation                    5.03542
training/train_loss_mean           0.0253571
training/train_loss_std            0.00165178
-------------------------------  ------------
-------------------------------  ------------
time/training                     21.6059
evaluation/target_0_return_mean    0
evaluation/target_0_return_std     0
evaluation/target_0_length_mean   40
evaluation/target_0_length_std     0
time/total                       449.283
time/evaluation                    4.95509
training/train_loss_mean           0.0252771
training/train_loss_std            0.00163345
-------------------------------  ------------
-------------------------------  ------------
time/training                     16.4127
evaluation/target_0_return_mean    0
evaluation/target_0_return_std     0
evaluation/target_0_length_mean   40
evaluation/target_0_length_std     0
time/total                       469.062
time/evaluation                    3.36535
training/train_loss_mean           0.0253012
training/train_loss_std            0.00157459
-------------------------------  ------------
-------------------------------  ------------
time/training                     28.8039
evaluation/target_0_return_mean    0
evaluation/target_0_return_std     0
evaluation/target_0_length_mean   40
evaluation/target_0_length_std     0
time/total                       501.995
time/evaluation                    4.1283
training/train_loss_mean           0.0251669
training/train_loss_std            0.00169194
-------------------------------  ------------
-------------------------------  ------------
time/training                     26.6053
evaluation/target_0_return_mean    0
evaluation/target_0_return_std     0
evaluation/target_0_length_mean   40
evaluation/target_0_length_std     0
time/total                       532.344
time/evaluation                    3.74219
training/train_loss_mean           0.0253407
training/train_loss_std            0.00165356
-------------------------------  ------------
-------------------------------  ------------
time/training                     17.4097
evaluation/target_0_return_mean    0
evaluation/target_0_return_std     0
evaluation/target_0_length_mean   40
evaluation/target_0_length_std     0
time/total                       552.455
time/evaluation                    2.68794
training/train_loss_mean           0.0253149
training/train_loss_std            0.00164557
-------------------------------  ------------
-------------------------------  ------------
time/training                     24.9486
evaluation/target_0_return_mean    0
evaluation/target_0_return_std     0
evaluation/target_0_length_mean   40
evaluation/target_0_length_std     0
time/total                       582.831
time/evaluation                    5.42523
training/train_loss_mean           0.0253096
training/train_loss_std            0.00171162
-------------------------------  ------------
-------------------------------  ------------
time/training                     32.3139
evaluation/target_0_return_mean    0
evaluation/target_0_return_std     0
evaluation/target_0_length_mean   40
evaluation/target_0_length_std     0
time/total                       620.13
time/evaluation                    4.98092
training/train_loss_mean           0.0253589
training/train_loss_std            0.00171076
-------------------------------  ------------
-------------------------------  ------------
time/training                     30.0216
evaluation/target_0_return_mean    0
evaluation/target_0_return_std     0
evaluation/target_0_length_mean   40
evaluation/target_0_length_std     0
time/total                       654.72
time/evaluation                    4.56656
training/train_loss_mean           0.0252602
training/train_loss_std            0.00160398
-------------------------------  ------------
-------------------------------  ------------
time/training                     30.1667
evaluation/target_0_return_mean    0
evaluation/target_0_return_std     0
evaluation/target_0_length_mean   40
evaluation/target_0_length_std     0
time/total                       690.477
time/evaluation                    5.57166
training/train_loss_mean           0.0253203
training/train_loss_std            0.00156684
-------------------------------  ------------
-------------------------------  ------------
time/training                     30.4368
evaluation/target_0_return_mean    0
evaluation/target_0_return_std     0
evaluation/target_0_length_mean   40
evaluation/target_0_length_std     0
time/total                       729.35
time/evaluation                    8.38695
training/train_loss_mean           0.0253263
training/train_loss_std            0.00159302
-------------------------------  ------------
-------------------------------  ------------
time/training                     29.238
evaluation/target_0_return_mean    0
evaluation/target_0_return_std     0
evaluation/target_0_length_mean   40
evaluation/target_0_length_std     0
time/total                       761.452
time/evaluation                    2.86373
training/train_loss_mean           0.0252762
training/train_loss_std            0.00159249
-------------------------------  ------------
-------------------------------  -----------
time/training                     26.1493
evaluation/target_0_return_mean    0
evaluation/target_0_return_std     0
evaluation/target_0_length_mean   40
evaluation/target_0_length_std     0
time/total                       791.21
time/evaluation                    3.60753
training/train_loss_mean           0.0253654
training/train_loss_std            0.0015885
-------------------------------  -----------
-------------------------------  ------------
time/training                     32.0724
evaluation/target_0_return_mean    0
evaluation/target_0_return_std     0
evaluation/target_0_length_mean   40
evaluation/target_0_length_std     0
time/total                       829.397
time/evaluation                    6.10981
training/train_loss_mean           0.0252298
training/train_loss_std            0.00162662
-------------------------------  ------------
-------------------------------  ------------
time/training                     20.0702
evaluation/target_0_return_mean    0
evaluation/target_0_return_std     0
evaluation/target_0_length_mean   40
evaluation/target_0_length_std     0
time/total                       856.411
time/evaluation                    6.9274
training/train_loss_mean           0.0252818
training/train_loss_std            0.00162024
-------------------------------  ------------
-------------------------------  ------------
time/training                     22.8434
evaluation/target_0_return_mean    0
evaluation/target_0_return_std     0
evaluation/target_0_length_mean   40
evaluation/target_0_length_std     0
time/total                       885.131
time/evaluation                    5.8748
training/train_loss_mean           0.0253346
training/train_loss_std            0.00165887
-------------------------------  ------------
-------------------------------  ------------
time/training                     17.4424
evaluation/target_0_return_mean    0
evaluation/target_0_return_std     0
evaluation/target_0_length_mean   40
evaluation/target_0_length_std     0
time/total                       906.777
time/evaluation                    4.20321
training/train_loss_mean           0.0252306
training/train_loss_std            0.00165668
-------------------------------  ------------
-------------------------------  ------------
time/training                     28.2134
evaluation/target_0_return_mean    0
evaluation/target_0_return_std     0
evaluation/target_0_length_mean   40
evaluation/target_0_length_std     0
time/total                       938.074
time/evaluation                    3.08286
training/train_loss_mean           0.025232
training/train_loss_std            0.00164342
-------------------------------  ------------
-------------------------------  ------------
time/training                     24.6419
evaluation/target_0_return_mean    0
evaluation/target_0_return_std     0
evaluation/target_0_length_mean   40
evaluation/target_0_length_std     0
time/total                       967.416
time/evaluation                    4.69833
training/train_loss_mean           0.0252243
training/train_loss_std            0.00163297
-------------------------------  ------------
-------------------------------  ------------
time/training                     22.8588
evaluation/target_0_return_mean    0
evaluation/target_0_return_std     0
evaluation/target_0_length_mean   40
evaluation/target_0_length_std     0
time/total                       994.578
time/evaluation                    4.27968
training/train_loss_mean           0.0252917
training/train_loss_std            0.00156551
-------------------------------  ------------
-------------------------------  -------------
time/training                      24.6381
evaluation/target_0_return_mean     0
evaluation/target_0_return_std      0
evaluation/target_0_length_mean    40
evaluation/target_0_length_std      0
time/total                       1025.06
time/evaluation                     5.83834
training/train_loss_mean            0.0252334
training/train_loss_std             0.00161823
-------------------------------  -------------
-------------------------------  -------------
time/training                      23.2636
evaluation/target_0_return_mean     0
evaluation/target_0_return_std      0
evaluation/target_0_length_mean    40
evaluation/target_0_length_std      0
time/total                       1055.1
time/evaluation                     6.7847
training/train_loss_mean            0.0252474
training/train_loss_std             0.00160248
-------------------------------  -------------
-------------------------------  -------------
time/training                      22.9989
evaluation/target_0_return_mean     0
evaluation/target_0_return_std      0
evaluation/target_0_length_mean    40
evaluation/target_0_length_std      0
time/total                       1086.98
time/evaluation                     8.83368
training/train_loss_mean            0.0252795
training/train_loss_std             0.00158991
-------------------------------  -------------
-------------------------------  -------------
time/training                      23.4732
evaluation/target_0_return_mean     0
evaluation/target_0_return_std      0
evaluation/target_0_length_mean    40
evaluation/target_0_length_std      0
time/total                       1115.09
time/evaluation                     4.62513
training/train_loss_mean            0.0253158
training/train_loss_std             0.00162573
-------------------------------  -------------
-------------------------------  -------------
time/training                      28.6348
evaluation/target_0_return_mean     0
evaluation/target_0_return_std      0
evaluation/target_0_length_mean    40
evaluation/target_0_length_std      0
time/total                       1148.65
time/evaluation                     4.91819
training/train_loss_mean            0.0252025
training/train_loss_std             0.00160192
-------------------------------  -------------
-------------------------------  -------------
time/training                      34.2018
evaluation/target_0_return_mean     0
evaluation/target_0_return_std      0
evaluation/target_0_length_mean    40
evaluation/target_0_length_std      0
time/total                       1188.77
time/evaluation                     5.91361
training/train_loss_mean            0.0252696
training/train_loss_std             0.00156746
-------------------------------  -------------
-------------------------------  -------------
time/training                      30.8574
evaluation/target_0_return_mean     0
evaluation/target_0_return_std      0
evaluation/target_0_length_mean    40
evaluation/target_0_length_std      0
time/total                       1224.62
time/evaluation                     4.98211
training/train_loss_mean            0.0253267
training/train_loss_std             0.00159314
-------------------------------  -------------
-------------------------------  -------------
time/training                      24.3808
evaluation/target_0_return_mean     0
evaluation/target_0_return_std      0
evaluation/target_0_length_mean    40
evaluation/target_0_length_std      0
time/total                       1254.2
time/evaluation                     5.20093
training/train_loss_mean            0.0252597
training/train_loss_std             0.00163138
-------------------------------  -------------
-------------------------------  -------------
time/training                      29.3042
evaluation/target_0_return_mean     0
evaluation/target_0_return_std      0
evaluation/target_0_length_mean    40
evaluation/target_0_length_std      0
time/total                       1286.47
time/evaluation                     2.96964
training/train_loss_mean            0.0252418
training/train_loss_std             0.00166716
-------------------------------  -------------
-------------------------------  -------------
time/training                      24.9535
evaluation/target_0_return_mean     0
evaluation/target_0_return_std      0
evaluation/target_0_length_mean    40
evaluation/target_0_length_std      0
time/total                       1314.95
time/evaluation                     3.52464
training/train_loss_mean            0.025226
training/train_loss_std             0.00159268
-------------------------------  -------------
-------------------------------  -------------
time/training                      31.2032
evaluation/target_0_return_mean     0
evaluation/target_0_return_std      0
evaluation/target_0_length_mean    40
evaluation/target_0_length_std      0
time/total                       1351.65
time/evaluation                     5.48947
training/train_loss_mean            0.0252729
training/train_loss_std             0.00160168
-------------------------------  -------------
-------------------------------  -------------
time/training                      31.5322
evaluation/target_0_return_mean     0
evaluation/target_0_return_std      0
evaluation/target_0_length_mean    40
evaluation/target_0_length_std      0
time/total                       1386.74
time/evaluation                     3.54687
training/train_loss_mean            0.0253075
training/train_loss_std             0.00153537
-------------------------------  -------------
-------------------------------  -------------
time/training                      25.0448
evaluation/target_0_return_mean     0
evaluation/target_0_return_std      0
evaluation/target_0_length_mean    40
evaluation/target_0_length_std      0
time/total                       1414.39
time/evaluation                     2.59868
training/train_loss_mean            0.0252527
training/train_loss_std             0.00156203
-------------------------------  -------------
-------------------------------  -------------
time/training                      20.3979
evaluation/target_0_return_mean     0
evaluation/target_0_return_std      0
evaluation/target_0_length_mean    40
evaluation/target_0_length_std      0
time/total                       1437.61
time/evaluation                     2.82207
training/train_loss_mean            0.0252898
training/train_loss_std             0.00159574
-------------------------------  -------------
-------------------------------  -------------
time/training                      26.0366
evaluation/target_0_return_mean     0
evaluation/target_0_return_std      0
evaluation/target_0_length_mean    40
evaluation/target_0_length_std      0
time/total                       1471.01
time/evaluation                     7.36066
training/train_loss_mean            0.025287
training/train_loss_std             0.00160897
-------------------------------  -------------
-------------------------------  ------------
time/training                      24.7957
evaluation/target_0_return_mean     0
evaluation/target_0_return_std      0
evaluation/target_0_length_mean    40
evaluation/target_0_length_std      0
time/total                       1502
time/evaluation                     6.19421
training/train_loss_mean            0.0252673
training/train_loss_std             0.0016371
-------------------------------  ------------
-------------------------------  ------------
time/training                      24.956
evaluation/target_0_return_mean     0
evaluation/target_0_return_std      0
evaluation/target_0_length_mean    40
evaluation/target_0_length_std      0
time/total                       1531.78
time/evaluation                     4.82208
training/train_loss_mean            0.025356
training/train_loss_std             0.0016147
-------------------------------  ------------
-------------------------------  -------------
time/training                      27.2561
evaluation/target_0_return_mean     0
evaluation/target_0_return_std      0
evaluation/target_0_length_mean    40
evaluation/target_0_length_std      0
time/total                       1564.31
time/evaluation                     5.2732
training/train_loss_mean            0.02542
training/train_loss_std             0.00157993
-------------------------------  -------------
-------------------------------  -------------
time/training                      23.8337
evaluation/target_0_return_mean     0
evaluation/target_0_return_std      0
evaluation/target_0_length_mean    40
evaluation/target_0_length_std      0
time/total                       1594.76
time/evaluation                     6.62005
training/train_loss_mean            0.0252344
training/train_loss_std             0.00158793
-------------------------------  -------------
-------------------------------  -------------
time/training                      31.2715
evaluation/target_0_return_mean     0
evaluation/target_0_return_std      0
evaluation/target_0_length_mean    40
evaluation/target_0_length_std      0
time/total                       1631.79
time/evaluation                     5.75871
training/train_loss_mean            0.0251451
training/train_loss_std             0.00158726
-------------------------------  -------------
-------------------------------  -------------
time/training                      23.6618
evaluation/target_0_return_mean     0
evaluation/target_0_return_std      0
evaluation/target_0_length_mean    40
evaluation/target_0_length_std      0
time/total                       1660.45
time/evaluation                     4.97987
training/train_loss_mean            0.0252504
training/train_loss_std             0.00161251
-------------------------------  -------------
-------------------------------  -------------
time/training                      27.4136
evaluation/target_0_return_mean     0
evaluation/target_0_return_std      0
evaluation/target_0_length_mean    40
evaluation/target_0_length_std      0
time/total                       1691.7
time/evaluation                     3.83633
training/train_loss_mean            0.0251902
training/train_loss_std             0.00165076
-------------------------------  -------------
-------------------------------  -------------
time/training                      19.5958
evaluation/target_0_return_mean     0
evaluation/target_0_return_std      0
evaluation/target_0_length_mean    40
evaluation/target_0_length_std      0
time/total                       1716.22
time/evaluation                     4.91866
training/train_loss_mean            0.0252379
training/train_loss_std             0.00155068
-------------------------------  -------------
-------------------------------  -------------
time/training                      28.3248
evaluation/target_0_return_mean     0
evaluation/target_0_return_std      0
evaluation/target_0_length_mean    40
evaluation/target_0_length_std      0
time/total                       1749.73
time/evaluation                     5.18478
training/train_loss_mean            0.0252884
training/train_loss_std             0.00159124
-------------------------------  -------------
-------------------------------  ------------
time/training                      26.0559
evaluation/target_0_return_mean     0
evaluation/target_0_return_std      0
evaluation/target_0_length_mean    40
evaluation/target_0_length_std      0
time/total                       1780.8
time/evaluation                     5.0142
training/train_loss_mean            0.0252461
training/train_loss_std             0.0015993
-------------------------------  ------------
-------------------------------  -------------
time/training                      25.4111
evaluation/target_0_return_mean     0
evaluation/target_0_return_std      0
evaluation/target_0_length_mean    40
evaluation/target_0_length_std      0
time/total                       1811.03
time/evaluation                     4.82224
training/train_loss_mean            0.0252608
training/train_loss_std             0.00157009
-------------------------------  -------------
-------------------------------  -------------
time/training                      23.9677
evaluation/target_0_return_mean     0
evaluation/target_0_return_std      0
evaluation/target_0_length_mean    40
evaluation/target_0_length_std      0
time/total                       1839.45
time/evaluation                     4.45005
training/train_loss_mean            0.0252434
training/train_loss_std             0.00165198
-------------------------------  -------------
-------------------------------  -------------
time/training                      27.9231
evaluation/target_0_return_mean     0
evaluation/target_0_return_std      0
evaluation/target_0_length_mean    40
evaluation/target_0_length_std      0
time/total                       1871.33
time/evaluation                     3.95528
training/train_loss_mean            0.0253284
training/train_loss_std             0.00161282
-------------------------------  -------------
-------------------------------  -------------
time/training                      26.7651
evaluation/target_0_return_mean     0
evaluation/target_0_return_std      0
evaluation/target_0_length_mean    40
evaluation/target_0_length_std      0
time/total                       1901
time/evaluation                     2.90067
training/train_loss_mean            0.0253094
training/train_loss_std             0.00159943
-------------------------------  -------------
-------------------------------  -------------
time/training                      24.7264
evaluation/target_0_return_mean     0
evaluation/target_0_return_std      0
evaluation/target_0_length_mean    40
evaluation/target_0_length_std      0
time/total                       1929.34
time/evaluation                     3.60095
training/train_loss_mean            0.0252024
training/train_loss_std             0.00166207
-------------------------------  -------------
-------------------------------  -------------
time/training                      25.6409
evaluation/target_0_return_mean     0
evaluation/target_0_return_std      0
evaluation/target_0_length_mean    40
evaluation/target_0_length_std      0
time/total                       1957.91
time/evaluation                     2.92542
training/train_loss_mean            0.0252306
training/train_loss_std             0.00164223
-------------------------------  -------------
-------------------------------  ------------
time/training                      15.9301
evaluation/target_0_return_mean     0
evaluation/target_0_return_std      0
evaluation/target_0_length_mean    40
evaluation/target_0_length_std      0
time/total                       1976.49
time/evaluation                     2.65207
training/train_loss_mean            0.0252285
training/train_loss_std             0.0016475
-------------------------------  ------------
-------------------------------  -------------
time/training                      17.501
evaluation/target_0_return_mean     0
evaluation/target_0_return_std      0
evaluation/target_0_length_mean    40
evaluation/target_0_length_std      0
time/total                       1998.1
time/evaluation                     4.102
training/train_loss_mean            0.0252278
training/train_loss_std             0.00160103
-------------------------------  -------------
-------------------------------  ------------
time/training                      30.9067
evaluation/target_0_return_mean     0
evaluation/target_0_return_std      0
evaluation/target_0_length_mean    40
evaluation/target_0_length_std      0
time/total                       2032.7
time/evaluation                     3.69687
training/train_loss_mean            0.0252949
training/train_loss_std             0.0016236
-------------------------------  ------------
-------------------------------  -------------
time/training                      17.6309
evaluation/target_0_return_mean     0
evaluation/target_0_return_std      0
evaluation/target_0_length_mean    40
evaluation/target_0_length_std      0
time/total                       2054.9
time/evaluation                     4.54676
training/train_loss_mean            0.0253396
training/train_loss_std             0.00169088
-------------------------------  -------------
-------------------------------  -------------
time/training                      30.6919
evaluation/target_0_return_mean     0
evaluation/target_0_return_std      0
evaluation/target_0_length_mean    40
evaluation/target_0_length_std      0
time/total                       2088.29
time/evaluation                     2.69502
training/train_loss_mean            0.0251934
training/train_loss_std             0.00158448
-------------------------------  -------------
-------------------------------  -------------
time/training                      31.7891
evaluation/target_0_return_mean     0
evaluation/target_0_return_std      0
evaluation/target_0_length_mean    40
evaluation/target_0_length_std      0
time/total                       2123.07
time/evaluation                     2.98042
training/train_loss_mean            0.0252112
training/train_loss_std             0.00161973
-------------------------------  -------------
-------------------------------  -------------
time/training                      25.4062
evaluation/target_0_return_mean     0
evaluation/target_0_return_std      0
evaluation/target_0_length_mean    40
evaluation/target_0_length_std      0
time/total                       2151.1
time/evaluation                     2.62431
training/train_loss_mean            0.0252262
training/train_loss_std             0.00160326
-------------------------------  -------------
-------------------------------  -------------
time/training                      16.4406
evaluation/target_0_return_mean     0
evaluation/target_0_return_std      0
evaluation/target_0_length_mean    40
evaluation/target_0_length_std      0
time/total                       2172.47
time/evaluation                     4.90721
training/train_loss_mean            0.025258
training/train_loss_std             0.00162523
-------------------------------  -------------
-------------------------------  -------------
time/training                      24.7315
evaluation/target_0_return_mean     0
evaluation/target_0_return_std      0
evaluation/target_0_length_mean    40
evaluation/target_0_length_std      0
time/total                       2201.36
time/evaluation                     4.15619
training/train_loss_mean            0.02527
training/train_loss_std             0.00156783
-------------------------------  -------------
-------------------------------  -------------
time/training                      27.2722
evaluation/target_0_return_mean     0
evaluation/target_0_return_std      0
evaluation/target_0_length_mean    40
evaluation/target_0_length_std      0
time/total                       2233.79
time/evaluation                     5.15809
training/train_loss_mean            0.0252661
training/train_loss_std             0.00155639
-------------------------------  -------------
-------------------------------  -------------
time/training                      24.4122
evaluation/target_0_return_mean     0
evaluation/target_0_return_std      0
evaluation/target_0_length_mean    40
evaluation/target_0_length_std      0
time/total                       2262.62
time/evaluation                     4.42353
training/train_loss_mean            0.0251575
training/train_loss_std             0.00162156
-------------------------------  -------------
-------------------------------  -------------
time/training                      17.0876
evaluation/target_0_return_mean     0
evaluation/target_0_return_std      0
evaluation/target_0_length_mean    40
evaluation/target_0_length_std      0
time/total                       2282.61
time/evaluation                     2.90132
training/train_loss_mean            0.0252681
training/train_loss_std             0.00157792
-------------------------------  -------------
-------------------------------  -------------
time/training                      22.8115
evaluation/target_0_return_mean     0
evaluation/target_0_return_std      0
evaluation/target_0_length_mean    40
evaluation/target_0_length_std      0
time/total                       2311.76
time/evaluation                     6.32914
training/train_loss_mean            0.0251611
training/train_loss_std             0.00160734
-------------------------------  -------------
-------------------------------  -------------
time/training                      23.2607
evaluation/target_0_return_mean     0
evaluation/target_0_return_std      0
evaluation/target_0_length_mean    40
evaluation/target_0_length_std      0
time/total                       2340
time/evaluation                     4.98099
training/train_loss_mean            0.0252697
training/train_loss_std             0.00157845
-------------------------------  -------------
-------------------------------  -------------
time/training                      23.5566
evaluation/target_0_return_mean     0
evaluation/target_0_return_std      0
evaluation/target_0_length_mean    40
evaluation/target_0_length_std      0
time/total                       2368.47
time/evaluation                     4.9144
training/train_loss_mean            0.0252464
training/train_loss_std             0.00158589
-------------------------------  -------------
-------------------------------  -------------
time/training                      27.038
evaluation/target_0_return_mean     0
evaluation/target_0_return_std      0
evaluation/target_0_length_mean    40
evaluation/target_0_length_std      0
time/total                       2399.94
time/evaluation                     4.41599
training/train_loss_mean            0.0252067
training/train_loss_std             0.00160722
-------------------------------  -------------
-------------------------------  -------------
time/training                      33.2222
evaluation/target_0_return_mean     0
evaluation/target_0_return_std      0
evaluation/target_0_length_mean    40
evaluation/target_0_length_std      0
time/total                       2436.91
time/evaluation                     3.74325
training/train_loss_mean            0.0253144
training/train_loss_std             0.00166786
-------------------------------  -------------
-------------------------------  -------------
time/training                      24.6855
evaluation/target_0_return_mean     0
evaluation/target_0_return_std      0
evaluation/target_0_length_mean    40
evaluation/target_0_length_std      0
time/total                       2464.27
time/evaluation                     2.6825
training/train_loss_mean            0.0253079
training/train_loss_std             0.00165112
-------------------------------  -------------
-------------------------------  -------------
time/training                      32.3024
evaluation/target_0_return_mean     0
evaluation/target_0_return_std      0
evaluation/target_0_length_mean    40
evaluation/target_0_length_std      0
time/total                       2500.41
time/evaluation                     3.83312
training/train_loss_mean            0.0252649
training/train_loss_std             0.00160306
-------------------------------  -------------
-------------------------------  -------------
time/training                      31.0281
evaluation/target_0_return_mean     0
evaluation/target_0_return_std      0
evaluation/target_0_length_mean    40
evaluation/target_0_length_std      0
time/total                       2535.23
time/evaluation                     3.79085
training/train_loss_mean            0.0252766
training/train_loss_std             0.00159384
-------------------------------  -------------
-------------------------------  -------------
time/training                      26.4565
evaluation/target_0_return_mean     0
evaluation/target_0_return_std      0
evaluation/target_0_length_mean    40
evaluation/target_0_length_std      0
time/total                       2564.21
time/evaluation                     2.52335
training/train_loss_mean            0.0252813
training/train_loss_std             0.00165457
-------------------------------  -------------
-------------------------------  -------------
time/training                      28.9869
evaluation/target_0_return_mean     0
evaluation/target_0_return_std      0
evaluation/target_0_length_mean    40
evaluation/target_0_length_std      0
time/total                       2598.07
time/evaluation                     4.86981
training/train_loss_mean            0.0252581
training/train_loss_std             0.00159321
-------------------------------  -------------
-------------------------------  -------------
time/training                      32.4847
evaluation/target_0_return_mean     0
evaluation/target_0_return_std      0
evaluation/target_0_length_mean    40
evaluation/target_0_length_std      0
time/total                       2636.04
time/evaluation                     5.4807
training/train_loss_mean            0.0252703
training/train_loss_std             0.00156934
-------------------------------  -------------
-------------------------------  -------------
time/training                      24.1324
evaluation/target_0_return_mean     0
evaluation/target_0_return_std      0
evaluation/target_0_length_mean    40
evaluation/target_0_length_std      0
time/total                       2665.21
time/evaluation                     5.0449
training/train_loss_mean            0.0252743
training/train_loss_std             0.00158516
-------------------------------  -------------
-------------------------------  -------------
time/training                      20.3422
evaluation/target_0_return_mean     0
evaluation/target_0_return_std      0
evaluation/target_0_length_mean    40
evaluation/target_0_length_std      0
time/total                       2690.62
time/evaluation                     5.04987
training/train_loss_mean            0.0252681
training/train_loss_std             0.00166303
-------------------------------  -------------
-------------------------------  -------------
time/training                      23.8019
evaluation/target_0_return_mean     0
evaluation/target_0_return_std      0
evaluation/target_0_length_mean    40
evaluation/target_0_length_std      0
time/total                       2721.01
time/evaluation                     6.57837
training/train_loss_mean            0.0253298
training/train_loss_std             0.00158057
-------------------------------  -------------
-------------------------------  -------------
time/training                      15.211
evaluation/target_0_return_mean     0
evaluation/target_0_return_std      0
evaluation/target_0_length_mean    40
evaluation/target_0_length_std      0
time/total                       2742.48
time/evaluation                     6.2374
training/train_loss_mean            0.025222
training/train_loss_std             0.00169426
-------------------------------  -------------
-------------------------------  -------------
time/training                      14.0017
evaluation/target_0_return_mean     0
evaluation/target_0_return_std      0
evaluation/target_0_length_mean    40
evaluation/target_0_length_std      0
time/total                       2759.04
time/evaluation                     2.55462
training/train_loss_mean            0.0252176
training/train_loss_std             0.00163218
-------------------------------  -------------
-------------------------------  -------------
time/training                      20.7681
evaluation/target_0_return_mean     0
evaluation/target_0_return_std      0
evaluation/target_0_length_mean    40
evaluation/target_0_length_std      0
time/total                       2782.97
time/evaluation                     3.16947
training/train_loss_mean            0.0252418
training/train_loss_std             0.00151867
-------------------------------  -------------
-------------------------------  -------------
time/training                      25.4786
evaluation/target_0_return_mean     0
evaluation/target_0_return_std      0
evaluation/target_0_length_mean    40
evaluation/target_0_length_std      0
time/total                       2810.89
time/evaluation                     2.43767
training/train_loss_mean            0.025286
training/train_loss_std             0.00151995
-------------------------------  -------------
-------------------------------  ------------
time/training                      16.3668
evaluation/target_0_return_mean     0
evaluation/target_0_return_std      0
evaluation/target_0_length_mean    40
evaluation/target_0_length_std      0
time/total                       2829.79
time/evaluation                     2.52743
training/train_loss_mean            0.0253256
training/train_loss_std             0.0015895
-------------------------------  ------------
-------------------------------  -------------
time/training                      15.4352
evaluation/target_0_return_mean     0
evaluation/target_0_return_std      0
evaluation/target_0_length_mean    40
evaluation/target_0_length_std      0
time/total                       2848.58
time/evaluation                     3.35212
training/train_loss_mean            0.0252566
training/train_loss_std             0.00165809
-------------------------------  -------------
-------------------------------  -------------
time/training                      14.3766
evaluation/target_0_return_mean     0
evaluation/target_0_return_std      0
evaluation/target_0_length_mean    40
evaluation/target_0_length_std      0
time/total                       2865.61
time/evaluation                     2.65812
training/train_loss_mean            0.025309
training/train_loss_std             0.00156245
-------------------------------  -------------
-------------------------------  -------------
time/training                      16.0596
evaluation/target_0_return_mean     0
evaluation/target_0_return_std      0
evaluation/target_0_length_mean    40
evaluation/target_0_length_std      0
time/total                       2884.18
time/evaluation                     2.48762
training/train_loss_mean            0.0252082
training/train_loss_std             0.00162875
-------------------------------  -------------
-------------------------------  -------------
time/training                      11.499
evaluation/target_0_return_mean     0
evaluation/target_0_return_std      0
evaluation/target_0_length_mean    40
evaluation/target_0_length_std      0
time/total                       2898.27
time/evaluation                     2.58208
training/train_loss_mean            0.0252938
training/train_loss_std             0.00153762
-------------------------------  -------------
