-------------------------------  -----------
time/training                     12.8215
evaluation/target_0_return_mean   20.6851
evaluation/target_0_return_std     4.82271
evaluation/target_0_length_mean  200
evaluation/target_0_length_std     0
time/total                        14.0328
time/evaluation                    1.20373
training/train_loss_mean           0.0440173
training/train_loss_std            0.0175497
-------------------------------  -----------
-------------------------------  -----------
time/training                      8.40755
evaluation/target_0_return_mean   28.7282
evaluation/target_0_return_std     4.46105
evaluation/target_0_length_mean  200
evaluation/target_0_length_std     0
time/total                        23.5849
time/evaluation                    1.142
training/train_loss_mean           0.0330358
training/train_loss_std            0.0139323
-------------------------------  -----------
-------------------------------  ------------
time/training                      8.38617
evaluation/target_0_return_mean   27.9923
evaluation/target_0_return_std     5.64922
evaluation/target_0_length_mean  200
evaluation/target_0_length_std     0
time/total                        33.1172
time/evaluation                    1.14354
training/train_loss_mean           0.0173683
training/train_loss_std            0.00862785
-------------------------------  ------------
-------------------------------  ------------
time/training                     10.0627
evaluation/target_0_return_mean   27.7296
evaluation/target_0_return_std     3.98831
evaluation/target_0_length_mean  200
evaluation/target_0_length_std     0
time/total                        44.5146
time/evaluation                    1.33361
training/train_loss_mean           0.00717323
training/train_loss_std            0.00490563
-------------------------------  ------------
-------------------------------  ------------
time/training                     15.8464
evaluation/target_0_return_mean   26.4139
evaluation/target_0_return_std     4.73537
evaluation/target_0_length_mean  200
evaluation/target_0_length_std     0
time/total                        62.1204
time/evaluation                    1.75825
training/train_loss_mean           0.00411412
training/train_loss_std            0.00394271
-------------------------------  ------------
-------------------------------  ------------
time/training                     15.4097
evaluation/target_0_return_mean   25.65
evaluation/target_0_return_std     4.52013
evaluation/target_0_length_mean  200
evaluation/target_0_length_std     0
time/total                        79.0657
time/evaluation                    1.53473
training/train_loss_mean           0.00316009
training/train_loss_std            0.00345432
-------------------------------  ------------
-------------------------------  ------------
time/training                     16.1451
evaluation/target_0_return_mean   24.0843
evaluation/target_0_return_std     2.19356
evaluation/target_0_length_mean  200
evaluation/target_0_length_std     0
time/total                        96.9108
time/evaluation                    1.6989
training/train_loss_mean           0.00262705
training/train_loss_std            0.00302238
-------------------------------  ------------
-------------------------------  ------------
time/training                     14.2662
evaluation/target_0_return_mean   26.2649
evaluation/target_0_return_std     2.39023
evaluation/target_0_length_mean  200
evaluation/target_0_length_std     0
time/total                       114.406
time/evaluation                    3.22752
training/train_loss_mean           0.00249078
training/train_loss_std            0.00302082
-------------------------------  ------------
-------------------------------  ------------
time/training                     16.4466
evaluation/target_0_return_mean   25.8781
evaluation/target_0_return_std     3.91492
evaluation/target_0_length_mean  200
evaluation/target_0_length_std     0
time/total                       133.309
time/evaluation                    2.45552
training/train_loss_mean           0.00237401
training/train_loss_std            0.00281952
-------------------------------  ------------
-------------------------------  ------------
time/training                     23.1885
evaluation/target_0_return_mean   25.2686
evaluation/target_0_return_std     2.87219
evaluation/target_0_length_mean  200
evaluation/target_0_length_std     0
time/total                       159.167
time/evaluation                    2.66886
training/train_loss_mean           0.00194792
training/train_loss_std            0.00265071
-------------------------------  ------------
-------------------------------  ------------
time/training                     22.5389
evaluation/target_0_return_mean   25.4375
evaluation/target_0_return_std     3.64602
evaluation/target_0_length_mean  200
evaluation/target_0_length_std     0
time/total                       184.633
time/evaluation                    2.91513
training/train_loss_mean           0.00185787
training/train_loss_std            0.00250005
-------------------------------  ------------
-------------------------------  ------------
time/training                     23.0382
evaluation/target_0_return_mean   26.9062
evaluation/target_0_return_std     4.15327
evaluation/target_0_length_mean  200
evaluation/target_0_length_std     0
time/total                       211.214
time/evaluation                    3.53086
training/train_loss_mean           0.00169716
training/train_loss_std            0.00252213
-------------------------------  ------------
-------------------------------  ------------
time/training                     22.5734
evaluation/target_0_return_mean   24.2265
evaluation/target_0_return_std     3.78244
evaluation/target_0_length_mean  200
evaluation/target_0_length_std     0
time/total                       237.769
time/evaluation                    3.97008
training/train_loss_mean           0.00155901
training/train_loss_std            0.00242713
-------------------------------  ------------
-------------------------------  ------------
time/training                     22.2379
evaluation/target_0_return_mean   25.2546
evaluation/target_0_return_std     5.40045
evaluation/target_0_length_mean  200
evaluation/target_0_length_std     0
time/total                       264.294
time/evaluation                    4.28657
training/train_loss_mean           0.00141523
training/train_loss_std            0.00219134
-------------------------------  ------------
-------------------------------  ------------
time/training                     22.0976
evaluation/target_0_return_mean   26.2195
evaluation/target_0_return_std     3.04985
evaluation/target_0_length_mean  200
evaluation/target_0_length_std     0
time/total                       290.471
time/evaluation                    4.07757
training/train_loss_mean           0.00154155
training/train_loss_std            0.00253555
-------------------------------  ------------
-------------------------------  ------------
time/training                     22.4097
evaluation/target_0_return_mean   24.4121
evaluation/target_0_return_std     3.15144
evaluation/target_0_length_mean  200
evaluation/target_0_length_std     0
time/total                       316.927
time/evaluation                    4.04574
training/train_loss_mean           0.00130601
training/train_loss_std            0.00210833
-------------------------------  ------------
-------------------------------  ------------
time/training                     22.11
evaluation/target_0_return_mean   27.5595
evaluation/target_0_return_std     4.71516
evaluation/target_0_length_mean  200
evaluation/target_0_length_std     0
time/total                       343.345
time/evaluation                    4.30633
training/train_loss_mean           0.00123027
training/train_loss_std            0.00209358
-------------------------------  ------------
-------------------------------  ------------
time/training                     22.7542
evaluation/target_0_return_mean   24.0708
evaluation/target_0_return_std     3.14386
evaluation/target_0_length_mean  200
evaluation/target_0_length_std     0
time/total                       369.632
time/evaluation                    3.53234
training/train_loss_mean           0.0011062
training/train_loss_std            0.00191191
-------------------------------  ------------
-------------------------------  ------------
time/training                     23.6736
evaluation/target_0_return_mean   28.3183
evaluation/target_0_return_std     4.50282
evaluation/target_0_length_mean  200
evaluation/target_0_length_std     0
time/total                       397.115
time/evaluation                    3.80794
training/train_loss_mean           0.00130162
training/train_loss_std            0.00243373
-------------------------------  ------------
-------------------------------  -------------
time/training                     23.1588
evaluation/target_0_return_mean   26.6749
evaluation/target_0_return_std     4.21965
evaluation/target_0_length_mean  200
evaluation/target_0_length_std     0
time/total                       424.2
time/evaluation                    3.9253
training/train_loss_mean           0.000976377
training/train_loss_std            0.00181585
-------------------------------  -------------
-------------------------------  ------------
time/training                     24.1434
evaluation/target_0_return_mean   25.4974
evaluation/target_0_return_std     1.91326
evaluation/target_0_length_mean  200
evaluation/target_0_length_std     0
time/total                       451.727
time/evaluation                    3.38261
training/train_loss_mean           0.00114575
training/train_loss_std            0.0020485
-------------------------------  ------------
-------------------------------  -------------
time/training                     25.2045
evaluation/target_0_return_mean   27.8311
evaluation/target_0_return_std     3.83938
evaluation/target_0_length_mean  200
evaluation/target_0_length_std     0
time/total                       479.661
time/evaluation                    2.728
training/train_loss_mean           0.000992568
training/train_loss_std            0.00201724
-------------------------------  -------------
-------------------------------  -------------
time/training                     25.2943
evaluation/target_0_return_mean   26.6985
evaluation/target_0_return_std     6.10071
evaluation/target_0_length_mean  200
evaluation/target_0_length_std     0
time/total                       507.678
time/evaluation                    2.72151
training/train_loss_mean           0.000908866
training/train_loss_std            0.00199365
-------------------------------  -------------
-------------------------------  -------------
time/training                     25.6726
evaluation/target_0_return_mean   27.5334
evaluation/target_0_return_std     4.66232
evaluation/target_0_length_mean  200
evaluation/target_0_length_std     0
time/total                       535.994
time/evaluation                    2.64166
training/train_loss_mean           0.000903523
training/train_loss_std            0.00182568
-------------------------------  -------------
-------------------------------  -------------
time/training                     25.4725
evaluation/target_0_return_mean   28.9361
evaluation/target_0_return_std     5.62449
evaluation/target_0_length_mean  200
evaluation/target_0_length_std     0
time/total                       564.134
time/evaluation                    2.66689
training/train_loss_mean           0.000948432
training/train_loss_std            0.00207862
-------------------------------  -------------
-------------------------------  -------------
time/training                     17.3783
evaluation/target_0_return_mean   25.5996
evaluation/target_0_return_std     2.02525
evaluation/target_0_length_mean  200
evaluation/target_0_length_std     0
time/total                       583.012
time/evaluation                    1.47871
training/train_loss_mean           0.000841154
training/train_loss_std            0.00190497
-------------------------------  -------------
-------------------------------  ------------
time/training                     16.6054
evaluation/target_0_return_mean   27.5371
evaluation/target_0_return_std     4.50589
evaluation/target_0_length_mean  200
evaluation/target_0_length_std     0
time/total                       601.585
time/evaluation                    1.96555
training/train_loss_mean           0.00079885
training/train_loss_std            0.00177536
-------------------------------  ------------
-------------------------------  -------------
time/training                     22.5566
evaluation/target_0_return_mean   25.7829
evaluation/target_0_return_std     3.9946
evaluation/target_0_length_mean  200
evaluation/target_0_length_std     0
time/total                       626.792
time/evaluation                    2.64936
training/train_loss_mean           0.000749743
training/train_loss_std            0.00171481
-------------------------------  -------------
-------------------------------  -------------
time/training                     25.0076
evaluation/target_0_return_mean   24.2517
evaluation/target_0_return_std     4.26988
evaluation/target_0_length_mean  200
evaluation/target_0_length_std     0
time/total                       654.455
time/evaluation                    2.65429
training/train_loss_mean           0.000879118
training/train_loss_std            0.00211059
-------------------------------  -------------
-------------------------------  -------------
time/training                     23.0699
evaluation/target_0_return_mean   25.2416
evaluation/target_0_return_std     4.1711
evaluation/target_0_length_mean  200
evaluation/target_0_length_std     0
time/total                       680.205
time/evaluation                    2.66851
training/train_loss_mean           0.000971648
training/train_loss_std            0.00234687
-------------------------------  -------------
-------------------------------  -------------
time/training                     23.1506
evaluation/target_0_return_mean   27.1911
evaluation/target_0_return_std     4.13926
evaluation/target_0_length_mean  200
evaluation/target_0_length_std     0
time/total                       706.469
time/evaluation                    3.11249
training/train_loss_mean           0.000697437
training/train_loss_std            0.0018646
-------------------------------  -------------
-------------------------------  -------------
time/training                     22.6462
evaluation/target_0_return_mean   23.0108
evaluation/target_0_return_std     2.77884
evaluation/target_0_length_mean  200
evaluation/target_0_length_std     0
time/total                       731.452
time/evaluation                    2.32969
training/train_loss_mean           0.000929653
training/train_loss_std            0.00239928
-------------------------------  -------------
-------------------------------  -------------
time/training                     25.2079
evaluation/target_0_return_mean   29.4541
evaluation/target_0_return_std     6.04847
evaluation/target_0_length_mean  200
evaluation/target_0_length_std     0
time/total                       759.329
time/evaluation                    2.66807
training/train_loss_mean           0.000881492
training/train_loss_std            0.00199785
-------------------------------  -------------
-------------------------------  -------------
time/training                     22.6282
evaluation/target_0_return_mean   25.1895
evaluation/target_0_return_std     3.05965
evaluation/target_0_length_mean  200
evaluation/target_0_length_std     0
time/total                       784.697
time/evaluation                    2.73884
training/train_loss_mean           0.000619095
training/train_loss_std            0.00146878
-------------------------------  -------------
-------------------------------  -------------
time/training                     22.8685
evaluation/target_0_return_mean   27.9086
evaluation/target_0_return_std     3.40252
evaluation/target_0_length_mean  200
evaluation/target_0_length_std     0
time/total                       810.222
time/evaluation                    2.65548
training/train_loss_mean           0.000786286
training/train_loss_std            0.00191567
-------------------------------  -------------
-------------------------------  -------------
time/training                     33.827
evaluation/target_0_return_mean   25.6714
evaluation/target_0_return_std     3.33682
evaluation/target_0_length_mean  200
evaluation/target_0_length_std     0
time/total                       847.016
time/evaluation                    2.966
training/train_loss_mean           0.000765664
training/train_loss_std            0.00205603
-------------------------------  -------------
-------------------------------  -------------
time/training                     31.4074
evaluation/target_0_return_mean   24.5256
evaluation/target_0_return_std     3.53946
evaluation/target_0_length_mean  200
evaluation/target_0_length_std     0
time/total                       881.122
time/evaluation                    2.68697
training/train_loss_mean           0.000634582
training/train_loss_std            0.00182655
-------------------------------  -------------
-------------------------------  -------------
time/training                     31.346
evaluation/target_0_return_mean   23.678
evaluation/target_0_return_std     3.69773
evaluation/target_0_length_mean  200
evaluation/target_0_length_std     0
time/total                       915.397
time/evaluation                    2.92838
training/train_loss_mean           0.000751621
training/train_loss_std            0.00201047
-------------------------------  -------------
-------------------------------  -------------
time/training                     31.4501
evaluation/target_0_return_mean   25.9762
evaluation/target_0_return_std     3.55671
evaluation/target_0_length_mean  200
evaluation/target_0_length_std     0
time/total                       949.869
time/evaluation                    3.02075
training/train_loss_mean           0.000736011
training/train_loss_std            0.00183753
-------------------------------  -------------
-------------------------------  -------------
time/training                     31.4768
evaluation/target_0_return_mean   24.438
evaluation/target_0_return_std     4.18758
evaluation/target_0_length_mean  200
evaluation/target_0_length_std     0
time/total                       984.219
time/evaluation                    2.8718
training/train_loss_mean           0.000644149
training/train_loss_std            0.00172208
-------------------------------  -------------
-------------------------------  -------------
time/training                      31.799
evaluation/target_0_return_mean    27.112
evaluation/target_0_return_std      5.77909
evaluation/target_0_length_mean   200
evaluation/target_0_length_std      0
time/total                       1018.7
time/evaluation                     2.67255
training/train_loss_mean            0.00056279
training/train_loss_std             0.00145662
-------------------------------  -------------
-------------------------------  --------------
time/training                      31.4252
evaluation/target_0_return_mean    25.6404
evaluation/target_0_return_std      3.91878
evaluation/target_0_length_mean   200
evaluation/target_0_length_std      0
time/total                       1052.89
time/evaluation                     2.75787
training/train_loss_mean            0.000556138
training/train_loss_std             0.0015524
-------------------------------  --------------
-------------------------------  --------------
time/training                      31.8391
evaluation/target_0_return_mean    25.6963
evaluation/target_0_return_std      4.50856
evaluation/target_0_length_mean   200
evaluation/target_0_length_std      0
time/total                       1087.72
time/evaluation                     2.9928
training/train_loss_mean            0.000591669
training/train_loss_std             0.00168234
-------------------------------  --------------
-------------------------------  --------------
time/training                      31.593
evaluation/target_0_return_mean    25.0944
evaluation/target_0_return_std      4.102
evaluation/target_0_length_mean   200
evaluation/target_0_length_std      0
time/total                       1122.2
time/evaluation                     2.88194
training/train_loss_mean            0.000869055
training/train_loss_std             0.00247636
-------------------------------  --------------
-------------------------------  --------------
time/training                      17.1089
evaluation/target_0_return_mean    24.6941
evaluation/target_0_return_std      3.43843
evaluation/target_0_length_mean   200
evaluation/target_0_length_std      0
time/total                       1143.38
time/evaluation                     4.07808
training/train_loss_mean            0.000678311
training/train_loss_std             0.00190109
-------------------------------  --------------
-------------------------------  --------------
time/training                      23.5425
evaluation/target_0_return_mean    27.0784
evaluation/target_0_return_std      5.45602
evaluation/target_0_length_mean   200
evaluation/target_0_length_std      0
time/total                       1170.48
time/evaluation                     3.55411
training/train_loss_mean            0.000618778
training/train_loss_std             0.00176859
-------------------------------  --------------
-------------------------------  -------------
time/training                      27.8129
evaluation/target_0_return_mean    27.4163
evaluation/target_0_return_std      5.03632
evaluation/target_0_length_mean   200
evaluation/target_0_length_std      0
time/total                       1201.23
time/evaluation                     2.93173
training/train_loss_mean            0.00062589
training/train_loss_std             0.00183074
-------------------------------  -------------
-------------------------------  --------------
time/training                      23.0129
evaluation/target_0_return_mean    23.595
evaluation/target_0_return_std      3.37587
evaluation/target_0_length_mean   200
evaluation/target_0_length_std      0
time/total                       1226.95
time/evaluation                     2.7109
training/train_loss_mean            0.000688191
training/train_loss_std             0.00219446
-------------------------------  --------------
-------------------------------  -------------
time/training                      22.994
evaluation/target_0_return_mean    27.1385
evaluation/target_0_return_std      3.464
evaluation/target_0_length_mean   200
evaluation/target_0_length_std      0
time/total                       1252.65
time/evaluation                     2.69852
training/train_loss_mean            0.00050645
training/train_loss_std             0.00181068
-------------------------------  -------------
-------------------------------  -------------
time/training                      23.7717
evaluation/target_0_return_mean    25.3836
evaluation/target_0_return_std      4.62193
evaluation/target_0_length_mean   200
evaluation/target_0_length_std      0
time/total                       1279.07
time/evaluation                     2.6438
training/train_loss_mean            0.00087551
training/train_loss_std             0.00268407
-------------------------------  -------------
-------------------------------  --------------
time/training                      21.3601
evaluation/target_0_return_mean    24.3304
evaluation/target_0_return_std      1.71436
evaluation/target_0_length_mean   200
evaluation/target_0_length_std      0
time/total                       1304.33
time/evaluation                     3.89257
training/train_loss_mean            0.000531526
training/train_loss_std             0.00145705
-------------------------------  --------------
-------------------------------  --------------
time/training                      23.1682
evaluation/target_0_return_mean    28.3307
evaluation/target_0_return_std      6.24812
evaluation/target_0_length_mean   200
evaluation/target_0_length_std      0
time/total                       1331.39
time/evaluation                     3.89009
training/train_loss_mean            0.000643307
training/train_loss_std             0.00186795
-------------------------------  --------------
-------------------------------  --------------
time/training                      24.0601
evaluation/target_0_return_mean    25.6827
evaluation/target_0_return_std      4.35797
evaluation/target_0_length_mean   200
evaluation/target_0_length_std      0
time/total                       1358.62
time/evaluation                     3.1724
training/train_loss_mean            0.000547501
training/train_loss_std             0.00156719
-------------------------------  --------------
-------------------------------  --------------
time/training                      25.3149
evaluation/target_0_return_mean    27.3028
evaluation/target_0_return_std      5.35254
evaluation/target_0_length_mean   200
evaluation/target_0_length_std      0
time/total                       1387.78
time/evaluation                     3.84776
training/train_loss_mean            0.000681073
training/train_loss_std             0.00188458
-------------------------------  --------------
-------------------------------  -------------
time/training                      24.6629
evaluation/target_0_return_mean    24.6364
evaluation/target_0_return_std      3.06295
evaluation/target_0_length_mean   200
evaluation/target_0_length_std      0
time/total                       1415.1
time/evaluation                     2.65585
training/train_loss_mean            0.0004238
training/train_loss_std             0.00121718
-------------------------------  -------------
-------------------------------  --------------
time/training                      25.085
evaluation/target_0_return_mean    25.6253
evaluation/target_0_return_std      4.16976
evaluation/target_0_length_mean   200
evaluation/target_0_length_std      0
time/total                       1442.34
time/evaluation                     2.15358
training/train_loss_mean            0.000628341
training/train_loss_std             0.00174237
-------------------------------  --------------
-------------------------------  --------------
time/training                      16.7968
evaluation/target_0_return_mean    27.0371
evaluation/target_0_return_std      3.40716
evaluation/target_0_length_mean   200
evaluation/target_0_length_std      0
time/total                       1462.06
time/evaluation                     2.92108
training/train_loss_mean            0.000665441
training/train_loss_std             0.00195508
-------------------------------  --------------
-------------------------------  -------------
time/training                      22.8863
evaluation/target_0_return_mean    29.6785
evaluation/target_0_return_std      7.26584
evaluation/target_0_length_mean   200
evaluation/target_0_length_std      0
time/total                       1487.57
time/evaluation                     2.62375
training/train_loss_mean            0.00050606
training/train_loss_std             0.0016981
-------------------------------  -------------
-------------------------------  --------------
time/training                      22.8253
evaluation/target_0_return_mean    24.8936
evaluation/target_0_return_std      3.13797
evaluation/target_0_length_mean   200
evaluation/target_0_length_std      0
time/total                       1512.96
time/evaluation                     2.55958
training/train_loss_mean            0.000573564
training/train_loss_std             0.00175032
-------------------------------  --------------
-------------------------------  --------------
time/training                      23.391
evaluation/target_0_return_mean    25.0695
evaluation/target_0_return_std      4.04454
evaluation/target_0_length_mean   200
evaluation/target_0_length_std      0
time/total                       1539.12
time/evaluation                     2.77096
training/train_loss_mean            0.000482693
training/train_loss_std             0.00166989
-------------------------------  --------------
-------------------------------  -------------
time/training                      24.3127
evaluation/target_0_return_mean    27.1089
evaluation/target_0_return_std      4.65584
evaluation/target_0_length_mean   200
evaluation/target_0_length_std      0
time/total                       1567.47
time/evaluation                     4.03537
training/train_loss_mean            0.0007759
training/train_loss_std             0.00222271
-------------------------------  -------------
-------------------------------  --------------
time/training                      23.2618
evaluation/target_0_return_mean    25.3864
evaluation/target_0_return_std      4.8873
evaluation/target_0_length_mean   200
evaluation/target_0_length_std      0
time/total                       1593.62
time/evaluation                     2.87812
training/train_loss_mean            0.000525683
training/train_loss_std             0.00150741
-------------------------------  --------------
-------------------------------  --------------
time/training                      23.0942
evaluation/target_0_return_mean    25.8045
evaluation/target_0_return_std      5.9096
evaluation/target_0_length_mean   200
evaluation/target_0_length_std      0
time/total                       1620.32
time/evaluation                     3.60623
training/train_loss_mean            0.000500264
training/train_loss_std             0.00185433
-------------------------------  --------------
-------------------------------  --------------
time/training                      16.5815
evaluation/target_0_return_mean    25.5501
evaluation/target_0_return_std      3.55329
evaluation/target_0_length_mean   200
evaluation/target_0_length_std      0
time/total                       1639.47
time/evaluation                     2.5631
training/train_loss_mean            0.000467311
training/train_loss_std             0.00147706
-------------------------------  --------------
-------------------------------  --------------
time/training                      23.4076
evaluation/target_0_return_mean    26.612
evaluation/target_0_return_std      5.51893
evaluation/target_0_length_mean   200
evaluation/target_0_length_std      0
time/total                       1665.47
time/evaluation                     2.59733
training/train_loss_mean            0.000630399
training/train_loss_std             0.00220505
-------------------------------  --------------
-------------------------------  --------------
time/training                      24.6547
evaluation/target_0_return_mean    30.6814
evaluation/target_0_return_std      9.71932
evaluation/target_0_length_mean   200
evaluation/target_0_length_std      0
time/total                       1692.87
time/evaluation                     2.73265
training/train_loss_mean            0.000485756
training/train_loss_std             0.00173747
-------------------------------  --------------
-------------------------------  --------------
time/training                      22.2321
evaluation/target_0_return_mean    25.0194
evaluation/target_0_return_std      3.69965
evaluation/target_0_length_mean   200
evaluation/target_0_length_std      0
time/total                       1717.7
time/evaluation                     2.59962
training/train_loss_mean            0.000540453
training/train_loss_std             0.00167748
-------------------------------  --------------
-------------------------------  --------------
time/training                      23.112
evaluation/target_0_return_mean    27.0225
evaluation/target_0_return_std      6.36397
evaluation/target_0_length_mean   200
evaluation/target_0_length_std      0
time/total                       1743.03
time/evaluation                     2.20175
training/train_loss_mean            0.000504331
training/train_loss_std             0.00160971
-------------------------------  --------------
-------------------------------  --------------
time/training                      31.6414
evaluation/target_0_return_mean    23.8063
evaluation/target_0_return_std      3.14831
evaluation/target_0_length_mean   200
evaluation/target_0_length_std      0
time/total                       1778.35
time/evaluation                     3.67081
training/train_loss_mean            0.000609164
training/train_loss_std             0.00177829
-------------------------------  --------------
-------------------------------  --------------
time/training                      31.588
evaluation/target_0_return_mean    25.8907
evaluation/target_0_return_std      3.68235
evaluation/target_0_length_mean   200
evaluation/target_0_length_std      0
time/total                       1813.86
time/evaluation                     3.92188
training/train_loss_mean            0.000380267
training/train_loss_std             0.00108032
-------------------------------  --------------
-------------------------------  --------------
time/training                      27.225
evaluation/target_0_return_mean    25.8675
evaluation/target_0_return_std      4.70079
evaluation/target_0_length_mean   200
evaluation/target_0_length_std      0
time/total                       1843.75
time/evaluation                     2.65861
training/train_loss_mean            0.000576879
training/train_loss_std             0.00179601
-------------------------------  --------------
-------------------------------  --------------
time/training                      24.778
evaluation/target_0_return_mean    26.2735
evaluation/target_0_return_std      4.29024
evaluation/target_0_length_mean   200
evaluation/target_0_length_std      0
time/total                       1871.21
time/evaluation                     2.68543
training/train_loss_mean            0.000360447
training/train_loss_std             0.0013252
-------------------------------  --------------
-------------------------------  --------------
time/training                      33.2021
evaluation/target_0_return_mean    22.1653
evaluation/target_0_return_std      2.96249
evaluation/target_0_length_mean   200
evaluation/target_0_length_std      0
time/total                       1907.76
time/evaluation                     3.34617
training/train_loss_mean            0.000591019
training/train_loss_std             0.00197411
-------------------------------  --------------
-------------------------------  --------------
time/training                      24.9996
evaluation/target_0_return_mean    25.4342
evaluation/target_0_return_std      4.47723
evaluation/target_0_length_mean   200
evaluation/target_0_length_std      0
time/total                       1935.53
time/evaluation                     2.77002
training/train_loss_mean            0.000530228
training/train_loss_std             0.0020182
-------------------------------  --------------
-------------------------------  --------------
time/training                      25.0067
evaluation/target_0_return_mean    23.7358
evaluation/target_0_return_std      3.17843
evaluation/target_0_length_mean   200
evaluation/target_0_length_std      0
time/total                       1963.93
time/evaluation                     3.38359
training/train_loss_mean            0.000323053
training/train_loss_std             0.000862118
-------------------------------  --------------
-------------------------------  --------------
time/training                      30.1029
evaluation/target_0_return_mean    22.7388
evaluation/target_0_return_std      4.03177
evaluation/target_0_length_mean   200
evaluation/target_0_length_std      0
time/total                       1998.43
time/evaluation                     4.39245
training/train_loss_mean            0.000466257
training/train_loss_std             0.00158113
-------------------------------  --------------
-------------------------------  --------------
time/training                      29.9672
evaluation/target_0_return_mean    24.2341
evaluation/target_0_return_std      2.54408
evaluation/target_0_length_mean   200
evaluation/target_0_length_std      0
time/total                       2031.29
time/evaluation                     2.8964
training/train_loss_mean            0.000454375
training/train_loss_std             0.00167655
-------------------------------  --------------
-------------------------------  --------------
time/training                      31.7833
evaluation/target_0_return_mean    24.7375
evaluation/target_0_return_std      2.53045
evaluation/target_0_length_mean   200
evaluation/target_0_length_std      0
time/total                       2066.28
time/evaluation                     3.20178
training/train_loss_mean            0.000471373
training/train_loss_std             0.00147927
-------------------------------  --------------
-------------------------------  --------------
time/training                      23.5771
evaluation/target_0_return_mean    24.0567
evaluation/target_0_return_std      4.04378
evaluation/target_0_length_mean   200
evaluation/target_0_length_std      0
time/total                       2092.59
time/evaluation                     2.73775
training/train_loss_mean            0.000367263
training/train_loss_std             0.00129175
-------------------------------  --------------
-------------------------------  --------------
time/training                      21.8161
evaluation/target_0_return_mean    24.2544
evaluation/target_0_return_std      2.69827
evaluation/target_0_length_mean   200
evaluation/target_0_length_std      0
time/total                       2117.13
time/evaluation                     2.71746
training/train_loss_mean            0.000446244
training/train_loss_std             0.00164434
-------------------------------  --------------
-------------------------------  --------------
time/training                      24.4638
evaluation/target_0_return_mean    25.106
evaluation/target_0_return_std      5.77261
evaluation/target_0_length_mean   200
evaluation/target_0_length_std      0
time/total                       2144.33
time/evaluation                     2.74005
training/train_loss_mean            0.000508968
training/train_loss_std             0.00170627
-------------------------------  --------------
-------------------------------  --------------
time/training                      30.9085
evaluation/target_0_return_mean    26.5227
evaluation/target_0_return_std      5.15518
evaluation/target_0_length_mean   200
evaluation/target_0_length_std      0
time/total                       2177.94
time/evaluation                     2.69176
training/train_loss_mean            0.000313116
training/train_loss_std             0.000878133
-------------------------------  --------------
-------------------------------  --------------
time/training                      39.5704
evaluation/target_0_return_mean    26.706
evaluation/target_0_return_std      4.17542
evaluation/target_0_length_mean   200
evaluation/target_0_length_std      0
time/total                       2219.85
time/evaluation                     2.3381
training/train_loss_mean            0.000641997
training/train_loss_std             0.00243364
-------------------------------  --------------
-------------------------------  --------------
time/training                      24.2359
evaluation/target_0_return_mean    25.183
evaluation/target_0_return_std      3.90936
evaluation/target_0_length_mean   200
evaluation/target_0_length_std      0
time/total                       2246.73
time/evaluation                     2.63331
training/train_loss_mean            0.000458016
training/train_loss_std             0.00148024
-------------------------------  --------------
-------------------------------  --------------
time/training                      30.9121
evaluation/target_0_return_mean    24.5996
evaluation/target_0_return_std      3.5411
evaluation/target_0_length_mean   200
evaluation/target_0_length_std      0
time/total                       2280.65
time/evaluation                     3.00036
training/train_loss_mean            0.000401307
training/train_loss_std             0.00157035
-------------------------------  --------------
-------------------------------  --------------
time/training                      30.2635
evaluation/target_0_return_mean    26.7681
evaluation/target_0_return_std      3.25933
evaluation/target_0_length_mean   200
evaluation/target_0_length_std      0
time/total                       2313.83
time/evaluation                     2.91921
training/train_loss_mean            0.000493541
training/train_loss_std             0.00176759
-------------------------------  --------------
-------------------------------  --------------
time/training                      30.39
evaluation/target_0_return_mean    23.9764
evaluation/target_0_return_std      4.99688
evaluation/target_0_length_mean   200
evaluation/target_0_length_std      0
time/total                       2347.6
time/evaluation                     3.37733
training/train_loss_mean            0.000385072
training/train_loss_std             0.00143441
-------------------------------  --------------
-------------------------------  --------------
time/training                      30.0187
evaluation/target_0_return_mean    26.6173
evaluation/target_0_return_std      3.47386
evaluation/target_0_length_mean   200
evaluation/target_0_length_std      0
time/total                       2381.68
time/evaluation                     4.06489
training/train_loss_mean            0.000490738
training/train_loss_std             0.00187849
-------------------------------  --------------
-------------------------------  --------------
time/training                      29.7354
evaluation/target_0_return_mean    24.8584
evaluation/target_0_return_std      3.20122
evaluation/target_0_length_mean   200
evaluation/target_0_length_std      0
time/total                       2415.38
time/evaluation                     3.95952
training/train_loss_mean            0.000387005
training/train_loss_std             0.00140976
-------------------------------  --------------
-------------------------------  --------------
time/training                      30.1337
evaluation/target_0_return_mean    25.235
evaluation/target_0_return_std      3.84434
evaluation/target_0_length_mean   200
evaluation/target_0_length_std      0
time/total                       2449.46
time/evaluation                     3.94969
training/train_loss_mean            0.000546596
training/train_loss_std             0.00185971
-------------------------------  --------------
-------------------------------  --------------
time/training                      29.7877
evaluation/target_0_return_mean    26.1748
evaluation/target_0_return_std      5.86479
evaluation/target_0_length_mean   200
evaluation/target_0_length_std      0
time/total                       2482.55
time/evaluation                     3.30129
training/train_loss_mean            0.000396308
training/train_loss_std             0.00170527
-------------------------------  --------------
-------------------------------  --------------
time/training                      30.3693
evaluation/target_0_return_mean    25.9667
evaluation/target_0_return_std      4.67346
evaluation/target_0_length_mean   200
evaluation/target_0_length_std      0
time/total                       2516.97
time/evaluation                     4.03039
training/train_loss_mean            0.000369114
training/train_loss_std             0.00143722
-------------------------------  --------------
-------------------------------  --------------
time/training                      29.8381
evaluation/target_0_return_mean    24.7454
evaluation/target_0_return_std      3.06675
evaluation/target_0_length_mean   200
evaluation/target_0_length_std      0
time/total                       2550.7
time/evaluation                     3.8844
training/train_loss_mean            0.000451121
training/train_loss_std             0.0017629
-------------------------------  --------------
-------------------------------  --------------
time/training                      31.622
evaluation/target_0_return_mean    23.8806
evaluation/target_0_return_std      3.78809
evaluation/target_0_length_mean   200
evaluation/target_0_length_std      0
time/total                       2585.56
time/evaluation                     3.23669
training/train_loss_mean            0.000421651
training/train_loss_std             0.00161871
-------------------------------  --------------
-------------------------------  --------------
time/training                      30.0921
evaluation/target_0_return_mean    25.3468
evaluation/target_0_return_std      5.16781
evaluation/target_0_length_mean   200
evaluation/target_0_length_std      0
time/total                       2619.67
time/evaluation                     4.015
training/train_loss_mean            0.000501729
training/train_loss_std             0.00172123
-------------------------------  --------------
-------------------------------  --------------
time/training                      30.0204
evaluation/target_0_return_mean    26.8485
evaluation/target_0_return_std      3.43851
evaluation/target_0_length_mean   200
evaluation/target_0_length_std      0
time/total                       2653.68
time/evaluation                     3.98512
training/train_loss_mean            0.000329467
training/train_loss_std             0.00097102
-------------------------------  --------------
-------------------------------  --------------
time/training                      29.7463
evaluation/target_0_return_mean    25.0089
evaluation/target_0_return_std      3.94048
evaluation/target_0_length_mean   200
evaluation/target_0_length_std      0
time/total                       2687.38
time/evaluation                     3.95451
training/train_loss_mean            0.000335981
training/train_loss_std             0.00156717
-------------------------------  --------------
-------------------------------  -------------
time/training                      29.9227
evaluation/target_0_return_mean    24.9083
evaluation/target_0_return_std      2.61865
evaluation/target_0_length_mean   200
evaluation/target_0_length_std      0
time/total                       2720.97
time/evaluation                     3.64745
training/train_loss_mean            0.00052522
training/train_loss_std             0.00177471
-------------------------------  -------------
-------------------------------  --------------
time/training                      30.8353
evaluation/target_0_return_mean    26.219
evaluation/target_0_return_std      4.08382
evaluation/target_0_length_mean   200
evaluation/target_0_length_std      0
time/total                       2755.09
time/evaluation                     3.28592
training/train_loss_mean            0.000427392
training/train_loss_std             0.00184972
-------------------------------  --------------
-------------------------------  --------------
time/training                      31.7685
evaluation/target_0_return_mean    26.0011
evaluation/target_0_return_std      2.01043
evaluation/target_0_length_mean   200
evaluation/target_0_length_std      0
time/total                       2790.77
time/evaluation                     3.91184
training/train_loss_mean            0.000475662
training/train_loss_std             0.0017568
-------------------------------  --------------
