--------------  -------
epoch            0
average_return  27.9353
--------------  -------
--------------  ---------
average_loss     0.553427
epoch            1
average_return  26.2227
--------------  ---------
--------------  ---------
average_loss     0.471178
epoch            2
average_return  25.0872
--------------  ---------
--------------  ---------
average_loss     0.408662
epoch            3
average_return  25.6412
--------------  ---------
--------------  ---------
average_loss     0.357018
epoch            4
average_return  34.9421
--------------  ---------
--------------  ---------
average_loss     0.312833
epoch            5
average_return  41.0061
--------------  ---------
--------------  ---------
average_loss     0.275387
epoch            6
average_return  42.4079
--------------  ---------
--------------  --------
average_loss     0.24399
epoch            7
average_return  51.0163
--------------  --------
--------------  ---------
average_loss     0.217986
epoch            8
average_return  56.7258
--------------  ---------
--------------  ---------
average_loss     0.196993
epoch            9
average_return  57.003
--------------  ---------
--------------  ---------
average_loss     0.180114
epoch           10
average_return  63.0819
--------------  ---------
--------------  ---------
average_loss     0.166842
epoch           11
average_return  64.6303
--------------  ---------
--------------  ---------
average_loss     0.156414
epoch           12
average_return  61.9341
--------------  ---------
--------------  ---------
average_loss     0.148335
epoch           13
average_return  62.8707
--------------  ---------
--------------  --------
average_loss     0.14158
epoch           14
average_return  63.4378
--------------  --------
--------------  ---------
average_loss     0.136018
epoch           15
average_return  63.474
--------------  ---------
--------------  ---------
average_loss     0.131274
epoch           16
average_return  62.3433
--------------  ---------
--------------  ---------
average_loss     0.127026
epoch           17
average_return  63.2186
--------------  ---------
--------------  ---------
average_loss     0.123301
epoch           18
average_return  60.5894
--------------  ---------
--------------  --------
average_loss     0.11983
epoch           19
average_return  62.4533
--------------  --------
--------------  --------
average_loss     0.11666
epoch           20
average_return  60.2888
--------------  --------
--------------  ---------
average_loss     0.113567
epoch           21
average_return  61.4575
--------------  ---------
--------------  ---------
average_loss     0.110864
epoch           22
average_return  61.2656
--------------  ---------
--------------  ---------
average_loss     0.108203
epoch           23
average_return  59.7349
--------------  ---------
--------------  ---------
average_loss     0.105701
epoch           24
average_return  63.0901
--------------  ---------
--------------  ---------
average_loss     0.103296
epoch           25
average_return  61.0128
--------------  ---------
--------------  --------
average_loss     0.10102
epoch           26
average_return  60.4261
--------------  --------
--------------  ----------
average_loss     0.0988096
epoch           27
average_return  59.3683
--------------  ----------
--------------  ----------
average_loss     0.0966474
epoch           28
average_return  60.1579
--------------  ----------
--------------  ----------
average_loss     0.0945467
epoch           29
average_return  59.4744
--------------  ----------
--------------  ----------
average_loss     0.0925242
epoch           30
average_return  59.7082
--------------  ----------
--------------  ----------
average_loss     0.0905614
epoch           31
average_return  63.1716
--------------  ----------
--------------  ----------
average_loss     0.0887258
epoch           32
average_return  60.3127
--------------  ----------
--------------  ----------
average_loss     0.0869547
epoch           33
average_return  62.7641
--------------  ----------
--------------  ----------
average_loss     0.0853565
epoch           34
average_return  59.5035
--------------  ----------
--------------  ----------
average_loss     0.0838641
epoch           35
average_return  61.7366
--------------  ----------
--------------  ----------
average_loss     0.0825415
epoch           36
average_return  60.1258
--------------  ----------
--------------  ----------
average_loss     0.0812631
epoch           37
average_return  59.2452
--------------  ----------
--------------  ----------
average_loss     0.0801202
epoch           38
average_return  57.2514
--------------  ----------
--------------  ----------
average_loss     0.0789639
epoch           39
average_return  59.9599
--------------  ----------
--------------  ----------
average_loss     0.0780132
epoch           40
average_return  58.7701
--------------  ----------
--------------  ----------
average_loss     0.0770269
epoch           41
average_return  60.5986
--------------  ----------
--------------  ----------
average_loss     0.0760717
epoch           42
average_return  60.4764
--------------  ----------
--------------  ----------
average_loss     0.0751467
epoch           43
average_return  57.656
--------------  ----------
--------------  ----------
average_loss     0.0742001
epoch           44
average_return  54.9495
--------------  ----------
--------------  ----------
average_loss     0.0733691
epoch           45
average_return  56.2429
--------------  ----------
--------------  ----------
average_loss     0.0724908
epoch           46
average_return  56.899
--------------  ----------
--------------  ----------
average_loss     0.0716948
epoch           47
average_return  54.6426
--------------  ----------
--------------  ----------
average_loss     0.0708373
epoch           48
average_return  57.0843
--------------  ----------
--------------  ----------
average_loss     0.0700518
epoch           49
average_return  57.4752
--------------  ----------
--------------  ----------
average_loss     0.0692267
epoch           50
average_return  55.4695
--------------  ----------
--------------  ----------
average_loss     0.0684516
epoch           51
average_return  56.4571
--------------  ----------
--------------  ----------
average_loss     0.0676418
epoch           52
average_return  56.9384
--------------  ----------
--------------  ----------
average_loss     0.0669299
epoch           53
average_return  55.2042
--------------  ----------
--------------  ---------
average_loss     0.066237
epoch           54
average_return  52.215
--------------  ---------
--------------  ----------
average_loss     0.0655142
epoch           55
average_return  53.5716
--------------  ----------
--------------  ----------
average_loss     0.0648508
epoch           56
average_return  54.3434
--------------  ----------
--------------  ----------
average_loss     0.0642194
epoch           57
average_return  55.4935
--------------  ----------
--------------  ----------
average_loss     0.0636401
epoch           58
average_return  53.7012
--------------  ----------
--------------  ----------
average_loss     0.0630944
epoch           59
average_return  54.9347
--------------  ----------
--------------  ----------
average_loss     0.0625583
epoch           60
average_return  53.4408
--------------  ----------
--------------  ---------
average_loss     0.062116
epoch           61
average_return  54.8791
--------------  ---------
--------------  ----------
average_loss     0.0616316
epoch           62
average_return  51.5511
--------------  ----------
--------------  ----------
average_loss     0.0611846
epoch           63
average_return  53.6391
--------------  ----------
--------------  ---------
average_loss     0.060765
epoch           64
average_return  54.917
--------------  ---------
--------------  ----------
average_loss     0.0604027
epoch           65
average_return  53.7133
--------------  ----------
--------------  ----------
average_loss     0.0600939
epoch           66
average_return  54.7757
--------------  ----------
--------------  ----------
average_loss     0.0596561
epoch           67
average_return  53.5754
--------------  ----------
--------------  ----------
average_loss     0.0593312
epoch           68
average_return  53.3215
--------------  ----------
--------------  ----------
average_loss     0.0590363
epoch           69
average_return  55.398
--------------  ----------
--------------  ----------
average_loss     0.0586851
epoch           70
average_return  51.2503
--------------  ----------
--------------  ----------
average_loss     0.0584047
epoch           71
average_return  53.1109
--------------  ----------
--------------  ----------
average_loss     0.0580404
epoch           72
average_return  56.9901
--------------  ----------
--------------  ----------
average_loss     0.0577355
epoch           73
average_return  53.0546
--------------  ----------
--------------  ---------
average_loss     0.057472
epoch           74
average_return  51.916
--------------  ---------
--------------  ----------
average_loss     0.0572373
epoch           75
average_return  56.8211
--------------  ----------
--------------  ----------
average_loss     0.0569142
epoch           76
average_return  54.0218
--------------  ----------
--------------  ----------
average_loss     0.0566656
epoch           77
average_return  54.5272
--------------  ----------
--------------  ----------
average_loss     0.0564277
epoch           78
average_return  54.2272
--------------  ----------
--------------  ----------
average_loss     0.0561684
epoch           79
average_return  54.1412
--------------  ----------
--------------  ----------
average_loss     0.0559655
epoch           80
average_return  55.2144
--------------  ----------
--------------  ----------
average_loss     0.0557211
epoch           81
average_return  56.1194
--------------  ----------
--------------  ----------
average_loss     0.0554952
epoch           82
average_return  56.2101
--------------  ----------
--------------  ----------
average_loss     0.0552681
epoch           83
average_return  54.0777
--------------  ----------
--------------  ----------
average_loss     0.0550559
epoch           84
average_return  55.7528
--------------  ----------
--------------  ----------
average_loss     0.0548413
epoch           85
average_return  56.1667
--------------  ----------
--------------  ----------
average_loss     0.0545659
epoch           86
average_return  53.0044
--------------  ----------
--------------  ----------
average_loss     0.0544277
epoch           87
average_return  53.7349
--------------  ----------
--------------  ----------
average_loss     0.0542247
epoch           88
average_return  55.0176
--------------  ----------
--------------  ----------
average_loss     0.0539931
epoch           89
average_return  55.3444
--------------  ----------
--------------  ----------
average_loss     0.0537613
epoch           90
average_return  54.7638
--------------  ----------
--------------  ----------
average_loss     0.0536011
epoch           91
average_return  56.296
--------------  ----------
--------------  ----------
average_loss     0.0534186
epoch           92
average_return  52.5399
--------------  ----------
--------------  ---------
average_loss     0.053251
epoch           93
average_return  54.6436
--------------  ---------
--------------  ----------
average_loss     0.0530538
epoch           94
average_return  53.8009
--------------  ----------
--------------  ----------
average_loss     0.0528609
epoch           95
average_return  57.7376
--------------  ----------
--------------  ---------
average_loss     0.052722
epoch           96
average_return  57.573
--------------  ---------
--------------  ----------
average_loss     0.0525368
epoch           97
average_return  55.9802
--------------  ----------
--------------  ---------
average_loss     0.052357
epoch           98
average_return  55.8677
--------------  ---------
--------------  ----------
average_loss     0.0521915
epoch           99
average_return  53.8101
--------------  ----------
--------------  -----------
average_loss      0.0520253
epoch           100
average_return   56.152
--------------  -----------
