--------------  -------
epoch            0
average_return  18.9047
--------------  -------
--------------  ---------
average_loss     0.562777
epoch            1
average_return  27.7672
--------------  ---------
--------------  ---------
average_loss     0.465758
epoch            2
average_return  29.5335
--------------  ---------
--------------  --------
average_loss     0.40304
epoch            3
average_return  31.8308
--------------  --------
--------------  ---------
average_loss     0.354662
epoch            4
average_return  41.6306
--------------  ---------
--------------  ---------
average_loss     0.313644
epoch            5
average_return  42.2559
--------------  ---------
--------------  ---------
average_loss     0.278596
epoch            6
average_return  39.0287
--------------  ---------
--------------  ---------
average_loss     0.248737
epoch            7
average_return  51.5478
--------------  ---------
--------------  ---------
average_loss     0.223907
epoch            8
average_return  52.2011
--------------  ---------
--------------  ---------
average_loss     0.203173
epoch            9
average_return  50.1023
--------------  ---------
--------------  ---------
average_loss     0.186085
epoch           10
average_return  49.9512
--------------  ---------
--------------  ---------
average_loss     0.171971
epoch           11
average_return  51.3388
--------------  ---------
--------------  ---------
average_loss     0.160247
epoch           12
average_return  57.49
--------------  ---------
--------------  ---------
average_loss     0.150551
epoch           13
average_return  53.2043
--------------  ---------
--------------  --------
average_loss     0.14272
epoch           14
average_return  53.8313
--------------  --------
--------------  ---------
average_loss     0.136353
epoch           15
average_return  53.9679
--------------  ---------
--------------  ---------
average_loss     0.130964
epoch           16
average_return  51.8083
--------------  ---------
--------------  ---------
average_loss     0.126452
epoch           17
average_return  55.8255
--------------  ---------
--------------  ---------
average_loss     0.122455
epoch           18
average_return  56.8554
--------------  ---------
--------------  --------
average_loss     0.11891
epoch           19
average_return  57.0887
--------------  --------
--------------  ---------
average_loss     0.115686
epoch           20
average_return  54.9945
--------------  ---------
--------------  --------
average_loss     0.11274
epoch           21
average_return  59.6358
--------------  --------
--------------  ---------
average_loss     0.110127
epoch           22
average_return  56.8701
--------------  ---------
--------------  ---------
average_loss     0.107505
epoch           23
average_return  55.8826
--------------  ---------
--------------  ---------
average_loss     0.105094
epoch           24
average_return  60.4337
--------------  ---------
--------------  ---------
average_loss     0.102774
epoch           25
average_return  57.0233
--------------  ---------
--------------  ---------
average_loss     0.100504
epoch           26
average_return  55.4087
--------------  ---------
--------------  ----------
average_loss     0.0983462
epoch           27
average_return  58.6964
--------------  ----------
--------------  ---------
average_loss     0.096303
epoch           28
average_return  56.0151
--------------  ---------
--------------  ----------
average_loss     0.0943119
epoch           29
average_return  53.8265
--------------  ----------
--------------  ----------
average_loss     0.0923357
epoch           30
average_return  55.7433
--------------  ----------
--------------  ----------
average_loss     0.0903299
epoch           31
average_return  52.4533
--------------  ----------
--------------  ----------
average_loss     0.0885621
epoch           32
average_return  55.8464
--------------  ----------
--------------  ----------
average_loss     0.0868035
epoch           33
average_return  56.0315
--------------  ----------
--------------  ----------
average_loss     0.0853306
epoch           34
average_return  51.3737
--------------  ----------
--------------  ----------
average_loss     0.0838848
epoch           35
average_return  45.6449
--------------  ----------
--------------  ----------
average_loss     0.0826087
epoch           36
average_return  49.9264
--------------  ----------
--------------  ----------
average_loss     0.0814587
epoch           37
average_return  51.4849
--------------  ----------
--------------  ----------
average_loss     0.0803762
epoch           38
average_return  47.3131
--------------  ----------
--------------  ----------
average_loss     0.0793885
epoch           39
average_return  47.5305
--------------  ----------
--------------  ----------
average_loss     0.0784103
epoch           40
average_return  43.5404
--------------  ----------
--------------  ----------
average_loss     0.0775737
epoch           41
average_return  49.4513
--------------  ----------
--------------  ----------
average_loss     0.0767472
epoch           42
average_return  45.6584
--------------  ----------
--------------  ---------
average_loss     0.076036
epoch           43
average_return  50.1135
--------------  ---------
--------------  ----------
average_loss     0.0752655
epoch           44
average_return  54.6308
--------------  ----------
--------------  ----------
average_loss     0.0745479
epoch           45
average_return  47.5038
--------------  ----------
--------------  ---------
average_loss     0.073891
epoch           46
average_return  50.3775
--------------  ---------
--------------  --------
average_loss     0.07326
epoch           47
average_return  54.2897
--------------  --------
--------------  --------
average_loss     0.07262
epoch           48
average_return  52.4584
--------------  --------
--------------  ----------
average_loss     0.0719448
epoch           49
average_return  51.2875
--------------  ----------
--------------  ----------
average_loss     0.0713408
epoch           50
average_return  57.6166
--------------  ----------
--------------  ----------
average_loss     0.0707996
epoch           51
average_return  55.827
--------------  ----------
--------------  ----------
average_loss     0.0702456
epoch           52
average_return  56.1043
--------------  ----------
--------------  ----------
average_loss     0.0696744
epoch           53
average_return  49.3943
--------------  ----------
--------------  ----------
average_loss     0.0690398
epoch           54
average_return  53.6674
--------------  ----------
--------------  ----------
average_loss     0.0685637
epoch           55
average_return  53.2842
--------------  ----------
--------------  ----------
average_loss     0.0679757
epoch           56
average_return  52.6739
--------------  ----------
--------------  ---------
average_loss     0.067366
epoch           57
average_return  52.1494
--------------  ---------
--------------  ----------
average_loss     0.0668944
epoch           58
average_return  53.4524
--------------  ----------
--------------  ----------
average_loss     0.0663612
epoch           59
average_return  52.6141
--------------  ----------
--------------  ----------
average_loss     0.0658185
epoch           60
average_return  53.8463
--------------  ----------
--------------  ----------
average_loss     0.0653104
epoch           61
average_return  48.5825
--------------  ----------
--------------  ----------
average_loss     0.0647909
epoch           62
average_return  51.5953
--------------  ----------
--------------  ----------
average_loss     0.0642525
epoch           63
average_return  51.51
--------------  ----------
--------------  ----------
average_loss     0.0637903
epoch           64
average_return  51.2579
--------------  ----------
--------------  ----------
average_loss     0.0633055
epoch           65
average_return  49.7374
--------------  ----------
--------------  ----------
average_loss     0.0628833
epoch           66
average_return  49.7324
--------------  ----------
--------------  ----------
average_loss     0.0624647
epoch           67
average_return  50.9489
--------------  ----------
--------------  ----------
average_loss     0.0619769
epoch           68
average_return  50.3231
--------------  ----------
--------------  ----------
average_loss     0.0615909
epoch           69
average_return  50.2021
--------------  ----------
--------------  ----------
average_loss     0.0612107
epoch           70
average_return  48.5778
--------------  ----------
--------------  ----------
average_loss     0.0608224
epoch           71
average_return  49.5895
--------------  ----------
--------------  ----------
average_loss     0.0604758
epoch           72
average_return  50.6606
--------------  ----------
--------------  ----------
average_loss     0.0601225
epoch           73
average_return  50.4838
--------------  ----------
--------------  ----------
average_loss     0.0597741
epoch           74
average_return  51.4813
--------------  ----------
--------------  ----------
average_loss     0.0595282
epoch           75
average_return  52.7534
--------------  ----------
--------------  ----------
average_loss     0.0592105
epoch           76
average_return  50.3711
--------------  ----------
--------------  ----------
average_loss     0.0588522
epoch           77
average_return  50.4252
--------------  ----------
--------------  ----------
average_loss     0.0585876
epoch           78
average_return  49.9395
--------------  ----------
--------------  --------
average_loss     0.05828
epoch           79
average_return  51.2175
--------------  --------
--------------  ----------
average_loss     0.0580334
epoch           80
average_return  51.3986
--------------  ----------
--------------  ---------
average_loss     0.057752
epoch           81
average_return  49.45
--------------  ---------
--------------  ----------
average_loss     0.0574516
epoch           82
average_return  51.1344
--------------  ----------
--------------  ----------
average_loss     0.0572387
epoch           83
average_return  50.4764
--------------  ----------
--------------  ----------
average_loss     0.0569662
epoch           84
average_return  48.1293
--------------  ----------
--------------  ----------
average_loss     0.0567713
epoch           85
average_return  49.7594
--------------  ----------
--------------  ----------
average_loss     0.0564847
epoch           86
average_return  49.2812
--------------  ----------
--------------  ----------
average_loss     0.0562578
epoch           87
average_return  50.9783
--------------  ----------
--------------  ----------
average_loss     0.0560587
epoch           88
average_return  49.7612
--------------  ----------
--------------  ----------
average_loss     0.0558251
epoch           89
average_return  49.731
--------------  ----------
--------------  ----------
average_loss     0.0555988
epoch           90
average_return  49.8282
--------------  ----------
--------------  ----------
average_loss     0.0553707
epoch           91
average_return  49.5036
--------------  ----------
--------------  ----------
average_loss     0.0551588
epoch           92
average_return  48.7203
--------------  ----------
--------------  ---------
average_loss     0.055015
epoch           93
average_return  48.7028
--------------  ---------
--------------  ---------
average_loss     0.054819
epoch           94
average_return  49.7388
--------------  ---------
--------------  ----------
average_loss     0.0546116
epoch           95
average_return  50.5817
--------------  ----------
--------------  ----------
average_loss     0.0543932
epoch           96
average_return  50.2206
--------------  ----------
--------------  ----------
average_loss     0.0542232
epoch           97
average_return  49.0186
--------------  ----------
--------------  ----------
average_loss     0.0540501
epoch           98
average_return  48.6224
--------------  ----------
--------------  ----------
average_loss     0.0538495
epoch           99
average_return  48.543
--------------  ----------
--------------  -----------
average_loss      0.0536723
epoch           100
average_return   50.5068
--------------  -----------
